<?xml version="1.0" encoding="UTF-8"?>
<testsuites name="Become Owner" time="360" tests="1" failures="1" errors="0">
   <testsuite name="Become Owner" tests="1" failures="1" errors="0" time="360" timestamp="2018-06-25 10:23:47" hostname="ALIMSAPUTRA - DESKTOP-5G7MA8C" id="Test Suites/Mobile/Become Owner">
      <properties>
         <property name="deviceName" value="samsung SM-J320G (Android 5.1.1)"/>
         <property name="devicePlatform" value=""/>
         <property name="logFolder" value="C:\\Users\\ALIMSAPUTRA\\Katalon Studio\\Astra Movic\\Reports\\Mobile\\Become Owner\\20180625_102343"/>
         <property name="logFiles" value="C:\\Users\\ALIMSAPUTRA\\Katalon Studio\\Astra Movic\\Reports\\Mobile\\Become Owner\\20180625_102343\\appium.log, C:\\Users\\ALIMSAPUTRA\\Katalon Studio\\Astra Movic\\Reports\\Mobile\\Become Owner\\20180625_102343\\execution0.log"/>
         <property name="attachments" value=""/>
         <property name="hostName" value="ALIMSAPUTRA - DESKTOP-5G7MA8C"/>
         <property name="os" value="Windows 10 64bit"/>
         <property name="katalonVersion" value="5.3.0.1"/>
         <property name="deviceOS" value="Android"/>
         <property name="appiumVersion" value="1.8.1"/>
         <property name="deviceModel" value="SM-J320G"/>
         <property name="hostAddress" value="10.10.11.196"/>
         <property name="deviceManufacturer" value="samsung"/>
         <property name="deviceId" value="4200d20faae66400"/>
         <property name="deviceName" value="samsung SM-J320G (Android 5.1.1)"/>
         <property name="deviceOSVersion" value="5.1.1"/>
      </properties>
      <testcase name="Test Cases/Mobile/Android/User/SC99 Regression/TC04 Login biasa with email" classname="Test Cases/Mobile/Android/User/SC99 Regression/TC04 Login biasa with email" status="PASSED">
         <system-out><![CDATA[2018-06-25 10:23:48 - [TEST_CASE][PASSED] - Test Cases/Mobile/Android/User/SC99 Regression/TC04 Login biasa with email: Test Cases/Mobile/Android/User/SC99 Regression/TC04 Login biasa with email

2018-06-25 10:23:49 - [TEST_STEP][PASSED] - startApplication: Started app at: 'C:\Users\ALIMSAPUTRA\Downloads\Movic_0.3.2_2018-05-30-debug.apk'

2018-06-25 10:25:28 - [MESSAGE][PASSED] - Started app at: 'C:\Users\ALIMSAPUTRA\Downloads\Movic_0.3.2_2018-05-30-debug.apk'

2018-06-25 10:25:28 - [TEST_STEP][PASSED] - tap: Tapped on element 'Object Repository/Mobile/OR Login biasa with email/android.widget.TextView3 - Indonesia'

2018-06-25 10:25:29 - [MESSAGE][WARNING] - Timeout '0' is invalid. Using default page load timeout: '30'

2018-06-25 10:25:31 - [MESSAGE][PASSED] - Tapped on element 'Object Repository/Mobile/OR Login biasa with email/android.widget.TextView3 - Indonesia'

2018-06-25 10:25:31 - [TEST_STEP][PASSED] - tap: Tapped on element 'Object Repository/Mobile/OR Login biasa with email/android.widget.ImageView4'

2018-06-25 10:25:31 - [MESSAGE][WARNING] - Timeout '0' is invalid. Using default page load timeout: '30'

2018-06-25 10:25:33 - [MESSAGE][PASSED] - Tapped on element 'Object Repository/Mobile/OR Login biasa with email/android.widget.ImageView4'

2018-06-25 10:25:33 - [TEST_STEP][PASSED] - tap: Tapped on element 'Object Repository/Mobile/OR Login biasa with email/android.widget.TextView2 - Lewati'

2018-06-25 10:25:33 - [MESSAGE][WARNING] - Timeout '0' is invalid. Using default page load timeout: '30'

2018-06-25 10:25:35 - [MESSAGE][PASSED] - Tapped on element 'Object Repository/Mobile/OR Login biasa with email/android.widget.TextView2 - Lewati'

2018-06-25 10:25:35 - [TEST_STEP][PASSED] - tap: Tapped on element 'Object Repository/Mobile/OR Login biasa with email/android.widget.TextView0 - Log in'

2018-06-25 10:25:35 - [MESSAGE][WARNING] - Timeout '0' is invalid. Using default page load timeout: '30'

2018-06-25 10:25:37 - [MESSAGE][PASSED] - Tapped on element 'Object Repository/Mobile/OR Login biasa with email/android.widget.TextView0 - Log in'

2018-06-25 10:25:37 - [TEST_STEP][PASSED] - setText: Text 'ali.saputra@wgs.co.id' has been set to element 'Object Repository/Mobile/OR Login biasa with email/android.widget.EditText0'

2018-06-25 10:25:37 - [MESSAGE][WARNING] - Timeout '0' is invalid. Using default page load timeout: '30'

2018-06-25 10:25:48 - [MESSAGE][PASSED] - Text 'ali.saputra@wgs.co.id' has been set to element 'Object Repository/Mobile/OR Login biasa with email/android.widget.EditText0'

2018-06-25 10:25:48 - [TEST_STEP][PASSED] - tap: Tapped on element 'Object Repository/Mobile/OR Login biasa with email/android.widget.Button0 - Next'

2018-06-25 10:25:48 - [MESSAGE][WARNING] - Timeout '0' is invalid. Using default page load timeout: '30'

2018-06-25 10:25:50 - [MESSAGE][PASSED] - Tapped on element 'Object Repository/Mobile/OR Login biasa with email/android.widget.Button0 - Next'

2018-06-25 10:25:50 - [TEST_STEP][PASSED] - tap: Tapped on element 'Object Repository/Mobile/OR Login biasa with email/android.widget.EditText0 (1)'

2018-06-25 10:25:50 - [MESSAGE][WARNING] - Timeout '0' is invalid. Using default page load timeout: '30'

2018-06-25 10:25:58 - [MESSAGE][PASSED] - Tapped on element 'Object Repository/Mobile/OR Login biasa with email/android.widget.EditText0 (1)'

2018-06-25 10:25:58 - [TEST_STEP][PASSED] - setText: Text 'Walden1234' has been set to element 'Object Repository/Mobile/OR Login biasa with email/android.widget.EditText0 (1)'

2018-06-25 10:25:58 - [MESSAGE][WARNING] - Timeout '0' is invalid. Using default page load timeout: '30'

2018-06-25 10:26:12 - [MESSAGE][PASSED] - Text 'Walden1234' has been set to element 'Object Repository/Mobile/OR Login biasa with email/android.widget.EditText0 (1)'

2018-06-25 10:26:12 - [TEST_STEP][PASSED] - tap: Tapped on element 'Object Repository/Mobile/OR Login biasa with email/android.widget.Button0 - Mulai Movic'

2018-06-25 10:26:12 - [MESSAGE][WARNING] - Timeout '0' is invalid. Using default page load timeout: '30'

2018-06-25 10:26:13 - [MESSAGE][PASSED] - Tapped on element 'Object Repository/Mobile/OR Login biasa with email/android.widget.Button0 - Mulai Movic'

2018-06-25 10:26:13 - [TEST_STEP][PASSED] - verifyElementVisible: Element 'Object Repository/Mobile/OR Login biasa with email/android.widget.ImageView0' is visible

2018-06-25 10:26:13 - [MESSAGE][WARNING] - Timeout '0' is invalid. Using default page load timeout: '30'

2018-06-25 10:26:18 - [MESSAGE][PASSED] - Element 'Object Repository/Mobile/OR Login biasa with email/android.widget.ImageView0' is visible

2018-06-25 10:26:18 - [TEST_STEP][NOT_RUN] - closeApplication: NOT_RUN: closeApplication

2018-06-25 10:26:18 - [MESSAGE][NOT_RUN] - NOT_RUN: closeApplication]]></system-out>
         <system-err><![CDATA[]]></system-err>
      </testcase>
      <testcase name="Test Cases/Mobile/Android/Owner/SC99 Regression/TC01 Become Owner" classname="Test Cases/Mobile/Android/Owner/SC99 Regression/TC01 Become Owner" status="FAILED">
         <failure type="FAILED" message="Failed to set text into element (Root cause: org.openqa.selenium.WebDriverException: Returned value cannot be converted to List&lt;WebElement>: {stacktrace=NoSuchDriverError: A session is either terminated or not started
    at asyncHandler$ (C:\Users\ALIMSAPUTRA\AppData\Roaming\npm\node_modules\appium\node_modules\appium-base-driver\lib\protocol\protocol.js:212:15)
    at tryCatch (C:\Users\ALIMSAPUTRA\AppData\Roaming\npm\node_modules\appium\node_modules\babel-runtime\regenerator\runtime.js:67:40)
    at GeneratorFunctionPrototype.invoke [as _invoke] (C:\Users\ALIMSAPUTRA\AppData\Roaming\npm\node_modules\appium\node_modules\babel-runtime\regenerator\runtime.js:315:22)
    at GeneratorFunctionPrototype.prototype.(anonymous function) [as next] (C:\Users\ALIMSAPUTRA\AppData\Roaming\npm\node_modules\appium\node_modules\babel-runtime\regenerator\runtime.js:100:21)
    at invoke (C:\Users\ALIMSAPUTRA\AppData\Roaming\npm\node_modules\appium\node_modules\babel-runtime\regenerator\runtime.js:136:37)
    at enqueueResult (C:\Users\ALIMSAPUTRA\AppData\Roaming\npm\node_modules\appium\node_modules\babel-runtime\regenerator\runtime.js:185:17)
    at new Promise (&lt;anonymous>)
    at new F (C:\Users\ALIMSAPUTRA\AppData\Roaming\npm\node_modules\appium\node_modules\core-js\library\modules\$.export.js:30:36)
    at AsyncIterator.enqueue (C:\Users\ALIMSAPUTRA\AppData\Roaming\npm\node_modules\appium\node_modules\babel-runtime\regenerator\runtime.js:184:12)
    at AsyncIterator.prototype.(anonymous function) [as next] (C:\Users\ALIMSAPUTRA\AppData\Roaming\npm\node_modules\appium\node_modules\babel-runtime\regenerator\runtime.js:100:21)
    at Object.runtime.async (C:\Users\ALIMSAPUTRA\AppData\Roaming\npm\node_modules\appium\node_modules\babel-runtime\regenerator\runtime.js:209:12)
    at asyncHandler (C:\Users\ALIMSAPUTRA\AppData\Roaming\npm\node_modules\appium\node_modules\appium-base-driver\build\lib\protocol\protocol.js:331:32)
    at C:\Users\ALIMSAPUTRA\AppData\Roaming\npm\node_modules\appium\node_modules\appium-base-driver\lib\protocol\protocol.js:403:15
    at Layer.handle [as handle_request] (C:\Users\ALIMSAPUTRA\AppData\Roaming\npm\node_modules\appium\node_modules\express\lib\router\layer.js:95:5)
    at next (C:\Users\ALIMSAPUTRA\AppData\Roaming\npm\node_modules\appium\node_modules\express\lib\router\route.js:137:13)
    at Route.dispatch (C:\Users\ALIMSAPUTRA\AppData\Roaming\npm\node_modules\appium\node_modules\express\lib\router\route.js:112:3)
    at Layer.handle [as handle_request] (C:\Users\ALIMSAPUTRA\AppData\Roaming\npm\node_modules\appium\node_modules\express\lib\router\layer.js:95:5)
    at C:\Users\ALIMSAPUTRA\AppData\Roaming\npm\node_modules\appium\node_modules\express\lib\router\index.js:281:22
    at param (C:\Users\ALIMSAPUTRA\AppData\Roaming\npm\node_modules\appium\node_modules\express\lib\router\index.js:354:14)
    at param (C:\Users\ALIMSAPUTRA\AppData\Roaming\npm\node_modules\appium\node_modules\express\lib\router\index.js:365:14)
    at Function.process_params (C:\Users\ALIMSAPUTRA\AppData\Roaming\npm\node_modules\appium\node_modules\express\lib\router\index.js:410:3)
    at next (C:\Users\ALIMSAPUTRA\AppData\Roaming\npm\node_modules\appium\node_modules\express\lib\router\index.js:275:10)
    at logger (C:\Users\ALIMSAPUTRA\AppData\Roaming\npm\node_modules\appium\node_modules\morgan\index.js:144:5)
    at Layer.handle [as handle_request] (C:\Users\ALIMSAPUTRA\AppData\Roaming\npm\node_modules\appium\node_modules\express\lib\router\layer.js:95:5)
    at trim_prefix (C:\Users\ALIMSAPUTRA\AppData\Roaming\npm\node_modules\appium\node_modules\express\lib\router\index.js:317:13)
    at C:\Users\ALIMSAPUTRA\AppData\Roaming\npm\node_modules\appium\node_modules\express\lib\router\index.js:284:7
    at Function.process_params (C:\Users\ALIMSAPUTRA\AppData\Roaming\npm\node_modules\appium\node_modules\express\lib\router\index.js:335:12)
    at next (C:\Users\ALIMSAPUTRA\AppData\Roaming\npm\node_modules\appium\node_modules\express\lib\router\index.js:275:10)
    at C:\Users\ALIMSAPUTRA\AppData\Roaming\npm\node_modules\appium\node_modules\body-parser\lib\read.js:130:5
    at invokeCallback (C:\Users\ALIMSAPUTRA\AppData\Roaming\npm\node_modules\appium\node_modules\raw-body\index.js:224:16)
    at done (C:\Users\ALIMSAPUTRA\AppData\Roaming\npm\node_modules\appium\node_modules\raw-body\index.js:213:7)
    at IncomingMessage.onEnd (C:\Users\ALIMSAPUTRA\AppData\Roaming\npm\node_modules\appium\node_modules\raw-body\index.js:273:7)
    at emitNone (events.js:106:13)
    at IncomingMessage.emit (events.js:208:7)
    at endReadableNT (_stream_readable.js:1064:12)
    at _combinedTickCallback (internal/process/next_tick.js:138:11)
    at process._tickCallback (internal/process/next_tick.js:180:9), error=invalid session id, message=A session is either terminated or not started}
Build info: version: '3.7.1', revision: '8a0099a', time: '2017-11-06T21:07:36.161Z'
System info: host: 'DESKTOP-5G7MA8C', ip: '10.10.11.196', os.name: 'Windows 10', os.arch: 'amd64', os.version: '10.0', java.version: '1.8.0_102'
Driver info: driver.version: AppiumDriver)"/>
         <system-out><![CDATA[2018-06-25 10:26:18 - [TEST_CASE][FAILED] - Test Cases/Mobile/Android/Owner/SC99 Regression/TC01 Become Owner: Test Cases/Mobile/Android/Owner/SC99 Regression/TC01 Become Owner FAILED because (of) Failed to set text into element (Root cause: org.openqa.selenium.WebDriverException: Returned value cannot be converted to List<WebElement>: {stacktrace=NoSuchDriverError: A session is either terminated or not started
    at asyncHandler$ (C:\Users\ALIMSAPUTRA\AppData\Roaming\npm\node_modules\appium\node_modules\appium-base-driver\lib\protocol\protocol.js:212:15)
    at tryCatch (C:\Users\ALIMSAPUTRA\AppData\Roaming\npm\node_modules\appium\node_modules\babel-runtime\regenerator\runtime.js:67:40)
    at GeneratorFunctionPrototype.invoke [as _invoke] (C:\Users\ALIMSAPUTRA\AppData\Roaming\npm\node_modules\appium\node_modules\babel-runtime\regenerator\runtime.js:315:22)
    at GeneratorFunctionPrototype.prototype.(anonymous function) [as next] (C:\Users\ALIMSAPUTRA\AppData\Roaming\npm\node_modules\appium\node_modules\babel-runtime\regenerator\runtime.js:100:21)
    at invoke (C:\Users\ALIMSAPUTRA\AppData\Roaming\npm\node_modules\appium\node_modules\babel-runtime\regenerator\runtime.js:136:37)
    at enqueueResult (C:\Users\ALIMSAPUTRA\AppData\Roaming\npm\node_modules\appium\node_modules\babel-runtime\regenerator\runtime.js:185:17)
    at new Promise (<anonymous>)
    at new F (C:\Users\ALIMSAPUTRA\AppData\Roaming\npm\node_modules\appium\node_modules\core-js\library\modules\$.export.js:30:36)
    at AsyncIterator.enqueue (C:\Users\ALIMSAPUTRA\AppData\Roaming\npm\node_modules\appium\node_modules\babel-runtime\regenerator\runtime.js:184:12)
    at AsyncIterator.prototype.(anonymous function) [as next] (C:\Users\ALIMSAPUTRA\AppData\Roaming\npm\node_modules\appium\node_modules\babel-runtime\regenerator\runtime.js:100:21)
    at Object.runtime.async (C:\Users\ALIMSAPUTRA\AppData\Roaming\npm\node_modules\appium\node_modules\babel-runtime\regenerator\runtime.js:209:12)
    at asyncHandler (C:\Users\ALIMSAPUTRA\AppData\Roaming\npm\node_modules\appium\node_modules\appium-base-driver\build\lib\protocol\protocol.js:331:32)
    at C:\Users\ALIMSAPUTRA\AppData\Roaming\npm\node_modules\appium\node_modules\appium-base-driver\lib\protocol\protocol.js:403:15
    at Layer.handle [as handle_request] (C:\Users\ALIMSAPUTRA\AppData\Roaming\npm\node_modules\appium\node_modules\express\lib\router\layer.js:95:5)
    at next (C:\Users\ALIMSAPUTRA\AppData\Roaming\npm\node_modules\appium\node_modules\express\lib\router\route.js:137:13)
    at Route.dispatch (C:\Users\ALIMSAPUTRA\AppData\Roaming\npm\node_modules\appium\node_modules\express\lib\router\route.js:112:3)
    at Layer.handle [as handle_request] (C:\Users\ALIMSAPUTRA\AppData\Roaming\npm\node_modules\appium\node_modules\express\lib\router\layer.js:95:5)
    at C:\Users\ALIMSAPUTRA\AppData\Roaming\npm\node_modules\appium\node_modules\express\lib\router\index.js:281:22
    at param (C:\Users\ALIMSAPUTRA\AppData\Roaming\npm\node_modules\appium\node_modules\express\lib\router\index.js:354:14)
    at param (C:\Users\ALIMSAPUTRA\AppData\Roaming\npm\node_modules\appium\node_modules\express\lib\router\index.js:365:14)
    at Function.process_params (C:\Users\ALIMSAPUTRA\AppData\Roaming\npm\node_modules\appium\node_modules\express\lib\router\index.js:410:3)
    at next (C:\Users\ALIMSAPUTRA\AppData\Roaming\npm\node_modules\appium\node_modules\express\lib\router\index.js:275:10)
    at logger (C:\Users\ALIMSAPUTRA\AppData\Roaming\npm\node_modules\appium\node_modules\morgan\index.js:144:5)
    at Layer.handle [as handle_request] (C:\Users\ALIMSAPUTRA\AppData\Roaming\npm\node_modules\appium\node_modules\express\lib\router\layer.js:95:5)
    at trim_prefix (C:\Users\ALIMSAPUTRA\AppData\Roaming\npm\node_modules\appium\node_modules\express\lib\router\index.js:317:13)
    at C:\Users\ALIMSAPUTRA\AppData\Roaming\npm\node_modules\appium\node_modules\express\lib\router\index.js:284:7
    at Function.process_params (C:\Users\ALIMSAPUTRA\AppData\Roaming\npm\node_modules\appium\node_modules\express\lib\router\index.js:335:12)
    at next (C:\Users\ALIMSAPUTRA\AppData\Roaming\npm\node_modules\appium\node_modules\express\lib\router\index.js:275:10)
    at C:\Users\ALIMSAPUTRA\AppData\Roaming\npm\node_modules\appium\node_modules\body-parser\lib\read.js:130:5
    at invokeCallback (C:\Users\ALIMSAPUTRA\AppData\Roaming\npm\node_modules\appium\node_modules\raw-body\index.js:224:16)
    at done (C:\Users\ALIMSAPUTRA\AppData\Roaming\npm\node_modules\appium\node_modules\raw-body\index.js:213:7)
    at IncomingMessage.onEnd (C:\Users\ALIMSAPUTRA\AppData\Roaming\npm\node_modules\appium\node_modules\raw-body\index.js:273:7)
    at emitNone (events.js:106:13)
    at IncomingMessage.emit (events.js:208:7)
    at endReadableNT (_stream_readable.js:1064:12)
    at _combinedTickCallback (internal/process/next_tick.js:138:11)
    at process._tickCallback (internal/process/next_tick.js:180:9), error=invalid session id, message=A session is either terminated or not started}
Build info: version: '3.7.1', revision: '8a0099a', time: '2017-11-06T21:07:36.161Z'
System info: host: 'DESKTOP-5G7MA8C', ip: '10.10.11.196', os.name: 'Windows 10', os.arch: 'amd64', os.version: '10.0', java.version: '1.8.0_102'
Driver info: driver.version: AppiumDriver)

2018-06-25 10:26:19 - [TEST_STEP][NOT_RUN] - startApplication: NOT_RUN: startApplication

2018-06-25 10:26:19 - [MESSAGE][NOT_RUN] - NOT_RUN: startApplication

2018-06-25 10:26:19 - [TEST_STEP][PASSED] - tap: Tapped on element 'Object Repository/Mobile/OR Become Owner/android.widget.ImageView0'

2018-06-25 10:26:19 - [MESSAGE][WARNING] - Timeout '0' is invalid. Using default page load timeout: '30'

2018-06-25 10:26:19 - [MESSAGE][PASSED] - Tapped on element 'Object Repository/Mobile/OR Become Owner/android.widget.ImageView0'

2018-06-25 10:26:19 - [TEST_STEP][PASSED] - tap: Tapped on element 'Object Repository/Mobile/OR Become Owner/android.widget.TextView15 - Switch to vehicle owner'

2018-06-25 10:26:19 - [MESSAGE][WARNING] - Timeout '0' is invalid. Using default page load timeout: '30'

2018-06-25 10:26:21 - [MESSAGE][PASSED] - Tapped on element 'Object Repository/Mobile/OR Become Owner/android.widget.TextView15 - Switch to vehicle owner'

2018-06-25 10:26:21 - [TEST_STEP][PASSED] - tap: Tapped on element 'Object Repository/Mobile/OR Become Owner/android.widget.Button0 - Get Started'

2018-06-25 10:26:21 - [MESSAGE][WARNING] - Timeout '0' is invalid. Using default page load timeout: '30'

2018-06-25 10:26:24 - [MESSAGE][PASSED] - Tapped on element 'Object Repository/Mobile/OR Become Owner/android.widget.Button0 - Get Started'

2018-06-25 10:26:24 - [TEST_STEP][PASSED] - tap: Tapped on element 'Object Repository/Mobile/OR Become Owner/android.widget.Button0 - Ok'

2018-06-25 10:26:24 - [MESSAGE][WARNING] - Timeout '0' is invalid. Using default page load timeout: '30'

2018-06-25 10:26:25 - [MESSAGE][PASSED] - Tapped on element 'Object Repository/Mobile/OR Become Owner/android.widget.Button0 - Ok'

2018-06-25 10:26:25 - [TEST_STEP][PASSED] - tap: Tapped on element 'Object Repository/Mobile/OR Become Owner/android.widget.ImageView2'

2018-06-25 10:26:25 - [MESSAGE][WARNING] - Timeout '0' is invalid. Using default page load timeout: '30'

2018-06-25 10:26:27 - [MESSAGE][PASSED] - Tapped on element 'Object Repository/Mobile/OR Become Owner/android.widget.ImageView2'

2018-06-25 10:26:27 - [TEST_STEP][PASSED] - tap: Tapped on element 'Object Repository/Mobile/OR Become Owner/android.widget.Button0 - Use This Photo'

2018-06-25 10:26:27 - [MESSAGE][WARNING] - Timeout '0' is invalid. Using default page load timeout: '30'

2018-06-25 10:26:27 - [MESSAGE][PASSED] - Tapped on element 'Object Repository/Mobile/OR Become Owner/android.widget.Button0 - Use This Photo'

2018-06-25 10:26:27 - [TEST_STEP][PASSED] - tap: Tapped on element 'Object Repository/Mobile/OR Become Owner/android.widget.Button0 - Ok (1)'

2018-06-25 10:26:28 - [MESSAGE][WARNING] - Timeout '0' is invalid. Using default page load timeout: '30'

2018-06-25 10:26:33 - [MESSAGE][PASSED] - Tapped on element 'Object Repository/Mobile/OR Become Owner/android.widget.Button0 - Ok (1)'

2018-06-25 10:26:33 - [TEST_STEP][PASSED] - tap: Tapped on element 'Object Repository/Mobile/OR Become Owner/android.widget.ImageView2'

2018-06-25 10:26:33 - [MESSAGE][WARNING] - Timeout '0' is invalid. Using default page load timeout: '30'

2018-06-25 10:26:35 - [MESSAGE][PASSED] - Tapped on element 'Object Repository/Mobile/OR Become Owner/android.widget.ImageView2'

2018-06-25 10:26:35 - [TEST_STEP][PASSED] - tap: Tapped on element 'Object Repository/Mobile/OR Become Owner/android.widget.Button0 - Use This Photo'

2018-06-25 10:26:35 - [MESSAGE][WARNING] - Timeout '0' is invalid. Using default page load timeout: '30'

2018-06-25 10:26:36 - [MESSAGE][PASSED] - Tapped on element 'Object Repository/Mobile/OR Become Owner/android.widget.Button0 - Use This Photo'

2018-06-25 10:26:36 - [TEST_STEP][PASSED] - tap: Tapped on element 'Object Repository/Mobile/OR Become Owner/android.widget.Button0 - Ok (1)'

2018-06-25 10:26:36 - [MESSAGE][WARNING] - Timeout '0' is invalid. Using default page load timeout: '30'

2018-06-25 10:26:44 - [MESSAGE][PASSED] - Tapped on element 'Object Repository/Mobile/OR Become Owner/android.widget.Button0 - Ok (1)'

2018-06-25 10:26:44 - [TEST_STEP][PASSED] - tap: Tapped on element 'Object Repository/Mobile/OR Become Owner/android.widget.ImageView2'

2018-06-25 10:26:44 - [MESSAGE][WARNING] - Timeout '0' is invalid. Using default page load timeout: '30'

2018-06-25 10:26:45 - [MESSAGE][PASSED] - Tapped on element 'Object Repository/Mobile/OR Become Owner/android.widget.ImageView2'

2018-06-25 10:26:45 - [TEST_STEP][PASSED] - tap: Tapped on element 'Object Repository/Mobile/OR Become Owner/android.widget.Button0 - Use This Photo'

2018-06-25 10:26:45 - [MESSAGE][WARNING] - Timeout '0' is invalid. Using default page load timeout: '30'

2018-06-25 10:26:46 - [MESSAGE][PASSED] - Tapped on element 'Object Repository/Mobile/OR Become Owner/android.widget.Button0 - Use This Photo'

2018-06-25 10:26:46 - [TEST_STEP][PASSED] - tap: Tapped on element 'Object Repository/Mobile/OR Become Owner/android.widget.ImageView1'

2018-06-25 10:26:46 - [MESSAGE][WARNING] - Timeout '0' is invalid. Using default page load timeout: '30'

2018-06-25 10:26:54 - [MESSAGE][PASSED] - Tapped on element 'Object Repository/Mobile/OR Become Owner/android.widget.ImageView1'

2018-06-25 10:26:54 - [TEST_STEP][PASSED] - tap: Tapped on element 'Object Repository/Mobile/OR Become Owner/android.widget.ImageView2'

2018-06-25 10:26:54 - [MESSAGE][WARNING] - Timeout '0' is invalid. Using default page load timeout: '30'

2018-06-25 10:26:56 - [MESSAGE][PASSED] - Tapped on element 'Object Repository/Mobile/OR Become Owner/android.widget.ImageView2'

2018-06-25 10:26:56 - [TEST_STEP][PASSED] - tap: Tapped on element 'Object Repository/Mobile/OR Become Owner/android.widget.Button0 - Next'

2018-06-25 10:26:56 - [MESSAGE][WARNING] - Timeout '0' is invalid. Using default page load timeout: '30'

2018-06-25 10:26:57 - [MESSAGE][PASSED] - Tapped on element 'Object Repository/Mobile/OR Become Owner/android.widget.Button0 - Next'

2018-06-25 10:26:57 - [TEST_STEP][PASSED] - setText: Text 'Ali Rental' has been set to element 'Object Repository/Mobile/OR Become Owner/android.widget.EditText0'

2018-06-25 10:26:57 - [MESSAGE][WARNING] - Timeout '0' is invalid. Using default page load timeout: '30'

2018-06-25 10:27:09 - [MESSAGE][PASSED] - Text 'Ali Rental' has been set to element 'Object Repository/Mobile/OR Become Owner/android.widget.EditText0'

2018-06-25 10:27:09 - [TEST_STEP][PASSED] - tap: Tapped on element 'Object Repository/Mobile/OR Become Owner/android.widget.Button0 - Next (1)'

2018-06-25 10:27:09 - [MESSAGE][WARNING] - Timeout '0' is invalid. Using default page load timeout: '30'

2018-06-25 10:27:10 - [MESSAGE][PASSED] - Tapped on element 'Object Repository/Mobile/OR Become Owner/android.widget.Button0 - Next (1)'

2018-06-25 10:27:10 - [TEST_STEP][PASSED] - tap: Tapped on element 'Object Repository/Mobile/OR Become Owner/android.widget.LinearLayout3'

2018-06-25 10:27:10 - [MESSAGE][WARNING] - Timeout '0' is invalid. Using default page load timeout: '30'

2018-06-25 10:27:15 - [MESSAGE][PASSED] - Tapped on element 'Object Repository/Mobile/OR Become Owner/android.widget.LinearLayout3'

2018-06-25 10:27:15 - [TEST_STEP][PASSED] - tap: Tapped on element 'Object Repository/Mobile/OR Become Owner/android.widget.Button0 - Confirm'

2018-06-25 10:27:15 - [MESSAGE][WARNING] - Timeout '0' is invalid. Using default page load timeout: '30'

2018-06-25 10:27:16 - [MESSAGE][PASSED] - Tapped on element 'Object Repository/Mobile/OR Become Owner/android.widget.Button0 - Confirm'

2018-06-25 10:27:16 - [TEST_STEP][FAILED] - setText: Failed to set text into element (Root cause: org.openqa.selenium.WebDriverException: Returned value cannot be converted to List<WebElement>: {stacktrace=NoSuchDriverError: A session is either terminated or not started
    at asyncHandler$ (C:\Users\ALIMSAPUTRA\AppData\Roaming\npm\node_modules\appium\node_modules\appium-base-driver\lib\protocol\protocol.js:212:15)
    at tryCatch (C:\Users\ALIMSAPUTRA\AppData\Roaming\npm\node_modules\appium\node_modules\babel-runtime\regenerator\runtime.js:67:40)
    at GeneratorFunctionPrototype.invoke [as _invoke] (C:\Users\ALIMSAPUTRA\AppData\Roaming\npm\node_modules\appium\node_modules\babel-runtime\regenerator\runtime.js:315:22)
    at GeneratorFunctionPrototype.prototype.(anonymous function) [as next] (C:\Users\ALIMSAPUTRA\AppData\Roaming\npm\node_modules\appium\node_modules\babel-runtime\regenerator\runtime.js:100:21)
    at invoke (C:\Users\ALIMSAPUTRA\AppData\Roaming\npm\node_modules\appium\node_modules\babel-runtime\regenerator\runtime.js:136:37)
    at enqueueResult (C:\Users\ALIMSAPUTRA\AppData\Roaming\npm\node_modules\appium\node_modules\babel-runtime\regenerator\runtime.js:185:17)
    at new Promise (<anonymous>)
    at new F (C:\Users\ALIMSAPUTRA\AppData\Roaming\npm\node_modules\appium\node_modules\core-js\library\modules\$.export.js:30:36)
    at AsyncIterator.enqueue (C:\Users\ALIMSAPUTRA\AppData\Roaming\npm\node_modules\appium\node_modules\babel-runtime\regenerator\runtime.js:184:12)
    at AsyncIterator.prototype.(anonymous function) [as next] (C:\Users\ALIMSAPUTRA\AppData\Roaming\npm\node_modules\appium\node_modules\babel-runtime\regenerator\runtime.js:100:21)
    at Object.runtime.async (C:\Users\ALIMSAPUTRA\AppData\Roaming\npm\node_modules\appium\node_modules\babel-runtime\regenerator\runtime.js:209:12)
    at asyncHandler (C:\Users\ALIMSAPUTRA\AppData\Roaming\npm\node_modules\appium\node_modules\appium-base-driver\build\lib\protocol\protocol.js:331:32)
    at C:\Users\ALIMSAPUTRA\AppData\Roaming\npm\node_modules\appium\node_modules\appium-base-driver\lib\protocol\protocol.js:403:15
    at Layer.handle [as handle_request] (C:\Users\ALIMSAPUTRA\AppData\Roaming\npm\node_modules\appium\node_modules\express\lib\router\layer.js:95:5)
    at next (C:\Users\ALIMSAPUTRA\AppData\Roaming\npm\node_modules\appium\node_modules\express\lib\router\route.js:137:13)
    at Route.dispatch (C:\Users\ALIMSAPUTRA\AppData\Roaming\npm\node_modules\appium\node_modules\express\lib\router\route.js:112:3)
    at Layer.handle [as handle_request] (C:\Users\ALIMSAPUTRA\AppData\Roaming\npm\node_modules\appium\node_modules\express\lib\router\layer.js:95:5)
    at C:\Users\ALIMSAPUTRA\AppData\Roaming\npm\node_modules\appium\node_modules\express\lib\router\index.js:281:22
    at param (C:\Users\ALIMSAPUTRA\AppData\Roaming\npm\node_modules\appium\node_modules\express\lib\router\index.js:354:14)
    at param (C:\Users\ALIMSAPUTRA\AppData\Roaming\npm\node_modules\appium\node_modules\express\lib\router\index.js:365:14)
    at Function.process_params (C:\Users\ALIMSAPUTRA\AppData\Roaming\npm\node_modules\appium\node_modules\express\lib\router\index.js:410:3)
    at next (C:\Users\ALIMSAPUTRA\AppData\Roaming\npm\node_modules\appium\node_modules\express\lib\router\index.js:275:10)
    at logger (C:\Users\ALIMSAPUTRA\AppData\Roaming\npm\node_modules\appium\node_modules\morgan\index.js:144:5)
    at Layer.handle [as handle_request] (C:\Users\ALIMSAPUTRA\AppData\Roaming\npm\node_modules\appium\node_modules\express\lib\router\layer.js:95:5)
    at trim_prefix (C:\Users\ALIMSAPUTRA\AppData\Roaming\npm\node_modules\appium\node_modules\express\lib\router\index.js:317:13)
    at C:\Users\ALIMSAPUTRA\AppData\Roaming\npm\node_modules\appium\node_modules\express\lib\router\index.js:284:7
    at Function.process_params (C:\Users\ALIMSAPUTRA\AppData\Roaming\npm\node_modules\appium\node_modules\express\lib\router\index.js:335:12)
    at next (C:\Users\ALIMSAPUTRA\AppData\Roaming\npm\node_modules\appium\node_modules\express\lib\router\index.js:275:10)
    at C:\Users\ALIMSAPUTRA\AppData\Roaming\npm\node_modules\appium\node_modules\body-parser\lib\read.js:130:5
    at invokeCallback (C:\Users\ALIMSAPUTRA\AppData\Roaming\npm\node_modules\appium\node_modules\raw-body\index.js:224:16)
    at done (C:\Users\ALIMSAPUTRA\AppData\Roaming\npm\node_modules\appium\node_modules\raw-body\index.js:213:7)
    at IncomingMessage.onEnd (C:\Users\ALIMSAPUTRA\AppData\Roaming\npm\node_modules\appium\node_modules\raw-body\index.js:273:7)
    at emitNone (events.js:106:13)
    at IncomingMessage.emit (events.js:208:7)
    at endReadableNT (_stream_readable.js:1064:12)
    at _combinedTickCallback (internal/process/next_tick.js:138:11)
    at process._tickCallback (internal/process/next_tick.js:180:9), error=invalid session id, message=A session is either terminated or not started}
Build info: version: '3.7.1', revision: '8a0099a', time: '2017-11-06T21:07:36.161Z'
System info: host: 'DESKTOP-5G7MA8C', ip: '10.10.11.196', os.name: 'Windows 10', os.arch: 'amd64', os.version: '10.0', java.version: '1.8.0_102'
Driver info: driver.version: AppiumDriver)

2018-06-25 10:27:16 - [MESSAGE][WARNING] - Timeout '0' is invalid. Using default page load timeout: '30'

2018-06-25 10:29:47 - [MESSAGE][FAILED] - Failed to set text into element (Root cause: org.openqa.selenium.WebDriverException: Returned value cannot be converted to List<WebElement>: {stacktrace=NoSuchDriverError: A session is either terminated or not started
    at asyncHandler$ (C:\Users\ALIMSAPUTRA\AppData\Roaming\npm\node_modules\appium\node_modules\appium-base-driver\lib\protocol\protocol.js:212:15)
    at tryCatch (C:\Users\ALIMSAPUTRA\AppData\Roaming\npm\node_modules\appium\node_modules\babel-runtime\regenerator\runtime.js:67:40)
    at GeneratorFunctionPrototype.invoke [as _invoke] (C:\Users\ALIMSAPUTRA\AppData\Roaming\npm\node_modules\appium\node_modules\babel-runtime\regenerator\runtime.js:315:22)
    at GeneratorFunctionPrototype.prototype.(anonymous function) [as next] (C:\Users\ALIMSAPUTRA\AppData\Roaming\npm\node_modules\appium\node_modules\babel-runtime\regenerator\runtime.js:100:21)
    at invoke (C:\Users\ALIMSAPUTRA\AppData\Roaming\npm\node_modules\appium\node_modules\babel-runtime\regenerator\runtime.js:136:37)
    at enqueueResult (C:\Users\ALIMSAPUTRA\AppData\Roaming\npm\node_modules\appium\node_modules\babel-runtime\regenerator\runtime.js:185:17)
    at new Promise (<anonymous>)
    at new F (C:\Users\ALIMSAPUTRA\AppData\Roaming\npm\node_modules\appium\node_modules\core-js\library\modules\$.export.js:30:36)
    at AsyncIterator.enqueue (C:\Users\ALIMSAPUTRA\AppData\Roaming\npm\node_modules\appium\node_modules\babel-runtime\regenerator\runtime.js:184:12)
    at AsyncIterator.prototype.(anonymous function) [as next] (C:\Users\ALIMSAPUTRA\AppData\Roaming\npm\node_modules\appium\node_modules\babel-runtime\regenerator\runtime.js:100:21)
    at Object.runtime.async (C:\Users\ALIMSAPUTRA\AppData\Roaming\npm\node_modules\appium\node_modules\babel-runtime\regenerator\runtime.js:209:12)
    at asyncHandler (C:\Users\ALIMSAPUTRA\AppData\Roaming\npm\node_modules\appium\node_modules\appium-base-driver\build\lib\protocol\protocol.js:331:32)
    at C:\Users\ALIMSAPUTRA\AppData\Roaming\npm\node_modules\appium\node_modules\appium-base-driver\lib\protocol\protocol.js:403:15
    at Layer.handle [as handle_request] (C:\Users\ALIMSAPUTRA\AppData\Roaming\npm\node_modules\appium\node_modules\express\lib\router\layer.js:95:5)
    at next (C:\Users\ALIMSAPUTRA\AppData\Roaming\npm\node_modules\appium\node_modules\express\lib\router\route.js:137:13)
    at Route.dispatch (C:\Users\ALIMSAPUTRA\AppData\Roaming\npm\node_modules\appium\node_modules\express\lib\router\route.js:112:3)
    at Layer.handle [as handle_request] (C:\Users\ALIMSAPUTRA\AppData\Roaming\npm\node_modules\appium\node_modules\express\lib\router\layer.js:95:5)
    at C:\Users\ALIMSAPUTRA\AppData\Roaming\npm\node_modules\appium\node_modules\express\lib\router\index.js:281:22
    at param (C:\Users\ALIMSAPUTRA\AppData\Roaming\npm\node_modules\appium\node_modules\express\lib\router\index.js:354:14)
    at param (C:\Users\ALIMSAPUTRA\AppData\Roaming\npm\node_modules\appium\node_modules\express\lib\router\index.js:365:14)
    at Function.process_params (C:\Users\ALIMSAPUTRA\AppData\Roaming\npm\node_modules\appium\node_modules\express\lib\router\index.js:410:3)
    at next (C:\Users\ALIMSAPUTRA\AppData\Roaming\npm\node_modules\appium\node_modules\express\lib\router\index.js:275:10)
    at logger (C:\Users\ALIMSAPUTRA\AppData\Roaming\npm\node_modules\appium\node_modules\morgan\index.js:144:5)
    at Layer.handle [as handle_request] (C:\Users\ALIMSAPUTRA\AppData\Roaming\npm\node_modules\appium\node_modules\express\lib\router\layer.js:95:5)
    at trim_prefix (C:\Users\ALIMSAPUTRA\AppData\Roaming\npm\node_modules\appium\node_modules\express\lib\router\index.js:317:13)
    at C:\Users\ALIMSAPUTRA\AppData\Roaming\npm\node_modules\appium\node_modules\express\lib\router\index.js:284:7
    at Function.process_params (C:\Users\ALIMSAPUTRA\AppData\Roaming\npm\node_modules\appium\node_modules\express\lib\router\index.js:335:12)
    at next (C:\Users\ALIMSAPUTRA\AppData\Roaming\npm\node_modules\appium\node_modules\express\lib\router\index.js:275:10)
    at C:\Users\ALIMSAPUTRA\AppData\Roaming\npm\node_modules\appium\node_modules\body-parser\lib\read.js:130:5
    at invokeCallback (C:\Users\ALIMSAPUTRA\AppData\Roaming\npm\node_modules\appium\node_modules\raw-body\index.js:224:16)
    at done (C:\Users\ALIMSAPUTRA\AppData\Roaming\npm\node_modules\appium\node_modules\raw-body\index.js:213:7)
    at IncomingMessage.onEnd (C:\Users\ALIMSAPUTRA\AppData\Roaming\npm\node_modules\appium\node_modules\raw-body\index.js:273:7)
    at emitNone (events.js:106:13)
    at IncomingMessage.emit (events.js:208:7)
    at endReadableNT (_stream_readable.js:1064:12)
    at _combinedTickCallback (internal/process/next_tick.js:138:11)
    at process._tickCallback (internal/process/next_tick.js:180:9), error=invalid session id, message=A session is either terminated or not started}
Build info: version: '3.7.1', revision: '8a0099a', time: '2017-11-06T21:07:36.161Z'
System info: host: 'DESKTOP-5G7MA8C', ip: '10.10.11.196', os.name: 'Windows 10', os.arch: 'amd64', os.version: '10.0', java.version: '1.8.0_102'
Driver info: driver.version: AppiumDriver)]]></system-out>
         <system-err><![CDATA[2018-06-25 10:26:18 - [TEST_CASE][FAILED] - Test Cases/Mobile/Android/Owner/SC99 Regression/TC01 Become Owner: Test Cases/Mobile/Android/Owner/SC99 Regression/TC01 Become Owner FAILED because (of) Failed to set text into element (Root cause: org.openqa.selenium.WebDriverException: Returned value cannot be converted to List<WebElement>: {stacktrace=NoSuchDriverError: A session is either terminated or not started
    at asyncHandler$ (C:\Users\ALIMSAPUTRA\AppData\Roaming\npm\node_modules\appium\node_modules\appium-base-driver\lib\protocol\protocol.js:212:15)
    at tryCatch (C:\Users\ALIMSAPUTRA\AppData\Roaming\npm\node_modules\appium\node_modules\babel-runtime\regenerator\runtime.js:67:40)
    at GeneratorFunctionPrototype.invoke [as _invoke] (C:\Users\ALIMSAPUTRA\AppData\Roaming\npm\node_modules\appium\node_modules\babel-runtime\regenerator\runtime.js:315:22)
    at GeneratorFunctionPrototype.prototype.(anonymous function) [as next] (C:\Users\ALIMSAPUTRA\AppData\Roaming\npm\node_modules\appium\node_modules\babel-runtime\regenerator\runtime.js:100:21)
    at invoke (C:\Users\ALIMSAPUTRA\AppData\Roaming\npm\node_modules\appium\node_modules\babel-runtime\regenerator\runtime.js:136:37)
    at enqueueResult (C:\Users\ALIMSAPUTRA\AppData\Roaming\npm\node_modules\appium\node_modules\babel-runtime\regenerator\runtime.js:185:17)
    at new Promise (<anonymous>)
    at new F (C:\Users\ALIMSAPUTRA\AppData\Roaming\npm\node_modules\appium\node_modules\core-js\library\modules\$.export.js:30:36)
    at AsyncIterator.enqueue (C:\Users\ALIMSAPUTRA\AppData\Roaming\npm\node_modules\appium\node_modules\babel-runtime\regenerator\runtime.js:184:12)
    at AsyncIterator.prototype.(anonymous function) [as next] (C:\Users\ALIMSAPUTRA\AppData\Roaming\npm\node_modules\appium\node_modules\babel-runtime\regenerator\runtime.js:100:21)
    at Object.runtime.async (C:\Users\ALIMSAPUTRA\AppData\Roaming\npm\node_modules\appium\node_modules\babel-runtime\regenerator\runtime.js:209:12)
    at asyncHandler (C:\Users\ALIMSAPUTRA\AppData\Roaming\npm\node_modules\appium\node_modules\appium-base-driver\build\lib\protocol\protocol.js:331:32)
    at C:\Users\ALIMSAPUTRA\AppData\Roaming\npm\node_modules\appium\node_modules\appium-base-driver\lib\protocol\protocol.js:403:15
    at Layer.handle [as handle_request] (C:\Users\ALIMSAPUTRA\AppData\Roaming\npm\node_modules\appium\node_modules\express\lib\router\layer.js:95:5)
    at next (C:\Users\ALIMSAPUTRA\AppData\Roaming\npm\node_modules\appium\node_modules\express\lib\router\route.js:137:13)
    at Route.dispatch (C:\Users\ALIMSAPUTRA\AppData\Roaming\npm\node_modules\appium\node_modules\express\lib\router\route.js:112:3)
    at Layer.handle [as handle_request] (C:\Users\ALIMSAPUTRA\AppData\Roaming\npm\node_modules\appium\node_modules\express\lib\router\layer.js:95:5)
    at C:\Users\ALIMSAPUTRA\AppData\Roaming\npm\node_modules\appium\node_modules\express\lib\router\index.js:281:22
    at param (C:\Users\ALIMSAPUTRA\AppData\Roaming\npm\node_modules\appium\node_modules\express\lib\router\index.js:354:14)
    at param (C:\Users\ALIMSAPUTRA\AppData\Roaming\npm\node_modules\appium\node_modules\express\lib\router\index.js:365:14)
    at Function.process_params (C:\Users\ALIMSAPUTRA\AppData\Roaming\npm\node_modules\appium\node_modules\express\lib\router\index.js:410:3)
    at next (C:\Users\ALIMSAPUTRA\AppData\Roaming\npm\node_modules\appium\node_modules\express\lib\router\index.js:275:10)
    at logger (C:\Users\ALIMSAPUTRA\AppData\Roaming\npm\node_modules\appium\node_modules\morgan\index.js:144:5)
    at Layer.handle [as handle_request] (C:\Users\ALIMSAPUTRA\AppData\Roaming\npm\node_modules\appium\node_modules\express\lib\router\layer.js:95:5)
    at trim_prefix (C:\Users\ALIMSAPUTRA\AppData\Roaming\npm\node_modules\appium\node_modules\express\lib\router\index.js:317:13)
    at C:\Users\ALIMSAPUTRA\AppData\Roaming\npm\node_modules\appium\node_modules\express\lib\router\index.js:284:7
    at Function.process_params (C:\Users\ALIMSAPUTRA\AppData\Roaming\npm\node_modules\appium\node_modules\express\lib\router\index.js:335:12)
    at next (C:\Users\ALIMSAPUTRA\AppData\Roaming\npm\node_modules\appium\node_modules\express\lib\router\index.js:275:10)
    at C:\Users\ALIMSAPUTRA\AppData\Roaming\npm\node_modules\appium\node_modules\body-parser\lib\read.js:130:5
    at invokeCallback (C:\Users\ALIMSAPUTRA\AppData\Roaming\npm\node_modules\appium\node_modules\raw-body\index.js:224:16)
    at done (C:\Users\ALIMSAPUTRA\AppData\Roaming\npm\node_modules\appium\node_modules\raw-body\index.js:213:7)
    at IncomingMessage.onEnd (C:\Users\ALIMSAPUTRA\AppData\Roaming\npm\node_modules\appium\node_modules\raw-body\index.js:273:7)
    at emitNone (events.js:106:13)
    at IncomingMessage.emit (events.js:208:7)
    at endReadableNT (_stream_readable.js:1064:12)
    at _combinedTickCallback (internal/process/next_tick.js:138:11)
    at process._tickCallback (internal/process/next_tick.js:180:9), error=invalid session id, message=A session is either terminated or not started}
Build info: version: '3.7.1', revision: '8a0099a', time: '2017-11-06T21:07:36.161Z'
System info: host: 'DESKTOP-5G7MA8C', ip: '10.10.11.196', os.name: 'Windows 10', os.arch: 'amd64', os.version: '10.0', java.version: '1.8.0_102'
Driver info: driver.version: AppiumDriver)]]></system-err>
      </testcase>
      <system-out><![CDATA[2018-06-25 10:23:47 - [TEST_SUITE][FAILED] - Become Owner: Test Cases/Mobile/Android/Owner/SC99 Regression/TC01 Become Owner FAILED because (of) Failed to set text into element (Root cause: org.openqa.selenium.WebDriverException: Returned value cannot be converted to List<WebElement>: {stacktrace=NoSuchDriverError: A session is either terminated or not started
    at asyncHandler$ (C:\Users\ALIMSAPUTRA\AppData\Roaming\npm\node_modules\appium\node_modules\appium-base-driver\lib\protocol\protocol.js:212:15)
    at tryCatch (C:\Users\ALIMSAPUTRA\AppData\Roaming\npm\node_modules\appium\node_modules\babel-runtime\regenerator\runtime.js:67:40)
    at GeneratorFunctionPrototype.invoke [as _invoke] (C:\Users\ALIMSAPUTRA\AppData\Roaming\npm\node_modules\appium\node_modules\babel-runtime\regenerator\runtime.js:315:22)
    at GeneratorFunctionPrototype.prototype.(anonymous function) [as next] (C:\Users\ALIMSAPUTRA\AppData\Roaming\npm\node_modules\appium\node_modules\babel-runtime\regenerator\runtime.js:100:21)
    at invoke (C:\Users\ALIMSAPUTRA\AppData\Roaming\npm\node_modules\appium\node_modules\babel-runtime\regenerator\runtime.js:136:37)
    at enqueueResult (C:\Users\ALIMSAPUTRA\AppData\Roaming\npm\node_modules\appium\node_modules\babel-runtime\regenerator\runtime.js:185:17)
    at new Promise (<anonymous>)
    at new F (C:\Users\ALIMSAPUTRA\AppData\Roaming\npm\node_modules\appium\node_modules\core-js\library\modules\$.export.js:30:36)
    at AsyncIterator.enqueue (C:\Users\ALIMSAPUTRA\AppData\Roaming\npm\node_modules\appium\node_modules\babel-runtime\regenerator\runtime.js:184:12)
    at AsyncIterator.prototype.(anonymous function) [as next] (C:\Users\ALIMSAPUTRA\AppData\Roaming\npm\node_modules\appium\node_modules\babel-runtime\regenerator\runtime.js:100:21)
    at Object.runtime.async (C:\Users\ALIMSAPUTRA\AppData\Roaming\npm\node_modules\appium\node_modules\babel-runtime\regenerator\runtime.js:209:12)
    at asyncHandler (C:\Users\ALIMSAPUTRA\AppData\Roaming\npm\node_modules\appium\node_modules\appium-base-driver\build\lib\protocol\protocol.js:331:32)
    at C:\Users\ALIMSAPUTRA\AppData\Roaming\npm\node_modules\appium\node_modules\appium-base-driver\lib\protocol\protocol.js:403:15
    at Layer.handle [as handle_request] (C:\Users\ALIMSAPUTRA\AppData\Roaming\npm\node_modules\appium\node_modules\express\lib\router\layer.js:95:5)
    at next (C:\Users\ALIMSAPUTRA\AppData\Roaming\npm\node_modules\appium\node_modules\express\lib\router\route.js:137:13)
    at Route.dispatch (C:\Users\ALIMSAPUTRA\AppData\Roaming\npm\node_modules\appium\node_modules\express\lib\router\route.js:112:3)
    at Layer.handle [as handle_request] (C:\Users\ALIMSAPUTRA\AppData\Roaming\npm\node_modules\appium\node_modules\express\lib\router\layer.js:95:5)
    at C:\Users\ALIMSAPUTRA\AppData\Roaming\npm\node_modules\appium\node_modules\express\lib\router\index.js:281:22
    at param (C:\Users\ALIMSAPUTRA\AppData\Roaming\npm\node_modules\appium\node_modules\express\lib\router\index.js:354:14)
    at param (C:\Users\ALIMSAPUTRA\AppData\Roaming\npm\node_modules\appium\node_modules\express\lib\router\index.js:365:14)
    at Function.process_params (C:\Users\ALIMSAPUTRA\AppData\Roaming\npm\node_modules\appium\node_modules\express\lib\router\index.js:410:3)
    at next (C:\Users\ALIMSAPUTRA\AppData\Roaming\npm\node_modules\appium\node_modules\express\lib\router\index.js:275:10)
    at logger (C:\Users\ALIMSAPUTRA\AppData\Roaming\npm\node_modules\appium\node_modules\morgan\index.js:144:5)
    at Layer.handle [as handle_request] (C:\Users\ALIMSAPUTRA\AppData\Roaming\npm\node_modules\appium\node_modules\express\lib\router\layer.js:95:5)
    at trim_prefix (C:\Users\ALIMSAPUTRA\AppData\Roaming\npm\node_modules\appium\node_modules\express\lib\router\index.js:317:13)
    at C:\Users\ALIMSAPUTRA\AppData\Roaming\npm\node_modules\appium\node_modules\express\lib\router\index.js:284:7
    at Function.process_params (C:\Users\ALIMSAPUTRA\AppData\Roaming\npm\node_modules\appium\node_modules\express\lib\router\index.js:335:12)
    at next (C:\Users\ALIMSAPUTRA\AppData\Roaming\npm\node_modules\appium\node_modules\express\lib\router\index.js:275:10)
    at C:\Users\ALIMSAPUTRA\AppData\Roaming\npm\node_modules\appium\node_modules\body-parser\lib\read.js:130:5
    at invokeCallback (C:\Users\ALIMSAPUTRA\AppData\Roaming\npm\node_modules\appium\node_modules\raw-body\index.js:224:16)
    at done (C:\Users\ALIMSAPUTRA\AppData\Roaming\npm\node_modules\appium\node_modules\raw-body\index.js:213:7)
    at IncomingMessage.onEnd (C:\Users\ALIMSAPUTRA\AppData\Roaming\npm\node_modules\appium\node_modules\raw-body\index.js:273:7)
    at emitNone (events.js:106:13)
    at IncomingMessage.emit (events.js:208:7)
    at endReadableNT (_stream_readable.js:1064:12)
    at _combinedTickCallback (internal/process/next_tick.js:138:11)
    at process._tickCallback (internal/process/next_tick.js:180:9), error=invalid session id, message=A session is either terminated or not started}
Build info: version: '3.7.1', revision: '8a0099a', time: '2017-11-06T21:07:36.161Z'
System info: host: 'DESKTOP-5G7MA8C', ip: '10.10.11.196', os.name: 'Windows 10', os.arch: 'amd64', os.version: '10.0', java.version: '1.8.0_102'
Driver info: driver.version: AppiumDriver)]]></system-out>
      <system-err><![CDATA[2018-06-25 10:23:47 - [TEST_SUITE][FAILED] - Become Owner: Test Cases/Mobile/Android/Owner/SC99 Regression/TC01 Become Owner FAILED because (of) Failed to set text into element (Root cause: org.openqa.selenium.WebDriverException: Returned value cannot be converted to List<WebElement>: {stacktrace=NoSuchDriverError: A session is either terminated or not started
    at asyncHandler$ (C:\Users\ALIMSAPUTRA\AppData\Roaming\npm\node_modules\appium\node_modules\appium-base-driver\lib\protocol\protocol.js:212:15)
    at tryCatch (C:\Users\ALIMSAPUTRA\AppData\Roaming\npm\node_modules\appium\node_modules\babel-runtime\regenerator\runtime.js:67:40)
    at GeneratorFunctionPrototype.invoke [as _invoke] (C:\Users\ALIMSAPUTRA\AppData\Roaming\npm\node_modules\appium\node_modules\babel-runtime\regenerator\runtime.js:315:22)
    at GeneratorFunctionPrototype.prototype.(anonymous function) [as next] (C:\Users\ALIMSAPUTRA\AppData\Roaming\npm\node_modules\appium\node_modules\babel-runtime\regenerator\runtime.js:100:21)
    at invoke (C:\Users\ALIMSAPUTRA\AppData\Roaming\npm\node_modules\appium\node_modules\babel-runtime\regenerator\runtime.js:136:37)
    at enqueueResult (C:\Users\ALIMSAPUTRA\AppData\Roaming\npm\node_modules\appium\node_modules\babel-runtime\regenerator\runtime.js:185:17)
    at new Promise (<anonymous>)
    at new F (C:\Users\ALIMSAPUTRA\AppData\Roaming\npm\node_modules\appium\node_modules\core-js\library\modules\$.export.js:30:36)
    at AsyncIterator.enqueue (C:\Users\ALIMSAPUTRA\AppData\Roaming\npm\node_modules\appium\node_modules\babel-runtime\regenerator\runtime.js:184:12)
    at AsyncIterator.prototype.(anonymous function) [as next] (C:\Users\ALIMSAPUTRA\AppData\Roaming\npm\node_modules\appium\node_modules\babel-runtime\regenerator\runtime.js:100:21)
    at Object.runtime.async (C:\Users\ALIMSAPUTRA\AppData\Roaming\npm\node_modules\appium\node_modules\babel-runtime\regenerator\runtime.js:209:12)
    at asyncHandler (C:\Users\ALIMSAPUTRA\AppData\Roaming\npm\node_modules\appium\node_modules\appium-base-driver\build\lib\protocol\protocol.js:331:32)
    at C:\Users\ALIMSAPUTRA\AppData\Roaming\npm\node_modules\appium\node_modules\appium-base-driver\lib\protocol\protocol.js:403:15
    at Layer.handle [as handle_request] (C:\Users\ALIMSAPUTRA\AppData\Roaming\npm\node_modules\appium\node_modules\express\lib\router\layer.js:95:5)
    at next (C:\Users\ALIMSAPUTRA\AppData\Roaming\npm\node_modules\appium\node_modules\express\lib\router\route.js:137:13)
    at Route.dispatch (C:\Users\ALIMSAPUTRA\AppData\Roaming\npm\node_modules\appium\node_modules\express\lib\router\route.js:112:3)
    at Layer.handle [as handle_request] (C:\Users\ALIMSAPUTRA\AppData\Roaming\npm\node_modules\appium\node_modules\express\lib\router\layer.js:95:5)
    at C:\Users\ALIMSAPUTRA\AppData\Roaming\npm\node_modules\appium\node_modules\express\lib\router\index.js:281:22
    at param (C:\Users\ALIMSAPUTRA\AppData\Roaming\npm\node_modules\appium\node_modules\express\lib\router\index.js:354:14)
    at param (C:\Users\ALIMSAPUTRA\AppData\Roaming\npm\node_modules\appium\node_modules\express\lib\router\index.js:365:14)
    at Function.process_params (C:\Users\ALIMSAPUTRA\AppData\Roaming\npm\node_modules\appium\node_modules\express\lib\router\index.js:410:3)
    at next (C:\Users\ALIMSAPUTRA\AppData\Roaming\npm\node_modules\appium\node_modules\express\lib\router\index.js:275:10)
    at logger (C:\Users\ALIMSAPUTRA\AppData\Roaming\npm\node_modules\appium\node_modules\morgan\index.js:144:5)
    at Layer.handle [as handle_request] (C:\Users\ALIMSAPUTRA\AppData\Roaming\npm\node_modules\appium\node_modules\express\lib\router\layer.js:95:5)
    at trim_prefix (C:\Users\ALIMSAPUTRA\AppData\Roaming\npm\node_modules\appium\node_modules\express\lib\router\index.js:317:13)
    at C:\Users\ALIMSAPUTRA\AppData\Roaming\npm\node_modules\appium\node_modules\express\lib\router\index.js:284:7
    at Function.process_params (C:\Users\ALIMSAPUTRA\AppData\Roaming\npm\node_modules\appium\node_modules\express\lib\router\index.js:335:12)
    at next (C:\Users\ALIMSAPUTRA\AppData\Roaming\npm\node_modules\appium\node_modules\express\lib\router\index.js:275:10)
    at C:\Users\ALIMSAPUTRA\AppData\Roaming\npm\node_modules\appium\node_modules\body-parser\lib\read.js:130:5
    at invokeCallback (C:\Users\ALIMSAPUTRA\AppData\Roaming\npm\node_modules\appium\node_modules\raw-body\index.js:224:16)
    at done (C:\Users\ALIMSAPUTRA\AppData\Roaming\npm\node_modules\appium\node_modules\raw-body\index.js:213:7)
    at IncomingMessage.onEnd (C:\Users\ALIMSAPUTRA\AppData\Roaming\npm\node_modules\appium\node_modules\raw-body\index.js:273:7)
    at emitNone (events.js:106:13)
    at IncomingMessage.emit (events.js:208:7)
    at endReadableNT (_stream_readable.js:1064:12)
    at _combinedTickCallback (internal/process/next_tick.js:138:11)
    at process._tickCallback (internal/process/next_tick.js:180:9), error=invalid session id, message=A session is either terminated or not started}
Build info: version: '3.7.1', revision: '8a0099a', time: '2017-11-06T21:07:36.161Z'
System info: host: 'DESKTOP-5G7MA8C', ip: '10.10.11.196', os.name: 'Windows 10', os.arch: 'amd64', os.version: '10.0', java.version: '1.8.0_102'
Driver info: driver.version: AppiumDriver)]]></system-err>
   </testsuite>
</testsuites>
