<?xml version="1.0" encoding="UTF-8"?>
<testsuites name="Owner Set Car not available" time="196" tests="1" failures="1" errors="0">
   <testsuite name="Owner Set Car not available" tests="1" failures="1" errors="0" time="196" timestamp="2019-03-12 14:34:41" hostname="WGS-LAP151 - INVWGSLAP151" id="Test Suites/Front-End/Owner Set Car not available">
      <properties>
         <property name="deviceName" value=""/>
         <property name="devicePlatform" value=""/>
         <property name="logFolder" value="C:\\Users\\WGS-LAP151\\git\\astra-movic\\Reports\\Front-End\\Owner Set Car not available\\20190312_143434"/>
         <property name="logFiles" value="C:\\Users\\WGS-LAP151\\git\\astra-movic\\Reports\\Front-End\\Owner Set Car not available\\20190312_143434\\execution0.log"/>
         <property name="attachments" value="C:\\Users\\WGS-LAP151\\git\\astra-movic\\Reports\\Front-End\\Owner Set Car not available\\20190312_143434\\1552376275683.png"/>
         <property name="hostName" value="WGS-LAP151 - INVWGSLAP151"/>
         <property name="os" value="Windows 10 64bit"/>
         <property name="katalonVersion" value="5.9.1.2"/>
         <property name="browser" value="Chrome 72.0.3626.121"/>
         <property name="hostAddress" value="10.10.11.125"/>
         <property name="sessionId" value="781b5b8c71dcd1cb5214c0aecb1e5961"/>
         <property name="seleniumVersion" value="3.7.1"/>
         <property name="proxyInformation" value="ProxyInformation{proxyOption=NO_PROXY, proxyServerType=HTTP, password=, proxyServerAddress=, proxyServerPort=0}"/>
         <property name="platform" value="Windows 10"/>
      </properties>
      <testcase name="Test Cases/Front-End/User/SC99 Regression/TC12 Login Sebagai Owner" classname="Test Cases/Front-End/User/SC99 Regression/TC12 Login Sebagai Owner" status="PASSED">
         <system-out><![CDATA[2019-03-12 14:34:42 - [TEST_CASE][PASSED] - Test Cases/Front-End/User/SC99 Regression/TC12 Login Sebagai Owner: Test Cases/Front-End/User/SC99 Regression/TC12 Login Sebagai Owner

2019-03-12 14:34:43 - [TEST_STEP][PASSED] - openBrowser(""): Browser is opened with url: ''

2019-03-12 14:34:44 - [MESSAGE][INFO] - Starting 'Chrome' driver

2019-03-12 14:34:44 - [MESSAGE][INFO] - Action delay is set to 0 seconds

2019-03-12 14:34:57 - [MESSAGE][PASSED] - Browser is opened with url: ''

2019-03-12 14:34:57 - [TEST_STEP][PASSED] - maximizeWindow(): Current window maximized

2019-03-12 14:34:58 - [MESSAGE][PASSED] - Current window maximized

2019-03-12 14:34:58 - [TEST_STEP][PASSED] - navigateToUrl("https://stg.movic.id/home"): Navigate to 'https://stg.movic.id/home' successfully

2019-03-12 14:35:36 - [MESSAGE][PASSED] - Navigate to 'https://stg.movic.id/home' successfully

2019-03-12 14:35:36 - [TEST_STEP][PASSED] - waitForPageLoad(10): Wait for page load successfully

2019-03-12 14:35:36 - [MESSAGE][PASSED] - Wait for page load successfully

2019-03-12 14:35:36 - [TEST_STEP][PASSED] - click(findTestObject("Object Repository/Front-End/OR User/OR Login sebagai Owner/a_Masuk")): Object: 'Object Repository/Front-End/OR User/OR Login sebagai Owner/a_Masuk' is clicked on

2019-03-12 14:35:37 - [MESSAGE][PASSED] - Object: 'Object Repository/Front-End/OR User/OR Login sebagai Owner/a_Masuk' is clicked on

2019-03-12 14:35:37 - [TEST_STEP][PASSED] - delay(3): Delayed 3 second(s)

2019-03-12 14:35:40 - [MESSAGE][PASSED] - Delayed 3 second(s)

2019-03-12 14:35:40 - [TEST_STEP][PASSED] - setText(findTestObject("Object Repository/Front-End/OR User/OR Login sebagai Owner/input_EmailNomor Handphone_for"), "082128751192"): Text '082128751192' is set on object 'Object Repository/Front-End/OR User/OR Login sebagai Owner/input_EmailNomor Handphone_for'

2019-03-12 14:35:40 - [MESSAGE][PASSED] - Text '082128751192' is set on object 'Object Repository/Front-End/OR User/OR Login sebagai Owner/input_EmailNomor Handphone_for'

2019-03-12 14:35:40 - [TEST_STEP][NOT_RUN] - setText(findTestObject("Object Repository/Front-End/OR User/OR Login sebagai Owner/input_EmailNomor Handphone_for"), "ali.msaputra01@gmail.com"): NOT_RUN: setText(findTestObject("Object Repository/Front-End/OR User/OR Login sebagai Owner/input_EmailNomor Handphone_for"), "ali.msaputra01@gmail.com")

2019-03-12 14:35:40 - [MESSAGE][NOT_RUN] - NOT_RUN: setText(findTestObject("Object Repository/Front-End/OR User/OR Login sebagai Owner/input_EmailNomor Handphone_for"), "ali.msaputra01@gmail.com")

2019-03-12 14:35:40 - [TEST_STEP][PASSED] - delay(3): Delayed 3 second(s)

2019-03-12 14:35:43 - [MESSAGE][PASSED] - Delayed 3 second(s)

2019-03-12 14:35:43 - [TEST_STEP][PASSED] - setText(findTestObject("Object Repository/Front-End/OR User/OR Login sebagai Owner/input_Password_form-control ng"), "password10"): Text 'password10' is set on object 'Object Repository/Front-End/OR User/OR Login sebagai Owner/input_Password_form-control ng'

2019-03-12 14:35:44 - [MESSAGE][PASSED] - Text 'password10' is set on object 'Object Repository/Front-End/OR User/OR Login sebagai Owner/input_Password_form-control ng'

2019-03-12 14:35:44 - [TEST_STEP][PASSED] - delay(3): Delayed 3 second(s)

2019-03-12 14:35:47 - [MESSAGE][PASSED] - Delayed 3 second(s)

2019-03-12 14:35:47 - [TEST_STEP][PASSED] - click(findTestObject("Object Repository/Front-End/OR User/OR Login sebagai Owner/button_MASUK")): Object: 'Object Repository/Front-End/OR User/OR Login sebagai Owner/button_MASUK' is clicked on

2019-03-12 14:35:47 - [MESSAGE][PASSED] - Object: 'Object Repository/Front-End/OR User/OR Login sebagai Owner/button_MASUK' is clicked on

2019-03-12 14:35:47 - [TEST_STEP][PASSED] - delay(3): Delayed 3 second(s)

2019-03-12 14:35:50 - [MESSAGE][PASSED] - Delayed 3 second(s)

2019-03-12 14:35:50 - [TEST_STEP][PASSED] - click(findTestObject("Front-End/OR User/OR Login sebagai Owner/a_Switch to Owner update")): Object: 'Object Repository/Front-End/OR User/OR Login sebagai Owner/a_Switch to Owner update' is clicked on

2019-03-12 14:36:00 - [MESSAGE][PASSED] - Object: 'Object Repository/Front-End/OR User/OR Login sebagai Owner/a_Switch to Owner update' is clicked on

2019-03-12 14:36:00 - [TEST_STEP][PASSED] - delay(3): Delayed 3 second(s)

2019-03-12 14:36:03 - [MESSAGE][PASSED] - Delayed 3 second(s)]]></system-out>
         <system-err><![CDATA[]]></system-err>
      </testcase>
      <testcase name="Test Cases/Front-End/Product/SC99 Regression/TC10 Set not available data mobil" classname="Test Cases/Front-End/Product/SC99 Regression/TC10 Set not available data mobil" status="FAILED">
         <failure type="FAILED" message="Test Cases/Front-End/Product/SC99 Regression/TC10 Set not available data mobil FAILED.
Reason:
com.kms.katalon.core.exception.StepFailedException: Unable to click on object 'Object Repository/Front-End/OR Product/OR Set not available data mobil/a_Set Not Available' (Root cause: com.kms.katalon.core.webui.exception.WebElementNotFoundException: Web element with id: 'Object Repository/Front-End/OR Product/OR Set not available data mobil/a_Set Not Available' located by 'By.xpath: //*[(text() = 'Set Not Available
                    ' or . = 'Set Not Available
                    ')]' not found)
	at com.kms.katalon.core.keyword.internal.KeywordMain.stepFailed(KeywordMain.groovy:36)
	at com.kms.katalon.core.webui.keyword.internal.WebUIKeywordMain.stepFailed(WebUIKeywordMain.groovy:65)
	at com.kms.katalon.core.webui.keyword.internal.WebUIKeywordMain.runKeyword(WebUIKeywordMain.groovy:27)
	at com.kms.katalon.core.webui.keyword.builtin.ClickKeyword.click(ClickKeyword.groovy:86)
	at com.kms.katalon.core.webui.keyword.builtin.ClickKeyword.execute(ClickKeyword.groovy:67)
	at com.kms.katalon.core.keyword.internal.KeywordExecutor.executeKeywordForPlatform(KeywordExecutor.groovy:53)
	at com.kms.katalon.core.webui.keyword.WebUiBuiltInKeywords.click(WebUiBuiltInKeywords.groovy:616)
	at com.kms.katalon.core.webui.keyword.WebUiBuiltInKeywords$click$3.call(Unknown Source)
	at TC10 Set not available data mobil.run(TC10 Set not available data mobil:38)
	at com.kms.katalon.core.main.ScriptEngine.run(ScriptEngine.java:194)
	at com.kms.katalon.core.main.ScriptEngine.runScriptAsRawText(ScriptEngine.java:119)
	at com.kms.katalon.core.main.TestCaseExecutor.runScript(TestCaseExecutor.java:321)
	at com.kms.katalon.core.main.TestCaseExecutor.doExecute(TestCaseExecutor.java:312)
	at com.kms.katalon.core.main.TestCaseExecutor.processExecutionPhase(TestCaseExecutor.java:291)
	at com.kms.katalon.core.main.TestCaseExecutor.accessMainPhase(TestCaseExecutor.java:283)
	at com.kms.katalon.core.main.TestCaseExecutor.execute(TestCaseExecutor.java:222)
	at com.kms.katalon.core.main.TestSuiteExecutor.accessTestCaseMainPhase(TestSuiteExecutor.java:129)
	at com.kms.katalon.core.main.TestSuiteExecutor.accessTestSuiteMainPhase(TestSuiteExecutor.java:112)
	at com.kms.katalon.core.main.TestSuiteExecutor.execute(TestSuiteExecutor.java:81)
	at com.kms.katalon.core.main.TestCaseMain.startTestSuite(TestCaseMain.java:149)
	at com.kms.katalon.core.main.TestCaseMain$startTestSuite$0.call(Unknown Source)
	at TempTestSuite1552376074906.run(TempTestSuite1552376074906.groovy:36)
"/>
         <system-out><![CDATA[2019-03-12 14:36:03 - [TEST_CASE][FAILED] - Test Cases/Front-End/Product/SC99 Regression/TC10 Set not available data mobil: Test Cases/Front-End/Product/SC99 Regression/TC10 Set not available data mobil FAILED.
Reason:
com.kms.katalon.core.exception.StepFailedException: Unable to click on object 'Object Repository/Front-End/OR Product/OR Set not available data mobil/a_Set Not Available' (Root cause: com.kms.katalon.core.webui.exception.WebElementNotFoundException: Web element with id: 'Object Repository/Front-End/OR Product/OR Set not available data mobil/a_Set Not Available' located by 'By.xpath: //*[(text() = 'Set Not Available
                    ' or . = 'Set Not Available
                    ')]' not found)
	at com.kms.katalon.core.keyword.internal.KeywordMain.stepFailed(KeywordMain.groovy:36)
	at com.kms.katalon.core.webui.keyword.internal.WebUIKeywordMain.stepFailed(WebUIKeywordMain.groovy:65)
	at com.kms.katalon.core.webui.keyword.internal.WebUIKeywordMain.runKeyword(WebUIKeywordMain.groovy:27)
	at com.kms.katalon.core.webui.keyword.builtin.ClickKeyword.click(ClickKeyword.groovy:86)
	at com.kms.katalon.core.webui.keyword.builtin.ClickKeyword.execute(ClickKeyword.groovy:67)
	at com.kms.katalon.core.keyword.internal.KeywordExecutor.executeKeywordForPlatform(KeywordExecutor.groovy:53)
	at com.kms.katalon.core.webui.keyword.WebUiBuiltInKeywords.click(WebUiBuiltInKeywords.groovy:616)
	at com.kms.katalon.core.webui.keyword.WebUiBuiltInKeywords$click$3.call(Unknown Source)
	at TC10 Set not available data mobil.run(TC10 Set not available data mobil:38)
	at com.kms.katalon.core.main.ScriptEngine.run(ScriptEngine.java:194)
	at com.kms.katalon.core.main.ScriptEngine.runScriptAsRawText(ScriptEngine.java:119)
	at com.kms.katalon.core.main.TestCaseExecutor.runScript(TestCaseExecutor.java:321)
	at com.kms.katalon.core.main.TestCaseExecutor.doExecute(TestCaseExecutor.java:312)
	at com.kms.katalon.core.main.TestCaseExecutor.processExecutionPhase(TestCaseExecutor.java:291)
	at com.kms.katalon.core.main.TestCaseExecutor.accessMainPhase(TestCaseExecutor.java:283)
	at com.kms.katalon.core.main.TestCaseExecutor.execute(TestCaseExecutor.java:222)
	at com.kms.katalon.core.main.TestSuiteExecutor.accessTestCaseMainPhase(TestSuiteExecutor.java:129)
	at com.kms.katalon.core.main.TestSuiteExecutor.accessTestSuiteMainPhase(TestSuiteExecutor.java:112)
	at com.kms.katalon.core.main.TestSuiteExecutor.execute(TestSuiteExecutor.java:81)
	at com.kms.katalon.core.main.TestCaseMain.startTestSuite(TestCaseMain.java:149)
	at com.kms.katalon.core.main.TestCaseMain$startTestSuite$0.call(Unknown Source)
	at TempTestSuite1552376074906.run(TempTestSuite1552376074906.groovy:36)


2019-03-12 14:36:03 - [TEST_STEP][NOT_RUN] - callTestCase(findTestCase("Front-End/User/SC99 Regression/TC12 Login Sebagai Owner"), [:], STOP_ON_FAILURE): NOT_RUN: callTestCase(findTestCase("Front-End/User/SC99 Regression/TC12 Login Sebagai Owner"), [:], STOP_ON_FAILURE)

2019-03-12 14:36:03 - [MESSAGE][NOT_RUN] - NOT_RUN: callTestCase(findTestCase("Front-End/User/SC99 Regression/TC12 Login Sebagai Owner"), [:], STOP_ON_FAILURE)

2019-03-12 14:36:03 - [TEST_STEP][PASSED] - click(findTestObject("Object Repository/Front-End/OR Product/OR Set not available data mobil/img")): Object: 'Object Repository/Front-End/OR Product/OR Set not available data mobil/img' is clicked on

2019-03-12 14:36:04 - [MESSAGE][PASSED] - Object: 'Object Repository/Front-End/OR Product/OR Set not available data mobil/img' is clicked on

2019-03-12 14:36:04 - [TEST_STEP][PASSED] - delay(1): Delayed 1 second(s)

2019-03-12 14:36:05 - [MESSAGE][PASSED] - Delayed 1 second(s)

2019-03-12 14:36:05 - [TEST_STEP][PASSED] - setText(findTestObject("Object Repository/Front-End/OR Product/OR Set not available data mobil/input_SORT BY _form-control ty"), "kuda"): Text 'kuda' is set on object 'Object Repository/Front-End/OR Product/OR Set not available data mobil/input_SORT BY _form-control ty'

2019-03-12 14:36:06 - [MESSAGE][PASSED] - Text 'kuda' is set on object 'Object Repository/Front-End/OR Product/OR Set not available data mobil/input_SORT BY _form-control ty'

2019-03-12 14:36:06 - [TEST_STEP][PASSED] - delay(1): Delayed 1 second(s)

2019-03-12 14:36:07 - [MESSAGE][PASSED] - Delayed 1 second(s)

2019-03-12 14:36:07 - [TEST_STEP][PASSED] - click(findTestObject("Front-End/OR Product/OR Set not available data mobil/button_tiga_titik")): Object: 'Object Repository/Front-End/OR Product/OR Set not available data mobil/button_tiga_titik' is clicked on

2019-03-12 14:36:07 - [MESSAGE][PASSED] - Object: 'Object Repository/Front-End/OR Product/OR Set not available data mobil/button_tiga_titik' is clicked on

2019-03-12 14:36:07 - [TEST_STEP][PASSED] - click(findTestObject("Front-End/OR Product/OR Set not available data mobil/button_tiga_titik")): Object: 'Object Repository/Front-End/OR Product/OR Set not available data mobil/button_tiga_titik' is clicked on

2019-03-12 14:36:07 - [MESSAGE][PASSED] - Object: 'Object Repository/Front-End/OR Product/OR Set not available data mobil/button_tiga_titik' is clicked on

2019-03-12 14:36:07 - [TEST_STEP][PASSED] - delay(1): Delayed 1 second(s)

2019-03-12 14:36:08 - [MESSAGE][PASSED] - Delayed 1 second(s)

2019-03-12 14:36:08 - [TEST_STEP][FAILED] - click(findTestObject("Front-End/OR Product/OR Set not available data mobil/a_Set Not Available")): click(findTestObject("Front-End/OR Product/OR Set not available data mobil/a_Set Not Available")) FAILED.
Reason:
com.kms.katalon.core.exception.StepFailedException: Unable to click on object 'Object Repository/Front-End/OR Product/OR Set not available data mobil/a_Set Not Available' (Root cause: com.kms.katalon.core.webui.exception.WebElementNotFoundException: Web element with id: 'Object Repository/Front-End/OR Product/OR Set not available data mobil/a_Set Not Available' located by 'By.xpath: //*[(text() = 'Set Not Available
                    ' or . = 'Set Not Available
                    ')]' not found)
	at com.kms.katalon.core.keyword.internal.KeywordMain.stepFailed(KeywordMain.groovy:36)
	at com.kms.katalon.core.webui.keyword.internal.WebUIKeywordMain.stepFailed(WebUIKeywordMain.groovy:65)
	at com.kms.katalon.core.webui.keyword.internal.WebUIKeywordMain.runKeyword(WebUIKeywordMain.groovy:27)
	at com.kms.katalon.core.webui.keyword.builtin.ClickKeyword.click(ClickKeyword.groovy:86)
	at com.kms.katalon.core.webui.keyword.builtin.ClickKeyword.execute(ClickKeyword.groovy:67)
	at com.kms.katalon.core.keyword.internal.KeywordExecutor.executeKeywordForPlatform(KeywordExecutor.groovy:53)
	at com.kms.katalon.core.webui.keyword.WebUiBuiltInKeywords.click(WebUiBuiltInKeywords.groovy:616)
	at com.kms.katalon.core.webui.keyword.WebUiBuiltInKeywords$click$3.call(Unknown Source)
	at TC10 Set not available data mobil.run(TC10 Set not available data mobil:38)
	at com.kms.katalon.core.main.ScriptEngine.run(ScriptEngine.java:194)
	at com.kms.katalon.core.main.ScriptEngine.runScriptAsRawText(ScriptEngine.java:119)
	at com.kms.katalon.core.main.TestCaseExecutor.runScript(TestCaseExecutor.java:321)
	at com.kms.katalon.core.main.TestCaseExecutor.doExecute(TestCaseExecutor.java:312)
	at com.kms.katalon.core.main.TestCaseExecutor.processExecutionPhase(TestCaseExecutor.java:291)
	at com.kms.katalon.core.main.TestCaseExecutor.accessMainPhase(TestCaseExecutor.java:283)
	at com.kms.katalon.core.main.TestCaseExecutor.execute(TestCaseExecutor.java:222)
	at com.kms.katalon.core.main.TestSuiteExecutor.accessTestCaseMainPhase(TestSuiteExecutor.java:129)
	at com.kms.katalon.core.main.TestSuiteExecutor.accessTestSuiteMainPhase(TestSuiteExecutor.java:112)
	at com.kms.katalon.core.main.TestSuiteExecutor.execute(TestSuiteExecutor.java:81)
	at com.kms.katalon.core.main.TestCaseMain.startTestSuite(TestCaseMain.java:149)
	at com.kms.katalon.core.main.TestCaseMain$startTestSuite$0.call(Unknown Source)
	at TempTestSuite1552376074906.run(TempTestSuite1552376074906.groovy:36)


2019-03-12 14:37:55 - [MESSAGE][INFO] - Unable to find the element located by 'By.xpath: //*[(text() = 'Set Not Available
                    ' or . = 'Set Not Available
                    ')]'. Please recheck the objects properties to make sure the desired element is located. 

2019-03-12 14:37:56 - [MESSAGE][FAILED] - Unable to click on object 'Object Repository/Front-End/OR Product/OR Set not available data mobil/a_Set Not Available' (Root cause: com.kms.katalon.core.webui.exception.WebElementNotFoundException: Web element with id: 'Object Repository/Front-End/OR Product/OR Set not available data mobil/a_Set Not Available' located by 'By.xpath: //*[(text() = 'Set Not Available
                    ' or . = 'Set Not Available
                    ')]' not found)
[[ATTACHMENT|C:\\Users\\WGS-LAP151\\git\\astra-movic\\Reports\\Front-End\\Owner Set Car not available\\20190312_143434\\1552376275683.png]]

2019-03-12 14:37:56 - [MESSAGE][FAILED] - click(findTestObject("Front-End/OR Product/OR Set not available data mobil/a_Set Not Available")) FAILED.
Reason:
com.kms.katalon.core.exception.StepFailedException: Unable to click on object 'Object Repository/Front-End/OR Product/OR Set not available data mobil/a_Set Not Available' (Root cause: com.kms.katalon.core.webui.exception.WebElementNotFoundException: Web element with id: 'Object Repository/Front-End/OR Product/OR Set not available data mobil/a_Set Not Available' located by 'By.xpath: //*[(text() = 'Set Not Available
                    ' or . = 'Set Not Available
                    ')]' not found)
	at com.kms.katalon.core.keyword.internal.KeywordMain.stepFailed(KeywordMain.groovy:36)
	at com.kms.katalon.core.webui.keyword.internal.WebUIKeywordMain.stepFailed(WebUIKeywordMain.groovy:65)
	at com.kms.katalon.core.webui.keyword.internal.WebUIKeywordMain.runKeyword(WebUIKeywordMain.groovy:27)
	at com.kms.katalon.core.webui.keyword.builtin.ClickKeyword.click(ClickKeyword.groovy:86)
	at com.kms.katalon.core.webui.keyword.builtin.ClickKeyword.execute(ClickKeyword.groovy:67)
	at com.kms.katalon.core.keyword.internal.KeywordExecutor.executeKeywordForPlatform(KeywordExecutor.groovy:53)
	at com.kms.katalon.core.webui.keyword.WebUiBuiltInKeywords.click(WebUiBuiltInKeywords.groovy:616)
	at com.kms.katalon.core.webui.keyword.WebUiBuiltInKeywords$click$3.call(Unknown Source)
	at TC10 Set not available data mobil.run(TC10 Set not available data mobil:38)
	at com.kms.katalon.core.main.ScriptEngine.run(ScriptEngine.java:194)
	at com.kms.katalon.core.main.ScriptEngine.runScriptAsRawText(ScriptEngine.java:119)
	at com.kms.katalon.core.main.TestCaseExecutor.runScript(TestCaseExecutor.java:321)
	at com.kms.katalon.core.main.TestCaseExecutor.doExecute(TestCaseExecutor.java:312)
	at com.kms.katalon.core.main.TestCaseExecutor.processExecutionPhase(TestCaseExecutor.java:291)
	at com.kms.katalon.core.main.TestCaseExecutor.accessMainPhase(TestCaseExecutor.java:283)
	at com.kms.katalon.core.main.TestCaseExecutor.execute(TestCaseExecutor.java:222)
	at com.kms.katalon.core.main.TestSuiteExecutor.accessTestCaseMainPhase(TestSuiteExecutor.java:129)
	at com.kms.katalon.core.main.TestSuiteExecutor.accessTestSuiteMainPhase(TestSuiteExecutor.java:112)
	at com.kms.katalon.core.main.TestSuiteExecutor.execute(TestSuiteExecutor.java:81)
	at com.kms.katalon.core.main.TestCaseMain.startTestSuite(TestCaseMain.java:149)
	at com.kms.katalon.core.main.TestCaseMain$startTestSuite$0.call(Unknown Source)
	at TempTestSuite1552376074906.run(TempTestSuite1552376074906.groovy:36)]]></system-out>
         <system-err><![CDATA[2019-03-12 14:36:03 - [TEST_CASE][FAILED] - Test Cases/Front-End/Product/SC99 Regression/TC10 Set not available data mobil: Test Cases/Front-End/Product/SC99 Regression/TC10 Set not available data mobil FAILED.
Reason:
com.kms.katalon.core.exception.StepFailedException: Unable to click on object 'Object Repository/Front-End/OR Product/OR Set not available data mobil/a_Set Not Available' (Root cause: com.kms.katalon.core.webui.exception.WebElementNotFoundException: Web element with id: 'Object Repository/Front-End/OR Product/OR Set not available data mobil/a_Set Not Available' located by 'By.xpath: //*[(text() = 'Set Not Available
                    ' or . = 'Set Not Available
                    ')]' not found)
	at com.kms.katalon.core.keyword.internal.KeywordMain.stepFailed(KeywordMain.groovy:36)
	at com.kms.katalon.core.webui.keyword.internal.WebUIKeywordMain.stepFailed(WebUIKeywordMain.groovy:65)
	at com.kms.katalon.core.webui.keyword.internal.WebUIKeywordMain.runKeyword(WebUIKeywordMain.groovy:27)
	at com.kms.katalon.core.webui.keyword.builtin.ClickKeyword.click(ClickKeyword.groovy:86)
	at com.kms.katalon.core.webui.keyword.builtin.ClickKeyword.execute(ClickKeyword.groovy:67)
	at com.kms.katalon.core.keyword.internal.KeywordExecutor.executeKeywordForPlatform(KeywordExecutor.groovy:53)
	at com.kms.katalon.core.webui.keyword.WebUiBuiltInKeywords.click(WebUiBuiltInKeywords.groovy:616)
	at com.kms.katalon.core.webui.keyword.WebUiBuiltInKeywords$click$3.call(Unknown Source)
	at TC10 Set not available data mobil.run(TC10 Set not available data mobil:38)
	at com.kms.katalon.core.main.ScriptEngine.run(ScriptEngine.java:194)
	at com.kms.katalon.core.main.ScriptEngine.runScriptAsRawText(ScriptEngine.java:119)
	at com.kms.katalon.core.main.TestCaseExecutor.runScript(TestCaseExecutor.java:321)
	at com.kms.katalon.core.main.TestCaseExecutor.doExecute(TestCaseExecutor.java:312)
	at com.kms.katalon.core.main.TestCaseExecutor.processExecutionPhase(TestCaseExecutor.java:291)
	at com.kms.katalon.core.main.TestCaseExecutor.accessMainPhase(TestCaseExecutor.java:283)
	at com.kms.katalon.core.main.TestCaseExecutor.execute(TestCaseExecutor.java:222)
	at com.kms.katalon.core.main.TestSuiteExecutor.accessTestCaseMainPhase(TestSuiteExecutor.java:129)
	at com.kms.katalon.core.main.TestSuiteExecutor.accessTestSuiteMainPhase(TestSuiteExecutor.java:112)
	at com.kms.katalon.core.main.TestSuiteExecutor.execute(TestSuiteExecutor.java:81)
	at com.kms.katalon.core.main.TestCaseMain.startTestSuite(TestCaseMain.java:149)
	at com.kms.katalon.core.main.TestCaseMain$startTestSuite$0.call(Unknown Source)
	at TempTestSuite1552376074906.run(TempTestSuite1552376074906.groovy:36)]]></system-err>
      </testcase>
      <system-out><![CDATA[2019-03-12 14:34:41 - [TEST_SUITE][FAILED] - Owner Set Car not available: Test Cases/Front-End/Product/SC99 Regression/TC10 Set not available data mobil FAILED.
Reason:
com.kms.katalon.core.exception.StepFailedException: Unable to click on object 'Object Repository/Front-End/OR Product/OR Set not available data mobil/a_Set Not Available' (Root cause: com.kms.katalon.core.webui.exception.WebElementNotFoundException: Web element with id: 'Object Repository/Front-End/OR Product/OR Set not available data mobil/a_Set Not Available' located by 'By.xpath: //*[(text() = 'Set Not Available
                    ' or . = 'Set Not Available
                    ')]' not found)
	at com.kms.katalon.core.keyword.internal.KeywordMain.stepFailed(KeywordMain.groovy:36)
	at com.kms.katalon.core.webui.keyword.internal.WebUIKeywordMain.stepFailed(WebUIKeywordMain.groovy:65)
	at com.kms.katalon.core.webui.keyword.internal.WebUIKeywordMain.runKeyword(WebUIKeywordMain.groovy:27)
	at com.kms.katalon.core.webui.keyword.builtin.ClickKeyword.click(ClickKeyword.groovy:86)
	at com.kms.katalon.core.webui.keyword.builtin.ClickKeyword.execute(ClickKeyword.groovy:67)
	at com.kms.katalon.core.keyword.internal.KeywordExecutor.executeKeywordForPlatform(KeywordExecutor.groovy:53)
	at com.kms.katalon.core.webui.keyword.WebUiBuiltInKeywords.click(WebUiBuiltInKeywords.groovy:616)
	at com.kms.katalon.core.webui.keyword.WebUiBuiltInKeywords$click$3.call(Unknown Source)
	at TC10 Set not available data mobil.run(TC10 Set not available data mobil:38)
	at com.kms.katalon.core.main.ScriptEngine.run(ScriptEngine.java:194)
	at com.kms.katalon.core.main.ScriptEngine.runScriptAsRawText(ScriptEngine.java:119)
	at com.kms.katalon.core.main.TestCaseExecutor.runScript(TestCaseExecutor.java:321)
	at com.kms.katalon.core.main.TestCaseExecutor.doExecute(TestCaseExecutor.java:312)
	at com.kms.katalon.core.main.TestCaseExecutor.processExecutionPhase(TestCaseExecutor.java:291)
	at com.kms.katalon.core.main.TestCaseExecutor.accessMainPhase(TestCaseExecutor.java:283)
	at com.kms.katalon.core.main.TestCaseExecutor.execute(TestCaseExecutor.java:222)
	at com.kms.katalon.core.main.TestSuiteExecutor.accessTestCaseMainPhase(TestSuiteExecutor.java:129)
	at com.kms.katalon.core.main.TestSuiteExecutor.accessTestSuiteMainPhase(TestSuiteExecutor.java:112)
	at com.kms.katalon.core.main.TestSuiteExecutor.execute(TestSuiteExecutor.java:81)
	at com.kms.katalon.core.main.TestCaseMain.startTestSuite(TestCaseMain.java:149)
	at com.kms.katalon.core.main.TestCaseMain$startTestSuite$0.call(Unknown Source)
	at TempTestSuite1552376074906.run(TempTestSuite1552376074906.groovy:36)]]></system-out>
      <system-err><![CDATA[2019-03-12 14:34:41 - [TEST_SUITE][FAILED] - Owner Set Car not available: Test Cases/Front-End/Product/SC99 Regression/TC10 Set not available data mobil FAILED.
Reason:
com.kms.katalon.core.exception.StepFailedException: Unable to click on object 'Object Repository/Front-End/OR Product/OR Set not available data mobil/a_Set Not Available' (Root cause: com.kms.katalon.core.webui.exception.WebElementNotFoundException: Web element with id: 'Object Repository/Front-End/OR Product/OR Set not available data mobil/a_Set Not Available' located by 'By.xpath: //*[(text() = 'Set Not Available
                    ' or . = 'Set Not Available
                    ')]' not found)
	at com.kms.katalon.core.keyword.internal.KeywordMain.stepFailed(KeywordMain.groovy:36)
	at com.kms.katalon.core.webui.keyword.internal.WebUIKeywordMain.stepFailed(WebUIKeywordMain.groovy:65)
	at com.kms.katalon.core.webui.keyword.internal.WebUIKeywordMain.runKeyword(WebUIKeywordMain.groovy:27)
	at com.kms.katalon.core.webui.keyword.builtin.ClickKeyword.click(ClickKeyword.groovy:86)
	at com.kms.katalon.core.webui.keyword.builtin.ClickKeyword.execute(ClickKeyword.groovy:67)
	at com.kms.katalon.core.keyword.internal.KeywordExecutor.executeKeywordForPlatform(KeywordExecutor.groovy:53)
	at com.kms.katalon.core.webui.keyword.WebUiBuiltInKeywords.click(WebUiBuiltInKeywords.groovy:616)
	at com.kms.katalon.core.webui.keyword.WebUiBuiltInKeywords$click$3.call(Unknown Source)
	at TC10 Set not available data mobil.run(TC10 Set not available data mobil:38)
	at com.kms.katalon.core.main.ScriptEngine.run(ScriptEngine.java:194)
	at com.kms.katalon.core.main.ScriptEngine.runScriptAsRawText(ScriptEngine.java:119)
	at com.kms.katalon.core.main.TestCaseExecutor.runScript(TestCaseExecutor.java:321)
	at com.kms.katalon.core.main.TestCaseExecutor.doExecute(TestCaseExecutor.java:312)
	at com.kms.katalon.core.main.TestCaseExecutor.processExecutionPhase(TestCaseExecutor.java:291)
	at com.kms.katalon.core.main.TestCaseExecutor.accessMainPhase(TestCaseExecutor.java:283)
	at com.kms.katalon.core.main.TestCaseExecutor.execute(TestCaseExecutor.java:222)
	at com.kms.katalon.core.main.TestSuiteExecutor.accessTestCaseMainPhase(TestSuiteExecutor.java:129)
	at com.kms.katalon.core.main.TestSuiteExecutor.accessTestSuiteMainPhase(TestSuiteExecutor.java:112)
	at com.kms.katalon.core.main.TestSuiteExecutor.execute(TestSuiteExecutor.java:81)
	at com.kms.katalon.core.main.TestCaseMain.startTestSuite(TestCaseMain.java:149)
	at com.kms.katalon.core.main.TestCaseMain$startTestSuite$0.call(Unknown Source)
	at TempTestSuite1552376074906.run(TempTestSuite1552376074906.groovy:36)]]></system-err>
   </testsuite>
</testsuites>
