<?xml version="1.0" encoding="UTF-8"?>
<testsuites name="Reservation Use Permata Bank Virtual Account" time="233" tests="6" failures="1" errors="0">
   <testsuite name="Reservation Use Permata Bank Virtual Account" tests="6" failures="1" errors="0" time="233" timestamp="2018-12-14 13:59:32" hostname="WGS-LAP199 - DESKTOP-QUMB1S3" id="Test Suites/Mobile/Reservation Use Permata Bank Virtual Account">
      <properties>
         <property name="deviceName" value="Xiaomi Redmi 5 (Android 7.1.2)"/>
         <property name="devicePlatform" value=""/>
         <property name="logFolder" value="C:\\Users\\WGS-LAP199\\git\\astra-movic\\Reports\\Mobile\\Reservation Use Permata Bank Virtual Account\\20181214_135927"/>
         <property name="logFiles" value="C:\\Users\\WGS-LAP199\\git\\astra-movic\\Reports\\Mobile\\Reservation Use Permata Bank Virtual Account\\20181214_135927\\appium.log, C:\\Users\\WGS-LAP199\\git\\astra-movic\\Reports\\Mobile\\Reservation Use Permata Bank Virtual Account\\20181214_135927\\execution0.log"/>
         <property name="attachments" value="C:\\Users\\WGS-LAP199\\git\\astra-movic\\Reports\\Mobile\\Reservation Use Permata Bank Virtual Account\\20181214_135927\\1544825001500.png"/>
         <property name="hostName" value="WGS-LAP199 - DESKTOP-QUMB1S3"/>
         <property name="os" value="Windows 10 64bit"/>
         <property name="katalonVersion" value="5.9.1.2"/>
         <property name="deviceOS" value="Android"/>
         <property name="appiumVersion" value="1.8.0"/>
         <property name="deviceModel" value="Redmi 5"/>
         <property name="hostAddress" value="10.10.10.231"/>
         <property name="deviceManufacturer" value="Xiaomi"/>
         <property name="deviceId" value="54e797627cf5"/>
         <property name="deviceName" value="Xiaomi Redmi 5 (Android 7.1.2)"/>
         <property name="deviceOSVersion" value="7.1.2"/>
      </properties>
      <testcase name="Test Cases/Mobile/Android/User/SC99 Regression/TC04 Login with email" classname="Test Cases/Mobile/Android/User/SC99 Regression/TC04 Login with email" status="PASSED">
         <system-out><![CDATA[2018-12-14 13:59:33 - [TEST_CASE][PASSED] - Test Cases/Mobile/Android/User/SC99 Regression/TC04 Login with email: Test Cases/Mobile/Android/User/SC99 Regression/TC04 Login with email

2018-12-14 13:59:34 - [TEST_STEP][PASSED] - startApplication("C:\Users\WGS-LAP199\Downloads\Movic apk\Movic_0.10.0_2018-12-03-staging-debug.apk", false): Started app at: 'C:\Users\WGS-LAP199\Downloads\Movic apk\Movic_0.10.0_2018-12-03-staging-debug.apk'

2018-12-14 13:59:35 - [MESSAGE][INFO] - User set preference: ['deviceId', '54e797627cf5']

2018-12-14 13:59:45 - [MESSAGE][INFO] - Appium server started on port 58,401

2018-12-14 14:00:32 - [MESSAGE][PASSED] - Started app at: 'C:\Users\WGS-LAP199\Downloads\Movic apk\Movic_0.10.0_2018-12-03-staging-debug.apk'

2018-12-14 14:00:32 - [TEST_STEP][PASSED] - tap(findTestObject("Mobile/OR Registrasi/android.widget.ImageView4"), 0): Tapped on element 'Object Repository/Mobile/OR Registrasi/android.widget.ImageView4'

2018-12-14 14:00:32 - [MESSAGE][WARNING] - Timeout '0' is invalid. Using default page load timeout: '100'

2018-12-14 14:00:38 - [MESSAGE][PASSED] - Tapped on element 'Object Repository/Mobile/OR Registrasi/android.widget.ImageView4'

2018-12-14 14:00:38 - [TEST_STEP][PASSED] - for (def index : (1..2)): Tapped on element 'Object Repository/Mobile/OR Registrasi/android.widget.ImageView1'

2018-12-14 14:00:38 - [TEST_STEP][PASSED] - tap(findTestObject("Mobile/OR Registrasi/android.widget.ImageView1"), 0): Tapped on element 'Object Repository/Mobile/OR Registrasi/android.widget.ImageView1'

2018-12-14 14:00:38 - [MESSAGE][WARNING] - Timeout '0' is invalid. Using default page load timeout: '100'

2018-12-14 14:00:39 - [MESSAGE][PASSED] - Tapped on element 'Object Repository/Mobile/OR Registrasi/android.widget.ImageView1'

2018-12-14 14:00:39 - [TEST_STEP][PASSED] - tap(findTestObject("Mobile/OR Registrasi/android.widget.ImageView1"), 0): Tapped on element 'Object Repository/Mobile/OR Registrasi/android.widget.ImageView1'

2018-12-14 14:00:39 - [MESSAGE][WARNING] - Timeout '0' is invalid. Using default page load timeout: '100'

2018-12-14 14:00:41 - [MESSAGE][PASSED] - Tapped on element 'Object Repository/Mobile/OR Registrasi/android.widget.ImageView1'

2018-12-14 14:00:41 - [TEST_STEP][PASSED] - tap(findTestObject("Mobile/OR Registrasi/android.widget.TextView2 - Skip"), 0): Tapped on element 'Object Repository/Mobile/OR Registrasi/android.widget.TextView2 - Skip'

2018-12-14 14:00:41 - [MESSAGE][WARNING] - Timeout '0' is invalid. Using default page load timeout: '100'

2018-12-14 14:00:43 - [MESSAGE][PASSED] - Tapped on element 'Object Repository/Mobile/OR Registrasi/android.widget.TextView2 - Skip'

2018-12-14 14:00:43 - [TEST_STEP][PASSED] - tap(findTestObject("Mobile/OR Login/android.widget.TextView0 - Log in"), 0): Tapped on element 'Object Repository/Mobile/OR Login/android.widget.TextView0 - Log in'

2018-12-14 14:00:43 - [MESSAGE][WARNING] - Timeout '0' is invalid. Using default page load timeout: '100'

2018-12-14 14:00:47 - [MESSAGE][PASSED] - Tapped on element 'Object Repository/Mobile/OR Login/android.widget.TextView0 - Log in'

2018-12-14 14:00:47 - [TEST_STEP][PASSED] - setText(findTestObject("Mobile/OR Login/android.widget.EditText0"), "santi.wahyuni@wgs.co.id", 0): Text 'santi.wahyuni@wgs.co.id' has been set to element 'Object Repository/Mobile/OR Login/android.widget.EditText0'

2018-12-14 14:00:47 - [MESSAGE][WARNING] - Timeout '0' is invalid. Using default page load timeout: '100'

2018-12-14 14:00:48 - [MESSAGE][PASSED] - Text 'santi.wahyuni@wgs.co.id' has been set to element 'Object Repository/Mobile/OR Login/android.widget.EditText0'

2018-12-14 14:00:48 - [TEST_STEP][PASSED] - tap(findTestObject("Mobile/OR Login/android.widget.Button0 - Next"), 0): Tapped on element 'Object Repository/Mobile/OR Login/android.widget.Button0 - Next'

2018-12-14 14:00:48 - [MESSAGE][WARNING] - Timeout '0' is invalid. Using default page load timeout: '100'

2018-12-14 14:00:51 - [MESSAGE][PASSED] - Tapped on element 'Object Repository/Mobile/OR Login/android.widget.Button0 - Next'

2018-12-14 14:00:51 - [TEST_STEP][PASSED] - delay(findTestData("Delay Step").getValue(1, 2), STOP_ON_FAILURE): Delayed 5 second(s)

2018-12-14 14:00:56 - [MESSAGE][PASSED] - Delayed 5 second(s)

2018-12-14 14:00:56 - [TEST_STEP][PASSED] - setText(findTestObject("Mobile/OR Login/android.widget.EditText0 (1)"), "P@ssword123", 0): Text 'P@ssword123' has been set to element 'Object Repository/Mobile/OR Login/android.widget.EditText0 (1)'

2018-12-14 14:00:56 - [MESSAGE][WARNING] - Timeout '0' is invalid. Using default page load timeout: '100'

2018-12-14 14:00:58 - [MESSAGE][PASSED] - Text 'P@ssword123' has been set to element 'Object Repository/Mobile/OR Login/android.widget.EditText0 (1)'

2018-12-14 14:00:58 - [TEST_STEP][PASSED] - delay(findTestData("Delay Step").getValue(1, 2), STOP_ON_FAILURE): Delayed 5 second(s)

2018-12-14 14:01:03 - [MESSAGE][PASSED] - Delayed 5 second(s)

2018-12-14 14:01:03 - [TEST_STEP][PASSED] - hideKeyboard(): Keyboard is hidden

2018-12-14 14:01:05 - [MESSAGE][PASSED] - Keyboard is hidden

2018-12-14 14:01:05 - [TEST_STEP][PASSED] - tap(findTestObject("Mobile/OR Login/android.widget.Button0 - Start Movic"), 0): Tapped on element 'Object Repository/Mobile/OR Login/android.widget.Button0 - Start Movic'

2018-12-14 14:01:05 - [MESSAGE][WARNING] - Timeout '0' is invalid. Using default page load timeout: '100'

2018-12-14 14:01:07 - [MESSAGE][PASSED] - Tapped on element 'Object Repository/Mobile/OR Login/android.widget.Button0 - Start Movic'

2018-12-14 14:01:07 - [TEST_STEP][PASSED] - delay(findTestData("Delay Step").getValue(1, 2), STOP_ON_FAILURE): Delayed 5 second(s)

2018-12-14 14:01:12 - [MESSAGE][PASSED] - Delayed 5 second(s)]]></system-out>
         <system-err><![CDATA[]]></system-err>
      </testcase>
      <testcase name="Test Cases/Mobile/Android/Homepage/SC99 Regression/TC01 Search car use search bar rental city atau region" classname="Test Cases/Mobile/Android/Homepage/SC99 Regression/TC01 Search car use search bar rental city atau region" status="PASSED">
         <system-out><![CDATA[2018-12-14 14:01:12 - [TEST_CASE][PASSED] - Test Cases/Mobile/Android/Homepage/SC99 Regression/TC01 Search car use search bar rental city atau region: Test Cases/Mobile/Android/Homepage/SC99 Regression/TC01 Search car use search bar rental city atau region

2018-12-14 14:01:14 - [TEST_STEP][NOT_RUN] - callTestCase(findTestCase("Mobile/Android/User/SC99 Regression/TC04 Login with email"), [:], STOP_ON_FAILURE): NOT_RUN: callTestCase(findTestCase("Mobile/Android/User/SC99 Regression/TC04 Login with email"), [:], STOP_ON_FAILURE)

2018-12-14 14:01:14 - [MESSAGE][NOT_RUN] - NOT_RUN: callTestCase(findTestCase("Mobile/Android/User/SC99 Regression/TC04 Login with email"), [:], STOP_ON_FAILURE)

2018-12-14 14:01:14 - [TEST_STEP][PASSED] - tap(findTestObject("Mobile/OR Booking/android.widget.TextView0 - Car Rental CityRegion"), 0): Tapped on element 'Object Repository/Mobile/OR Booking/android.widget.TextView0 - Car Rental CityRegion'

2018-12-14 14:01:14 - [MESSAGE][WARNING] - Timeout '0' is invalid. Using default page load timeout: '100'

2018-12-14 14:01:16 - [MESSAGE][PASSED] - Tapped on element 'Object Repository/Mobile/OR Booking/android.widget.TextView0 - Car Rental CityRegion'

2018-12-14 14:01:16 - [TEST_STEP][PASSED] - setText(findTestObject("Mobile/OR Booking/android.widget.EditText0 - Search available car for you"), "Bandung", 0): Text 'Bandung' has been set to element 'Object Repository/Mobile/OR Booking/android.widget.EditText0 - Search available car for you'

2018-12-14 14:01:16 - [MESSAGE][WARNING] - Timeout '0' is invalid. Using default page load timeout: '100'

2018-12-14 14:01:18 - [MESSAGE][PASSED] - Text 'Bandung' has been set to element 'Object Repository/Mobile/OR Booking/android.widget.EditText0 - Search available car for you'

2018-12-14 14:01:18 - [TEST_STEP][NOT_RUN] - tap(findTestObject("Mobile/OR Booking/android.widget.TextView2 - Jabodetabek"), 0): NOT_RUN: tap(findTestObject("Mobile/OR Booking/android.widget.TextView2 - Jabodetabek"), 0)

2018-12-14 14:01:18 - [MESSAGE][NOT_RUN] - NOT_RUN: tap(findTestObject("Mobile/OR Booking/android.widget.TextView2 - Jabodetabek"), 0)

2018-12-14 14:01:18 - [TEST_STEP][PASSED] - tap(findTestObject("Mobile/OR Product/android.widget.TextView2 - Bandung"), 0): Tapped on element 'Object Repository/Mobile/OR Product/android.widget.TextView2 - Bandung'

2018-12-14 14:01:18 - [MESSAGE][WARNING] - Timeout '0' is invalid. Using default page load timeout: '100'

2018-12-14 14:01:23 - [MESSAGE][PASSED] - Tapped on element 'Object Repository/Mobile/OR Product/android.widget.TextView2 - Bandung'

2018-12-14 14:01:23 - [TEST_STEP][NOT_RUN] - tap(findTestObject("Mobile/OR Booking/android.widget.TextView1 - Car Only"), 0): NOT_RUN: tap(findTestObject("Mobile/OR Booking/android.widget.TextView1 - Car Only"), 0)

2018-12-14 14:01:23 - [MESSAGE][NOT_RUN] - NOT_RUN: tap(findTestObject("Mobile/OR Booking/android.widget.TextView1 - Car Only"), 0)

2018-12-14 14:01:23 - [TEST_STEP][PASSED] - tap(findTestObject("Mobile/OR Homepage/android.widget.TextView2 - Car With Driver"), 0): Tapped on element 'Object Repository/Mobile/OR Homepage/android.widget.TextView2 - Car With Driver'

2018-12-14 14:01:23 - [MESSAGE][WARNING] - Timeout '0' is invalid. Using default page load timeout: '100'

2018-12-14 14:01:24 - [MESSAGE][PASSED] - Tapped on element 'Object Repository/Mobile/OR Homepage/android.widget.TextView2 - Car With Driver'

2018-12-14 14:01:24 - [TEST_STEP][PASSED] - tap(findTestObject("Mobile/OR Booking/android.widget.Button0 - Next"), 0): Tapped on element 'Object Repository/Mobile/OR Booking/android.widget.Button0 - Next'

2018-12-14 14:01:25 - [MESSAGE][WARNING] - Timeout '0' is invalid. Using default page load timeout: '100'

2018-12-14 14:01:28 - [MESSAGE][PASSED] - Tapped on element 'Object Repository/Mobile/OR Booking/android.widget.Button0 - Next'

2018-12-14 14:01:28 - [TEST_STEP][PASSED] - tap(findTestObject("Mobile/OR Booking/android.widget.TextView26 - 13"), 0): Tapped on element 'Object Repository/Mobile/OR Booking/android.widget.TextView26 - 13'

2018-12-14 14:01:28 - [MESSAGE][WARNING] - Timeout '0' is invalid. Using default page load timeout: '100'

2018-12-14 14:01:29 - [MESSAGE][PASSED] - Tapped on element 'Object Repository/Mobile/OR Booking/android.widget.TextView26 - 13'

2018-12-14 14:01:29 - [TEST_STEP][PASSED] - delay(findTestData("Delay Step").getValue(1, 2), STOP_ON_FAILURE): Delayed 5 second(s)

2018-12-14 14:01:34 - [MESSAGE][PASSED] - Delayed 5 second(s)

2018-12-14 14:01:34 - [TEST_STEP][PASSED] - tap(findTestObject("Mobile/OR Booking/android.widget.TextView27 - 14"), 0): Tapped on element 'Object Repository/Mobile/OR Booking/android.widget.TextView27 - 14'

2018-12-14 14:01:35 - [MESSAGE][WARNING] - Timeout '0' is invalid. Using default page load timeout: '100'

2018-12-14 14:01:36 - [MESSAGE][PASSED] - Tapped on element 'Object Repository/Mobile/OR Booking/android.widget.TextView27 - 14'

2018-12-14 14:01:36 - [TEST_STEP][PASSED] - tap(findTestObject("Mobile/OR Booking/android.widget.Button0 - Search"), 0): Tapped on element 'Object Repository/Mobile/OR Booking/android.widget.Button0 - Search'

2018-12-14 14:01:36 - [MESSAGE][WARNING] - Timeout '0' is invalid. Using default page load timeout: '100'

2018-12-14 14:01:39 - [MESSAGE][PASSED] - Tapped on element 'Object Repository/Mobile/OR Booking/android.widget.Button0 - Search'

2018-12-14 14:01:39 - [TEST_STEP][PASSED] - delay(findTestData("Delay Step").getValue(1, 2), STOP_ON_FAILURE): Delayed 5 second(s)

2018-12-14 14:01:44 - [MESSAGE][PASSED] - Delayed 5 second(s)]]></system-out>
         <system-err><![CDATA[]]></system-err>
      </testcase>
      <testcase name="Test Cases/Mobile/Android/Booking/SC99 Regression/TC15 Select car from list cars" classname="Test Cases/Mobile/Android/Booking/SC99 Regression/TC15 Select car from list cars" status="PASSED">
         <system-out><![CDATA[2018-12-14 14:01:44 - [TEST_CASE][PASSED] - Test Cases/Mobile/Android/Booking/SC99 Regression/TC15 Select car from list cars: Test Cases/Mobile/Android/Booking/SC99 Regression/TC15 Select car from list cars

2018-12-14 14:01:45 - [TEST_STEP][NOT_RUN] - callTestCase(findTestCase("Mobile/Android/Homepage/SC99 Regression/TC01 Search car use search bar rental city atau region"), [:], STOP_ON_FAILURE): NOT_RUN: callTestCase(findTestCase("Mobile/Android/Homepage/SC99 Regression/TC01 Search car use search bar rental city atau region"), [:], STOP_ON_FAILURE)

2018-12-14 14:01:45 - [MESSAGE][NOT_RUN] - NOT_RUN: callTestCase(findTestCase("Mobile/Android/Homepage/SC99 Regression/TC01 Search car use search bar rental city atau region"), [:], STOP_ON_FAILURE)

2018-12-14 14:01:45 - [TEST_STEP][PASSED] - tap(findTestObject("Mobile/OR Booking/android.support.v4.view.ViewPager0"), 0): Tapped on element 'Object Repository/Mobile/OR Booking/android.support.v4.view.ViewPager0'

2018-12-14 14:01:45 - [MESSAGE][WARNING] - Timeout '0' is invalid. Using default page load timeout: '100'

2018-12-14 14:01:50 - [MESSAGE][PASSED] - Tapped on element 'Object Repository/Mobile/OR Booking/android.support.v4.view.ViewPager0'

2018-12-14 14:01:50 - [TEST_STEP][PASSED] - tap(findTestObject("Mobile/OR Booking/android.widget.Button0 - Check Packages"), 0): Tapped on element 'Object Repository/Mobile/OR Booking/android.widget.Button0 - Check Packages'

2018-12-14 14:01:50 - [MESSAGE][WARNING] - Timeout '0' is invalid. Using default page load timeout: '100'

2018-12-14 14:01:52 - [MESSAGE][PASSED] - Tapped on element 'Object Repository/Mobile/OR Booking/android.widget.Button0 - Check Packages'

2018-12-14 14:01:52 - [TEST_STEP][PASSED] - tap(findTestObject("Mobile/OR Booking/android.widget.Button1 - Book Now"), 0): Tapped on element 'Object Repository/Mobile/OR Booking/android.widget.Button1 - Book Now'

2018-12-14 14:01:52 - [MESSAGE][WARNING] - Timeout '0' is invalid. Using default page load timeout: '100'

2018-12-14 14:01:56 - [MESSAGE][PASSED] - Tapped on element 'Object Repository/Mobile/OR Booking/android.widget.Button1 - Book Now'

2018-12-14 14:01:56 - [TEST_STEP][PASSED] - scrollToText("Add additional benefits", STOP_ON_FAILURE): Scrolling to text 'Add additional benefits' successfully

2018-12-14 14:01:58 - [MESSAGE][PASSED] - Scrolling to text 'Add additional benefits' successfully

2018-12-14 14:01:58 - [TEST_STEP][PASSED] - tap(findTestObject("Mobile/OR Booking/android.widget.TextView2 - Edit"), 0): Tapped on element 'Object Repository/Mobile/OR Booking/android.widget.TextView2 - Edit'

2018-12-14 14:01:58 - [MESSAGE][WARNING] - Timeout '0' is invalid. Using default page load timeout: '100'

2018-12-14 14:02:02 - [MESSAGE][PASSED] - Tapped on element 'Object Repository/Mobile/OR Booking/android.widget.TextView2 - Edit'

2018-12-14 14:02:02 - [TEST_STEP][PASSED] - tap(findTestObject("Mobile/OR Booking/android.widget.CheckBox0"), 0): Tapped on element 'Object Repository/Mobile/OR Booking/android.widget.CheckBox0'

2018-12-14 14:02:03 - [MESSAGE][WARNING] - Timeout '0' is invalid. Using default page load timeout: '100'

2018-12-14 14:02:06 - [MESSAGE][PASSED] - Tapped on element 'Object Repository/Mobile/OR Booking/android.widget.CheckBox0'

2018-12-14 14:02:06 - [TEST_STEP][PASSED] - tap(findTestObject("Mobile/OR Booking/android.widget.ImageView1"), 0): Tapped on element 'Object Repository/Mobile/OR Booking/android.widget.ImageView1'

2018-12-14 14:02:07 - [MESSAGE][WARNING] - Timeout '0' is invalid. Using default page load timeout: '100'

2018-12-14 14:02:08 - [MESSAGE][PASSED] - Tapped on element 'Object Repository/Mobile/OR Booking/android.widget.ImageView1'

2018-12-14 14:02:08 - [TEST_STEP][PASSED] - tap(findTestObject("Mobile/OR Booking/android.widget.Button0 - Save"), 0): Tapped on element 'Object Repository/Mobile/OR Booking/android.widget.Button0 - Save'

2018-12-14 14:02:08 - [MESSAGE][WARNING] - Timeout '0' is invalid. Using default page load timeout: '100'

2018-12-14 14:02:10 - [MESSAGE][PASSED] - Tapped on element 'Object Repository/Mobile/OR Booking/android.widget.Button0 - Save'

2018-12-14 14:02:10 - [TEST_STEP][PASSED] - tap(findTestObject("Mobile/OR Booking/android.widget.Button0 - I Agree"), 0): Tapped on element 'Object Repository/Mobile/OR Booking/android.widget.Button0 - I Agree'

2018-12-14 14:02:10 - [MESSAGE][WARNING] - Timeout '0' is invalid. Using default page load timeout: '100'

2018-12-14 14:02:12 - [MESSAGE][PASSED] - Tapped on element 'Object Repository/Mobile/OR Booking/android.widget.Button0 - I Agree'

2018-12-14 14:02:12 - [TEST_STEP][PASSED] - tap(findTestObject("Mobile/OR Booking/android.widget.EditText0"), 0): Tapped on element 'Object Repository/Mobile/OR Booking/android.widget.EditText0'

2018-12-14 14:02:13 - [MESSAGE][WARNING] - Timeout '0' is invalid. Using default page load timeout: '100'

2018-12-14 14:02:14 - [MESSAGE][PASSED] - Tapped on element 'Object Repository/Mobile/OR Booking/android.widget.EditText0'

2018-12-14 14:02:14 - [TEST_STEP][PASSED] - delay(findTestData("Delay Step").getValue(1, 2), STOP_ON_FAILURE): Delayed 5 second(s)

2018-12-14 14:02:19 - [MESSAGE][PASSED] - Delayed 5 second(s)

2018-12-14 14:02:19 - [TEST_STEP][PASSED] - tap(findTestObject("Mobile/OR Booking/android.widget.Button1 - OK"), 0): Tapped on element 'Object Repository/Mobile/OR Booking/android.widget.Button1 - OK'

2018-12-14 14:02:19 - [MESSAGE][WARNING] - Timeout '0' is invalid. Using default page load timeout: '100'

2018-12-14 14:02:23 - [MESSAGE][PASSED] - Tapped on element 'Object Repository/Mobile/OR Booking/android.widget.Button1 - OK'

2018-12-14 14:02:23 - [TEST_STEP][PASSED] - tap(findTestObject("Mobile/OR Booking/android.widget.RelativeLayout7"), 0): Tapped on element 'Object Repository/Mobile/OR Booking/android.widget.RelativeLayout7'

2018-12-14 14:02:23 - [MESSAGE][WARNING] - Timeout '0' is invalid. Using default page load timeout: '100'

2018-12-14 14:02:26 - [MESSAGE][PASSED] - Tapped on element 'Object Repository/Mobile/OR Booking/android.widget.RelativeLayout7'

2018-12-14 14:02:26 - [TEST_STEP][PASSED] - delay(5, STOP_ON_FAILURE): Delayed 5 second(s)

2018-12-14 14:02:31 - [MESSAGE][PASSED] - Delayed 5 second(s)

2018-12-14 14:02:31 - [TEST_STEP][PASSED] - tap(findTestObject("Mobile/OR Booking/android.widget.Button0 - Confirm"), 0): Tapped on element 'Object Repository/Mobile/OR Booking/android.widget.Button0 - Confirm'

2018-12-14 14:02:31 - [MESSAGE][WARNING] - Timeout '0' is invalid. Using default page load timeout: '100'

2018-12-14 14:02:34 - [MESSAGE][PASSED] - Tapped on element 'Object Repository/Mobile/OR Booking/android.widget.Button0 - Confirm'

2018-12-14 14:02:34 - [TEST_STEP][PASSED] - tap(findTestObject("Mobile/OR Booking/android.widget.RelativeLayout8"), 0): Tapped on element 'Object Repository/Mobile/OR Booking/android.widget.RelativeLayout8'

2018-12-14 14:02:35 - [MESSAGE][WARNING] - Timeout '0' is invalid. Using default page load timeout: '100'

2018-12-14 14:02:36 - [MESSAGE][PASSED] - Tapped on element 'Object Repository/Mobile/OR Booking/android.widget.RelativeLayout8'

2018-12-14 14:02:36 - [TEST_STEP][PASSED] - delay(findTestData("Delay Step").getValue(1, 2), STOP_ON_FAILURE): Delayed 5 second(s)

2018-12-14 14:02:41 - [MESSAGE][PASSED] - Delayed 5 second(s)

2018-12-14 14:02:41 - [TEST_STEP][PASSED] - tap(findTestObject("Mobile/OR Booking/android.widget.Button0 - Confirm"), 0): Tapped on element 'Object Repository/Mobile/OR Booking/android.widget.Button0 - Confirm'

2018-12-14 14:02:41 - [MESSAGE][WARNING] - Timeout '0' is invalid. Using default page load timeout: '100'

2018-12-14 14:02:44 - [MESSAGE][PASSED] - Tapped on element 'Object Repository/Mobile/OR Booking/android.widget.Button0 - Confirm'

2018-12-14 14:02:44 - [TEST_STEP][PASSED] - tap(findTestObject("Mobile/OR Booking/android.widget.Button0 - Continue"), 0): Tapped on element 'Object Repository/Mobile/OR Booking/android.widget.Button0 - Continue'

2018-12-14 14:02:44 - [MESSAGE][WARNING] - Timeout '0' is invalid. Using default page load timeout: '100'

2018-12-14 14:02:47 - [MESSAGE][PASSED] - Tapped on element 'Object Repository/Mobile/OR Booking/android.widget.Button0 - Continue'

2018-12-14 14:02:47 - [TEST_STEP][PASSED] - delay(findTestData("Delay Step").getValue(1, 2), STOP_ON_FAILURE): Delayed 5 second(s)

2018-12-14 14:02:52 - [MESSAGE][PASSED] - Delayed 5 second(s)]]></system-out>
         <system-err><![CDATA[]]></system-err>
      </testcase>
      <testcase name="Test Cases/Mobile/Android/Booking/SC99 Regression/TC09 Rules" classname="Test Cases/Mobile/Android/Booking/SC99 Regression/TC09 Rules" status="PASSED">
         <system-out><![CDATA[2018-12-14 14:02:52 - [TEST_CASE][PASSED] - Test Cases/Mobile/Android/Booking/SC99 Regression/TC09 Rules: Test Cases/Mobile/Android/Booking/SC99 Regression/TC09 Rules

2018-12-14 14:02:53 - [TEST_STEP][NOT_RUN] - callTestCase(findTestCase("Mobile/Android/Booking/SC99 Regression/TC15 Select car from list cars"), [:], STOP_ON_FAILURE): NOT_RUN: callTestCase(findTestCase("Mobile/Android/Booking/SC99 Regression/TC15 Select car from list cars"), [:], STOP_ON_FAILURE)

2018-12-14 14:02:53 - [MESSAGE][NOT_RUN] - NOT_RUN: callTestCase(findTestCase("Mobile/Android/Booking/SC99 Regression/TC15 Select car from list cars"), [:], STOP_ON_FAILURE)

2018-12-14 14:02:53 - [TEST_STEP][PASSED] - tap(findTestObject("Mobile/OR Booking/android.widget.TextView - CANCELLATION POLICY"), 0): Tapped on element 'Object Repository/Mobile/OR Booking/android.widget.TextView - CANCELLATION POLICY'

2018-12-14 14:02:53 - [MESSAGE][WARNING] - Timeout '0' is invalid. Using default page load timeout: '100'

2018-12-14 14:02:54 - [MESSAGE][PASSED] - Tapped on element 'Object Repository/Mobile/OR Booking/android.widget.TextView - CANCELLATION POLICY'

2018-12-14 14:02:54 - [TEST_STEP][PASSED] - tap(findTestObject("Mobile/OR Booking/android.widget.Button0 - Agree"), 0): Tapped on element 'Object Repository/Mobile/OR Booking/android.widget.Button0 - Agree'

2018-12-14 14:02:54 - [MESSAGE][WARNING] - Timeout '0' is invalid. Using default page load timeout: '100'

2018-12-14 14:02:56 - [MESSAGE][PASSED] - Tapped on element 'Object Repository/Mobile/OR Booking/android.widget.Button0 - Agree'

2018-12-14 14:02:56 - [TEST_STEP][NOT_RUN] - tap(findTestObject("Mobile/OR Booking/android.widget.Button0 - Pay Later"), 0): NOT_RUN: tap(findTestObject("Mobile/OR Booking/android.widget.Button0 - Pay Later"), 0)

2018-12-14 14:02:56 - [MESSAGE][NOT_RUN] - NOT_RUN: tap(findTestObject("Mobile/OR Booking/android.widget.Button0 - Pay Later"), 0)

2018-12-14 14:02:56 - [TEST_STEP][PASSED] - delay(findTestData("Delay Step").getValue(1, 2), STOP_ON_FAILURE): Delayed 5 second(s)

2018-12-14 14:03:01 - [MESSAGE][PASSED] - Delayed 5 second(s)]]></system-out>
         <system-err><![CDATA[]]></system-err>
      </testcase>
      <testcase name="Test Cases/Mobile/Android/Payment/SC99 Regression/TC01 Pay - Payment" classname="Test Cases/Mobile/Android/Payment/SC99 Regression/TC01 Pay - Payment" status="PASSED">
         <system-out><![CDATA[2018-12-14 14:03:01 - [TEST_CASE][PASSED] - Test Cases/Mobile/Android/Payment/SC99 Regression/TC01 Pay - Payment: Test Cases/Mobile/Android/Payment/SC99 Regression/TC01 Pay - Payment

2018-12-14 14:03:02 - [TEST_STEP][NOT_RUN] - callTestCase(findTestCase("Mobile/Android/Booking/SC99 Regression/TC09 Rules"), [:], STOP_ON_FAILURE): NOT_RUN: callTestCase(findTestCase("Mobile/Android/Booking/SC99 Regression/TC09 Rules"), [:], STOP_ON_FAILURE)

2018-12-14 14:03:02 - [MESSAGE][NOT_RUN] - NOT_RUN: callTestCase(findTestCase("Mobile/Android/Booking/SC99 Regression/TC09 Rules"), [:], STOP_ON_FAILURE)

2018-12-14 14:03:02 - [TEST_STEP][NOT_RUN] - tap(findTestObject("Mobile/OR Payment/android.widget.ImageView2"), 0): NOT_RUN: tap(findTestObject("Mobile/OR Payment/android.widget.ImageView2"), 0)

2018-12-14 14:03:02 - [MESSAGE][NOT_RUN] - NOT_RUN: tap(findTestObject("Mobile/OR Payment/android.widget.ImageView2"), 0)

2018-12-14 14:03:02 - [TEST_STEP][PASSED] - tap(findTestObject("Mobile/OR Payment/android.widget.Button1 - Pay"), 0): Tapped on element 'Object Repository/Mobile/OR Payment/android.widget.Button1 - Pay'

2018-12-14 14:03:02 - [MESSAGE][WARNING] - Timeout '0' is invalid. Using default page load timeout: '100'

2018-12-14 14:03:03 - [MESSAGE][PASSED] - Tapped on element 'Object Repository/Mobile/OR Payment/android.widget.Button1 - Pay'

2018-12-14 14:03:03 - [TEST_STEP][PASSED] - tap(findTestObject("Mobile/OR Payment/android.widget.TextView3 - ALREADY CONFIRM"), 0): Tapped on element 'Object Repository/Mobile/OR Payment/android.widget.TextView3 - ALREADY CONFIRM'

2018-12-14 14:03:04 - [MESSAGE][WARNING] - Timeout '0' is invalid. Using default page load timeout: '100'

2018-12-14 14:03:05 - [MESSAGE][PASSED] - Tapped on element 'Object Repository/Mobile/OR Payment/android.widget.TextView3 - ALREADY CONFIRM'

2018-12-14 14:03:05 - [TEST_STEP][PASSED] - delay(findTestData("Delay Step").getValue(1, 2), STOP_ON_FAILURE): Delayed 5 second(s)

2018-12-14 14:03:10 - [MESSAGE][PASSED] - Delayed 5 second(s)]]></system-out>
         <system-err><![CDATA[]]></system-err>
      </testcase>
      <testcase name="Test Cases/Mobile/Android/Payment/SC99 Regression/TC04 Select payment method" classname="Test Cases/Mobile/Android/Payment/SC99 Regression/TC04 Select payment method" status="PASSED">
         <system-out><![CDATA[2018-12-14 14:03:10 - [TEST_CASE][PASSED] - Test Cases/Mobile/Android/Payment/SC99 Regression/TC04 Select payment method: Test Cases/Mobile/Android/Payment/SC99 Regression/TC04 Select payment method

2018-12-14 14:03:11 - [TEST_STEP][NOT_RUN] - callTestCase(findTestCase("Mobile/Android/Payment/SC99 Regression/TC01 Pay - Payment"), [:], STOP_ON_FAILURE): NOT_RUN: callTestCase(findTestCase("Mobile/Android/Payment/SC99 Regression/TC01 Pay - Payment"), [:], STOP_ON_FAILURE)

2018-12-14 14:03:11 - [MESSAGE][NOT_RUN] - NOT_RUN: callTestCase(findTestCase("Mobile/Android/Payment/SC99 Regression/TC01 Pay - Payment"), [:], STOP_ON_FAILURE)

2018-12-14 14:03:11 - [TEST_STEP][PASSED] - tap(findTestObject("Mobile/OR Payment/android.widget.FrameLayout3"), 0): Tapped on element 'Object Repository/Mobile/OR Payment/android.widget.FrameLayout3'

2018-12-14 14:03:11 - [MESSAGE][WARNING] - Timeout '0' is invalid. Using default page load timeout: '100'

2018-12-14 14:03:12 - [MESSAGE][PASSED] - Tapped on element 'Object Repository/Mobile/OR Payment/android.widget.FrameLayout3'

2018-12-14 14:03:12 - [TEST_STEP][PASSED] - delay(findTestData("Delay Step").getValue(1, 2), STOP_ON_FAILURE): Delayed 5 second(s)

2018-12-14 14:03:17 - [MESSAGE][PASSED] - Delayed 5 second(s)]]></system-out>
         <system-err><![CDATA[]]></system-err>
      </testcase>
      <testcase name="Test Cases/Mobile/Android/Payment/SC99 Regression/TC07 Permata Bank Virtual Account" classname="Test Cases/Mobile/Android/Payment/SC99 Regression/TC07 Permata Bank Virtual Account" status="FAILED">
         <failure type="FAILED" message="Test Cases/Mobile/Android/Payment/SC99 Regression/TC07 Permata Bank Virtual Account FAILED.
Reason:
com.kms.katalon.core.exception.StepFailedException: Unable to scroll to text 'Hubungi kami.' (Root cause: org.openqa.selenium.WebDriverException: Returned value cannot be converted to WebElement: {stacktrace=NoSuchElementError: An element could not be located on the page using the given search parameters.
    at AndroidUiautomator2Driver.callee$0$0$ (C:\Users\WGS-LAP199\AppData\Roaming\npm\node_modules\appium\node_modules\appium-android-driver\lib\commands\find.js:69:13)
    at tryCatch (C:\Users\WGS-LAP199\AppData\Roaming\npm\node_modules\appium\node_modules\babel-runtime\regenerator\runtime.js:67:40)
    at GeneratorFunctionPrototype.invoke [as _invoke] (C:\Users\WGS-LAP199\AppData\Roaming\npm\node_modules\appium\node_modules\babel-runtime\regenerator\runtime.js:315:22)
    at GeneratorFunctionPrototype.prototype.(anonymous function) [as throw] (C:\Users\WGS-LAP199\AppData\Roaming\npm\node_modules\appium\node_modules\babel-runtime\regenerator\runtime.js:100:21)
    at GeneratorFunctionPrototype.invoke (C:\Users\WGS-LAP199\AppData\Roaming\npm\node_modules\appium\node_modules\babel-runtime\regenerator\runtime.js:136:37), error=no such element, message=An element could not be located on the page using the given search parameters.}
Build info: version: '3.7.1', revision: '8a0099a', time: '2017-11-06T21:07:36.161Z'
System info: host: 'DESKTOP-QUMB1S3', ip: '10.10.10.231', os.name: 'Windows 10', os.arch: 'amd64', os.version: '10.0', java.version: '1.8.0_181'
Driver info: driver.version: SwipeableAndroidDriver)
	at com.kms.katalon.core.keyword.internal.KeywordMain.stepFailed(KeywordMain.groovy:36)
	at com.kms.katalon.core.mobile.keyword.internal.MobileKeywordMain.stepFailed(MobileKeywordMain.groovy:40)
	at com.kms.katalon.core.mobile.keyword.internal.MobileKeywordMain.runKeyword(MobileKeywordMain.groovy:23)
	at com.kms.katalon.core.mobile.keyword.internal.MobileKeywordMain$runKeyword.call(Unknown Source)
	at com.kms.katalon.core.mobile.keyword.builtin.ScrollToTextKeyword.scrollToText(ScrollToTextKeyword.groovy:109)
	at com.kms.katalon.core.mobile.keyword.builtin.ScrollToTextKeyword.execute(ScrollToTextKeyword.groovy:69)
	at com.kms.katalon.core.keyword.internal.KeywordExecutor.executeKeywordForPlatform(KeywordExecutor.groovy:53)
	at com.kms.katalon.core.mobile.keyword.MobileBuiltInKeywords.scrollToText(MobileBuiltInKeywords.groovy:853)
	at com.kms.katalon.core.mobile.keyword.MobileBuiltInKeywords$scrollToText$3.call(Unknown Source)
	at TC07 Permata Bank Virtual Account.run(TC07 Permata Bank Virtual Account:23)
	at com.kms.katalon.core.main.ScriptEngine.run(ScriptEngine.java:194)
	at com.kms.katalon.core.main.ScriptEngine.runScriptAsRawText(ScriptEngine.java:119)
	at com.kms.katalon.core.main.TestCaseExecutor.runScript(TestCaseExecutor.java:321)
	at com.kms.katalon.core.main.TestCaseExecutor.doExecute(TestCaseExecutor.java:312)
	at com.kms.katalon.core.main.TestCaseExecutor.processExecutionPhase(TestCaseExecutor.java:291)
	at com.kms.katalon.core.main.TestCaseExecutor.accessMainPhase(TestCaseExecutor.java:283)
	at com.kms.katalon.core.main.TestCaseExecutor.execute(TestCaseExecutor.java:222)
	at com.kms.katalon.core.main.TestSuiteExecutor.accessTestCaseMainPhase(TestSuiteExecutor.java:129)
	at com.kms.katalon.core.main.TestSuiteExecutor.accessTestSuiteMainPhase(TestSuiteExecutor.java:112)
	at com.kms.katalon.core.main.TestSuiteExecutor.execute(TestSuiteExecutor.java:81)
	at com.kms.katalon.core.main.TestCaseMain.startTestSuite(TestCaseMain.java:149)
	at com.kms.katalon.core.main.TestCaseMain$startTestSuite$0.call(Unknown Source)
	at TempTestSuite1544824767754.run(TempTestSuite1544824767754.groovy:36)
"/>
         <system-out><![CDATA[2018-12-14 14:03:17 - [TEST_CASE][FAILED] - Test Cases/Mobile/Android/Payment/SC99 Regression/TC07 Permata Bank Virtual Account: Test Cases/Mobile/Android/Payment/SC99 Regression/TC07 Permata Bank Virtual Account FAILED.
Reason:
com.kms.katalon.core.exception.StepFailedException: Unable to scroll to text 'Hubungi kami.' (Root cause: org.openqa.selenium.WebDriverException: Returned value cannot be converted to WebElement: {stacktrace=NoSuchElementError: An element could not be located on the page using the given search parameters.
    at AndroidUiautomator2Driver.callee$0$0$ (C:\Users\WGS-LAP199\AppData\Roaming\npm\node_modules\appium\node_modules\appium-android-driver\lib\commands\find.js:69:13)
    at tryCatch (C:\Users\WGS-LAP199\AppData\Roaming\npm\node_modules\appium\node_modules\babel-runtime\regenerator\runtime.js:67:40)
    at GeneratorFunctionPrototype.invoke [as _invoke] (C:\Users\WGS-LAP199\AppData\Roaming\npm\node_modules\appium\node_modules\babel-runtime\regenerator\runtime.js:315:22)
    at GeneratorFunctionPrototype.prototype.(anonymous function) [as throw] (C:\Users\WGS-LAP199\AppData\Roaming\npm\node_modules\appium\node_modules\babel-runtime\regenerator\runtime.js:100:21)
    at GeneratorFunctionPrototype.invoke (C:\Users\WGS-LAP199\AppData\Roaming\npm\node_modules\appium\node_modules\babel-runtime\regenerator\runtime.js:136:37), error=no such element, message=An element could not be located on the page using the given search parameters.}
Build info: version: '3.7.1', revision: '8a0099a', time: '2017-11-06T21:07:36.161Z'
System info: host: 'DESKTOP-QUMB1S3', ip: '10.10.10.231', os.name: 'Windows 10', os.arch: 'amd64', os.version: '10.0', java.version: '1.8.0_181'
Driver info: driver.version: SwipeableAndroidDriver)
	at com.kms.katalon.core.keyword.internal.KeywordMain.stepFailed(KeywordMain.groovy:36)
	at com.kms.katalon.core.mobile.keyword.internal.MobileKeywordMain.stepFailed(MobileKeywordMain.groovy:40)
	at com.kms.katalon.core.mobile.keyword.internal.MobileKeywordMain.runKeyword(MobileKeywordMain.groovy:23)
	at com.kms.katalon.core.mobile.keyword.internal.MobileKeywordMain$runKeyword.call(Unknown Source)
	at com.kms.katalon.core.mobile.keyword.builtin.ScrollToTextKeyword.scrollToText(ScrollToTextKeyword.groovy:109)
	at com.kms.katalon.core.mobile.keyword.builtin.ScrollToTextKeyword.execute(ScrollToTextKeyword.groovy:69)
	at com.kms.katalon.core.keyword.internal.KeywordExecutor.executeKeywordForPlatform(KeywordExecutor.groovy:53)
	at com.kms.katalon.core.mobile.keyword.MobileBuiltInKeywords.scrollToText(MobileBuiltInKeywords.groovy:853)
	at com.kms.katalon.core.mobile.keyword.MobileBuiltInKeywords$scrollToText$3.call(Unknown Source)
	at TC07 Permata Bank Virtual Account.run(TC07 Permata Bank Virtual Account:23)
	at com.kms.katalon.core.main.ScriptEngine.run(ScriptEngine.java:194)
	at com.kms.katalon.core.main.ScriptEngine.runScriptAsRawText(ScriptEngine.java:119)
	at com.kms.katalon.core.main.TestCaseExecutor.runScript(TestCaseExecutor.java:321)
	at com.kms.katalon.core.main.TestCaseExecutor.doExecute(TestCaseExecutor.java:312)
	at com.kms.katalon.core.main.TestCaseExecutor.processExecutionPhase(TestCaseExecutor.java:291)
	at com.kms.katalon.core.main.TestCaseExecutor.accessMainPhase(TestCaseExecutor.java:283)
	at com.kms.katalon.core.main.TestCaseExecutor.execute(TestCaseExecutor.java:222)
	at com.kms.katalon.core.main.TestSuiteExecutor.accessTestCaseMainPhase(TestSuiteExecutor.java:129)
	at com.kms.katalon.core.main.TestSuiteExecutor.accessTestSuiteMainPhase(TestSuiteExecutor.java:112)
	at com.kms.katalon.core.main.TestSuiteExecutor.execute(TestSuiteExecutor.java:81)
	at com.kms.katalon.core.main.TestCaseMain.startTestSuite(TestCaseMain.java:149)
	at com.kms.katalon.core.main.TestCaseMain$startTestSuite$0.call(Unknown Source)
	at TempTestSuite1544824767754.run(TempTestSuite1544824767754.groovy:36)


2018-12-14 14:03:18 - [TEST_STEP][NOT_RUN] - callTestCase(findTestCase("Mobile/Android/Payment/SC99 Regression/TC04 Select payment method"), [:], STOP_ON_FAILURE): NOT_RUN: callTestCase(findTestCase("Mobile/Android/Payment/SC99 Regression/TC04 Select payment method"), [:], STOP_ON_FAILURE)

2018-12-14 14:03:18 - [MESSAGE][NOT_RUN] - NOT_RUN: callTestCase(findTestCase("Mobile/Android/Payment/SC99 Regression/TC04 Select payment method"), [:], STOP_ON_FAILURE)

2018-12-14 14:03:18 - [TEST_STEP][PASSED] - tap(findTestObject("Mobile/OR Payment/android.widget.FrameLayout4"), 0): Tapped on element 'Object Repository/Mobile/OR Payment/android.widget.FrameLayout4'

2018-12-14 14:03:18 - [MESSAGE][WARNING] - Timeout '0' is invalid. Using default page load timeout: '100'

2018-12-14 14:03:20 - [MESSAGE][PASSED] - Tapped on element 'Object Repository/Mobile/OR Payment/android.widget.FrameLayout4'

2018-12-14 14:03:20 - [TEST_STEP][FAILED] - scrollToText("Hubungi kami.", STOP_ON_FAILURE): scrollToText("Hubungi kami.", STOP_ON_FAILURE) FAILED.
Reason:
com.kms.katalon.core.exception.StepFailedException: Unable to scroll to text 'Hubungi kami.' (Root cause: org.openqa.selenium.WebDriverException: Returned value cannot be converted to WebElement: {stacktrace=NoSuchElementError: An element could not be located on the page using the given search parameters.
    at AndroidUiautomator2Driver.callee$0$0$ (C:\Users\WGS-LAP199\AppData\Roaming\npm\node_modules\appium\node_modules\appium-android-driver\lib\commands\find.js:69:13)
    at tryCatch (C:\Users\WGS-LAP199\AppData\Roaming\npm\node_modules\appium\node_modules\babel-runtime\regenerator\runtime.js:67:40)
    at GeneratorFunctionPrototype.invoke [as _invoke] (C:\Users\WGS-LAP199\AppData\Roaming\npm\node_modules\appium\node_modules\babel-runtime\regenerator\runtime.js:315:22)
    at GeneratorFunctionPrototype.prototype.(anonymous function) [as throw] (C:\Users\WGS-LAP199\AppData\Roaming\npm\node_modules\appium\node_modules\babel-runtime\regenerator\runtime.js:100:21)
    at GeneratorFunctionPrototype.invoke (C:\Users\WGS-LAP199\AppData\Roaming\npm\node_modules\appium\node_modules\babel-runtime\regenerator\runtime.js:136:37), error=no such element, message=An element could not be located on the page using the given search parameters.}
Build info: version: '3.7.1', revision: '8a0099a', time: '2017-11-06T21:07:36.161Z'
System info: host: 'DESKTOP-QUMB1S3', ip: '10.10.10.231', os.name: 'Windows 10', os.arch: 'amd64', os.version: '10.0', java.version: '1.8.0_181'
Driver info: driver.version: SwipeableAndroidDriver)
	at com.kms.katalon.core.keyword.internal.KeywordMain.stepFailed(KeywordMain.groovy:36)
	at com.kms.katalon.core.mobile.keyword.internal.MobileKeywordMain.stepFailed(MobileKeywordMain.groovy:40)
	at com.kms.katalon.core.mobile.keyword.internal.MobileKeywordMain.runKeyword(MobileKeywordMain.groovy:23)
	at com.kms.katalon.core.mobile.keyword.internal.MobileKeywordMain$runKeyword.call(Unknown Source)
	at com.kms.katalon.core.mobile.keyword.builtin.ScrollToTextKeyword.scrollToText(ScrollToTextKeyword.groovy:109)
	at com.kms.katalon.core.mobile.keyword.builtin.ScrollToTextKeyword.execute(ScrollToTextKeyword.groovy:69)
	at com.kms.katalon.core.keyword.internal.KeywordExecutor.executeKeywordForPlatform(KeywordExecutor.groovy:53)
	at com.kms.katalon.core.mobile.keyword.MobileBuiltInKeywords.scrollToText(MobileBuiltInKeywords.groovy:853)
	at com.kms.katalon.core.mobile.keyword.MobileBuiltInKeywords$scrollToText$3.call(Unknown Source)
	at TC07 Permata Bank Virtual Account.run(TC07 Permata Bank Virtual Account:23)
	at com.kms.katalon.core.main.ScriptEngine.run(ScriptEngine.java:194)
	at com.kms.katalon.core.main.ScriptEngine.runScriptAsRawText(ScriptEngine.java:119)
	at com.kms.katalon.core.main.TestCaseExecutor.runScript(TestCaseExecutor.java:321)
	at com.kms.katalon.core.main.TestCaseExecutor.doExecute(TestCaseExecutor.java:312)
	at com.kms.katalon.core.main.TestCaseExecutor.processExecutionPhase(TestCaseExecutor.java:291)
	at com.kms.katalon.core.main.TestCaseExecutor.accessMainPhase(TestCaseExecutor.java:283)
	at com.kms.katalon.core.main.TestCaseExecutor.execute(TestCaseExecutor.java:222)
	at com.kms.katalon.core.main.TestSuiteExecutor.accessTestCaseMainPhase(TestSuiteExecutor.java:129)
	at com.kms.katalon.core.main.TestSuiteExecutor.accessTestSuiteMainPhase(TestSuiteExecutor.java:112)
	at com.kms.katalon.core.main.TestSuiteExecutor.execute(TestSuiteExecutor.java:81)
	at com.kms.katalon.core.main.TestCaseMain.startTestSuite(TestCaseMain.java:149)
	at com.kms.katalon.core.main.TestCaseMain$startTestSuite$0.call(Unknown Source)
	at TempTestSuite1544824767754.run(TempTestSuite1544824767754.groovy:36)


2018-12-14 14:03:22 - [MESSAGE][FAILED] - Unable to scroll to text 'Hubungi kami.' (Root cause: org.openqa.selenium.WebDriverException: Returned value cannot be converted to WebElement: {stacktrace=NoSuchElementError: An element could not be located on the page using the given search parameters.
    at AndroidUiautomator2Driver.callee$0$0$ (C:\Users\WGS-LAP199\AppData\Roaming\npm\node_modules\appium\node_modules\appium-android-driver\lib\commands\find.js:69:13)
    at tryCatch (C:\Users\WGS-LAP199\AppData\Roaming\npm\node_modules\appium\node_modules\babel-runtime\regenerator\runtime.js:67:40)
    at GeneratorFunctionPrototype.invoke [as _invoke] (C:\Users\WGS-LAP199\AppData\Roaming\npm\node_modules\appium\node_modules\babel-runtime\regenerator\runtime.js:315:22)
    at GeneratorFunctionPrototype.prototype.(anonymous function) [as throw] (C:\Users\WGS-LAP199\AppData\Roaming\npm\node_modules\appium\node_modules\babel-runtime\regenerator\runtime.js:100:21)
    at GeneratorFunctionPrototype.invoke (C:\Users\WGS-LAP199\AppData\Roaming\npm\node_modules\appium\node_modules\babel-runtime\regenerator\runtime.js:136:37), error=no such element, message=An element could not be located on the page using the given search parameters.}
Build info: version: '3.7.1', revision: '8a0099a', time: '2017-11-06T21:07:36.161Z'
System info: host: 'DESKTOP-QUMB1S3', ip: '10.10.10.231', os.name: 'Windows 10', os.arch: 'amd64', os.version: '10.0', java.version: '1.8.0_181'
Driver info: driver.version: SwipeableAndroidDriver)
[[ATTACHMENT|C:\\Users\\WGS-LAP199\\git\\astra-movic\\Reports\\Mobile\\Reservation Use Permata Bank Virtual Account\\20181214_135927\\1544825001500.png]]

2018-12-14 14:03:22 - [MESSAGE][FAILED] - scrollToText("Hubungi kami.", STOP_ON_FAILURE) FAILED.
Reason:
com.kms.katalon.core.exception.StepFailedException: Unable to scroll to text 'Hubungi kami.' (Root cause: org.openqa.selenium.WebDriverException: Returned value cannot be converted to WebElement: {stacktrace=NoSuchElementError: An element could not be located on the page using the given search parameters.
    at AndroidUiautomator2Driver.callee$0$0$ (C:\Users\WGS-LAP199\AppData\Roaming\npm\node_modules\appium\node_modules\appium-android-driver\lib\commands\find.js:69:13)
    at tryCatch (C:\Users\WGS-LAP199\AppData\Roaming\npm\node_modules\appium\node_modules\babel-runtime\regenerator\runtime.js:67:40)
    at GeneratorFunctionPrototype.invoke [as _invoke] (C:\Users\WGS-LAP199\AppData\Roaming\npm\node_modules\appium\node_modules\babel-runtime\regenerator\runtime.js:315:22)
    at GeneratorFunctionPrototype.prototype.(anonymous function) [as throw] (C:\Users\WGS-LAP199\AppData\Roaming\npm\node_modules\appium\node_modules\babel-runtime\regenerator\runtime.js:100:21)
    at GeneratorFunctionPrototype.invoke (C:\Users\WGS-LAP199\AppData\Roaming\npm\node_modules\appium\node_modules\babel-runtime\regenerator\runtime.js:136:37), error=no such element, message=An element could not be located on the page using the given search parameters.}
Build info: version: '3.7.1', revision: '8a0099a', time: '2017-11-06T21:07:36.161Z'
System info: host: 'DESKTOP-QUMB1S3', ip: '10.10.10.231', os.name: 'Windows 10', os.arch: 'amd64', os.version: '10.0', java.version: '1.8.0_181'
Driver info: driver.version: SwipeableAndroidDriver)
	at com.kms.katalon.core.keyword.internal.KeywordMain.stepFailed(KeywordMain.groovy:36)
	at com.kms.katalon.core.mobile.keyword.internal.MobileKeywordMain.stepFailed(MobileKeywordMain.groovy:40)
	at com.kms.katalon.core.mobile.keyword.internal.MobileKeywordMain.runKeyword(MobileKeywordMain.groovy:23)
	at com.kms.katalon.core.mobile.keyword.internal.MobileKeywordMain$runKeyword.call(Unknown Source)
	at com.kms.katalon.core.mobile.keyword.builtin.ScrollToTextKeyword.scrollToText(ScrollToTextKeyword.groovy:109)
	at com.kms.katalon.core.mobile.keyword.builtin.ScrollToTextKeyword.execute(ScrollToTextKeyword.groovy:69)
	at com.kms.katalon.core.keyword.internal.KeywordExecutor.executeKeywordForPlatform(KeywordExecutor.groovy:53)
	at com.kms.katalon.core.mobile.keyword.MobileBuiltInKeywords.scrollToText(MobileBuiltInKeywords.groovy:853)
	at com.kms.katalon.core.mobile.keyword.MobileBuiltInKeywords$scrollToText$3.call(Unknown Source)
	at TC07 Permata Bank Virtual Account.run(TC07 Permata Bank Virtual Account:23)
	at com.kms.katalon.core.main.ScriptEngine.run(ScriptEngine.java:194)
	at com.kms.katalon.core.main.ScriptEngine.runScriptAsRawText(ScriptEngine.java:119)
	at com.kms.katalon.core.main.TestCaseExecutor.runScript(TestCaseExecutor.java:321)
	at com.kms.katalon.core.main.TestCaseExecutor.doExecute(TestCaseExecutor.java:312)
	at com.kms.katalon.core.main.TestCaseExecutor.processExecutionPhase(TestCaseExecutor.java:291)
	at com.kms.katalon.core.main.TestCaseExecutor.accessMainPhase(TestCaseExecutor.java:283)
	at com.kms.katalon.core.main.TestCaseExecutor.execute(TestCaseExecutor.java:222)
	at com.kms.katalon.core.main.TestSuiteExecutor.accessTestCaseMainPhase(TestSuiteExecutor.java:129)
	at com.kms.katalon.core.main.TestSuiteExecutor.accessTestSuiteMainPhase(TestSuiteExecutor.java:112)
	at com.kms.katalon.core.main.TestSuiteExecutor.execute(TestSuiteExecutor.java:81)
	at com.kms.katalon.core.main.TestCaseMain.startTestSuite(TestCaseMain.java:149)
	at com.kms.katalon.core.main.TestCaseMain$startTestSuite$0.call(Unknown Source)
	at TempTestSuite1544824767754.run(TempTestSuite1544824767754.groovy:36)]]></system-out>
         <system-err><![CDATA[2018-12-14 14:03:17 - [TEST_CASE][FAILED] - Test Cases/Mobile/Android/Payment/SC99 Regression/TC07 Permata Bank Virtual Account: Test Cases/Mobile/Android/Payment/SC99 Regression/TC07 Permata Bank Virtual Account FAILED.
Reason:
com.kms.katalon.core.exception.StepFailedException: Unable to scroll to text 'Hubungi kami.' (Root cause: org.openqa.selenium.WebDriverException: Returned value cannot be converted to WebElement: {stacktrace=NoSuchElementError: An element could not be located on the page using the given search parameters.
    at AndroidUiautomator2Driver.callee$0$0$ (C:\Users\WGS-LAP199\AppData\Roaming\npm\node_modules\appium\node_modules\appium-android-driver\lib\commands\find.js:69:13)
    at tryCatch (C:\Users\WGS-LAP199\AppData\Roaming\npm\node_modules\appium\node_modules\babel-runtime\regenerator\runtime.js:67:40)
    at GeneratorFunctionPrototype.invoke [as _invoke] (C:\Users\WGS-LAP199\AppData\Roaming\npm\node_modules\appium\node_modules\babel-runtime\regenerator\runtime.js:315:22)
    at GeneratorFunctionPrototype.prototype.(anonymous function) [as throw] (C:\Users\WGS-LAP199\AppData\Roaming\npm\node_modules\appium\node_modules\babel-runtime\regenerator\runtime.js:100:21)
    at GeneratorFunctionPrototype.invoke (C:\Users\WGS-LAP199\AppData\Roaming\npm\node_modules\appium\node_modules\babel-runtime\regenerator\runtime.js:136:37), error=no such element, message=An element could not be located on the page using the given search parameters.}
Build info: version: '3.7.1', revision: '8a0099a', time: '2017-11-06T21:07:36.161Z'
System info: host: 'DESKTOP-QUMB1S3', ip: '10.10.10.231', os.name: 'Windows 10', os.arch: 'amd64', os.version: '10.0', java.version: '1.8.0_181'
Driver info: driver.version: SwipeableAndroidDriver)
	at com.kms.katalon.core.keyword.internal.KeywordMain.stepFailed(KeywordMain.groovy:36)
	at com.kms.katalon.core.mobile.keyword.internal.MobileKeywordMain.stepFailed(MobileKeywordMain.groovy:40)
	at com.kms.katalon.core.mobile.keyword.internal.MobileKeywordMain.runKeyword(MobileKeywordMain.groovy:23)
	at com.kms.katalon.core.mobile.keyword.internal.MobileKeywordMain$runKeyword.call(Unknown Source)
	at com.kms.katalon.core.mobile.keyword.builtin.ScrollToTextKeyword.scrollToText(ScrollToTextKeyword.groovy:109)
	at com.kms.katalon.core.mobile.keyword.builtin.ScrollToTextKeyword.execute(ScrollToTextKeyword.groovy:69)
	at com.kms.katalon.core.keyword.internal.KeywordExecutor.executeKeywordForPlatform(KeywordExecutor.groovy:53)
	at com.kms.katalon.core.mobile.keyword.MobileBuiltInKeywords.scrollToText(MobileBuiltInKeywords.groovy:853)
	at com.kms.katalon.core.mobile.keyword.MobileBuiltInKeywords$scrollToText$3.call(Unknown Source)
	at TC07 Permata Bank Virtual Account.run(TC07 Permata Bank Virtual Account:23)
	at com.kms.katalon.core.main.ScriptEngine.run(ScriptEngine.java:194)
	at com.kms.katalon.core.main.ScriptEngine.runScriptAsRawText(ScriptEngine.java:119)
	at com.kms.katalon.core.main.TestCaseExecutor.runScript(TestCaseExecutor.java:321)
	at com.kms.katalon.core.main.TestCaseExecutor.doExecute(TestCaseExecutor.java:312)
	at com.kms.katalon.core.main.TestCaseExecutor.processExecutionPhase(TestCaseExecutor.java:291)
	at com.kms.katalon.core.main.TestCaseExecutor.accessMainPhase(TestCaseExecutor.java:283)
	at com.kms.katalon.core.main.TestCaseExecutor.execute(TestCaseExecutor.java:222)
	at com.kms.katalon.core.main.TestSuiteExecutor.accessTestCaseMainPhase(TestSuiteExecutor.java:129)
	at com.kms.katalon.core.main.TestSuiteExecutor.accessTestSuiteMainPhase(TestSuiteExecutor.java:112)
	at com.kms.katalon.core.main.TestSuiteExecutor.execute(TestSuiteExecutor.java:81)
	at com.kms.katalon.core.main.TestCaseMain.startTestSuite(TestCaseMain.java:149)
	at com.kms.katalon.core.main.TestCaseMain$startTestSuite$0.call(Unknown Source)
	at TempTestSuite1544824767754.run(TempTestSuite1544824767754.groovy:36)]]></system-err>
      </testcase>
      <system-out><![CDATA[2018-12-14 13:59:32 - [TEST_SUITE][FAILED] - Reservation Use Permata Bank Virtual Account: Test Cases/Mobile/Android/Payment/SC99 Regression/TC07 Permata Bank Virtual Account FAILED.
Reason:
com.kms.katalon.core.exception.StepFailedException: Unable to scroll to text 'Hubungi kami.' (Root cause: org.openqa.selenium.WebDriverException: Returned value cannot be converted to WebElement: {stacktrace=NoSuchElementError: An element could not be located on the page using the given search parameters.
    at AndroidUiautomator2Driver.callee$0$0$ (C:\Users\WGS-LAP199\AppData\Roaming\npm\node_modules\appium\node_modules\appium-android-driver\lib\commands\find.js:69:13)
    at tryCatch (C:\Users\WGS-LAP199\AppData\Roaming\npm\node_modules\appium\node_modules\babel-runtime\regenerator\runtime.js:67:40)
    at GeneratorFunctionPrototype.invoke [as _invoke] (C:\Users\WGS-LAP199\AppData\Roaming\npm\node_modules\appium\node_modules\babel-runtime\regenerator\runtime.js:315:22)
    at GeneratorFunctionPrototype.prototype.(anonymous function) [as throw] (C:\Users\WGS-LAP199\AppData\Roaming\npm\node_modules\appium\node_modules\babel-runtime\regenerator\runtime.js:100:21)
    at GeneratorFunctionPrototype.invoke (C:\Users\WGS-LAP199\AppData\Roaming\npm\node_modules\appium\node_modules\babel-runtime\regenerator\runtime.js:136:37), error=no such element, message=An element could not be located on the page using the given search parameters.}
Build info: version: '3.7.1', revision: '8a0099a', time: '2017-11-06T21:07:36.161Z'
System info: host: 'DESKTOP-QUMB1S3', ip: '10.10.10.231', os.name: 'Windows 10', os.arch: 'amd64', os.version: '10.0', java.version: '1.8.0_181'
Driver info: driver.version: SwipeableAndroidDriver)
	at com.kms.katalon.core.keyword.internal.KeywordMain.stepFailed(KeywordMain.groovy:36)
	at com.kms.katalon.core.mobile.keyword.internal.MobileKeywordMain.stepFailed(MobileKeywordMain.groovy:40)
	at com.kms.katalon.core.mobile.keyword.internal.MobileKeywordMain.runKeyword(MobileKeywordMain.groovy:23)
	at com.kms.katalon.core.mobile.keyword.internal.MobileKeywordMain$runKeyword.call(Unknown Source)
	at com.kms.katalon.core.mobile.keyword.builtin.ScrollToTextKeyword.scrollToText(ScrollToTextKeyword.groovy:109)
	at com.kms.katalon.core.mobile.keyword.builtin.ScrollToTextKeyword.execute(ScrollToTextKeyword.groovy:69)
	at com.kms.katalon.core.keyword.internal.KeywordExecutor.executeKeywordForPlatform(KeywordExecutor.groovy:53)
	at com.kms.katalon.core.mobile.keyword.MobileBuiltInKeywords.scrollToText(MobileBuiltInKeywords.groovy:853)
	at com.kms.katalon.core.mobile.keyword.MobileBuiltInKeywords$scrollToText$3.call(Unknown Source)
	at TC07 Permata Bank Virtual Account.run(TC07 Permata Bank Virtual Account:23)
	at com.kms.katalon.core.main.ScriptEngine.run(ScriptEngine.java:194)
	at com.kms.katalon.core.main.ScriptEngine.runScriptAsRawText(ScriptEngine.java:119)
	at com.kms.katalon.core.main.TestCaseExecutor.runScript(TestCaseExecutor.java:321)
	at com.kms.katalon.core.main.TestCaseExecutor.doExecute(TestCaseExecutor.java:312)
	at com.kms.katalon.core.main.TestCaseExecutor.processExecutionPhase(TestCaseExecutor.java:291)
	at com.kms.katalon.core.main.TestCaseExecutor.accessMainPhase(TestCaseExecutor.java:283)
	at com.kms.katalon.core.main.TestCaseExecutor.execute(TestCaseExecutor.java:222)
	at com.kms.katalon.core.main.TestSuiteExecutor.accessTestCaseMainPhase(TestSuiteExecutor.java:129)
	at com.kms.katalon.core.main.TestSuiteExecutor.accessTestSuiteMainPhase(TestSuiteExecutor.java:112)
	at com.kms.katalon.core.main.TestSuiteExecutor.execute(TestSuiteExecutor.java:81)
	at com.kms.katalon.core.main.TestCaseMain.startTestSuite(TestCaseMain.java:149)
	at com.kms.katalon.core.main.TestCaseMain$startTestSuite$0.call(Unknown Source)
	at TempTestSuite1544824767754.run(TempTestSuite1544824767754.groovy:36)]]></system-out>
      <system-err><![CDATA[2018-12-14 13:59:32 - [TEST_SUITE][FAILED] - Reservation Use Permata Bank Virtual Account: Test Cases/Mobile/Android/Payment/SC99 Regression/TC07 Permata Bank Virtual Account FAILED.
Reason:
com.kms.katalon.core.exception.StepFailedException: Unable to scroll to text 'Hubungi kami.' (Root cause: org.openqa.selenium.WebDriverException: Returned value cannot be converted to WebElement: {stacktrace=NoSuchElementError: An element could not be located on the page using the given search parameters.
    at AndroidUiautomator2Driver.callee$0$0$ (C:\Users\WGS-LAP199\AppData\Roaming\npm\node_modules\appium\node_modules\appium-android-driver\lib\commands\find.js:69:13)
    at tryCatch (C:\Users\WGS-LAP199\AppData\Roaming\npm\node_modules\appium\node_modules\babel-runtime\regenerator\runtime.js:67:40)
    at GeneratorFunctionPrototype.invoke [as _invoke] (C:\Users\WGS-LAP199\AppData\Roaming\npm\node_modules\appium\node_modules\babel-runtime\regenerator\runtime.js:315:22)
    at GeneratorFunctionPrototype.prototype.(anonymous function) [as throw] (C:\Users\WGS-LAP199\AppData\Roaming\npm\node_modules\appium\node_modules\babel-runtime\regenerator\runtime.js:100:21)
    at GeneratorFunctionPrototype.invoke (C:\Users\WGS-LAP199\AppData\Roaming\npm\node_modules\appium\node_modules\babel-runtime\regenerator\runtime.js:136:37), error=no such element, message=An element could not be located on the page using the given search parameters.}
Build info: version: '3.7.1', revision: '8a0099a', time: '2017-11-06T21:07:36.161Z'
System info: host: 'DESKTOP-QUMB1S3', ip: '10.10.10.231', os.name: 'Windows 10', os.arch: 'amd64', os.version: '10.0', java.version: '1.8.0_181'
Driver info: driver.version: SwipeableAndroidDriver)
	at com.kms.katalon.core.keyword.internal.KeywordMain.stepFailed(KeywordMain.groovy:36)
	at com.kms.katalon.core.mobile.keyword.internal.MobileKeywordMain.stepFailed(MobileKeywordMain.groovy:40)
	at com.kms.katalon.core.mobile.keyword.internal.MobileKeywordMain.runKeyword(MobileKeywordMain.groovy:23)
	at com.kms.katalon.core.mobile.keyword.internal.MobileKeywordMain$runKeyword.call(Unknown Source)
	at com.kms.katalon.core.mobile.keyword.builtin.ScrollToTextKeyword.scrollToText(ScrollToTextKeyword.groovy:109)
	at com.kms.katalon.core.mobile.keyword.builtin.ScrollToTextKeyword.execute(ScrollToTextKeyword.groovy:69)
	at com.kms.katalon.core.keyword.internal.KeywordExecutor.executeKeywordForPlatform(KeywordExecutor.groovy:53)
	at com.kms.katalon.core.mobile.keyword.MobileBuiltInKeywords.scrollToText(MobileBuiltInKeywords.groovy:853)
	at com.kms.katalon.core.mobile.keyword.MobileBuiltInKeywords$scrollToText$3.call(Unknown Source)
	at TC07 Permata Bank Virtual Account.run(TC07 Permata Bank Virtual Account:23)
	at com.kms.katalon.core.main.ScriptEngine.run(ScriptEngine.java:194)
	at com.kms.katalon.core.main.ScriptEngine.runScriptAsRawText(ScriptEngine.java:119)
	at com.kms.katalon.core.main.TestCaseExecutor.runScript(TestCaseExecutor.java:321)
	at com.kms.katalon.core.main.TestCaseExecutor.doExecute(TestCaseExecutor.java:312)
	at com.kms.katalon.core.main.TestCaseExecutor.processExecutionPhase(TestCaseExecutor.java:291)
	at com.kms.katalon.core.main.TestCaseExecutor.accessMainPhase(TestCaseExecutor.java:283)
	at com.kms.katalon.core.main.TestCaseExecutor.execute(TestCaseExecutor.java:222)
	at com.kms.katalon.core.main.TestSuiteExecutor.accessTestCaseMainPhase(TestSuiteExecutor.java:129)
	at com.kms.katalon.core.main.TestSuiteExecutor.accessTestSuiteMainPhase(TestSuiteExecutor.java:112)
	at com.kms.katalon.core.main.TestSuiteExecutor.execute(TestSuiteExecutor.java:81)
	at com.kms.katalon.core.main.TestCaseMain.startTestSuite(TestCaseMain.java:149)
	at com.kms.katalon.core.main.TestCaseMain$startTestSuite$0.call(Unknown Source)
	at TempTestSuite1544824767754.run(TempTestSuite1544824767754.groovy:36)]]></system-err>
   </testsuite>
</testsuites>
