<?xml version="1.0" encoding="UTF-8"?>
<testsuites name="Reservasi mobil dengan tambahan asuransi melalui data yang tersedia di lokasi terdekat" time="237" tests="5" failures="1" errors="0">
   <testsuite name="Reservasi mobil dengan tambahan asuransi melalui data yang tersedia di lokasi terdekat" tests="5" failures="1" errors="0" time="237" timestamp="2018-11-14 13:26:50" hostname="Belinnd - Belinda-PC" id="Test Suites/Front-End/Reservasi mobil dengan tambahan asuransi melalui data yang tersedia di lokasi terdekat">
      <properties>
         <property name="deviceName" value=""/>
         <property name="devicePlatform" value=""/>
         <property name="logFolder" value="D:\\QA\\Katalon\\astra-movic\\Reports\\Front-End\\Reservasi mobil dengan tambahan asuransi melalui data yang tersedia di lokasi terdekat\\20181114_132646"/>
         <property name="logFiles" value="D:\\QA\\Katalon\\astra-movic\\Reports\\Front-End\\Reservasi mobil dengan tambahan asuransi melalui data yang tersedia di lokasi terdekat\\20181114_132646\\execution0.log"/>
         <property name="attachments" value="D:\\QA\\Katalon\\astra-movic\\Reports\\Front-End\\Reservasi mobil dengan tambahan asuransi melalui data yang tersedia di lokasi terdekat\\20181114_132646\\1542177029492.png"/>
         <property name="hostName" value="Belinnd - Belinda-PC"/>
         <property name="os" value="Windows 10 64bit"/>
         <property name="katalonVersion" value="5.7.1.1"/>
         <property name="browser" value="Chrome 70.0.3538.102"/>
         <property name="hostAddress" value="10.10.11.198"/>
         <property name="sessionId" value="3565cfcf6c562bbf14e9bb88fa9df71d"/>
         <property name="seleniumVersion" value="3.7.1"/>
         <property name="proxyInformation" value="ProxyInformation{proxyOption=NO_PROXY, proxyServerType=HTTP, password=, proxyServerAddress=, proxyServerPort=0}"/>
         <property name="platform" value="Windows 10"/>
      </properties>
      <testcase name="Test Cases/Front-End/User/SC99 Regression/TC04 Login Biasa with email" classname="Test Cases/Front-End/User/SC99 Regression/TC04 Login Biasa with email" status="PASSED">
         <system-out><![CDATA[2018-11-14 13:26:51 - [TEST_CASE][PASSED] - Test Cases/Front-End/User/SC99 Regression/TC04 Login Biasa with email: Test Cases/Front-End/User/SC99 Regression/TC04 Login Biasa with email

2018-11-14 13:26:52 - [TEST_STEP][PASSED] - openBrowser: Browser is opened with url: ''

2018-11-14 13:26:59 - [MESSAGE][PASSED] - Browser is opened with url: ''

2018-11-14 13:26:59 - [TEST_STEP][PASSED] - maximizeWindow: Current window maximized

2018-11-14 13:27:00 - [MESSAGE][PASSED] - Current window maximized

2018-11-14 13:27:00 - [TEST_STEP][PASSED] - navigateToUrl: Navigate to 'https://stg.movic.id/home' successfully

2018-11-14 13:27:39 - [MESSAGE][PASSED] - Navigate to 'https://stg.movic.id/home' successfully

2018-11-14 13:27:39 - [TEST_STEP][PASSED] - waitForPageLoad: Wait for page load successfully

2018-11-14 13:27:39 - [MESSAGE][PASSED] - Wait for page load successfully

2018-11-14 13:27:39 - [TEST_STEP][PASSED] - click: Object: 'Object Repository/Front-End/OR User/OR Login Biasa with email/a_Masuk (1)' is clicked on

2018-11-14 13:27:40 - [MESSAGE][PASSED] - Object: 'Object Repository/Front-End/OR User/OR Login Biasa with email/a_Masuk (1)' is clicked on

2018-11-14 13:27:40 - [TEST_STEP][PASSED] - delay: Delayed 3 second(s)

2018-11-14 13:27:43 - [MESSAGE][PASSED] - Delayed 3 second(s)

2018-11-14 13:27:43 - [TEST_STEP][NOT_RUN] - setText: NOT_RUN: setText

2018-11-14 13:27:43 - [MESSAGE][NOT_RUN] - NOT_RUN: setText

2018-11-14 13:27:43 - [TEST_STEP][NOT_RUN] - delay: NOT_RUN: delay

2018-11-14 13:27:43 - [MESSAGE][NOT_RUN] - NOT_RUN: delay

2018-11-14 13:27:43 - [TEST_STEP][PASSED] - setText: Text '081904561970' is set on object 'Object Repository/Front-End/OR User/OR Login Biasa with email/input_EmailNomor Handphone_for'

2018-11-14 13:27:44 - [MESSAGE][PASSED] - Text '081904561970' is set on object 'Object Repository/Front-End/OR User/OR Login Biasa with email/input_EmailNomor Handphone_for'

2018-11-14 13:27:44 - [TEST_STEP][PASSED] - delay: Delayed 3 second(s)

2018-11-14 13:27:47 - [MESSAGE][PASSED] - Delayed 3 second(s)

2018-11-14 13:27:47 - [TEST_STEP][PASSED] - setText: Text 'P@ssw0rd' is set on object 'Object Repository/Front-End/OR User/OR Login Biasa with email/input_Password_form-control ng'

2018-11-14 13:27:47 - [MESSAGE][PASSED] - Text 'P@ssw0rd' is set on object 'Object Repository/Front-End/OR User/OR Login Biasa with email/input_Password_form-control ng'

2018-11-14 13:27:47 - [TEST_STEP][PASSED] - delay: Delayed 3 second(s)

2018-11-14 13:27:50 - [MESSAGE][PASSED] - Delayed 3 second(s)

2018-11-14 13:27:50 - [TEST_STEP][PASSED] - click: Object: 'Object Repository/Front-End/OR User/OR Login Biasa with email/button_MASUK' is clicked on

2018-11-14 13:27:50 - [MESSAGE][PASSED] - Object: 'Object Repository/Front-End/OR User/OR Login Biasa with email/button_MASUK' is clicked on

2018-11-14 13:27:50 - [TEST_STEP][PASSED] - verifyElementVisible: Object 'Object Repository/Front-End/OR User/OR Login Biasa with email/div_i  SuccessTerimakasih Anda' is visible

2018-11-14 13:27:51 - [MESSAGE][PASSED] - Object 'Object Repository/Front-End/OR User/OR Login Biasa with email/div_i  SuccessTerimakasih Anda' is visible

2018-11-14 13:27:51 - [TEST_STEP][PASSED] - delay: Delayed 2 second(s)

2018-11-14 13:27:54 - [MESSAGE][PASSED] - Delayed 2 second(s)]]></system-out>
         <system-err><![CDATA[]]></system-err>
      </testcase>
      <testcase name="Test Cases/Front-End/Homepage/SC99 Regression/TC03 Cari mobil berdasarkan lokasi terdekat (Car available near me)" classname="Test Cases/Front-End/Homepage/SC99 Regression/TC03 Cari mobil berdasarkan lokasi terdekat (Car available near me)" status="PASSED">
         <system-out><![CDATA[2018-11-14 13:27:54 - [TEST_CASE][PASSED] - Test Cases/Front-End/Homepage/SC99 Regression/TC03 Cari mobil berdasarkan lokasi terdekat (Car available near me): Test Cases/Front-End/Homepage/SC99 Regression/TC03 Cari mobil berdasarkan lokasi terdekat (Car available near me)

2018-11-14 13:27:54 - [TEST_STEP][PASSED] - delay: Delayed 1 second(s)

2018-11-14 13:27:55 - [MESSAGE][PASSED] - Delayed 1 second(s)

2018-11-14 13:27:55 - [TEST_STEP][PASSED] - scrollToPosition: Browser is scrolled to position x = 660, y = 680

2018-11-14 13:27:58 - [MESSAGE][PASSED] - Browser is scrolled to position x = 660, y = 680

2018-11-14 13:27:58 - [TEST_STEP][PASSED] - delay: Delayed 1 second(s)

2018-11-14 13:27:59 - [MESSAGE][PASSED] - Delayed 1 second(s)

2018-11-14 13:27:59 - [TEST_STEP][PASSED] - Statement - For (def index : 2): Object: 'Object Repository/Front-End/OR Homepage/OR Cari mobil berdasarkan lokasi terdekat (Car available near me)/button_next' is clicked on

2018-11-14 13:27:59 - [TEST_STEP][PASSED] - click: Object: 'Object Repository/Front-End/OR Homepage/OR Cari mobil berdasarkan lokasi terdekat (Car available near me)/button_next' is clicked on

2018-11-14 13:27:59 - [MESSAGE][PASSED] - Object: 'Object Repository/Front-End/OR Homepage/OR Cari mobil berdasarkan lokasi terdekat (Car available near me)/button_next' is clicked on

2018-11-14 13:27:59 - [TEST_STEP][PASSED] - delay: Delayed 2 second(s)

2018-11-14 13:28:01 - [MESSAGE][PASSED] - Delayed 2 second(s)

2018-11-14 13:28:01 - [TEST_STEP][PASSED] - click: Object: 'Object Repository/Front-End/OR Homepage/OR Cari mobil berdasarkan lokasi terdekat (Car available near me)/h5_Sirion' is clicked on

2018-11-14 13:28:05 - [MESSAGE][PASSED] - Object: 'Object Repository/Front-End/OR Homepage/OR Cari mobil berdasarkan lokasi terdekat (Car available near me)/h5_Sirion' is clicked on

2018-11-14 13:28:05 - [TEST_STEP][PASSED] - delay: Delayed 5 second(s)

2018-11-14 13:28:10 - [MESSAGE][PASSED] - Delayed 5 second(s)]]></system-out>
         <system-err><![CDATA[]]></system-err>
      </testcase>
      <testcase name="Test Cases/Front-End/Booking/SC99 Regression/TC01 Reservasi mobil" classname="Test Cases/Front-End/Booking/SC99 Regression/TC01 Reservasi mobil" status="PASSED">
         <system-out><![CDATA[2018-11-14 13:28:10 - [TEST_CASE][PASSED] - Test Cases/Front-End/Booking/SC99 Regression/TC01 Reservasi mobil: Test Cases/Front-End/Booking/SC99 Regression/TC01 Reservasi mobil

2018-11-14 13:28:11 - [TEST_STEP][PASSED] - delay: Delayed 2 second(s)

2018-11-14 13:28:13 - [MESSAGE][PASSED] - Delayed 2 second(s)

2018-11-14 13:28:13 - [TEST_STEP][PASSED] - scrollToPosition: Browser is scrolled to position x = 530, y = 1240

2018-11-14 13:28:15 - [MESSAGE][PASSED] - Browser is scrolled to position x = 530, y = 1240

2018-11-14 13:28:15 - [TEST_STEP][PASSED] - delay: Delayed 2 second(s)

2018-11-14 13:28:17 - [MESSAGE][PASSED] - Delayed 2 second(s)

2018-11-14 13:28:17 - [TEST_STEP][PASSED] - click: Object: 'Object Repository/Front-End/OR Booking/OR Reservasi Mobil/button_PILIH PAKET' is clicked on

2018-11-14 13:28:17 - [MESSAGE][PASSED] - Object: 'Object Repository/Front-End/OR Booking/OR Reservasi Mobil/button_PILIH PAKET' is clicked on

2018-11-14 13:28:17 - [TEST_STEP][PASSED] - delay: Delayed 2 second(s)

2018-11-14 13:28:19 - [MESSAGE][PASSED] - Delayed 2 second(s)

2018-11-14 13:28:19 - [TEST_STEP][PASSED] - click: Object: 'Object Repository/Front-End/OR Booking/OR Reservasi Mobil/a_Pesan Sekarang' is clicked on

2018-11-14 13:28:21 - [MESSAGE][PASSED] - Object: 'Object Repository/Front-End/OR Booking/OR Reservasi Mobil/a_Pesan Sekarang' is clicked on

2018-11-14 13:28:21 - [TEST_STEP][PASSED] - delay: Delayed 2 second(s)

2018-11-14 13:28:23 - [MESSAGE][PASSED] - Delayed 2 second(s)

2018-11-14 13:28:23 - [TEST_STEP][PASSED] - scrollToPosition: Browser is scrolled to position x = 610, y = 970

2018-11-14 13:28:23 - [MESSAGE][PASSED] - Browser is scrolled to position x = 610, y = 970

2018-11-14 13:28:23 - [TEST_STEP][PASSED] - delay: Delayed 5 second(s)

2018-11-14 13:28:28 - [MESSAGE][PASSED] - Delayed 5 second(s)

2018-11-14 13:28:28 - [TEST_STEP][PASSED] - click: Object: 'Object Repository/Front-End/OR Booking/OR Reservasi Mobil/a_LANJUTKAN PESANAN' is clicked on

2018-11-14 13:28:28 - [MESSAGE][PASSED] - Object: 'Object Repository/Front-End/OR Booking/OR Reservasi Mobil/a_LANJUTKAN PESANAN' is clicked on

2018-11-14 13:28:28 - [TEST_STEP][PASSED] - delay: Delayed 2 second(s)

2018-11-14 13:28:30 - [MESSAGE][PASSED] - Delayed 2 second(s)

2018-11-14 13:28:30 - [TEST_STEP][PASSED] - click: Object: 'Object Repository/Front-End/OR Booking/OR Reservasi Mobil/button_Setuju' is clicked on

2018-11-14 13:28:31 - [MESSAGE][PASSED] - Object: 'Object Repository/Front-End/OR Booking/OR Reservasi Mobil/button_Setuju' is clicked on

2018-11-14 13:28:31 - [TEST_STEP][PASSED] - delay: Delayed 2 second(s)

2018-11-14 13:28:33 - [MESSAGE][PASSED] - Delayed 2 second(s)

2018-11-14 13:28:33 - [TEST_STEP][PASSED] - click: Object: 'Object Repository/Front-End/OR Booking/OR Reservasi Mobil/button_Yes' is clicked on

2018-11-14 13:28:33 - [MESSAGE][PASSED] - Object: 'Object Repository/Front-End/OR Booking/OR Reservasi Mobil/button_Yes' is clicked on

2018-11-14 13:28:33 - [TEST_STEP][PASSED] - verifyElementVisible: Object 'Object Repository/Front-End/OR Booking/OR Reservasi Mobil/h2_Sukses' is visible

2018-11-14 13:28:34 - [MESSAGE][PASSED] - Object 'Object Repository/Front-End/OR Booking/OR Reservasi Mobil/h2_Sukses' is visible

2018-11-14 13:28:34 - [TEST_STEP][PASSED] - verifyElementVisible: Object 'Object Repository/Front-End/OR Booking/OR Reservasi Mobil/div_Mobil berhasil dimasukan k' is visible

2018-11-14 13:28:34 - [MESSAGE][PASSED] - Object 'Object Repository/Front-End/OR Booking/OR Reservasi Mobil/div_Mobil berhasil dimasukan k' is visible

2018-11-14 13:28:34 - [TEST_STEP][PASSED] - delay: Delayed 2 second(s)

2018-11-14 13:28:36 - [MESSAGE][PASSED] - Delayed 2 second(s)]]></system-out>
         <system-err><![CDATA[]]></system-err>
      </testcase>
      <testcase name="Test Cases/Front-End/Payment/SC99 Regression/TC01 Review pesanan tanpa input voucher" classname="Test Cases/Front-End/Payment/SC99 Regression/TC01 Review pesanan tanpa input voucher" status="PASSED">
         <system-out><![CDATA[2018-11-14 13:28:36 - [TEST_CASE][PASSED] - Test Cases/Front-End/Payment/SC99 Regression/TC01 Review pesanan tanpa input voucher: Test Cases/Front-End/Payment/SC99 Regression/TC01 Review pesanan tanpa input voucher

2018-11-14 13:28:36 - [TEST_STEP][PASSED] - click: Object: 'Object Repository/Front-End/OR Payment/OR Review pesanan tanpa input voucher/a_Lanjutkan ke metode Pembayar' is clicked on

2018-11-14 13:28:37 - [MESSAGE][PASSED] - Object: 'Object Repository/Front-End/OR Payment/OR Review pesanan tanpa input voucher/a_Lanjutkan ke metode Pembayar' is clicked on

2018-11-14 13:28:37 - [TEST_STEP][PASSED] - delay: Delayed 2 second(s)

2018-11-14 13:28:39 - [MESSAGE][PASSED] - Delayed 2 second(s)]]></system-out>
         <system-err><![CDATA[]]></system-err>
      </testcase>
      <testcase name="Test Cases/Front-End/Payment/SC99 Regression/TC03 Payment via credit card visa atau master" classname="Test Cases/Front-End/Payment/SC99 Regression/TC03 Payment via credit card visa atau master" status="FAILED">
         <failure type="FAILED" message="(Stack trace: com.kms.katalon.core.exception.StepFailedException: Unable to click on object 'Object Repository/Front-End/OR Payment/OR Payment via credit card visa atau master/a_Lihat Pesanan' (Root cause: com.kms.katalon.core.webui.exception.WebElementNotFoundException: Web element with id: 'Object Repository/Front-End/OR Payment/OR Payment via credit card visa atau master/a_Lihat Pesanan' located by 'By.xpath: //a[contains(text(),'Lihat Pesanan')]' not found)
	at com.kms.katalon.core.keyword.internal.KeywordMain.stepFailed(KeywordMain.groovy:36)
	at com.kms.katalon.core.webui.keyword.internal.WebUIKeywordMain.stepFailed(WebUIKeywordMain.groovy:65)
	at com.kms.katalon.core.webui.keyword.internal.WebUIKeywordMain.runKeyword(WebUIKeywordMain.groovy:27)
	at com.kms.katalon.core.webui.keyword.builtin.ClickKeyword.click(ClickKeyword.groovy:86)
	at com.kms.katalon.core.webui.keyword.builtin.ClickKeyword.execute(ClickKeyword.groovy:67)
	at com.kms.katalon.core.keyword.internal.KeywordExecutor.executeKeywordForPlatform(KeywordExecutor.groovy:53)
	at com.kms.katalon.core.webui.keyword.WebUiBuiltInKeywords.click(WebUiBuiltInKeywords.groovy:616)
	at com.kms.katalon.core.webui.keyword.WebUiBuiltInKeywords$click$3.call(Unknown Source)
	at org.codehaus.groovy.runtime.callsite.CallSiteArray.defaultCall(CallSiteArray.java:48)
	at org.codehaus.groovy.runtime.callsite.AbstractCallSite.call(AbstractCallSite.java:113)
	at org.codehaus.groovy.runtime.callsite.AbstractCallSite.call(AbstractCallSite.java:125)
	at Script1542081153110.run(Script1542081153110.groovy:75)
	at com.kms.katalon.core.main.ScriptEngine.run(ScriptEngine.java:183)
	at com.kms.katalon.core.main.ScriptEngine.runScriptAsRawText(ScriptEngine.java:108)
	at com.kms.katalon.core.main.TestCaseExecutor.runScript(TestCaseExecutor.java:294)
	at com.kms.katalon.core.main.TestCaseExecutor.doExecute(TestCaseExecutor.java:285)
	at com.kms.katalon.core.main.TestCaseExecutor.processExecutionPhase(TestCaseExecutor.java:264)
	at com.kms.katalon.core.main.TestCaseExecutor.accessMainPhase(TestCaseExecutor.java:256)
	at com.kms.katalon.core.main.TestCaseExecutor.execute(TestCaseExecutor.java:200)
	at com.kms.katalon.core.main.TestSuiteExecutor.accessTestCaseMainPhase(TestSuiteExecutor.java:129)
	at com.kms.katalon.core.main.TestSuiteExecutor.accessTestSuiteMainPhase(TestSuiteExecutor.java:112)
	at com.kms.katalon.core.main.TestSuiteExecutor.execute(TestSuiteExecutor.java:81)
	at com.kms.katalon.core.main.TestCaseMain.startTestSuite(TestCaseMain.java:142)
	at com.kms.katalon.core.main.TestCaseMain$startTestSuite$0.call(Unknown Source)
	at org.codehaus.groovy.runtime.callsite.CallSiteArray.defaultCall(CallSiteArray.java:48)
	at org.codehaus.groovy.runtime.callsite.AbstractCallSite.call(AbstractCallSite.java:113)
	at org.codehaus.groovy.runtime.callsite.AbstractCallSite.call(AbstractCallSite.java:141)
	at TempTestSuite1542176806105.run(TempTestSuite1542176806105.groovy:36)
	at groovy.lang.GroovyShell.runScriptOrMainOrTestOrRunnable(GroovyShell.java:263)
	at groovy.lang.GroovyShell.run(GroovyShell.java:518)
	at groovy.lang.GroovyShell.run(GroovyShell.java:507)
	at groovy.ui.GroovyMain.processOnce(GroovyMain.java:653)
	at groovy.ui.GroovyMain.run(GroovyMain.java:384)
	at groovy.ui.GroovyMain.process(GroovyMain.java:370)
	at groovy.ui.GroovyMain.processArgs(GroovyMain.java:129)
	at groovy.ui.GroovyMain.main(GroovyMain.java:109)
	at sun.reflect.NativeMethodAccessorImpl.invoke0(Native Method)
	at sun.reflect.NativeMethodAccessorImpl.invoke(NativeMethodAccessorImpl.java:62)
	at sun.reflect.DelegatingMethodAccessorImpl.invoke(DelegatingMethodAccessorImpl.java:43)
	at java.lang.reflect.Method.invoke(Method.java:498)
	at org.codehaus.groovy.tools.GroovyStarter.rootLoader(GroovyStarter.java:109)
	at org.codehaus.groovy.tools.GroovyStarter.main(GroovyStarter.java:131)
)"/>
         <system-out><![CDATA[2018-11-14 13:28:39 - [TEST_CASE][FAILED] - Test Cases/Front-End/Payment/SC99 Regression/TC03 Payment via credit card visa atau master: Test Cases/Front-End/Payment/SC99 Regression/TC03 Payment via credit card visa atau master FAILED because (of) (Stack trace: com.kms.katalon.core.exception.StepFailedException: Unable to click on object 'Object Repository/Front-End/OR Payment/OR Payment via credit card visa atau master/a_Lihat Pesanan' (Root cause: com.kms.katalon.core.webui.exception.WebElementNotFoundException: Web element with id: 'Object Repository/Front-End/OR Payment/OR Payment via credit card visa atau master/a_Lihat Pesanan' located by 'By.xpath: //a[contains(text(),'Lihat Pesanan')]' not found)
	at com.kms.katalon.core.keyword.internal.KeywordMain.stepFailed(KeywordMain.groovy:36)
	at com.kms.katalon.core.webui.keyword.internal.WebUIKeywordMain.stepFailed(WebUIKeywordMain.groovy:65)
	at com.kms.katalon.core.webui.keyword.internal.WebUIKeywordMain.runKeyword(WebUIKeywordMain.groovy:27)
	at com.kms.katalon.core.webui.keyword.builtin.ClickKeyword.click(ClickKeyword.groovy:86)
	at com.kms.katalon.core.webui.keyword.builtin.ClickKeyword.execute(ClickKeyword.groovy:67)
	at com.kms.katalon.core.keyword.internal.KeywordExecutor.executeKeywordForPlatform(KeywordExecutor.groovy:53)
	at com.kms.katalon.core.webui.keyword.WebUiBuiltInKeywords.click(WebUiBuiltInKeywords.groovy:616)
	at com.kms.katalon.core.webui.keyword.WebUiBuiltInKeywords$click$3.call(Unknown Source)
	at org.codehaus.groovy.runtime.callsite.CallSiteArray.defaultCall(CallSiteArray.java:48)
	at org.codehaus.groovy.runtime.callsite.AbstractCallSite.call(AbstractCallSite.java:113)
	at org.codehaus.groovy.runtime.callsite.AbstractCallSite.call(AbstractCallSite.java:125)
	at Script1542081153110.run(Script1542081153110.groovy:75)
	at com.kms.katalon.core.main.ScriptEngine.run(ScriptEngine.java:183)
	at com.kms.katalon.core.main.ScriptEngine.runScriptAsRawText(ScriptEngine.java:108)
	at com.kms.katalon.core.main.TestCaseExecutor.runScript(TestCaseExecutor.java:294)
	at com.kms.katalon.core.main.TestCaseExecutor.doExecute(TestCaseExecutor.java:285)
	at com.kms.katalon.core.main.TestCaseExecutor.processExecutionPhase(TestCaseExecutor.java:264)
	at com.kms.katalon.core.main.TestCaseExecutor.accessMainPhase(TestCaseExecutor.java:256)
	at com.kms.katalon.core.main.TestCaseExecutor.execute(TestCaseExecutor.java:200)
	at com.kms.katalon.core.main.TestSuiteExecutor.accessTestCaseMainPhase(TestSuiteExecutor.java:129)
	at com.kms.katalon.core.main.TestSuiteExecutor.accessTestSuiteMainPhase(TestSuiteExecutor.java:112)
	at com.kms.katalon.core.main.TestSuiteExecutor.execute(TestSuiteExecutor.java:81)
	at com.kms.katalon.core.main.TestCaseMain.startTestSuite(TestCaseMain.java:142)
	at com.kms.katalon.core.main.TestCaseMain$startTestSuite$0.call(Unknown Source)
	at org.codehaus.groovy.runtime.callsite.CallSiteArray.defaultCall(CallSiteArray.java:48)
	at org.codehaus.groovy.runtime.callsite.AbstractCallSite.call(AbstractCallSite.java:113)
	at org.codehaus.groovy.runtime.callsite.AbstractCallSite.call(AbstractCallSite.java:141)
	at TempTestSuite1542176806105.run(TempTestSuite1542176806105.groovy:36)
	at groovy.lang.GroovyShell.runScriptOrMainOrTestOrRunnable(GroovyShell.java:263)
	at groovy.lang.GroovyShell.run(GroovyShell.java:518)
	at groovy.lang.GroovyShell.run(GroovyShell.java:507)
	at groovy.ui.GroovyMain.processOnce(GroovyMain.java:653)
	at groovy.ui.GroovyMain.run(GroovyMain.java:384)
	at groovy.ui.GroovyMain.process(GroovyMain.java:370)
	at groovy.ui.GroovyMain.processArgs(GroovyMain.java:129)
	at groovy.ui.GroovyMain.main(GroovyMain.java:109)
	at sun.reflect.NativeMethodAccessorImpl.invoke0(Native Method)
	at sun.reflect.NativeMethodAccessorImpl.invoke(NativeMethodAccessorImpl.java:62)
	at sun.reflect.DelegatingMethodAccessorImpl.invoke(DelegatingMethodAccessorImpl.java:43)
	at java.lang.reflect.Method.invoke(Method.java:498)
	at org.codehaus.groovy.tools.GroovyStarter.rootLoader(GroovyStarter.java:109)
	at org.codehaus.groovy.tools.GroovyStarter.main(GroovyStarter.java:131)
)

2018-11-14 13:28:39 - [TEST_STEP][PASSED] - delay: Delayed 2 second(s)

2018-11-14 13:28:41 - [MESSAGE][PASSED] - Delayed 2 second(s)

2018-11-14 13:28:41 - [TEST_STEP][PASSED] - click: Object: 'Object Repository/Front-End/OR Payment/OR Payment via credit card visa atau master/label_Credit Card Visa  Master' is clicked on

2018-11-14 13:28:41 - [MESSAGE][PASSED] - Object: 'Object Repository/Front-End/OR Payment/OR Payment via credit card visa atau master/label_Credit Card Visa  Master' is clicked on

2018-11-14 13:28:41 - [TEST_STEP][PASSED] - delay: Delayed 2 second(s)

2018-11-14 13:28:43 - [MESSAGE][PASSED] - Delayed 2 second(s)

2018-11-14 13:28:43 - [TEST_STEP][PASSED] - click: Object: 'Object Repository/Front-End/OR Payment/OR Payment via credit card visa atau master/a_Lihat rincian' is clicked on

2018-11-14 13:28:43 - [MESSAGE][PASSED] - Object: 'Object Repository/Front-End/OR Payment/OR Payment via credit card visa atau master/a_Lihat rincian' is clicked on

2018-11-14 13:28:43 - [TEST_STEP][PASSED] - delay: Delayed 2 second(s)

2018-11-14 13:28:45 - [MESSAGE][PASSED] - Delayed 2 second(s)

2018-11-14 13:28:45 - [TEST_STEP][PASSED] - click: Object: 'Object Repository/Front-End/OR Payment/OR Payment via credit card visa atau master/span_' is clicked on

2018-11-14 13:28:46 - [MESSAGE][PASSED] - Object: 'Object Repository/Front-End/OR Payment/OR Payment via credit card visa atau master/span_' is clicked on

2018-11-14 13:28:46 - [TEST_STEP][PASSED] - delay: Delayed 2 second(s)

2018-11-14 13:28:48 - [MESSAGE][PASSED] - Delayed 2 second(s)

2018-11-14 13:28:48 - [TEST_STEP][PASSED] - click: Object: 'Object Repository/Front-End/OR Payment/OR Payment via credit card visa atau master/a_Bayar' is clicked on

2018-11-14 13:28:48 - [MESSAGE][PASSED] - Object: 'Object Repository/Front-End/OR Payment/OR Payment via credit card visa atau master/a_Bayar' is clicked on

2018-11-14 13:28:48 - [TEST_STEP][PASSED] - delay: Delayed 2 second(s)

2018-11-14 13:28:50 - [MESSAGE][PASSED] - Delayed 2 second(s)

2018-11-14 13:28:50 - [TEST_STEP][PASSED] - setText: Text '4137 1803 0002 3783' is set on object 'Object Repository/Front-End/OR Payment/OR Payment via credit card visa atau master/input_Credit Card Information_'

2018-11-14 13:28:59 - [MESSAGE][PASSED] - Text '4137 1803 0002 3783' is set on object 'Object Repository/Front-End/OR Payment/OR Payment via credit card visa atau master/input_Credit Card Information_'

2018-11-14 13:28:59 - [TEST_STEP][PASSED] - delay: Delayed 2 second(s)

2018-11-14 13:29:01 - [MESSAGE][PASSED] - Delayed 2 second(s)

2018-11-14 13:29:01 - [TEST_STEP][PASSED] - setText: Text 'test' is set on object 'Object Repository/Front-End/OR Payment/OR Payment via credit card visa atau master/input_Credit Card Information__1'

2018-11-14 13:29:01 - [MESSAGE][PASSED] - Text 'test' is set on object 'Object Repository/Front-End/OR Payment/OR Payment via credit card visa atau master/input_Credit Card Information__1'

2018-11-14 13:29:01 - [TEST_STEP][PASSED] - delay: Delayed 2 second(s)

2018-11-14 13:29:03 - [MESSAGE][PASSED] - Delayed 2 second(s)

2018-11-14 13:29:03 - [TEST_STEP][PASSED] - setText: Text '05' is set on object 'Object Repository/Front-End/OR Payment/OR Payment via credit card visa atau master/input__EXPIRYMONTH'

2018-11-14 13:29:03 - [MESSAGE][PASSED] - Text '05' is set on object 'Object Repository/Front-End/OR Payment/OR Payment via credit card visa atau master/input__EXPIRYMONTH'

2018-11-14 13:29:03 - [TEST_STEP][PASSED] - delay: Delayed 2 second(s)

2018-11-14 13:29:05 - [MESSAGE][PASSED] - Delayed 2 second(s)

2018-11-14 13:29:05 - [TEST_STEP][PASSED] - setText: Text '19' is set on object 'Object Repository/Front-End/OR Payment/OR Payment via credit card visa atau master/input__EXPIRYYEARBEFORE'

2018-11-14 13:29:05 - [MESSAGE][PASSED] - Text '19' is set on object 'Object Repository/Front-End/OR Payment/OR Payment via credit card visa atau master/input__EXPIRYYEARBEFORE'

2018-11-14 13:29:05 - [TEST_STEP][PASSED] - delay: Delayed 2 second(s)

2018-11-14 13:29:07 - [MESSAGE][PASSED] - Delayed 2 second(s)

2018-11-14 13:29:07 - [TEST_STEP][PASSED] - setText: Text '783' is set on object 'Object Repository/Front-End/OR Payment/OR Payment via credit card visa atau master/input__CARDCVC'

2018-11-14 13:29:08 - [MESSAGE][PASSED] - Text '783' is set on object 'Object Repository/Front-End/OR Payment/OR Payment via credit card visa atau master/input__CARDCVC'

2018-11-14 13:29:08 - [TEST_STEP][PASSED] - delay: Delayed 2 second(s)

2018-11-14 13:29:10 - [MESSAGE][PASSED] - Delayed 2 second(s)

2018-11-14 13:29:10 - [TEST_STEP][PASSED] - setText: Text 'test@sgo.co.id' is set on object 'Object Repository/Front-End/OR Payment/OR Payment via credit card visa atau master/input_Card Holder Email_CUSTEM'

2018-11-14 13:29:10 - [MESSAGE][PASSED] - Text 'test@sgo.co.id' is set on object 'Object Repository/Front-End/OR Payment/OR Payment via credit card visa atau master/input_Card Holder Email_CUSTEM'

2018-11-14 13:29:10 - [TEST_STEP][PASSED] - click: Object: 'Object Repository/Front-End/OR Payment/OR Payment via credit card visa atau master/button_Lanjutkan' is clicked on

2018-11-14 13:29:11 - [MESSAGE][PASSED] - Object: 'Object Repository/Front-End/OR Payment/OR Payment via credit card visa atau master/button_Lanjutkan' is clicked on

2018-11-14 13:29:11 - [TEST_STEP][PASSED] - click: Object: 'Object Repository/Front-End/OR Payment/OR Payment via credit card visa atau master/button_Selesai' is clicked on

2018-11-14 13:29:36 - [MESSAGE][PASSED] - Object: 'Object Repository/Front-End/OR Payment/OR Payment via credit card visa atau master/button_Selesai' is clicked on

2018-11-14 13:29:36 - [TEST_STEP][FAILED] - click: Unable to click on object 'Object Repository/Front-End/OR Payment/OR Payment via credit card visa atau master/a_Lihat Pesanan' (Root cause: com.kms.katalon.core.webui.exception.WebElementNotFoundException: Web element with id: 'Object Repository/Front-End/OR Payment/OR Payment via credit card visa atau master/a_Lihat Pesanan' located by 'By.xpath: //a[contains(text(),'Lihat Pesanan')]' not found)

2018-11-14 13:30:30 - [MESSAGE][FAILED] - Unable to click on object 'Object Repository/Front-End/OR Payment/OR Payment via credit card visa atau master/a_Lihat Pesanan' (Root cause: com.kms.katalon.core.webui.exception.WebElementNotFoundException: Web element with id: 'Object Repository/Front-End/OR Payment/OR Payment via credit card visa atau master/a_Lihat Pesanan' located by 'By.xpath: //a[contains(text(),'Lihat Pesanan')]' not found)
[[ATTACHMENT|D:\\QA\\Katalon\\astra-movic\\Reports\\Front-End\\Reservasi mobil dengan tambahan asuransi melalui data yang tersedia di lokasi terdekat\\20181114_132646\\1542177029492.png]]]]></system-out>
         <system-err><![CDATA[2018-11-14 13:28:39 - [TEST_CASE][FAILED] - Test Cases/Front-End/Payment/SC99 Regression/TC03 Payment via credit card visa atau master: Test Cases/Front-End/Payment/SC99 Regression/TC03 Payment via credit card visa atau master FAILED because (of) (Stack trace: com.kms.katalon.core.exception.StepFailedException: Unable to click on object 'Object Repository/Front-End/OR Payment/OR Payment via credit card visa atau master/a_Lihat Pesanan' (Root cause: com.kms.katalon.core.webui.exception.WebElementNotFoundException: Web element with id: 'Object Repository/Front-End/OR Payment/OR Payment via credit card visa atau master/a_Lihat Pesanan' located by 'By.xpath: //a[contains(text(),'Lihat Pesanan')]' not found)
	at com.kms.katalon.core.keyword.internal.KeywordMain.stepFailed(KeywordMain.groovy:36)
	at com.kms.katalon.core.webui.keyword.internal.WebUIKeywordMain.stepFailed(WebUIKeywordMain.groovy:65)
	at com.kms.katalon.core.webui.keyword.internal.WebUIKeywordMain.runKeyword(WebUIKeywordMain.groovy:27)
	at com.kms.katalon.core.webui.keyword.builtin.ClickKeyword.click(ClickKeyword.groovy:86)
	at com.kms.katalon.core.webui.keyword.builtin.ClickKeyword.execute(ClickKeyword.groovy:67)
	at com.kms.katalon.core.keyword.internal.KeywordExecutor.executeKeywordForPlatform(KeywordExecutor.groovy:53)
	at com.kms.katalon.core.webui.keyword.WebUiBuiltInKeywords.click(WebUiBuiltInKeywords.groovy:616)
	at com.kms.katalon.core.webui.keyword.WebUiBuiltInKeywords$click$3.call(Unknown Source)
	at org.codehaus.groovy.runtime.callsite.CallSiteArray.defaultCall(CallSiteArray.java:48)
	at org.codehaus.groovy.runtime.callsite.AbstractCallSite.call(AbstractCallSite.java:113)
	at org.codehaus.groovy.runtime.callsite.AbstractCallSite.call(AbstractCallSite.java:125)
	at Script1542081153110.run(Script1542081153110.groovy:75)
	at com.kms.katalon.core.main.ScriptEngine.run(ScriptEngine.java:183)
	at com.kms.katalon.core.main.ScriptEngine.runScriptAsRawText(ScriptEngine.java:108)
	at com.kms.katalon.core.main.TestCaseExecutor.runScript(TestCaseExecutor.java:294)
	at com.kms.katalon.core.main.TestCaseExecutor.doExecute(TestCaseExecutor.java:285)
	at com.kms.katalon.core.main.TestCaseExecutor.processExecutionPhase(TestCaseExecutor.java:264)
	at com.kms.katalon.core.main.TestCaseExecutor.accessMainPhase(TestCaseExecutor.java:256)
	at com.kms.katalon.core.main.TestCaseExecutor.execute(TestCaseExecutor.java:200)
	at com.kms.katalon.core.main.TestSuiteExecutor.accessTestCaseMainPhase(TestSuiteExecutor.java:129)
	at com.kms.katalon.core.main.TestSuiteExecutor.accessTestSuiteMainPhase(TestSuiteExecutor.java:112)
	at com.kms.katalon.core.main.TestSuiteExecutor.execute(TestSuiteExecutor.java:81)
	at com.kms.katalon.core.main.TestCaseMain.startTestSuite(TestCaseMain.java:142)
	at com.kms.katalon.core.main.TestCaseMain$startTestSuite$0.call(Unknown Source)
	at org.codehaus.groovy.runtime.callsite.CallSiteArray.defaultCall(CallSiteArray.java:48)
	at org.codehaus.groovy.runtime.callsite.AbstractCallSite.call(AbstractCallSite.java:113)
	at org.codehaus.groovy.runtime.callsite.AbstractCallSite.call(AbstractCallSite.java:141)
	at TempTestSuite1542176806105.run(TempTestSuite1542176806105.groovy:36)
	at groovy.lang.GroovyShell.runScriptOrMainOrTestOrRunnable(GroovyShell.java:263)
	at groovy.lang.GroovyShell.run(GroovyShell.java:518)
	at groovy.lang.GroovyShell.run(GroovyShell.java:507)
	at groovy.ui.GroovyMain.processOnce(GroovyMain.java:653)
	at groovy.ui.GroovyMain.run(GroovyMain.java:384)
	at groovy.ui.GroovyMain.process(GroovyMain.java:370)
	at groovy.ui.GroovyMain.processArgs(GroovyMain.java:129)
	at groovy.ui.GroovyMain.main(GroovyMain.java:109)
	at sun.reflect.NativeMethodAccessorImpl.invoke0(Native Method)
	at sun.reflect.NativeMethodAccessorImpl.invoke(NativeMethodAccessorImpl.java:62)
	at sun.reflect.DelegatingMethodAccessorImpl.invoke(DelegatingMethodAccessorImpl.java:43)
	at java.lang.reflect.Method.invoke(Method.java:498)
	at org.codehaus.groovy.tools.GroovyStarter.rootLoader(GroovyStarter.java:109)
	at org.codehaus.groovy.tools.GroovyStarter.main(GroovyStarter.java:131)
)]]></system-err>
      </testcase>
      <testcase name="Test Cases/Front-End/Booking/SC99 Regression/TC06 My Booking" classname="Test Cases/Front-End/Booking/SC99 Regression/TC06 My Booking" status="PASSED">
         <system-out><![CDATA[2018-11-14 13:30:30 - [TEST_CASE][PASSED] - Test Cases/Front-End/Booking/SC99 Regression/TC06 My Booking: Test Cases/Front-End/Booking/SC99 Regression/TC06 My Booking

2018-11-14 13:30:30 - [TEST_STEP][PASSED] - delay: Delayed 5 second(s)

2018-11-14 13:30:35 - [MESSAGE][PASSED] - Delayed 5 second(s)

2018-11-14 13:30:35 - [TEST_STEP][PASSED] - click: Object: 'Object Repository/Front-End/OR Booking/OR My Booking/img' is clicked on

2018-11-14 13:30:36 - [MESSAGE][PASSED] - Object: 'Object Repository/Front-End/OR Booking/OR My Booking/img' is clicked on

2018-11-14 13:30:36 - [TEST_STEP][PASSED] - delay: Delayed 5 second(s)

2018-11-14 13:30:41 - [MESSAGE][PASSED] - Delayed 5 second(s)

2018-11-14 13:30:41 - [TEST_STEP][PASSED] - click: Object: 'Object Repository/Front-End/OR Booking/OR My Booking/a_Riwayat' is clicked on

2018-11-14 13:30:41 - [MESSAGE][PASSED] - Object: 'Object Repository/Front-End/OR Booking/OR My Booking/a_Riwayat' is clicked on

2018-11-14 13:30:41 - [TEST_STEP][PASSED] - delay: Delayed 5 second(s)

2018-11-14 13:30:46 - [MESSAGE][PASSED] - Delayed 5 second(s)]]></system-out>
         <system-err><![CDATA[]]></system-err>
      </testcase>
      <system-out><![CDATA[2018-11-14 13:26:50 - [TEST_SUITE][FAILED] - Reservasi mobil dengan tambahan asuransi melalui data yang tersedia di lokasi terdekat: Test Cases/Front-End/Payment/SC99 Regression/TC03 Payment via credit card visa atau master FAILED because (of) (Stack trace: com.kms.katalon.core.exception.StepFailedException: Unable to click on object 'Object Repository/Front-End/OR Payment/OR Payment via credit card visa atau master/a_Lihat Pesanan' (Root cause: com.kms.katalon.core.webui.exception.WebElementNotFoundException: Web element with id: 'Object Repository/Front-End/OR Payment/OR Payment via credit card visa atau master/a_Lihat Pesanan' located by 'By.xpath: //a[contains(text(),'Lihat Pesanan')]' not found)
	at com.kms.katalon.core.keyword.internal.KeywordMain.stepFailed(KeywordMain.groovy:36)
	at com.kms.katalon.core.webui.keyword.internal.WebUIKeywordMain.stepFailed(WebUIKeywordMain.groovy:65)
	at com.kms.katalon.core.webui.keyword.internal.WebUIKeywordMain.runKeyword(WebUIKeywordMain.groovy:27)
	at com.kms.katalon.core.webui.keyword.builtin.ClickKeyword.click(ClickKeyword.groovy:86)
	at com.kms.katalon.core.webui.keyword.builtin.ClickKeyword.execute(ClickKeyword.groovy:67)
	at com.kms.katalon.core.keyword.internal.KeywordExecutor.executeKeywordForPlatform(KeywordExecutor.groovy:53)
	at com.kms.katalon.core.webui.keyword.WebUiBuiltInKeywords.click(WebUiBuiltInKeywords.groovy:616)
	at com.kms.katalon.core.webui.keyword.WebUiBuiltInKeywords$click$3.call(Unknown Source)
	at org.codehaus.groovy.runtime.callsite.CallSiteArray.defaultCall(CallSiteArray.java:48)
	at org.codehaus.groovy.runtime.callsite.AbstractCallSite.call(AbstractCallSite.java:113)
	at org.codehaus.groovy.runtime.callsite.AbstractCallSite.call(AbstractCallSite.java:125)
	at Script1542081153110.run(Script1542081153110.groovy:75)
	at com.kms.katalon.core.main.ScriptEngine.run(ScriptEngine.java:183)
	at com.kms.katalon.core.main.ScriptEngine.runScriptAsRawText(ScriptEngine.java:108)
	at com.kms.katalon.core.main.TestCaseExecutor.runScript(TestCaseExecutor.java:294)
	at com.kms.katalon.core.main.TestCaseExecutor.doExecute(TestCaseExecutor.java:285)
	at com.kms.katalon.core.main.TestCaseExecutor.processExecutionPhase(TestCaseExecutor.java:264)
	at com.kms.katalon.core.main.TestCaseExecutor.accessMainPhase(TestCaseExecutor.java:256)
	at com.kms.katalon.core.main.TestCaseExecutor.execute(TestCaseExecutor.java:200)
	at com.kms.katalon.core.main.TestSuiteExecutor.accessTestCaseMainPhase(TestSuiteExecutor.java:129)
	at com.kms.katalon.core.main.TestSuiteExecutor.accessTestSuiteMainPhase(TestSuiteExecutor.java:112)
	at com.kms.katalon.core.main.TestSuiteExecutor.execute(TestSuiteExecutor.java:81)
	at com.kms.katalon.core.main.TestCaseMain.startTestSuite(TestCaseMain.java:142)
	at com.kms.katalon.core.main.TestCaseMain$startTestSuite$0.call(Unknown Source)
	at org.codehaus.groovy.runtime.callsite.CallSiteArray.defaultCall(CallSiteArray.java:48)
	at org.codehaus.groovy.runtime.callsite.AbstractCallSite.call(AbstractCallSite.java:113)
	at org.codehaus.groovy.runtime.callsite.AbstractCallSite.call(AbstractCallSite.java:141)
	at TempTestSuite1542176806105.run(TempTestSuite1542176806105.groovy:36)
	at groovy.lang.GroovyShell.runScriptOrMainOrTestOrRunnable(GroovyShell.java:263)
	at groovy.lang.GroovyShell.run(GroovyShell.java:518)
	at groovy.lang.GroovyShell.run(GroovyShell.java:507)
	at groovy.ui.GroovyMain.processOnce(GroovyMain.java:653)
	at groovy.ui.GroovyMain.run(GroovyMain.java:384)
	at groovy.ui.GroovyMain.process(GroovyMain.java:370)
	at groovy.ui.GroovyMain.processArgs(GroovyMain.java:129)
	at groovy.ui.GroovyMain.main(GroovyMain.java:109)
	at sun.reflect.NativeMethodAccessorImpl.invoke0(Native Method)
	at sun.reflect.NativeMethodAccessorImpl.invoke(NativeMethodAccessorImpl.java:62)
	at sun.reflect.DelegatingMethodAccessorImpl.invoke(DelegatingMethodAccessorImpl.java:43)
	at java.lang.reflect.Method.invoke(Method.java:498)
	at org.codehaus.groovy.tools.GroovyStarter.rootLoader(GroovyStarter.java:109)
	at org.codehaus.groovy.tools.GroovyStarter.main(GroovyStarter.java:131)
)]]></system-out>
      <system-err><![CDATA[2018-11-14 13:26:50 - [TEST_SUITE][FAILED] - Reservasi mobil dengan tambahan asuransi melalui data yang tersedia di lokasi terdekat: Test Cases/Front-End/Payment/SC99 Regression/TC03 Payment via credit card visa atau master FAILED because (of) (Stack trace: com.kms.katalon.core.exception.StepFailedException: Unable to click on object 'Object Repository/Front-End/OR Payment/OR Payment via credit card visa atau master/a_Lihat Pesanan' (Root cause: com.kms.katalon.core.webui.exception.WebElementNotFoundException: Web element with id: 'Object Repository/Front-End/OR Payment/OR Payment via credit card visa atau master/a_Lihat Pesanan' located by 'By.xpath: //a[contains(text(),'Lihat Pesanan')]' not found)
	at com.kms.katalon.core.keyword.internal.KeywordMain.stepFailed(KeywordMain.groovy:36)
	at com.kms.katalon.core.webui.keyword.internal.WebUIKeywordMain.stepFailed(WebUIKeywordMain.groovy:65)
	at com.kms.katalon.core.webui.keyword.internal.WebUIKeywordMain.runKeyword(WebUIKeywordMain.groovy:27)
	at com.kms.katalon.core.webui.keyword.builtin.ClickKeyword.click(ClickKeyword.groovy:86)
	at com.kms.katalon.core.webui.keyword.builtin.ClickKeyword.execute(ClickKeyword.groovy:67)
	at com.kms.katalon.core.keyword.internal.KeywordExecutor.executeKeywordForPlatform(KeywordExecutor.groovy:53)
	at com.kms.katalon.core.webui.keyword.WebUiBuiltInKeywords.click(WebUiBuiltInKeywords.groovy:616)
	at com.kms.katalon.core.webui.keyword.WebUiBuiltInKeywords$click$3.call(Unknown Source)
	at org.codehaus.groovy.runtime.callsite.CallSiteArray.defaultCall(CallSiteArray.java:48)
	at org.codehaus.groovy.runtime.callsite.AbstractCallSite.call(AbstractCallSite.java:113)
	at org.codehaus.groovy.runtime.callsite.AbstractCallSite.call(AbstractCallSite.java:125)
	at Script1542081153110.run(Script1542081153110.groovy:75)
	at com.kms.katalon.core.main.ScriptEngine.run(ScriptEngine.java:183)
	at com.kms.katalon.core.main.ScriptEngine.runScriptAsRawText(ScriptEngine.java:108)
	at com.kms.katalon.core.main.TestCaseExecutor.runScript(TestCaseExecutor.java:294)
	at com.kms.katalon.core.main.TestCaseExecutor.doExecute(TestCaseExecutor.java:285)
	at com.kms.katalon.core.main.TestCaseExecutor.processExecutionPhase(TestCaseExecutor.java:264)
	at com.kms.katalon.core.main.TestCaseExecutor.accessMainPhase(TestCaseExecutor.java:256)
	at com.kms.katalon.core.main.TestCaseExecutor.execute(TestCaseExecutor.java:200)
	at com.kms.katalon.core.main.TestSuiteExecutor.accessTestCaseMainPhase(TestSuiteExecutor.java:129)
	at com.kms.katalon.core.main.TestSuiteExecutor.accessTestSuiteMainPhase(TestSuiteExecutor.java:112)
	at com.kms.katalon.core.main.TestSuiteExecutor.execute(TestSuiteExecutor.java:81)
	at com.kms.katalon.core.main.TestCaseMain.startTestSuite(TestCaseMain.java:142)
	at com.kms.katalon.core.main.TestCaseMain$startTestSuite$0.call(Unknown Source)
	at org.codehaus.groovy.runtime.callsite.CallSiteArray.defaultCall(CallSiteArray.java:48)
	at org.codehaus.groovy.runtime.callsite.AbstractCallSite.call(AbstractCallSite.java:113)
	at org.codehaus.groovy.runtime.callsite.AbstractCallSite.call(AbstractCallSite.java:141)
	at TempTestSuite1542176806105.run(TempTestSuite1542176806105.groovy:36)
	at groovy.lang.GroovyShell.runScriptOrMainOrTestOrRunnable(GroovyShell.java:263)
	at groovy.lang.GroovyShell.run(GroovyShell.java:518)
	at groovy.lang.GroovyShell.run(GroovyShell.java:507)
	at groovy.ui.GroovyMain.processOnce(GroovyMain.java:653)
	at groovy.ui.GroovyMain.run(GroovyMain.java:384)
	at groovy.ui.GroovyMain.process(GroovyMain.java:370)
	at groovy.ui.GroovyMain.processArgs(GroovyMain.java:129)
	at groovy.ui.GroovyMain.main(GroovyMain.java:109)
	at sun.reflect.NativeMethodAccessorImpl.invoke0(Native Method)
	at sun.reflect.NativeMethodAccessorImpl.invoke(NativeMethodAccessorImpl.java:62)
	at sun.reflect.DelegatingMethodAccessorImpl.invoke(DelegatingMethodAccessorImpl.java:43)
	at java.lang.reflect.Method.invoke(Method.java:498)
	at org.codehaus.groovy.tools.GroovyStarter.rootLoader(GroovyStarter.java:109)
	at org.codehaus.groovy.tools.GroovyStarter.main(GroovyStarter.java:131)
)]]></system-err>
   </testsuite>
</testsuites>
