<?xml version="1.0" encoding="UTF-8"?>
<testsuites name="Reservation From Click Image at Section Category Car" time="253" tests="6" failures="0" errors="1">
   <testsuite name="Reservation From Click Image at Section Category Car" tests="6" failures="0" errors="1" time="253" timestamp="2019-02-12 10:22:17" hostname="WGS-LAP151 - INVWGSLAP151" id="Test Suites/Mobile/Reservation From Click Image at Section Category Car">
      <properties>
         <property name="deviceName" value="Xiaomi Redmi 4A (Android 7.1.2)"/>
         <property name="devicePlatform" value=""/>
         <property name="logFolder" value="C:\\Users\\WGS-LAP151\\git\\astra-movic\\Reports\\Mobile\\Reservation From Click Image at Section Category Car\\20190212_102211"/>
         <property name="logFiles" value="C:\\Users\\WGS-LAP151\\git\\astra-movic\\Reports\\Mobile\\Reservation From Click Image at Section Category Car\\20190212_102211\\appium.log, C:\\Users\\WGS-LAP151\\git\\astra-movic\\Reports\\Mobile\\Reservation From Click Image at Section Category Car\\20190212_102211\\execution0.log"/>
         <property name="attachments" value=""/>
         <property name="hostName" value="WGS-LAP151 - INVWGSLAP151"/>
         <property name="os" value="Windows 10 64bit"/>
         <property name="katalonVersion" value="5.9.1.2"/>
         <property name="deviceOS" value="Android"/>
         <property name="appiumVersion" value="1.8.0"/>
         <property name="deviceModel" value="Redmi 4A"/>
         <property name="hostAddress" value="10.10.10.122"/>
         <property name="deviceManufacturer" value="Xiaomi"/>
         <property name="deviceId" value="5e31d87d7d73"/>
         <property name="deviceName" value="Xiaomi Redmi 4A (Android 7.1.2)"/>
         <property name="deviceOSVersion" value="7.1.2"/>
      </properties>
      <testcase name="Test Cases/Mobile/Android/User/SC99 Regression/TC04 Login with email" classname="Test Cases/Mobile/Android/User/SC99 Regression/TC04 Login with email" status="PASSED">
         <system-out><![CDATA[2019-02-12 10:22:18 - [TEST_CASE][PASSED] - Test Cases/Mobile/Android/User/SC99 Regression/TC04 Login with email: Test Cases/Mobile/Android/User/SC99 Regression/TC04 Login with email

2019-02-12 10:22:20 - [TEST_STEP][PASSED] - startApplication("C:\Users\WGS-LAP151\Downloads\Movic_1.2.0_2019-02-04-stable-debug.apk", false): Started app at: 'C:\Users\WGS-LAP151\Downloads\Movic_1.2.0_2019-02-04-stable-debug.apk'

2019-02-12 10:22:20 - [MESSAGE][INFO] - User set preference: ['deviceId', '']

2019-02-12 10:22:54 - [MESSAGE][INFO] - Appium server started on port 54,082

2019-02-12 10:23:56 - [MESSAGE][PASSED] - Started app at: 'C:\Users\WGS-LAP151\Downloads\Movic_1.2.0_2019-02-04-stable-debug.apk'

2019-02-12 10:23:56 - [TEST_STEP][PASSED] - tap(findTestObject("Mobile/OR Homepage/OBJ-Login/android.widget.TextView2 - English"), 0): Tapped on element 'Object Repository/Mobile/OR Homepage/OBJ-Login/android.widget.TextView2 - English'

2019-02-12 10:23:56 - [MESSAGE][WARNING] - Timeout '0' is invalid. Using default page load timeout: '100'

2019-02-12 10:24:00 - [MESSAGE][PASSED] - Tapped on element 'Object Repository/Mobile/OR Homepage/OBJ-Login/android.widget.TextView2 - English'

2019-02-12 10:24:00 - [TEST_STEP][PASSED] - tap(findTestObject("Mobile/OR Homepage/OBJ-Login/android.widget.ImageView4"), 0): Tapped on element 'Object Repository/Mobile/OR Homepage/OBJ-Login/android.widget.ImageView4'

2019-02-12 10:24:00 - [MESSAGE][WARNING] - Timeout '0' is invalid. Using default page load timeout: '100'

2019-02-12 10:24:02 - [MESSAGE][PASSED] - Tapped on element 'Object Repository/Mobile/OR Homepage/OBJ-Login/android.widget.ImageView4'

2019-02-12 10:24:02 - [TEST_STEP][PASSED] - for (def index : (1..2)): Tapped on element 'Object Repository/Mobile/OR Registrasi/android.widget.ImageView1'

2019-02-12 10:24:02 - [TEST_STEP][PASSED] - tap(findTestObject("Mobile/OR Registrasi/android.widget.ImageView1"), 0): Tapped on element 'Object Repository/Mobile/OR Registrasi/android.widget.ImageView1'

2019-02-12 10:24:02 - [MESSAGE][WARNING] - Timeout '0' is invalid. Using default page load timeout: '100'

2019-02-12 10:24:03 - [MESSAGE][PASSED] - Tapped on element 'Object Repository/Mobile/OR Registrasi/android.widget.ImageView1'

2019-02-12 10:24:03 - [TEST_STEP][PASSED] - tap(findTestObject("Mobile/OR Registrasi/android.widget.ImageView1"), 0): Tapped on element 'Object Repository/Mobile/OR Registrasi/android.widget.ImageView1'

2019-02-12 10:24:03 - [MESSAGE][WARNING] - Timeout '0' is invalid. Using default page load timeout: '100'

2019-02-12 10:24:04 - [MESSAGE][PASSED] - Tapped on element 'Object Repository/Mobile/OR Registrasi/android.widget.ImageView1'

2019-02-12 10:24:04 - [TEST_STEP][PASSED] - tap(findTestObject("Mobile/OR Homepage/OBJ-Login/android.widget.TextView2 - Skip"), 0): Tapped on element 'Object Repository/Mobile/OR Homepage/OBJ-Login/android.widget.TextView2 - Skip'

2019-02-12 10:24:04 - [MESSAGE][WARNING] - Timeout '0' is invalid. Using default page load timeout: '100'

2019-02-12 10:24:07 - [MESSAGE][PASSED] - Tapped on element 'Object Repository/Mobile/OR Homepage/OBJ-Login/android.widget.TextView2 - Skip'

2019-02-12 10:24:07 - [TEST_STEP][PASSED] - tap(findTestObject("Mobile/OR Homepage/OBJ-Login/android.widget.TextView0 - Log in"), 0): Tapped on element 'Object Repository/Mobile/OR Homepage/OBJ-Login/android.widget.TextView0 - Log in'

2019-02-12 10:24:07 - [MESSAGE][WARNING] - Timeout '0' is invalid. Using default page load timeout: '100'

2019-02-12 10:24:11 - [MESSAGE][PASSED] - Tapped on element 'Object Repository/Mobile/OR Homepage/OBJ-Login/android.widget.TextView0 - Log in'

2019-02-12 10:24:11 - [TEST_STEP][PASSED] - setText(findTestObject("Mobile/OR Login/android.widget.EditText0"), "nansulaiman5@gmail.com", 0): Text 'nansulaiman5@gmail.com' has been set to element 'Object Repository/Mobile/OR Login/android.widget.EditText0'

2019-02-12 10:24:11 - [MESSAGE][WARNING] - Timeout '0' is invalid. Using default page load timeout: '100'

2019-02-12 10:24:12 - [MESSAGE][PASSED] - Text 'nansulaiman5@gmail.com' has been set to element 'Object Repository/Mobile/OR Login/android.widget.EditText0'

2019-02-12 10:24:12 - [TEST_STEP][PASSED] - tap(findTestObject("Mobile/OR Login 2/android.widget.Button0 - Lanjutkan 03"), 0): Tapped on element 'Object Repository/Mobile/OR Login 2/android.widget.Button0 - Lanjutkan 03'

2019-02-12 10:24:12 - [MESSAGE][WARNING] - Timeout '0' is invalid. Using default page load timeout: '100'

2019-02-12 10:24:15 - [MESSAGE][PASSED] - Tapped on element 'Object Repository/Mobile/OR Login 2/android.widget.Button0 - Lanjutkan 03'

2019-02-12 10:24:15 - [TEST_STEP][PASSED] - delay(findTestData("Delay Step").getValue(1, 2), STOP_ON_FAILURE): Delayed 5 second(s)

2019-02-12 10:24:20 - [MESSAGE][PASSED] - Delayed 5 second(s)

2019-02-12 10:24:20 - [TEST_STEP][PASSED] - setText(findTestObject("Mobile/OR Login 2/android.widget.EditText0 - field password"), "password8", 0): Text 'password8' has been set to element 'Object Repository/Mobile/OR Login 2/android.widget.EditText0 - field password'

2019-02-12 10:24:20 - [MESSAGE][WARNING] - Timeout '0' is invalid. Using default page load timeout: '100'

2019-02-12 10:24:21 - [MESSAGE][PASSED] - Text 'password8' has been set to element 'Object Repository/Mobile/OR Login 2/android.widget.EditText0 - field password'

2019-02-12 10:24:21 - [TEST_STEP][PASSED] - delay(findTestData("Delay Step").getValue(1, 2), STOP_ON_FAILURE): Delayed 5 second(s)

2019-02-12 10:24:26 - [MESSAGE][PASSED] - Delayed 5 second(s)

2019-02-12 10:24:26 - [TEST_STEP][PASSED] - hideKeyboard(): Keyboard is hidden

2019-02-12 10:24:28 - [MESSAGE][PASSED] - Keyboard is hidden

2019-02-12 10:24:28 - [TEST_STEP][PASSED] - tap(findTestObject("Mobile/OR Login 2/android.widget.Button0 - Start Movic 01"), 0): Tapped on element 'Object Repository/Mobile/OR Login 2/android.widget.Button0 - Start Movic 01'

2019-02-12 10:24:28 - [MESSAGE][WARNING] - Timeout '0' is invalid. Using default page load timeout: '100'

2019-02-12 10:24:32 - [MESSAGE][PASSED] - Tapped on element 'Object Repository/Mobile/OR Login 2/android.widget.Button0 - Start Movic 01'

2019-02-12 10:24:32 - [TEST_STEP][PASSED] - delay(findTestData("Delay Step").getValue(1, 2), STOP_ON_FAILURE): Delayed 5 second(s)

2019-02-12 10:24:37 - [MESSAGE][PASSED] - Delayed 5 second(s)]]></system-out>
         <system-err><![CDATA[]]></system-err>
      </testcase>
      <testcase name="Test Cases/Mobile/Android/Homepage/SC99 Regression/TC21 Show List Car By Click Image Car Categories" classname="Test Cases/Mobile/Android/Homepage/SC99 Regression/TC21 Show List Car By Click Image Car Categories" status="PASSED">
         <system-out><![CDATA[2019-02-12 10:24:37 - [TEST_CASE][PASSED] - Test Cases/Mobile/Android/Homepage/SC99 Regression/TC21 Show List Car By Click Image Car Categories: Test Cases/Mobile/Android/Homepage/SC99 Regression/TC21 Show List Car By Click Image Car Categories

2019-02-12 10:24:38 - [TEST_STEP][NOT_RUN] - callTestCase(findTestCase("Mobile/Android/User/SC99 Regression/TC04 Login with email"), [:], STOP_ON_FAILURE): NOT_RUN: callTestCase(findTestCase("Mobile/Android/User/SC99 Regression/TC04 Login with email"), [:], STOP_ON_FAILURE)

2019-02-12 10:24:38 - [MESSAGE][NOT_RUN] - NOT_RUN: callTestCase(findTestCase("Mobile/Android/User/SC99 Regression/TC04 Login with email"), [:], STOP_ON_FAILURE)

2019-02-12 10:24:38 - [TEST_STEP][NOT_RUN] - startApplication("C:\Users\WGS-LAP151\Downloads\Movic_1.2.0_2019-02-04-stable-debug.apk", false): NOT_RUN: startApplication("C:\Users\WGS-LAP151\Downloads\Movic_1.2.0_2019-02-04-stable-debug.apk", false)

2019-02-12 10:24:38 - [MESSAGE][NOT_RUN] - NOT_RUN: startApplication("C:\Users\WGS-LAP151\Downloads\Movic_1.2.0_2019-02-04-stable-debug.apk", false)

2019-02-12 10:24:38 - [TEST_STEP][PASSED] - delay(findTestData("Delay Step").getValue(1, 2), STOP_ON_FAILURE): Delayed 5 second(s)

2019-02-12 10:24:43 - [MESSAGE][PASSED] - Delayed 5 second(s)

2019-02-12 10:24:43 - [TEST_STEP][PASSED] - scrollToText("Search by Car Categories", STOP_ON_FAILURE): Scrolling to text 'Search by Car Categories' successfully

2019-02-12 10:24:51 - [MESSAGE][PASSED] - Scrolling to text 'Search by Car Categories' successfully

2019-02-12 10:24:51 - [TEST_STEP][PASSED] - delay(findTestData("Delay Step").getValue(1, 2), STOP_ON_FAILURE): Delayed 5 second(s)

2019-02-12 10:24:56 - [MESSAGE][PASSED] - Delayed 5 second(s)

2019-02-12 10:24:56 - [TEST_STEP][PASSED] - tap(findTestObject("Mobile/OR Homepage/android.view.View2"), 0): Tapped on element 'Object Repository/Mobile/OR Homepage/android.view.View2'

2019-02-12 10:24:56 - [MESSAGE][WARNING] - Timeout '0' is invalid. Using default page load timeout: '100'

2019-02-12 10:24:58 - [MESSAGE][PASSED] - Tapped on element 'Object Repository/Mobile/OR Homepage/android.view.View2'

2019-02-12 10:24:58 - [TEST_STEP][PASSED] - tap(findTestObject("Mobile/OR Homepage/android.widget.ImageView5"), 0): Tapped on element 'Object Repository/Mobile/OR Homepage/android.widget.ImageView5'

2019-02-12 10:24:58 - [MESSAGE][WARNING] - Timeout '0' is invalid. Using default page load timeout: '100'

2019-02-12 10:25:03 - [MESSAGE][PASSED] - Tapped on element 'Object Repository/Mobile/OR Homepage/android.widget.ImageView5'

2019-02-12 10:25:03 - [TEST_STEP][PASSED] - delay(findTestData("Delay Step").getValue(1, 2), STOP_ON_FAILURE): Delayed 5 second(s)

2019-02-12 10:25:08 - [MESSAGE][PASSED] - Delayed 5 second(s)]]></system-out>
         <system-err><![CDATA[]]></system-err>
      </testcase>
      <testcase name="Test Cases/Mobile/Android/Booking/SC99 Regression/TC15 Select car from list cars" classname="Test Cases/Mobile/Android/Booking/SC99 Regression/TC15 Select car from list cars" status="PASSED">
         <system-out><![CDATA[2019-02-12 10:25:08 - [TEST_CASE][PASSED] - Test Cases/Mobile/Android/Booking/SC99 Regression/TC15 Select car from list cars: Test Cases/Mobile/Android/Booking/SC99 Regression/TC15 Select car from list cars

2019-02-12 10:25:09 - [TEST_STEP][NOT_RUN] - callTestCase(findTestCase("Mobile/Android/Homepage/SC99 Regression/TC01 Search car use search bar rental city atau region"), [:], STOP_ON_FAILURE): NOT_RUN: callTestCase(findTestCase("Mobile/Android/Homepage/SC99 Regression/TC01 Search car use search bar rental city atau region"), [:], STOP_ON_FAILURE)

2019-02-12 10:25:09 - [MESSAGE][NOT_RUN] - NOT_RUN: callTestCase(findTestCase("Mobile/Android/Homepage/SC99 Regression/TC01 Search car use search bar rental city atau region"), [:], STOP_ON_FAILURE)

2019-02-12 10:25:09 - [TEST_STEP][NOT_RUN] - tap(findTestObject("Mobile/OR Booking/android.support.v4.view.ViewPager0"), 0): NOT_RUN: tap(findTestObject("Mobile/OR Booking/android.support.v4.view.ViewPager0"), 0)

2019-02-12 10:25:09 - [MESSAGE][NOT_RUN] - NOT_RUN: tap(findTestObject("Mobile/OR Booking/android.support.v4.view.ViewPager0"), 0)

2019-02-12 10:25:09 - [TEST_STEP][PASSED] - tap(findTestObject("Mobile/OR Booking/android.widget.Button0 - Check Packages"), 0): Tapped on element 'Object Repository/Mobile/OR Booking/android.widget.Button0 - Check Packages'

2019-02-12 10:25:09 - [MESSAGE][WARNING] - Timeout '0' is invalid. Using default page load timeout: '100'

2019-02-12 10:25:09 - [MESSAGE][PASSED] - Tapped on element 'Object Repository/Mobile/OR Booking/android.widget.Button0 - Check Packages'

2019-02-12 10:25:09 - [TEST_STEP][PASSED] - tap(findTestObject("Mobile/OR Booking/android.widget.Button1 - Book Now"), 0): Tapped on element 'Object Repository/Mobile/OR Booking/android.widget.Button1 - Book Now'

2019-02-12 10:25:09 - [MESSAGE][WARNING] - Timeout '0' is invalid. Using default page load timeout: '100'

2019-02-12 10:25:11 - [MESSAGE][PASSED] - Tapped on element 'Object Repository/Mobile/OR Booking/android.widget.Button1 - Book Now'

2019-02-12 10:25:11 - [TEST_STEP][PASSED] - scrollToText("Add additional benefits", STOP_ON_FAILURE): Scrolling to text 'Add additional benefits' successfully

2019-02-12 10:25:16 - [MESSAGE][PASSED] - Scrolling to text 'Add additional benefits' successfully

2019-02-12 10:25:16 - [TEST_STEP][PASSED] - tap(findTestObject("Mobile/OR Booking/android.widget.TextView2 - Edit"), 0): Tapped on element 'Object Repository/Mobile/OR Booking/android.widget.TextView2 - Edit'

2019-02-12 10:25:16 - [MESSAGE][WARNING] - Timeout '0' is invalid. Using default page load timeout: '100'

2019-02-12 10:25:18 - [MESSAGE][PASSED] - Tapped on element 'Object Repository/Mobile/OR Booking/android.widget.TextView2 - Edit'

2019-02-12 10:25:18 - [TEST_STEP][PASSED] - tap(findTestObject("Mobile/OR Booking/android.widget.CheckBox0"), 0): Tapped on element 'Object Repository/Mobile/OR Booking/android.widget.CheckBox0'

2019-02-12 10:25:18 - [MESSAGE][WARNING] - Timeout '0' is invalid. Using default page load timeout: '100'

2019-02-12 10:25:21 - [MESSAGE][PASSED] - Tapped on element 'Object Repository/Mobile/OR Booking/android.widget.CheckBox0'

2019-02-12 10:25:21 - [TEST_STEP][PASSED] - tap(findTestObject("Mobile/OR Booking/android.widget.ImageView1"), 0): Tapped on element 'Object Repository/Mobile/OR Booking/android.widget.ImageView1'

2019-02-12 10:25:21 - [MESSAGE][WARNING] - Timeout '0' is invalid. Using default page load timeout: '100'

2019-02-12 10:25:23 - [MESSAGE][PASSED] - Tapped on element 'Object Repository/Mobile/OR Booking/android.widget.ImageView1'

2019-02-12 10:25:23 - [TEST_STEP][PASSED] - tap(findTestObject("Mobile/OR Booking/android.widget.Button0 - Save"), 0): Tapped on element 'Object Repository/Mobile/OR Booking/android.widget.Button0 - Save'

2019-02-12 10:25:23 - [MESSAGE][WARNING] - Timeout '0' is invalid. Using default page load timeout: '100'

2019-02-12 10:25:26 - [MESSAGE][PASSED] - Tapped on element 'Object Repository/Mobile/OR Booking/android.widget.Button0 - Save'

2019-02-12 10:25:26 - [TEST_STEP][PASSED] - tap(findTestObject("Mobile/OR Booking/android.widget.Button0 - I Agree"), 0): Tapped on element 'Object Repository/Mobile/OR Booking/android.widget.Button0 - I Agree'

2019-02-12 10:25:26 - [MESSAGE][WARNING] - Timeout '0' is invalid. Using default page load timeout: '100'

2019-02-12 10:25:28 - [MESSAGE][PASSED] - Tapped on element 'Object Repository/Mobile/OR Booking/android.widget.Button0 - I Agree'

2019-02-12 10:25:28 - [TEST_STEP][PASSED] - tap(findTestObject("Mobile/OR Booking/android.widget.EditText0"), 0): Tapped on element 'Object Repository/Mobile/OR Booking/android.widget.EditText0'

2019-02-12 10:25:28 - [MESSAGE][WARNING] - Timeout '0' is invalid. Using default page load timeout: '100'

2019-02-12 10:25:29 - [MESSAGE][PASSED] - Tapped on element 'Object Repository/Mobile/OR Booking/android.widget.EditText0'

2019-02-12 10:25:29 - [TEST_STEP][PASSED] - delay(findTestData("Delay Step").getValue(1, 2), STOP_ON_FAILURE): Delayed 5 second(s)

2019-02-12 10:25:34 - [MESSAGE][PASSED] - Delayed 5 second(s)

2019-02-12 10:25:34 - [TEST_STEP][PASSED] - tap(findTestObject("Mobile/OR Booking/android.widget.Button1 - OK"), 0): Tapped on element 'Object Repository/Mobile/OR Booking/android.widget.Button1 - OK'

2019-02-12 10:25:34 - [MESSAGE][WARNING] - Timeout '0' is invalid. Using default page load timeout: '100'

2019-02-12 10:25:38 - [MESSAGE][PASSED] - Tapped on element 'Object Repository/Mobile/OR Booking/android.widget.Button1 - OK'

2019-02-12 10:25:38 - [TEST_STEP][PASSED] - tap(findTestObject("Mobile/OR Booking/android.widget.RelativeLayout7"), 0): Tapped on element 'Object Repository/Mobile/OR Booking/android.widget.RelativeLayout7'

2019-02-12 10:25:38 - [MESSAGE][WARNING] - Timeout '0' is invalid. Using default page load timeout: '100'

2019-02-12 10:25:41 - [MESSAGE][PASSED] - Tapped on element 'Object Repository/Mobile/OR Booking/android.widget.RelativeLayout7'

2019-02-12 10:25:41 - [TEST_STEP][PASSED] - delay(5, STOP_ON_FAILURE): Delayed 5 second(s)

2019-02-12 10:25:46 - [MESSAGE][PASSED] - Delayed 5 second(s)

2019-02-12 10:25:46 - [TEST_STEP][PASSED] - tap(findTestObject("Mobile/OR Booking/android.widget.Button0 - Confirm"), 0): Tapped on element 'Object Repository/Mobile/OR Booking/android.widget.Button0 - Confirm'

2019-02-12 10:25:46 - [MESSAGE][WARNING] - Timeout '0' is invalid. Using default page load timeout: '100'

2019-02-12 10:25:49 - [MESSAGE][PASSED] - Tapped on element 'Object Repository/Mobile/OR Booking/android.widget.Button0 - Confirm'

2019-02-12 10:25:49 - [TEST_STEP][NOT_RUN] - scrollToText("Pick Up Rules", STOP_ON_FAILURE): NOT_RUN: scrollToText("Pick Up Rules", STOP_ON_FAILURE)

2019-02-12 10:25:49 - [MESSAGE][NOT_RUN] - NOT_RUN: scrollToText("Pick Up Rules", STOP_ON_FAILURE)

2019-02-12 10:25:49 - [TEST_STEP][NOT_RUN] - tap(findTestObject("Mobile/OR Booking/android.widget.RelativeLayout8"), 0): NOT_RUN: tap(findTestObject("Mobile/OR Booking/android.widget.RelativeLayout8"), 0)

2019-02-12 10:25:49 - [MESSAGE][NOT_RUN] - NOT_RUN: tap(findTestObject("Mobile/OR Booking/android.widget.RelativeLayout8"), 0)

2019-02-12 10:25:49 - [TEST_STEP][NOT_RUN] - delay(findTestData("Delay Step").getValue(1, 2), STOP_ON_FAILURE): NOT_RUN: delay(findTestData("Delay Step").getValue(1, 2), STOP_ON_FAILURE)

2019-02-12 10:25:49 - [MESSAGE][NOT_RUN] - NOT_RUN: delay(findTestData("Delay Step").getValue(1, 2), STOP_ON_FAILURE)

2019-02-12 10:25:49 - [TEST_STEP][NOT_RUN] - tap(findTestObject("Mobile/OR Booking/android.widget.Button0 - Confirm"), 0): NOT_RUN: tap(findTestObject("Mobile/OR Booking/android.widget.Button0 - Confirm"), 0)

2019-02-12 10:25:49 - [MESSAGE][NOT_RUN] - NOT_RUN: tap(findTestObject("Mobile/OR Booking/android.widget.Button0 - Confirm"), 0)

2019-02-12 10:25:49 - [TEST_STEP][PASSED] - tap(findTestObject("Mobile/OR Booking/android.widget.Button0 - Continue"), 0): Tapped on element 'Object Repository/Mobile/OR Booking/android.widget.Button0 - Continue'

2019-02-12 10:25:49 - [MESSAGE][WARNING] - Timeout '0' is invalid. Using default page load timeout: '100'

2019-02-12 10:25:53 - [MESSAGE][PASSED] - Tapped on element 'Object Repository/Mobile/OR Booking/android.widget.Button0 - Continue'

2019-02-12 10:25:53 - [TEST_STEP][PASSED] - delay(findTestData("Delay Step").getValue(1, 2), STOP_ON_FAILURE): Delayed 5 second(s)

2019-02-12 10:25:58 - [MESSAGE][PASSED] - Delayed 5 second(s)]]></system-out>
         <system-err><![CDATA[]]></system-err>
      </testcase>
      <testcase name="Test Cases/Mobile/Android/Booking/SC99 Regression/TC09 Rules" classname="Test Cases/Mobile/Android/Booking/SC99 Regression/TC09 Rules" status="PASSED">
         <system-out><![CDATA[2019-02-12 10:25:58 - [TEST_CASE][PASSED] - Test Cases/Mobile/Android/Booking/SC99 Regression/TC09 Rules: Test Cases/Mobile/Android/Booking/SC99 Regression/TC09 Rules

2019-02-12 10:25:58 - [TEST_STEP][NOT_RUN] - callTestCase(findTestCase("Mobile/Android/Booking/SC99 Regression/TC15 Select car from list cars"), [:], STOP_ON_FAILURE): NOT_RUN: callTestCase(findTestCase("Mobile/Android/Booking/SC99 Regression/TC15 Select car from list cars"), [:], STOP_ON_FAILURE)

2019-02-12 10:25:58 - [MESSAGE][NOT_RUN] - NOT_RUN: callTestCase(findTestCase("Mobile/Android/Booking/SC99 Regression/TC15 Select car from list cars"), [:], STOP_ON_FAILURE)

2019-02-12 10:25:58 - [TEST_STEP][PASSED] - tap(findTestObject("Mobile/OR Booking/android.widget.TextView - CANCELLATION POLICY"), 0): Tapped on element 'Object Repository/Mobile/OR Booking/android.widget.TextView - CANCELLATION POLICY'

2019-02-12 10:25:58 - [MESSAGE][WARNING] - Timeout '0' is invalid. Using default page load timeout: '100'

2019-02-12 10:25:59 - [MESSAGE][PASSED] - Tapped on element 'Object Repository/Mobile/OR Booking/android.widget.TextView - CANCELLATION POLICY'

2019-02-12 10:25:59 - [TEST_STEP][PASSED] - tap(findTestObject("Mobile/OR Booking/android.widget.Button0 - Agree"), 0): Tapped on element 'Object Repository/Mobile/OR Booking/android.widget.Button0 - Agree'

2019-02-12 10:25:59 - [MESSAGE][WARNING] - Timeout '0' is invalid. Using default page load timeout: '100'

2019-02-12 10:26:01 - [MESSAGE][PASSED] - Tapped on element 'Object Repository/Mobile/OR Booking/android.widget.Button0 - Agree'

2019-02-12 10:26:01 - [TEST_STEP][NOT_RUN] - tap(findTestObject("Mobile/OR Booking/android.widget.Button0 - Pay Later"), 0): NOT_RUN: tap(findTestObject("Mobile/OR Booking/android.widget.Button0 - Pay Later"), 0)

2019-02-12 10:26:01 - [MESSAGE][NOT_RUN] - NOT_RUN: tap(findTestObject("Mobile/OR Booking/android.widget.Button0 - Pay Later"), 0)

2019-02-12 10:26:01 - [TEST_STEP][PASSED] - delay(findTestData("Delay Step").getValue(1, 2), STOP_ON_FAILURE): Delayed 5 second(s)

2019-02-12 10:26:06 - [MESSAGE][PASSED] - Delayed 5 second(s)]]></system-out>
         <system-err><![CDATA[]]></system-err>
      </testcase>
      <testcase name="Test Cases/Mobile/Android/Payment/SC99 Regression/TC01 Pay - Payment" classname="Test Cases/Mobile/Android/Payment/SC99 Regression/TC01 Pay - Payment" status="PASSED">
         <system-out><![CDATA[2019-02-12 10:26:06 - [TEST_CASE][PASSED] - Test Cases/Mobile/Android/Payment/SC99 Regression/TC01 Pay - Payment: Test Cases/Mobile/Android/Payment/SC99 Regression/TC01 Pay - Payment

2019-02-12 10:26:07 - [TEST_STEP][NOT_RUN] - callTestCase(findTestCase("Mobile/Android/Booking/SC99 Regression/TC09 Rules"), [:], STOP_ON_FAILURE): NOT_RUN: callTestCase(findTestCase("Mobile/Android/Booking/SC99 Regression/TC09 Rules"), [:], STOP_ON_FAILURE)

2019-02-12 10:26:07 - [MESSAGE][NOT_RUN] - NOT_RUN: callTestCase(findTestCase("Mobile/Android/Booking/SC99 Regression/TC09 Rules"), [:], STOP_ON_FAILURE)

2019-02-12 10:26:07 - [TEST_STEP][NOT_RUN] - tap(findTestObject("Mobile/OR Payment/android.widget.ImageView2"), 0): NOT_RUN: tap(findTestObject("Mobile/OR Payment/android.widget.ImageView2"), 0)

2019-02-12 10:26:07 - [MESSAGE][NOT_RUN] - NOT_RUN: tap(findTestObject("Mobile/OR Payment/android.widget.ImageView2"), 0)

2019-02-12 10:26:07 - [TEST_STEP][PASSED] - tap(findTestObject("Mobile/OR Payment/android.widget.Button1 - Pay"), 0): Tapped on element 'Object Repository/Mobile/OR Payment/android.widget.Button1 - Pay'

2019-02-12 10:26:07 - [MESSAGE][WARNING] - Timeout '0' is invalid. Using default page load timeout: '100'

2019-02-12 10:26:10 - [MESSAGE][PASSED] - Tapped on element 'Object Repository/Mobile/OR Payment/android.widget.Button1 - Pay'

2019-02-12 10:26:10 - [TEST_STEP][PASSED] - tap(findTestObject("Mobile/OR Payment/android.widget.TextView3 - ALREADY CONFIRM"), 0): Tapped on element 'Object Repository/Mobile/OR Payment/android.widget.TextView3 - ALREADY CONFIRM'

2019-02-12 10:26:11 - [MESSAGE][WARNING] - Timeout '0' is invalid. Using default page load timeout: '100'

2019-02-12 10:26:12 - [MESSAGE][PASSED] - Tapped on element 'Object Repository/Mobile/OR Payment/android.widget.TextView3 - ALREADY CONFIRM'

2019-02-12 10:26:12 - [TEST_STEP][PASSED] - delay(findTestData("Delay Step").getValue(1, 2), STOP_ON_FAILURE): Delayed 5 second(s)

2019-02-12 10:26:17 - [MESSAGE][PASSED] - Delayed 5 second(s)]]></system-out>
         <system-err><![CDATA[]]></system-err>
      </testcase>
      <testcase name="Test Cases/Mobile/Android/Payment/SC99 Regression/TC04 Select payment method" classname="Test Cases/Mobile/Android/Payment/SC99 Regression/TC04 Select payment method" status="PASSED">
         <system-out><![CDATA[2019-02-12 10:26:17 - [TEST_CASE][PASSED] - Test Cases/Mobile/Android/Payment/SC99 Regression/TC04 Select payment method: Test Cases/Mobile/Android/Payment/SC99 Regression/TC04 Select payment method

2019-02-12 10:26:17 - [TEST_STEP][NOT_RUN] - callTestCase(findTestCase("Mobile/Android/Payment/SC99 Regression/TC01 Pay - Payment"), [:], STOP_ON_FAILURE): NOT_RUN: callTestCase(findTestCase("Mobile/Android/Payment/SC99 Regression/TC01 Pay - Payment"), [:], STOP_ON_FAILURE)

2019-02-12 10:26:17 - [MESSAGE][NOT_RUN] - NOT_RUN: callTestCase(findTestCase("Mobile/Android/Payment/SC99 Regression/TC01 Pay - Payment"), [:], STOP_ON_FAILURE)

2019-02-12 10:26:17 - [TEST_STEP][PASSED] - tap(findTestObject("Mobile/OR Payment/android.widget.FrameLayout3"), 0): Tapped on element 'Object Repository/Mobile/OR Payment/android.widget.FrameLayout3'

2019-02-12 10:26:17 - [MESSAGE][WARNING] - Timeout '0' is invalid. Using default page load timeout: '100'

2019-02-12 10:26:19 - [MESSAGE][PASSED] - Tapped on element 'Object Repository/Mobile/OR Payment/android.widget.FrameLayout3'

2019-02-12 10:26:19 - [TEST_STEP][PASSED] - delay(findTestData("Delay Step").getValue(1, 2), STOP_ON_FAILURE): Delayed 5 second(s)

2019-02-12 10:26:24 - [MESSAGE][PASSED] - Delayed 5 second(s)]]></system-out>
         <system-err><![CDATA[]]></system-err>
      </testcase>
      <testcase name="Test Cases/Mobile/Android/Payment/SC99 Regression/TC05 Credit card payment" classname="Test Cases/Mobile/Android/Payment/SC99 Regression/TC05 Credit card payment" status="ERROR">
         <error type="ERROR" message="Test Cases/Mobile/Android/Payment/SC99 Regression/TC05 Credit card payment FAILED.
Reason:
java.lang.IllegalArgumentException: Invalid column index 4 for test data 'C:\Users\WGS-LAP151\git\astra-movic\Data Files\Delay Step.dat'. Column index must be between 1..1
	at com.kms.katalon.core.testdata.AbstractTestData.verifyColumnIndex(AbstractTestData.java:57)
	at com.kms.katalon.core.testdata.AbstractTestData.getObjectValue(AbstractTestData.java:115)
	at com.kms.katalon.core.testdata.AbstractTestData.getValue(AbstractTestData.java:89)
	at com.kms.katalon.core.testdata.TestData$getValue.call(Unknown Source)
	at TC05 Credit card payment.run(TC05 Credit card payment:23)
	at com.kms.katalon.core.main.ScriptEngine.run(ScriptEngine.java:194)
	at com.kms.katalon.core.main.ScriptEngine.runScriptAsRawText(ScriptEngine.java:119)
	at com.kms.katalon.core.main.TestCaseExecutor.runScript(TestCaseExecutor.java:321)
	at com.kms.katalon.core.main.TestCaseExecutor.doExecute(TestCaseExecutor.java:312)
	at com.kms.katalon.core.main.TestCaseExecutor.processExecutionPhase(TestCaseExecutor.java:291)
	at com.kms.katalon.core.main.TestCaseExecutor.accessMainPhase(TestCaseExecutor.java:283)
	at com.kms.katalon.core.main.TestCaseExecutor.execute(TestCaseExecutor.java:222)
	at com.kms.katalon.core.main.TestSuiteExecutor.accessTestCaseMainPhase(TestSuiteExecutor.java:129)
	at com.kms.katalon.core.main.TestSuiteExecutor.accessTestSuiteMainPhase(TestSuiteExecutor.java:112)
	at com.kms.katalon.core.main.TestSuiteExecutor.execute(TestSuiteExecutor.java:81)
	at com.kms.katalon.core.main.TestCaseMain.startTestSuite(TestCaseMain.java:149)
	at com.kms.katalon.core.main.TestCaseMain$startTestSuite$0.call(Unknown Source)
	at TempTestSuite1549941731647.run(TempTestSuite1549941731647.groovy:36)
"/>
         <system-out><![CDATA[2019-02-12 10:26:24 - [TEST_CASE][ERROR] - Test Cases/Mobile/Android/Payment/SC99 Regression/TC05 Credit card payment: Test Cases/Mobile/Android/Payment/SC99 Regression/TC05 Credit card payment FAILED.
Reason:
java.lang.IllegalArgumentException: Invalid column index 4 for test data 'C:\Users\WGS-LAP151\git\astra-movic\Data Files\Delay Step.dat'. Column index must be between 1..1
	at com.kms.katalon.core.testdata.AbstractTestData.verifyColumnIndex(AbstractTestData.java:57)
	at com.kms.katalon.core.testdata.AbstractTestData.getObjectValue(AbstractTestData.java:115)
	at com.kms.katalon.core.testdata.AbstractTestData.getValue(AbstractTestData.java:89)
	at com.kms.katalon.core.testdata.TestData$getValue.call(Unknown Source)
	at TC05 Credit card payment.run(TC05 Credit card payment:23)
	at com.kms.katalon.core.main.ScriptEngine.run(ScriptEngine.java:194)
	at com.kms.katalon.core.main.ScriptEngine.runScriptAsRawText(ScriptEngine.java:119)
	at com.kms.katalon.core.main.TestCaseExecutor.runScript(TestCaseExecutor.java:321)
	at com.kms.katalon.core.main.TestCaseExecutor.doExecute(TestCaseExecutor.java:312)
	at com.kms.katalon.core.main.TestCaseExecutor.processExecutionPhase(TestCaseExecutor.java:291)
	at com.kms.katalon.core.main.TestCaseExecutor.accessMainPhase(TestCaseExecutor.java:283)
	at com.kms.katalon.core.main.TestCaseExecutor.execute(TestCaseExecutor.java:222)
	at com.kms.katalon.core.main.TestSuiteExecutor.accessTestCaseMainPhase(TestSuiteExecutor.java:129)
	at com.kms.katalon.core.main.TestSuiteExecutor.accessTestSuiteMainPhase(TestSuiteExecutor.java:112)
	at com.kms.katalon.core.main.TestSuiteExecutor.execute(TestSuiteExecutor.java:81)
	at com.kms.katalon.core.main.TestCaseMain.startTestSuite(TestCaseMain.java:149)
	at com.kms.katalon.core.main.TestCaseMain$startTestSuite$0.call(Unknown Source)
	at TempTestSuite1549941731647.run(TempTestSuite1549941731647.groovy:36)


2019-02-12 10:26:24 - [TEST_STEP][NOT_RUN] - callTestCase(findTestCase("Mobile/Android/Payment/SC99 Regression/TC04 Select payment method"), [:], STOP_ON_FAILURE): NOT_RUN: callTestCase(findTestCase("Mobile/Android/Payment/SC99 Regression/TC04 Select payment method"), [:], STOP_ON_FAILURE)

2019-02-12 10:26:24 - [MESSAGE][NOT_RUN] - NOT_RUN: callTestCase(findTestCase("Mobile/Android/Payment/SC99 Regression/TC04 Select payment method"), [:], STOP_ON_FAILURE)

2019-02-12 10:26:24 - [TEST_STEP][PASSED] - tap(findTestObject("Mobile/OR Payment/android.widget.FrameLayout3 (1)"), 0): Tapped on element 'Object Repository/Mobile/OR Payment/android.widget.FrameLayout3 (1)'

2019-02-12 10:26:24 - [MESSAGE][WARNING] - Timeout '0' is invalid. Using default page load timeout: '100'

2019-02-12 10:26:28 - [MESSAGE][PASSED] - Tapped on element 'Object Repository/Mobile/OR Payment/android.widget.FrameLayout3 (1)'

2019-02-12 10:26:28 - [TEST_STEP][ERROR] - delay(findTestData("Delay Step").getValue(4, 5), STOP_ON_FAILURE): delay(findTestData("Delay Step").getValue(4, 5), STOP_ON_FAILURE) FAILED.
Reason:
java.lang.IllegalArgumentException: Invalid column index 4 for test data 'C:\Users\WGS-LAP151\git\astra-movic\Data Files\Delay Step.dat'. Column index must be between 1..1
	at com.kms.katalon.core.testdata.AbstractTestData.verifyColumnIndex(AbstractTestData.java:57)
	at com.kms.katalon.core.testdata.AbstractTestData.getObjectValue(AbstractTestData.java:115)
	at com.kms.katalon.core.testdata.AbstractTestData.getValue(AbstractTestData.java:89)
	at com.kms.katalon.core.testdata.TestData$getValue.call(Unknown Source)
	at TC05 Credit card payment.run(TC05 Credit card payment:23)
	at com.kms.katalon.core.main.ScriptEngine.run(ScriptEngine.java:194)
	at com.kms.katalon.core.main.ScriptEngine.runScriptAsRawText(ScriptEngine.java:119)
	at com.kms.katalon.core.main.TestCaseExecutor.runScript(TestCaseExecutor.java:321)
	at com.kms.katalon.core.main.TestCaseExecutor.doExecute(TestCaseExecutor.java:312)
	at com.kms.katalon.core.main.TestCaseExecutor.processExecutionPhase(TestCaseExecutor.java:291)
	at com.kms.katalon.core.main.TestCaseExecutor.accessMainPhase(TestCaseExecutor.java:283)
	at com.kms.katalon.core.main.TestCaseExecutor.execute(TestCaseExecutor.java:222)
	at com.kms.katalon.core.main.TestSuiteExecutor.accessTestCaseMainPhase(TestSuiteExecutor.java:129)
	at com.kms.katalon.core.main.TestSuiteExecutor.accessTestSuiteMainPhase(TestSuiteExecutor.java:112)
	at com.kms.katalon.core.main.TestSuiteExecutor.execute(TestSuiteExecutor.java:81)
	at com.kms.katalon.core.main.TestCaseMain.startTestSuite(TestCaseMain.java:149)
	at com.kms.katalon.core.main.TestCaseMain$startTestSuite$0.call(Unknown Source)
	at TempTestSuite1549941731647.run(TempTestSuite1549941731647.groovy:36)


2019-02-12 10:26:28 - [MESSAGE][ERROR] - delay(findTestData("Delay Step").getValue(4, 5), STOP_ON_FAILURE) FAILED.
Reason:
java.lang.IllegalArgumentException: Invalid column index 4 for test data 'C:\Users\WGS-LAP151\git\astra-movic\Data Files\Delay Step.dat'. Column index must be between 1..1
	at com.kms.katalon.core.testdata.AbstractTestData.verifyColumnIndex(AbstractTestData.java:57)
	at com.kms.katalon.core.testdata.AbstractTestData.getObjectValue(AbstractTestData.java:115)
	at com.kms.katalon.core.testdata.AbstractTestData.getValue(AbstractTestData.java:89)
	at com.kms.katalon.core.testdata.TestData$getValue.call(Unknown Source)
	at TC05 Credit card payment.run(TC05 Credit card payment:23)
	at com.kms.katalon.core.main.ScriptEngine.run(ScriptEngine.java:194)
	at com.kms.katalon.core.main.ScriptEngine.runScriptAsRawText(ScriptEngine.java:119)
	at com.kms.katalon.core.main.TestCaseExecutor.runScript(TestCaseExecutor.java:321)
	at com.kms.katalon.core.main.TestCaseExecutor.doExecute(TestCaseExecutor.java:312)
	at com.kms.katalon.core.main.TestCaseExecutor.processExecutionPhase(TestCaseExecutor.java:291)
	at com.kms.katalon.core.main.TestCaseExecutor.accessMainPhase(TestCaseExecutor.java:283)
	at com.kms.katalon.core.main.TestCaseExecutor.execute(TestCaseExecutor.java:222)
	at com.kms.katalon.core.main.TestSuiteExecutor.accessTestCaseMainPhase(TestSuiteExecutor.java:129)
	at com.kms.katalon.core.main.TestSuiteExecutor.accessTestSuiteMainPhase(TestSuiteExecutor.java:112)
	at com.kms.katalon.core.main.TestSuiteExecutor.execute(TestSuiteExecutor.java:81)
	at com.kms.katalon.core.main.TestCaseMain.startTestSuite(TestCaseMain.java:149)
	at com.kms.katalon.core.main.TestCaseMain$startTestSuite$0.call(Unknown Source)
	at TempTestSuite1549941731647.run(TempTestSuite1549941731647.groovy:36)]]></system-out>
         <system-err><![CDATA[2019-02-12 10:26:24 - [TEST_CASE][ERROR] - Test Cases/Mobile/Android/Payment/SC99 Regression/TC05 Credit card payment: Test Cases/Mobile/Android/Payment/SC99 Regression/TC05 Credit card payment FAILED.
Reason:
java.lang.IllegalArgumentException: Invalid column index 4 for test data 'C:\Users\WGS-LAP151\git\astra-movic\Data Files\Delay Step.dat'. Column index must be between 1..1
	at com.kms.katalon.core.testdata.AbstractTestData.verifyColumnIndex(AbstractTestData.java:57)
	at com.kms.katalon.core.testdata.AbstractTestData.getObjectValue(AbstractTestData.java:115)
	at com.kms.katalon.core.testdata.AbstractTestData.getValue(AbstractTestData.java:89)
	at com.kms.katalon.core.testdata.TestData$getValue.call(Unknown Source)
	at TC05 Credit card payment.run(TC05 Credit card payment:23)
	at com.kms.katalon.core.main.ScriptEngine.run(ScriptEngine.java:194)
	at com.kms.katalon.core.main.ScriptEngine.runScriptAsRawText(ScriptEngine.java:119)
	at com.kms.katalon.core.main.TestCaseExecutor.runScript(TestCaseExecutor.java:321)
	at com.kms.katalon.core.main.TestCaseExecutor.doExecute(TestCaseExecutor.java:312)
	at com.kms.katalon.core.main.TestCaseExecutor.processExecutionPhase(TestCaseExecutor.java:291)
	at com.kms.katalon.core.main.TestCaseExecutor.accessMainPhase(TestCaseExecutor.java:283)
	at com.kms.katalon.core.main.TestCaseExecutor.execute(TestCaseExecutor.java:222)
	at com.kms.katalon.core.main.TestSuiteExecutor.accessTestCaseMainPhase(TestSuiteExecutor.java:129)
	at com.kms.katalon.core.main.TestSuiteExecutor.accessTestSuiteMainPhase(TestSuiteExecutor.java:112)
	at com.kms.katalon.core.main.TestSuiteExecutor.execute(TestSuiteExecutor.java:81)
	at com.kms.katalon.core.main.TestCaseMain.startTestSuite(TestCaseMain.java:149)
	at com.kms.katalon.core.main.TestCaseMain$startTestSuite$0.call(Unknown Source)
	at TempTestSuite1549941731647.run(TempTestSuite1549941731647.groovy:36)]]></system-err>
      </testcase>
      <system-out><![CDATA[2019-02-12 10:22:17 - [TEST_SUITE][ERROR] - Reservation From Click Image at Section Category Car: Test Cases/Mobile/Android/Payment/SC99 Regression/TC05 Credit card payment FAILED.
Reason:
java.lang.IllegalArgumentException: Invalid column index 4 for test data 'C:\Users\WGS-LAP151\git\astra-movic\Data Files\Delay Step.dat'. Column index must be between 1..1
	at com.kms.katalon.core.testdata.AbstractTestData.verifyColumnIndex(AbstractTestData.java:57)
	at com.kms.katalon.core.testdata.AbstractTestData.getObjectValue(AbstractTestData.java:115)
	at com.kms.katalon.core.testdata.AbstractTestData.getValue(AbstractTestData.java:89)
	at com.kms.katalon.core.testdata.TestData$getValue.call(Unknown Source)
	at TC05 Credit card payment.run(TC05 Credit card payment:23)
	at com.kms.katalon.core.main.ScriptEngine.run(ScriptEngine.java:194)
	at com.kms.katalon.core.main.ScriptEngine.runScriptAsRawText(ScriptEngine.java:119)
	at com.kms.katalon.core.main.TestCaseExecutor.runScript(TestCaseExecutor.java:321)
	at com.kms.katalon.core.main.TestCaseExecutor.doExecute(TestCaseExecutor.java:312)
	at com.kms.katalon.core.main.TestCaseExecutor.processExecutionPhase(TestCaseExecutor.java:291)
	at com.kms.katalon.core.main.TestCaseExecutor.accessMainPhase(TestCaseExecutor.java:283)
	at com.kms.katalon.core.main.TestCaseExecutor.execute(TestCaseExecutor.java:222)
	at com.kms.katalon.core.main.TestSuiteExecutor.accessTestCaseMainPhase(TestSuiteExecutor.java:129)
	at com.kms.katalon.core.main.TestSuiteExecutor.accessTestSuiteMainPhase(TestSuiteExecutor.java:112)
	at com.kms.katalon.core.main.TestSuiteExecutor.execute(TestSuiteExecutor.java:81)
	at com.kms.katalon.core.main.TestCaseMain.startTestSuite(TestCaseMain.java:149)
	at com.kms.katalon.core.main.TestCaseMain$startTestSuite$0.call(Unknown Source)
	at TempTestSuite1549941731647.run(TempTestSuite1549941731647.groovy:36)]]></system-out>
      <system-err><![CDATA[2019-02-12 10:22:17 - [TEST_SUITE][ERROR] - Reservation From Click Image at Section Category Car: Test Cases/Mobile/Android/Payment/SC99 Regression/TC05 Credit card payment FAILED.
Reason:
java.lang.IllegalArgumentException: Invalid column index 4 for test data 'C:\Users\WGS-LAP151\git\astra-movic\Data Files\Delay Step.dat'. Column index must be between 1..1
	at com.kms.katalon.core.testdata.AbstractTestData.verifyColumnIndex(AbstractTestData.java:57)
	at com.kms.katalon.core.testdata.AbstractTestData.getObjectValue(AbstractTestData.java:115)
	at com.kms.katalon.core.testdata.AbstractTestData.getValue(AbstractTestData.java:89)
	at com.kms.katalon.core.testdata.TestData$getValue.call(Unknown Source)
	at TC05 Credit card payment.run(TC05 Credit card payment:23)
	at com.kms.katalon.core.main.ScriptEngine.run(ScriptEngine.java:194)
	at com.kms.katalon.core.main.ScriptEngine.runScriptAsRawText(ScriptEngine.java:119)
	at com.kms.katalon.core.main.TestCaseExecutor.runScript(TestCaseExecutor.java:321)
	at com.kms.katalon.core.main.TestCaseExecutor.doExecute(TestCaseExecutor.java:312)
	at com.kms.katalon.core.main.TestCaseExecutor.processExecutionPhase(TestCaseExecutor.java:291)
	at com.kms.katalon.core.main.TestCaseExecutor.accessMainPhase(TestCaseExecutor.java:283)
	at com.kms.katalon.core.main.TestCaseExecutor.execute(TestCaseExecutor.java:222)
	at com.kms.katalon.core.main.TestSuiteExecutor.accessTestCaseMainPhase(TestSuiteExecutor.java:129)
	at com.kms.katalon.core.main.TestSuiteExecutor.accessTestSuiteMainPhase(TestSuiteExecutor.java:112)
	at com.kms.katalon.core.main.TestSuiteExecutor.execute(TestSuiteExecutor.java:81)
	at com.kms.katalon.core.main.TestCaseMain.startTestSuite(TestCaseMain.java:149)
	at com.kms.katalon.core.main.TestCaseMain$startTestSuite$0.call(Unknown Source)
	at TempTestSuite1549941731647.run(TempTestSuite1549941731647.groovy:36)]]></system-err>
   </testsuite>
</testsuites>
