<?xml version="1.0" encoding="UTF-8"?>
<testsuites name="Set Discount Owned(Dengan Driver) Cars by Owner" time="124" tests="1" failures="1" errors="0">
   <testsuite name="Set Discount Owned(Dengan Driver) Cars by Owner" tests="1" failures="1" errors="0" time="124" timestamp="2019-03-12 11:07:34" hostname="WGS-LAP151 - INVWGSLAP151" id="Test Suites/Front-End/Set Discount Owned(Dengan Driver) Cars by Owner">
      <properties>
         <property name="deviceName" value=""/>
         <property name="devicePlatform" value=""/>
         <property name="logFolder" value="C:\\Users\\WGS-LAP151\\git\\astra-movic\\Reports\\Front-End\\Set Discount Owned(Dengan Driver) Cars by Owner\\20190312_110723"/>
         <property name="logFiles" value="C:\\Users\\WGS-LAP151\\git\\astra-movic\\Reports\\Front-End\\Set Discount Owned(Dengan Driver) Cars by Owner\\20190312_110723\\execution0.log"/>
         <property name="attachments" value="C:\\Users\\WGS-LAP151\\git\\astra-movic\\Reports\\Front-End\\Set Discount Owned(Dengan Driver) Cars by Owner\\20190312_110723\\1552363773756.png"/>
         <property name="hostName" value="WGS-LAP151 - INVWGSLAP151"/>
         <property name="os" value="Windows 10 64bit"/>
         <property name="katalonVersion" value="5.9.1.2"/>
         <property name="browser" value="Chrome 72.0.3626.121"/>
         <property name="hostAddress" value="10.10.11.125"/>
         <property name="sessionId" value="9f07a6e8299ce5ff4a2e60d0e16d7420"/>
         <property name="seleniumVersion" value="3.7.1"/>
         <property name="proxyInformation" value="ProxyInformation{proxyOption=NO_PROXY, proxyServerType=HTTP, password=, proxyServerAddress=, proxyServerPort=0}"/>
         <property name="platform" value="Windows 10"/>
      </properties>
      <testcase name="Test Cases/Front-End/User/SC99 Regression/TC12 Login Sebagai Owner" classname="Test Cases/Front-End/User/SC99 Regression/TC12 Login Sebagai Owner" status="PASSED">
         <system-out><![CDATA[2019-03-12 11:07:36 - [TEST_CASE][PASSED] - Test Cases/Front-End/User/SC99 Regression/TC12 Login Sebagai Owner: Test Cases/Front-End/User/SC99 Regression/TC12 Login Sebagai Owner

2019-03-12 11:07:37 - [TEST_STEP][PASSED] - openBrowser(""): Browser is opened with url: ''

2019-03-12 11:07:39 - [MESSAGE][INFO] - Starting 'Chrome' driver

2019-03-12 11:07:39 - [MESSAGE][INFO] - Action delay is set to 0 seconds

2019-03-12 11:08:21 - [MESSAGE][PASSED] - Browser is opened with url: ''

2019-03-12 11:08:21 - [TEST_STEP][PASSED] - maximizeWindow(): Current window maximized

2019-03-12 11:08:22 - [MESSAGE][PASSED] - Current window maximized

2019-03-12 11:08:22 - [TEST_STEP][PASSED] - navigateToUrl("https://stg.movic.id/home"): Navigate to 'https://stg.movic.id/home' successfully

2019-03-12 11:08:55 - [MESSAGE][PASSED] - Navigate to 'https://stg.movic.id/home' successfully

2019-03-12 11:08:55 - [TEST_STEP][PASSED] - waitForPageLoad(10): Wait for page load successfully

2019-03-12 11:08:57 - [MESSAGE][PASSED] - Wait for page load successfully

2019-03-12 11:08:57 - [TEST_STEP][PASSED] - click(findTestObject("Object Repository/Front-End/OR User/OR Login sebagai Owner/a_Masuk")): Object: 'Object Repository/Front-End/OR User/OR Login sebagai Owner/a_Masuk' is clicked on

2019-03-12 11:08:58 - [MESSAGE][PASSED] - Object: 'Object Repository/Front-End/OR User/OR Login sebagai Owner/a_Masuk' is clicked on

2019-03-12 11:08:58 - [TEST_STEP][PASSED] - delay(3): Delayed 3 second(s)

2019-03-12 11:09:02 - [MESSAGE][PASSED] - Delayed 3 second(s)

2019-03-12 11:09:02 - [TEST_STEP][PASSED] - setText(findTestObject("Object Repository/Front-End/OR User/OR Login sebagai Owner/input_EmailNomor Handphone_for"), "082128751192"): Text '082128751192' is set on object 'Object Repository/Front-End/OR User/OR Login sebagai Owner/input_EmailNomor Handphone_for'

2019-03-12 11:09:03 - [MESSAGE][PASSED] - Text '082128751192' is set on object 'Object Repository/Front-End/OR User/OR Login sebagai Owner/input_EmailNomor Handphone_for'

2019-03-12 11:09:03 - [TEST_STEP][NOT_RUN] - setText(findTestObject("Object Repository/Front-End/OR User/OR Login sebagai Owner/input_EmailNomor Handphone_for"), "ali.msaputra01@gmail.com"): NOT_RUN: setText(findTestObject("Object Repository/Front-End/OR User/OR Login sebagai Owner/input_EmailNomor Handphone_for"), "ali.msaputra01@gmail.com")

2019-03-12 11:09:03 - [MESSAGE][NOT_RUN] - NOT_RUN: setText(findTestObject("Object Repository/Front-End/OR User/OR Login sebagai Owner/input_EmailNomor Handphone_for"), "ali.msaputra01@gmail.com")

2019-03-12 11:09:03 - [TEST_STEP][PASSED] - delay(3): Delayed 3 second(s)

2019-03-12 11:09:06 - [MESSAGE][PASSED] - Delayed 3 second(s)

2019-03-12 11:09:06 - [TEST_STEP][PASSED] - setText(findTestObject("Object Repository/Front-End/OR User/OR Login sebagai Owner/input_Password_form-control ng"), "password10"): Text 'password10' is set on object 'Object Repository/Front-End/OR User/OR Login sebagai Owner/input_Password_form-control ng'

2019-03-12 11:09:07 - [MESSAGE][PASSED] - Text 'password10' is set on object 'Object Repository/Front-End/OR User/OR Login sebagai Owner/input_Password_form-control ng'

2019-03-12 11:09:07 - [TEST_STEP][PASSED] - delay(3): Delayed 3 second(s)

2019-03-12 11:09:10 - [MESSAGE][PASSED] - Delayed 3 second(s)

2019-03-12 11:09:10 - [TEST_STEP][PASSED] - click(findTestObject("Object Repository/Front-End/OR User/OR Login sebagai Owner/button_MASUK")): Object: 'Object Repository/Front-End/OR User/OR Login sebagai Owner/button_MASUK' is clicked on

2019-03-12 11:09:10 - [MESSAGE][PASSED] - Object: 'Object Repository/Front-End/OR User/OR Login sebagai Owner/button_MASUK' is clicked on

2019-03-12 11:09:10 - [TEST_STEP][PASSED] - delay(3): Delayed 3 second(s)

2019-03-12 11:09:13 - [MESSAGE][PASSED] - Delayed 3 second(s)

2019-03-12 11:09:13 - [TEST_STEP][PASSED] - click(findTestObject("Front-End/OR User/OR Login sebagai Owner/a_Switch to Owner update")): Object: 'Object Repository/Front-End/OR User/OR Login sebagai Owner/a_Switch to Owner update' is clicked on

2019-03-12 11:09:24 - [MESSAGE][PASSED] - Object: 'Object Repository/Front-End/OR User/OR Login sebagai Owner/a_Switch to Owner update' is clicked on

2019-03-12 11:09:24 - [TEST_STEP][PASSED] - delay(3): Delayed 3 second(s)

2019-03-12 11:09:27 - [MESSAGE][PASSED] - Delayed 3 second(s)]]></system-out>
         <system-err><![CDATA[]]></system-err>
      </testcase>
      <testcase name="Test Cases/Front-End/Product/SC99 Regression/TC08 Set discount data mobil (ubah ke kondisi dengan potongan harga)" classname="Test Cases/Front-End/Product/SC99 Regression/TC08 Set discount data mobil (ubah ke kondisi dengan potongan harga)" status="FAILED">
         <failure type="FAILED" message="Test Cases/Front-End/Product/SC99 Regression/TC08 Set discount data mobil (ubah ke kondisi dengan potongan harga) FAILED.
Reason:
com.kms.katalon.core.exception.StepFailedException: Unable to click on object 'Object Repository/Front-End/OR Product/OR Set discount data mobil (ubah ke kondisi dengan potongan harga/button_Tersedia_btn btn-primar' (Root cause: org.openqa.selenium.StaleElementReferenceException: stale element reference: element is not attached to the page document
  (Session info: chrome=72.0.3626.121)
  (Driver info: chromedriver=2.43.600210 (68dcf5eebde37173d4027fa8635e332711d2874a),platform=Windows NT 10.0.17134 x86_64) (WARNING: The server did not provide any stacktrace information)
Command duration or timeout: 0 milliseconds
For documentation on this error, please visit: http://seleniumhq.org/exceptions/stale_element_reference.html
Build info: version: '3.7.1', revision: '8a0099a', time: '2017-11-06T21:07:36.161Z'
System info: host: 'INVWGSLAP151', ip: '10.10.11.125', os.name: 'Windows 10', os.arch: 'amd64', os.version: '10.0', java.version: '1.8.0_181'
Driver info: com.kms.katalon.selenium.driver.CChromeDriver
Capabilities {acceptInsecureCerts: false, acceptSslCerts: false, applicationCacheEnabled: false, browserConnectionEnabled: false, browserName: chrome, chrome: {chromedriverVersion: 2.43.600210 (68dcf5eebde371..., userDataDir: C:\Users\WGS-LA~1\AppData\L...}, cssSelectorsEnabled: true, databaseEnabled: false, goog:chromeOptions: {debuggerAddress: localhost:7134}, handlesAlerts: true, hasTouchScreen: false, javascriptEnabled: true, locationContextEnabled: true, mobileEmulationEnabled: false, nativeEvents: true, networkConnectionEnabled: false, pageLoadStrategy: normal, platform: XP, platformName: XP, rotatable: false, setWindowRect: true, takesHeapSnapshot: true, takesScreenshot: true, unexpectedAlertBehaviour: , unhandledPromptBehavior: , version: 72.0.3626.121, webStorageEnabled: true}
Session ID: 9f07a6e8299ce5ff4a2e60d0e16d7420)
	at com.kms.katalon.core.keyword.internal.KeywordMain.stepFailed(KeywordMain.groovy:36)
	at com.kms.katalon.core.webui.keyword.internal.WebUIKeywordMain.stepFailed(WebUIKeywordMain.groovy:65)
	at com.kms.katalon.core.webui.keyword.internal.WebUIKeywordMain.runKeyword(WebUIKeywordMain.groovy:27)
	at com.kms.katalon.core.webui.keyword.builtin.ClickKeyword.click(ClickKeyword.groovy:86)
	at com.kms.katalon.core.webui.keyword.builtin.ClickKeyword.execute(ClickKeyword.groovy:67)
	at com.kms.katalon.core.keyword.internal.KeywordExecutor.executeKeywordForPlatform(KeywordExecutor.groovy:53)
	at com.kms.katalon.core.webui.keyword.WebUiBuiltInKeywords.click(WebUiBuiltInKeywords.groovy:616)
	at com.kms.katalon.core.webui.keyword.WebUiBuiltInKeywords$click$3.call(Unknown Source)
	at TC08 Set discount data mobil (ubah ke kondisi dengan potongan harga).run(TC08 Set discount data mobil (ubah ke kondisi dengan potongan harga):35)
	at com.kms.katalon.core.main.ScriptEngine.run(ScriptEngine.java:194)
	at com.kms.katalon.core.main.ScriptEngine.runScriptAsRawText(ScriptEngine.java:119)
	at com.kms.katalon.core.main.TestCaseExecutor.runScript(TestCaseExecutor.java:321)
	at com.kms.katalon.core.main.TestCaseExecutor.doExecute(TestCaseExecutor.java:312)
	at com.kms.katalon.core.main.TestCaseExecutor.processExecutionPhase(TestCaseExecutor.java:291)
	at com.kms.katalon.core.main.TestCaseExecutor.accessMainPhase(TestCaseExecutor.java:283)
	at com.kms.katalon.core.main.TestCaseExecutor.execute(TestCaseExecutor.java:222)
	at com.kms.katalon.core.main.TestSuiteExecutor.accessTestCaseMainPhase(TestSuiteExecutor.java:129)
	at com.kms.katalon.core.main.TestSuiteExecutor.accessTestSuiteMainPhase(TestSuiteExecutor.java:112)
	at com.kms.katalon.core.main.TestSuiteExecutor.execute(TestSuiteExecutor.java:81)
	at com.kms.katalon.core.main.TestCaseMain.startTestSuite(TestCaseMain.java:149)
	at com.kms.katalon.core.main.TestCaseMain$startTestSuite$0.call(Unknown Source)
	at TempTestSuite1552363643844.run(TempTestSuite1552363643844.groovy:36)
"/>
         <system-out><![CDATA[2019-03-12 11:09:27 - [TEST_CASE][FAILED] - Test Cases/Front-End/Product/SC99 Regression/TC08 Set discount data mobil (ubah ke kondisi dengan potongan harga): Test Cases/Front-End/Product/SC99 Regression/TC08 Set discount data mobil (ubah ke kondisi dengan potongan harga) FAILED.
Reason:
com.kms.katalon.core.exception.StepFailedException: Unable to click on object 'Object Repository/Front-End/OR Product/OR Set discount data mobil (ubah ke kondisi dengan potongan harga/button_Tersedia_btn btn-primar' (Root cause: org.openqa.selenium.StaleElementReferenceException: stale element reference: element is not attached to the page document
  (Session info: chrome=72.0.3626.121)
  (Driver info: chromedriver=2.43.600210 (68dcf5eebde37173d4027fa8635e332711d2874a),platform=Windows NT 10.0.17134 x86_64) (WARNING: The server did not provide any stacktrace information)
Command duration or timeout: 0 milliseconds
For documentation on this error, please visit: http://seleniumhq.org/exceptions/stale_element_reference.html
Build info: version: '3.7.1', revision: '8a0099a', time: '2017-11-06T21:07:36.161Z'
System info: host: 'INVWGSLAP151', ip: '10.10.11.125', os.name: 'Windows 10', os.arch: 'amd64', os.version: '10.0', java.version: '1.8.0_181'
Driver info: com.kms.katalon.selenium.driver.CChromeDriver
Capabilities {acceptInsecureCerts: false, acceptSslCerts: false, applicationCacheEnabled: false, browserConnectionEnabled: false, browserName: chrome, chrome: {chromedriverVersion: 2.43.600210 (68dcf5eebde371..., userDataDir: C:\Users\WGS-LA~1\AppData\L...}, cssSelectorsEnabled: true, databaseEnabled: false, goog:chromeOptions: {debuggerAddress: localhost:7134}, handlesAlerts: true, hasTouchScreen: false, javascriptEnabled: true, locationContextEnabled: true, mobileEmulationEnabled: false, nativeEvents: true, networkConnectionEnabled: false, pageLoadStrategy: normal, platform: XP, platformName: XP, rotatable: false, setWindowRect: true, takesHeapSnapshot: true, takesScreenshot: true, unexpectedAlertBehaviour: , unhandledPromptBehavior: , version: 72.0.3626.121, webStorageEnabled: true}
Session ID: 9f07a6e8299ce5ff4a2e60d0e16d7420)
	at com.kms.katalon.core.keyword.internal.KeywordMain.stepFailed(KeywordMain.groovy:36)
	at com.kms.katalon.core.webui.keyword.internal.WebUIKeywordMain.stepFailed(WebUIKeywordMain.groovy:65)
	at com.kms.katalon.core.webui.keyword.internal.WebUIKeywordMain.runKeyword(WebUIKeywordMain.groovy:27)
	at com.kms.katalon.core.webui.keyword.builtin.ClickKeyword.click(ClickKeyword.groovy:86)
	at com.kms.katalon.core.webui.keyword.builtin.ClickKeyword.execute(ClickKeyword.groovy:67)
	at com.kms.katalon.core.keyword.internal.KeywordExecutor.executeKeywordForPlatform(KeywordExecutor.groovy:53)
	at com.kms.katalon.core.webui.keyword.WebUiBuiltInKeywords.click(WebUiBuiltInKeywords.groovy:616)
	at com.kms.katalon.core.webui.keyword.WebUiBuiltInKeywords$click$3.call(Unknown Source)
	at TC08 Set discount data mobil (ubah ke kondisi dengan potongan harga).run(TC08 Set discount data mobil (ubah ke kondisi dengan potongan harga):35)
	at com.kms.katalon.core.main.ScriptEngine.run(ScriptEngine.java:194)
	at com.kms.katalon.core.main.ScriptEngine.runScriptAsRawText(ScriptEngine.java:119)
	at com.kms.katalon.core.main.TestCaseExecutor.runScript(TestCaseExecutor.java:321)
	at com.kms.katalon.core.main.TestCaseExecutor.doExecute(TestCaseExecutor.java:312)
	at com.kms.katalon.core.main.TestCaseExecutor.processExecutionPhase(TestCaseExecutor.java:291)
	at com.kms.katalon.core.main.TestCaseExecutor.accessMainPhase(TestCaseExecutor.java:283)
	at com.kms.katalon.core.main.TestCaseExecutor.execute(TestCaseExecutor.java:222)
	at com.kms.katalon.core.main.TestSuiteExecutor.accessTestCaseMainPhase(TestSuiteExecutor.java:129)
	at com.kms.katalon.core.main.TestSuiteExecutor.accessTestSuiteMainPhase(TestSuiteExecutor.java:112)
	at com.kms.katalon.core.main.TestSuiteExecutor.execute(TestSuiteExecutor.java:81)
	at com.kms.katalon.core.main.TestCaseMain.startTestSuite(TestCaseMain.java:149)
	at com.kms.katalon.core.main.TestCaseMain$startTestSuite$0.call(Unknown Source)
	at TempTestSuite1552363643844.run(TempTestSuite1552363643844.groovy:36)


2019-03-12 11:09:28 - [TEST_STEP][NOT_RUN] - callTestCase(findTestCase("Front-End/User/SC99 Regression/TC12 Login Sebagai Owner"), [:], STOP_ON_FAILURE): NOT_RUN: callTestCase(findTestCase("Front-End/User/SC99 Regression/TC12 Login Sebagai Owner"), [:], STOP_ON_FAILURE)

2019-03-12 11:09:28 - [MESSAGE][NOT_RUN] - NOT_RUN: callTestCase(findTestCase("Front-End/User/SC99 Regression/TC12 Login Sebagai Owner"), [:], STOP_ON_FAILURE)

2019-03-12 11:09:28 - [TEST_STEP][PASSED] - delay(1): Delayed 1 second(s)

2019-03-12 11:09:29 - [MESSAGE][PASSED] - Delayed 1 second(s)

2019-03-12 11:09:29 - [TEST_STEP][PASSED] - click(findTestObject("Object Repository/Front-End/OR Product/OR Set discount data mobil (ubah ke kondisi dengan potongan harga/img")): Object: 'Object Repository/Front-End/OR Product/OR Set discount data mobil (ubah ke kondisi dengan potongan harga/img' is clicked on

2019-03-12 11:09:30 - [MESSAGE][PASSED] - Object: 'Object Repository/Front-End/OR Product/OR Set discount data mobil (ubah ke kondisi dengan potongan harga/img' is clicked on

2019-03-12 11:09:30 - [TEST_STEP][PASSED] - delay(1): Delayed 1 second(s)

2019-03-12 11:09:31 - [MESSAGE][PASSED] - Delayed 1 second(s)

2019-03-12 11:09:31 - [TEST_STEP][PASSED] - setText(findTestObject("Object Repository/Front-End/OR Product/OR Set discount data mobil (ubah ke kondisi dengan potongan harga/input_SORT BY _form-control ty"), "kuda"): Text 'kuda' is set on object 'Object Repository/Front-End/OR Product/OR Set discount data mobil (ubah ke kondisi dengan potongan harga/input_SORT BY _form-control ty'

2019-03-12 11:09:31 - [MESSAGE][PASSED] - Text 'kuda' is set on object 'Object Repository/Front-End/OR Product/OR Set discount data mobil (ubah ke kondisi dengan potongan harga/input_SORT BY _form-control ty'

2019-03-12 11:09:31 - [TEST_STEP][PASSED] - delay(1): Delayed 1 second(s)

2019-03-12 11:09:32 - [MESSAGE][PASSED] - Delayed 1 second(s)

2019-03-12 11:09:32 - [TEST_STEP][PASSED] - click(findTestObject("Front-End/OR Product/OR Edit Mobil/Page_Owner - Edit Car/img - search")): Object: 'Object Repository/Front-End/OR Product/OR Edit Mobil/Page_Owner - Edit Car/img - search' is clicked on

2019-03-12 11:09:33 - [MESSAGE][PASSED] - Object: 'Object Repository/Front-End/OR Product/OR Edit Mobil/Page_Owner - Edit Car/img - search' is clicked on

2019-03-12 11:09:33 - [TEST_STEP][FAILED] - click(findTestObject("Object Repository/Front-End/OR Product/OR Set discount data mobil (ubah ke kondisi dengan potongan harga/button_Tersedia_btn btn-primar")): click(findTestObject("Object Repository/Front-End/OR Product/OR Set discount data mobil (ubah ke kondisi dengan potongan harga/button_Tersedia_btn btn-primar")) FAILED.
Reason:
com.kms.katalon.core.exception.StepFailedException: Unable to click on object 'Object Repository/Front-End/OR Product/OR Set discount data mobil (ubah ke kondisi dengan potongan harga/button_Tersedia_btn btn-primar' (Root cause: org.openqa.selenium.StaleElementReferenceException: stale element reference: element is not attached to the page document
  (Session info: chrome=72.0.3626.121)
  (Driver info: chromedriver=2.43.600210 (68dcf5eebde37173d4027fa8635e332711d2874a),platform=Windows NT 10.0.17134 x86_64) (WARNING: The server did not provide any stacktrace information)
Command duration or timeout: 0 milliseconds
For documentation on this error, please visit: http://seleniumhq.org/exceptions/stale_element_reference.html
Build info: version: '3.7.1', revision: '8a0099a', time: '2017-11-06T21:07:36.161Z'
System info: host: 'INVWGSLAP151', ip: '10.10.11.125', os.name: 'Windows 10', os.arch: 'amd64', os.version: '10.0', java.version: '1.8.0_181'
Driver info: com.kms.katalon.selenium.driver.CChromeDriver
Capabilities {acceptInsecureCerts: false, acceptSslCerts: false, applicationCacheEnabled: false, browserConnectionEnabled: false, browserName: chrome, chrome: {chromedriverVersion: 2.43.600210 (68dcf5eebde371..., userDataDir: C:\Users\WGS-LA~1\AppData\L...}, cssSelectorsEnabled: true, databaseEnabled: false, goog:chromeOptions: {debuggerAddress: localhost:7134}, handlesAlerts: true, hasTouchScreen: false, javascriptEnabled: true, locationContextEnabled: true, mobileEmulationEnabled: false, nativeEvents: true, networkConnectionEnabled: false, pageLoadStrategy: normal, platform: XP, platformName: XP, rotatable: false, setWindowRect: true, takesHeapSnapshot: true, takesScreenshot: true, unexpectedAlertBehaviour: , unhandledPromptBehavior: , version: 72.0.3626.121, webStorageEnabled: true}
Session ID: 9f07a6e8299ce5ff4a2e60d0e16d7420)
	at com.kms.katalon.core.keyword.internal.KeywordMain.stepFailed(KeywordMain.groovy:36)
	at com.kms.katalon.core.webui.keyword.internal.WebUIKeywordMain.stepFailed(WebUIKeywordMain.groovy:65)
	at com.kms.katalon.core.webui.keyword.internal.WebUIKeywordMain.runKeyword(WebUIKeywordMain.groovy:27)
	at com.kms.katalon.core.webui.keyword.builtin.ClickKeyword.click(ClickKeyword.groovy:86)
	at com.kms.katalon.core.webui.keyword.builtin.ClickKeyword.execute(ClickKeyword.groovy:67)
	at com.kms.katalon.core.keyword.internal.KeywordExecutor.executeKeywordForPlatform(KeywordExecutor.groovy:53)
	at com.kms.katalon.core.webui.keyword.WebUiBuiltInKeywords.click(WebUiBuiltInKeywords.groovy:616)
	at com.kms.katalon.core.webui.keyword.WebUiBuiltInKeywords$click$3.call(Unknown Source)
	at TC08 Set discount data mobil (ubah ke kondisi dengan potongan harga).run(TC08 Set discount data mobil (ubah ke kondisi dengan potongan harga):35)
	at com.kms.katalon.core.main.ScriptEngine.run(ScriptEngine.java:194)
	at com.kms.katalon.core.main.ScriptEngine.runScriptAsRawText(ScriptEngine.java:119)
	at com.kms.katalon.core.main.TestCaseExecutor.runScript(TestCaseExecutor.java:321)
	at com.kms.katalon.core.main.TestCaseExecutor.doExecute(TestCaseExecutor.java:312)
	at com.kms.katalon.core.main.TestCaseExecutor.processExecutionPhase(TestCaseExecutor.java:291)
	at com.kms.katalon.core.main.TestCaseExecutor.accessMainPhase(TestCaseExecutor.java:283)
	at com.kms.katalon.core.main.TestCaseExecutor.execute(TestCaseExecutor.java:222)
	at com.kms.katalon.core.main.TestSuiteExecutor.accessTestCaseMainPhase(TestSuiteExecutor.java:129)
	at com.kms.katalon.core.main.TestSuiteExecutor.accessTestSuiteMainPhase(TestSuiteExecutor.java:112)
	at com.kms.katalon.core.main.TestSuiteExecutor.execute(TestSuiteExecutor.java:81)
	at com.kms.katalon.core.main.TestCaseMain.startTestSuite(TestCaseMain.java:149)
	at com.kms.katalon.core.main.TestCaseMain$startTestSuite$0.call(Unknown Source)
	at TempTestSuite1552363643844.run(TempTestSuite1552363643844.groovy:36)


2019-03-12 11:09:34 - [MESSAGE][FAILED] - Unable to click on object 'Object Repository/Front-End/OR Product/OR Set discount data mobil (ubah ke kondisi dengan potongan harga/button_Tersedia_btn btn-primar' (Root cause: org.openqa.selenium.StaleElementReferenceException: stale element reference: element is not attached to the page document
  (Session info: chrome=72.0.3626.121)
  (Driver info: chromedriver=2.43.600210 (68dcf5eebde37173d4027fa8635e332711d2874a),platform=Windows NT 10.0.17134 x86_64) (WARNING: The server did not provide any stacktrace information)
Command duration or timeout: 0 milliseconds
For documentation on this error, please visit: http://seleniumhq.org/exceptions/stale_element_reference.html
Build info: version: '3.7.1', revision: '8a0099a', time: '2017-11-06T21:07:36.161Z'
System info: host: 'INVWGSLAP151', ip: '10.10.11.125', os.name: 'Windows 10', os.arch: 'amd64', os.version: '10.0', java.version: '1.8.0_181'
Driver info: com.kms.katalon.selenium.driver.CChromeDriver
Capabilities {acceptInsecureCerts: false, acceptSslCerts: false, applicationCacheEnabled: false, browserConnectionEnabled: false, browserName: chrome, chrome: {chromedriverVersion: 2.43.600210 (68dcf5eebde371..., userDataDir: C:\Users\WGS-LA~1\AppData\L...}, cssSelectorsEnabled: true, databaseEnabled: false, goog:chromeOptions: {debuggerAddress: localhost:7134}, handlesAlerts: true, hasTouchScreen: false, javascriptEnabled: true, locationContextEnabled: true, mobileEmulationEnabled: false, nativeEvents: true, networkConnectionEnabled: false, pageLoadStrategy: normal, platform: XP, platformName: XP, rotatable: false, setWindowRect: true, takesHeapSnapshot: true, takesScreenshot: true, unexpectedAlertBehaviour: , unhandledPromptBehavior: , version: 72.0.3626.121, webStorageEnabled: true}
Session ID: 9f07a6e8299ce5ff4a2e60d0e16d7420)
[[ATTACHMENT|C:\\Users\\WGS-LAP151\\git\\astra-movic\\Reports\\Front-End\\Set Discount Owned(Dengan Driver) Cars by Owner\\20190312_110723\\1552363773756.png]]

2019-03-12 11:09:34 - [MESSAGE][FAILED] - click(findTestObject("Object Repository/Front-End/OR Product/OR Set discount data mobil (ubah ke kondisi dengan potongan harga/button_Tersedia_btn btn-primar")) FAILED.
Reason:
com.kms.katalon.core.exception.StepFailedException: Unable to click on object 'Object Repository/Front-End/OR Product/OR Set discount data mobil (ubah ke kondisi dengan potongan harga/button_Tersedia_btn btn-primar' (Root cause: org.openqa.selenium.StaleElementReferenceException: stale element reference: element is not attached to the page document
  (Session info: chrome=72.0.3626.121)
  (Driver info: chromedriver=2.43.600210 (68dcf5eebde37173d4027fa8635e332711d2874a),platform=Windows NT 10.0.17134 x86_64) (WARNING: The server did not provide any stacktrace information)
Command duration or timeout: 0 milliseconds
For documentation on this error, please visit: http://seleniumhq.org/exceptions/stale_element_reference.html
Build info: version: '3.7.1', revision: '8a0099a', time: '2017-11-06T21:07:36.161Z'
System info: host: 'INVWGSLAP151', ip: '10.10.11.125', os.name: 'Windows 10', os.arch: 'amd64', os.version: '10.0', java.version: '1.8.0_181'
Driver info: com.kms.katalon.selenium.driver.CChromeDriver
Capabilities {acceptInsecureCerts: false, acceptSslCerts: false, applicationCacheEnabled: false, browserConnectionEnabled: false, browserName: chrome, chrome: {chromedriverVersion: 2.43.600210 (68dcf5eebde371..., userDataDir: C:\Users\WGS-LA~1\AppData\L...}, cssSelectorsEnabled: true, databaseEnabled: false, goog:chromeOptions: {debuggerAddress: localhost:7134}, handlesAlerts: true, hasTouchScreen: false, javascriptEnabled: true, locationContextEnabled: true, mobileEmulationEnabled: false, nativeEvents: true, networkConnectionEnabled: false, pageLoadStrategy: normal, platform: XP, platformName: XP, rotatable: false, setWindowRect: true, takesHeapSnapshot: true, takesScreenshot: true, unexpectedAlertBehaviour: , unhandledPromptBehavior: , version: 72.0.3626.121, webStorageEnabled: true}
Session ID: 9f07a6e8299ce5ff4a2e60d0e16d7420)
	at com.kms.katalon.core.keyword.internal.KeywordMain.stepFailed(KeywordMain.groovy:36)
	at com.kms.katalon.core.webui.keyword.internal.WebUIKeywordMain.stepFailed(WebUIKeywordMain.groovy:65)
	at com.kms.katalon.core.webui.keyword.internal.WebUIKeywordMain.runKeyword(WebUIKeywordMain.groovy:27)
	at com.kms.katalon.core.webui.keyword.builtin.ClickKeyword.click(ClickKeyword.groovy:86)
	at com.kms.katalon.core.webui.keyword.builtin.ClickKeyword.execute(ClickKeyword.groovy:67)
	at com.kms.katalon.core.keyword.internal.KeywordExecutor.executeKeywordForPlatform(KeywordExecutor.groovy:53)
	at com.kms.katalon.core.webui.keyword.WebUiBuiltInKeywords.click(WebUiBuiltInKeywords.groovy:616)
	at com.kms.katalon.core.webui.keyword.WebUiBuiltInKeywords$click$3.call(Unknown Source)
	at TC08 Set discount data mobil (ubah ke kondisi dengan potongan harga).run(TC08 Set discount data mobil (ubah ke kondisi dengan potongan harga):35)
	at com.kms.katalon.core.main.ScriptEngine.run(ScriptEngine.java:194)
	at com.kms.katalon.core.main.ScriptEngine.runScriptAsRawText(ScriptEngine.java:119)
	at com.kms.katalon.core.main.TestCaseExecutor.runScript(TestCaseExecutor.java:321)
	at com.kms.katalon.core.main.TestCaseExecutor.doExecute(TestCaseExecutor.java:312)
	at com.kms.katalon.core.main.TestCaseExecutor.processExecutionPhase(TestCaseExecutor.java:291)
	at com.kms.katalon.core.main.TestCaseExecutor.accessMainPhase(TestCaseExecutor.java:283)
	at com.kms.katalon.core.main.TestCaseExecutor.execute(TestCaseExecutor.java:222)
	at com.kms.katalon.core.main.TestSuiteExecutor.accessTestCaseMainPhase(TestSuiteExecutor.java:129)
	at com.kms.katalon.core.main.TestSuiteExecutor.accessTestSuiteMainPhase(TestSuiteExecutor.java:112)
	at com.kms.katalon.core.main.TestSuiteExecutor.execute(TestSuiteExecutor.java:81)
	at com.kms.katalon.core.main.TestCaseMain.startTestSuite(TestCaseMain.java:149)
	at com.kms.katalon.core.main.TestCaseMain$startTestSuite$0.call(Unknown Source)
	at TempTestSuite1552363643844.run(TempTestSuite1552363643844.groovy:36)]]></system-out>
         <system-err><![CDATA[2019-03-12 11:09:27 - [TEST_CASE][FAILED] - Test Cases/Front-End/Product/SC99 Regression/TC08 Set discount data mobil (ubah ke kondisi dengan potongan harga): Test Cases/Front-End/Product/SC99 Regression/TC08 Set discount data mobil (ubah ke kondisi dengan potongan harga) FAILED.
Reason:
com.kms.katalon.core.exception.StepFailedException: Unable to click on object 'Object Repository/Front-End/OR Product/OR Set discount data mobil (ubah ke kondisi dengan potongan harga/button_Tersedia_btn btn-primar' (Root cause: org.openqa.selenium.StaleElementReferenceException: stale element reference: element is not attached to the page document
  (Session info: chrome=72.0.3626.121)
  (Driver info: chromedriver=2.43.600210 (68dcf5eebde37173d4027fa8635e332711d2874a),platform=Windows NT 10.0.17134 x86_64) (WARNING: The server did not provide any stacktrace information)
Command duration or timeout: 0 milliseconds
For documentation on this error, please visit: http://seleniumhq.org/exceptions/stale_element_reference.html
Build info: version: '3.7.1', revision: '8a0099a', time: '2017-11-06T21:07:36.161Z'
System info: host: 'INVWGSLAP151', ip: '10.10.11.125', os.name: 'Windows 10', os.arch: 'amd64', os.version: '10.0', java.version: '1.8.0_181'
Driver info: com.kms.katalon.selenium.driver.CChromeDriver
Capabilities {acceptInsecureCerts: false, acceptSslCerts: false, applicationCacheEnabled: false, browserConnectionEnabled: false, browserName: chrome, chrome: {chromedriverVersion: 2.43.600210 (68dcf5eebde371..., userDataDir: C:\Users\WGS-LA~1\AppData\L...}, cssSelectorsEnabled: true, databaseEnabled: false, goog:chromeOptions: {debuggerAddress: localhost:7134}, handlesAlerts: true, hasTouchScreen: false, javascriptEnabled: true, locationContextEnabled: true, mobileEmulationEnabled: false, nativeEvents: true, networkConnectionEnabled: false, pageLoadStrategy: normal, platform: XP, platformName: XP, rotatable: false, setWindowRect: true, takesHeapSnapshot: true, takesScreenshot: true, unexpectedAlertBehaviour: , unhandledPromptBehavior: , version: 72.0.3626.121, webStorageEnabled: true}
Session ID: 9f07a6e8299ce5ff4a2e60d0e16d7420)
	at com.kms.katalon.core.keyword.internal.KeywordMain.stepFailed(KeywordMain.groovy:36)
	at com.kms.katalon.core.webui.keyword.internal.WebUIKeywordMain.stepFailed(WebUIKeywordMain.groovy:65)
	at com.kms.katalon.core.webui.keyword.internal.WebUIKeywordMain.runKeyword(WebUIKeywordMain.groovy:27)
	at com.kms.katalon.core.webui.keyword.builtin.ClickKeyword.click(ClickKeyword.groovy:86)
	at com.kms.katalon.core.webui.keyword.builtin.ClickKeyword.execute(ClickKeyword.groovy:67)
	at com.kms.katalon.core.keyword.internal.KeywordExecutor.executeKeywordForPlatform(KeywordExecutor.groovy:53)
	at com.kms.katalon.core.webui.keyword.WebUiBuiltInKeywords.click(WebUiBuiltInKeywords.groovy:616)
	at com.kms.katalon.core.webui.keyword.WebUiBuiltInKeywords$click$3.call(Unknown Source)
	at TC08 Set discount data mobil (ubah ke kondisi dengan potongan harga).run(TC08 Set discount data mobil (ubah ke kondisi dengan potongan harga):35)
	at com.kms.katalon.core.main.ScriptEngine.run(ScriptEngine.java:194)
	at com.kms.katalon.core.main.ScriptEngine.runScriptAsRawText(ScriptEngine.java:119)
	at com.kms.katalon.core.main.TestCaseExecutor.runScript(TestCaseExecutor.java:321)
	at com.kms.katalon.core.main.TestCaseExecutor.doExecute(TestCaseExecutor.java:312)
	at com.kms.katalon.core.main.TestCaseExecutor.processExecutionPhase(TestCaseExecutor.java:291)
	at com.kms.katalon.core.main.TestCaseExecutor.accessMainPhase(TestCaseExecutor.java:283)
	at com.kms.katalon.core.main.TestCaseExecutor.execute(TestCaseExecutor.java:222)
	at com.kms.katalon.core.main.TestSuiteExecutor.accessTestCaseMainPhase(TestSuiteExecutor.java:129)
	at com.kms.katalon.core.main.TestSuiteExecutor.accessTestSuiteMainPhase(TestSuiteExecutor.java:112)
	at com.kms.katalon.core.main.TestSuiteExecutor.execute(TestSuiteExecutor.java:81)
	at com.kms.katalon.core.main.TestCaseMain.startTestSuite(TestCaseMain.java:149)
	at com.kms.katalon.core.main.TestCaseMain$startTestSuite$0.call(Unknown Source)
	at TempTestSuite1552363643844.run(TempTestSuite1552363643844.groovy:36)]]></system-err>
      </testcase>
      <system-out><![CDATA[2019-03-12 11:07:34 - [TEST_SUITE][FAILED] - Set Discount Owned(Dengan Driver) Cars by Owner: Test Cases/Front-End/Product/SC99 Regression/TC08 Set discount data mobil (ubah ke kondisi dengan potongan harga) FAILED.
Reason:
com.kms.katalon.core.exception.StepFailedException: Unable to click on object 'Object Repository/Front-End/OR Product/OR Set discount data mobil (ubah ke kondisi dengan potongan harga/button_Tersedia_btn btn-primar' (Root cause: org.openqa.selenium.StaleElementReferenceException: stale element reference: element is not attached to the page document
  (Session info: chrome=72.0.3626.121)
  (Driver info: chromedriver=2.43.600210 (68dcf5eebde37173d4027fa8635e332711d2874a),platform=Windows NT 10.0.17134 x86_64) (WARNING: The server did not provide any stacktrace information)
Command duration or timeout: 0 milliseconds
For documentation on this error, please visit: http://seleniumhq.org/exceptions/stale_element_reference.html
Build info: version: '3.7.1', revision: '8a0099a', time: '2017-11-06T21:07:36.161Z'
System info: host: 'INVWGSLAP151', ip: '10.10.11.125', os.name: 'Windows 10', os.arch: 'amd64', os.version: '10.0', java.version: '1.8.0_181'
Driver info: com.kms.katalon.selenium.driver.CChromeDriver
Capabilities {acceptInsecureCerts: false, acceptSslCerts: false, applicationCacheEnabled: false, browserConnectionEnabled: false, browserName: chrome, chrome: {chromedriverVersion: 2.43.600210 (68dcf5eebde371..., userDataDir: C:\Users\WGS-LA~1\AppData\L...}, cssSelectorsEnabled: true, databaseEnabled: false, goog:chromeOptions: {debuggerAddress: localhost:7134}, handlesAlerts: true, hasTouchScreen: false, javascriptEnabled: true, locationContextEnabled: true, mobileEmulationEnabled: false, nativeEvents: true, networkConnectionEnabled: false, pageLoadStrategy: normal, platform: XP, platformName: XP, rotatable: false, setWindowRect: true, takesHeapSnapshot: true, takesScreenshot: true, unexpectedAlertBehaviour: , unhandledPromptBehavior: , version: 72.0.3626.121, webStorageEnabled: true}
Session ID: 9f07a6e8299ce5ff4a2e60d0e16d7420)
	at com.kms.katalon.core.keyword.internal.KeywordMain.stepFailed(KeywordMain.groovy:36)
	at com.kms.katalon.core.webui.keyword.internal.WebUIKeywordMain.stepFailed(WebUIKeywordMain.groovy:65)
	at com.kms.katalon.core.webui.keyword.internal.WebUIKeywordMain.runKeyword(WebUIKeywordMain.groovy:27)
	at com.kms.katalon.core.webui.keyword.builtin.ClickKeyword.click(ClickKeyword.groovy:86)
	at com.kms.katalon.core.webui.keyword.builtin.ClickKeyword.execute(ClickKeyword.groovy:67)
	at com.kms.katalon.core.keyword.internal.KeywordExecutor.executeKeywordForPlatform(KeywordExecutor.groovy:53)
	at com.kms.katalon.core.webui.keyword.WebUiBuiltInKeywords.click(WebUiBuiltInKeywords.groovy:616)
	at com.kms.katalon.core.webui.keyword.WebUiBuiltInKeywords$click$3.call(Unknown Source)
	at TC08 Set discount data mobil (ubah ke kondisi dengan potongan harga).run(TC08 Set discount data mobil (ubah ke kondisi dengan potongan harga):35)
	at com.kms.katalon.core.main.ScriptEngine.run(ScriptEngine.java:194)
	at com.kms.katalon.core.main.ScriptEngine.runScriptAsRawText(ScriptEngine.java:119)
	at com.kms.katalon.core.main.TestCaseExecutor.runScript(TestCaseExecutor.java:321)
	at com.kms.katalon.core.main.TestCaseExecutor.doExecute(TestCaseExecutor.java:312)
	at com.kms.katalon.core.main.TestCaseExecutor.processExecutionPhase(TestCaseExecutor.java:291)
	at com.kms.katalon.core.main.TestCaseExecutor.accessMainPhase(TestCaseExecutor.java:283)
	at com.kms.katalon.core.main.TestCaseExecutor.execute(TestCaseExecutor.java:222)
	at com.kms.katalon.core.main.TestSuiteExecutor.accessTestCaseMainPhase(TestSuiteExecutor.java:129)
	at com.kms.katalon.core.main.TestSuiteExecutor.accessTestSuiteMainPhase(TestSuiteExecutor.java:112)
	at com.kms.katalon.core.main.TestSuiteExecutor.execute(TestSuiteExecutor.java:81)
	at com.kms.katalon.core.main.TestCaseMain.startTestSuite(TestCaseMain.java:149)
	at com.kms.katalon.core.main.TestCaseMain$startTestSuite$0.call(Unknown Source)
	at TempTestSuite1552363643844.run(TempTestSuite1552363643844.groovy:36)]]></system-out>
      <system-err><![CDATA[2019-03-12 11:07:34 - [TEST_SUITE][FAILED] - Set Discount Owned(Dengan Driver) Cars by Owner: Test Cases/Front-End/Product/SC99 Regression/TC08 Set discount data mobil (ubah ke kondisi dengan potongan harga) FAILED.
Reason:
com.kms.katalon.core.exception.StepFailedException: Unable to click on object 'Object Repository/Front-End/OR Product/OR Set discount data mobil (ubah ke kondisi dengan potongan harga/button_Tersedia_btn btn-primar' (Root cause: org.openqa.selenium.StaleElementReferenceException: stale element reference: element is not attached to the page document
  (Session info: chrome=72.0.3626.121)
  (Driver info: chromedriver=2.43.600210 (68dcf5eebde37173d4027fa8635e332711d2874a),platform=Windows NT 10.0.17134 x86_64) (WARNING: The server did not provide any stacktrace information)
Command duration or timeout: 0 milliseconds
For documentation on this error, please visit: http://seleniumhq.org/exceptions/stale_element_reference.html
Build info: version: '3.7.1', revision: '8a0099a', time: '2017-11-06T21:07:36.161Z'
System info: host: 'INVWGSLAP151', ip: '10.10.11.125', os.name: 'Windows 10', os.arch: 'amd64', os.version: '10.0', java.version: '1.8.0_181'
Driver info: com.kms.katalon.selenium.driver.CChromeDriver
Capabilities {acceptInsecureCerts: false, acceptSslCerts: false, applicationCacheEnabled: false, browserConnectionEnabled: false, browserName: chrome, chrome: {chromedriverVersion: 2.43.600210 (68dcf5eebde371..., userDataDir: C:\Users\WGS-LA~1\AppData\L...}, cssSelectorsEnabled: true, databaseEnabled: false, goog:chromeOptions: {debuggerAddress: localhost:7134}, handlesAlerts: true, hasTouchScreen: false, javascriptEnabled: true, locationContextEnabled: true, mobileEmulationEnabled: false, nativeEvents: true, networkConnectionEnabled: false, pageLoadStrategy: normal, platform: XP, platformName: XP, rotatable: false, setWindowRect: true, takesHeapSnapshot: true, takesScreenshot: true, unexpectedAlertBehaviour: , unhandledPromptBehavior: , version: 72.0.3626.121, webStorageEnabled: true}
Session ID: 9f07a6e8299ce5ff4a2e60d0e16d7420)
	at com.kms.katalon.core.keyword.internal.KeywordMain.stepFailed(KeywordMain.groovy:36)
	at com.kms.katalon.core.webui.keyword.internal.WebUIKeywordMain.stepFailed(WebUIKeywordMain.groovy:65)
	at com.kms.katalon.core.webui.keyword.internal.WebUIKeywordMain.runKeyword(WebUIKeywordMain.groovy:27)
	at com.kms.katalon.core.webui.keyword.builtin.ClickKeyword.click(ClickKeyword.groovy:86)
	at com.kms.katalon.core.webui.keyword.builtin.ClickKeyword.execute(ClickKeyword.groovy:67)
	at com.kms.katalon.core.keyword.internal.KeywordExecutor.executeKeywordForPlatform(KeywordExecutor.groovy:53)
	at com.kms.katalon.core.webui.keyword.WebUiBuiltInKeywords.click(WebUiBuiltInKeywords.groovy:616)
	at com.kms.katalon.core.webui.keyword.WebUiBuiltInKeywords$click$3.call(Unknown Source)
	at TC08 Set discount data mobil (ubah ke kondisi dengan potongan harga).run(TC08 Set discount data mobil (ubah ke kondisi dengan potongan harga):35)
	at com.kms.katalon.core.main.ScriptEngine.run(ScriptEngine.java:194)
	at com.kms.katalon.core.main.ScriptEngine.runScriptAsRawText(ScriptEngine.java:119)
	at com.kms.katalon.core.main.TestCaseExecutor.runScript(TestCaseExecutor.java:321)
	at com.kms.katalon.core.main.TestCaseExecutor.doExecute(TestCaseExecutor.java:312)
	at com.kms.katalon.core.main.TestCaseExecutor.processExecutionPhase(TestCaseExecutor.java:291)
	at com.kms.katalon.core.main.TestCaseExecutor.accessMainPhase(TestCaseExecutor.java:283)
	at com.kms.katalon.core.main.TestCaseExecutor.execute(TestCaseExecutor.java:222)
	at com.kms.katalon.core.main.TestSuiteExecutor.accessTestCaseMainPhase(TestSuiteExecutor.java:129)
	at com.kms.katalon.core.main.TestSuiteExecutor.accessTestSuiteMainPhase(TestSuiteExecutor.java:112)
	at com.kms.katalon.core.main.TestSuiteExecutor.execute(TestSuiteExecutor.java:81)
	at com.kms.katalon.core.main.TestCaseMain.startTestSuite(TestCaseMain.java:149)
	at com.kms.katalon.core.main.TestCaseMain$startTestSuite$0.call(Unknown Source)
	at TempTestSuite1552363643844.run(TempTestSuite1552363643844.groovy:36)]]></system-err>
   </testsuite>
</testsuites>
