<?xml version="1.0" encoding="UTF-8"?>
<testsuites name="Reservation From Advanced Search Rental City or Region" time="434" tests="8" failures="1" errors="0">
   <testsuite name="Reservation From Advanced Search Rental City or Region" tests="8" failures="1" errors="0" time="434" timestamp="2018-12-12 14:56:18" hostname="WGS-LAP199 - DESKTOP-QUMB1S3" id="Test Suites/Mobile/Reservation From Advanced Search Rental City or Region">
      <properties>
         <property name="deviceName" value="Xiaomi Redmi 5 (Android 7.1.2)"/>
         <property name="devicePlatform" value=""/>
         <property name="logFolder" value="C:\\Users\\WGS-LAP199\\git\\astra-movic\\Reports\\Mobile\\Reservation From Advanced Search Rental City or Region\\20181212_145614"/>
         <property name="logFiles" value="C:\\Users\\WGS-LAP199\\git\\astra-movic\\Reports\\Mobile\\Reservation From Advanced Search Rental City or Region\\20181212_145614\\appium.log, C:\\Users\\WGS-LAP199\\git\\astra-movic\\Reports\\Mobile\\Reservation From Advanced Search Rental City or Region\\20181212_145614\\execution0.log"/>
         <property name="attachments" value="C:\\Users\\WGS-LAP199\\git\\astra-movic\\Reports\\Mobile\\Reservation From Advanced Search Rental City or Region\\20181212_145614\\1544655793881.png, C:\\Users\\WGS-LAP199\\git\\astra-movic\\Reports\\Mobile\\Reservation From Advanced Search Rental City or Region\\20181212_145614\\1544655795084.png"/>
         <property name="hostName" value="WGS-LAP199 - DESKTOP-QUMB1S3"/>
         <property name="os" value="Windows 10 64bit"/>
         <property name="katalonVersion" value="5.9.1.2"/>
         <property name="deviceOS" value="Android"/>
         <property name="appiumVersion" value="1.8.0"/>
         <property name="deviceModel" value="Redmi 5"/>
         <property name="hostAddress" value="10.10.10.231"/>
         <property name="deviceManufacturer" value="Xiaomi"/>
         <property name="deviceId" value="54e797627cf5"/>
         <property name="deviceName" value="Xiaomi Redmi 5 (Android 7.1.2)"/>
         <property name="deviceOSVersion" value="7.1.2"/>
      </properties>
      <testcase name="Test Cases/Mobile/Android/User/SC99 Regression/TC04 Login with email" classname="Test Cases/Mobile/Android/User/SC99 Regression/TC04 Login with email" status="PASSED">
         <system-out><![CDATA[2018-12-12 14:56:19 - [TEST_CASE][PASSED] - Test Cases/Mobile/Android/User/SC99 Regression/TC04 Login with email: Test Cases/Mobile/Android/User/SC99 Regression/TC04 Login with email

2018-12-12 14:56:20 - [TEST_STEP][PASSED] - startApplication("C:\Users\WGS-LAP199\Downloads\Movic apk\Movic_0.10.0_2018-12-03-staging-debug.apk", false): Started app at: 'C:\Users\WGS-LAP199\Downloads\Movic apk\Movic_0.10.0_2018-12-03-staging-debug.apk'

2018-12-12 14:56:21 - [MESSAGE][INFO] - User set preference: ['deviceId', '54e797627cf5']

2018-12-12 14:56:28 - [MESSAGE][INFO] - Appium server started on port 64,784

2018-12-12 14:57:06 - [MESSAGE][PASSED] - Started app at: 'C:\Users\WGS-LAP199\Downloads\Movic apk\Movic_0.10.0_2018-12-03-staging-debug.apk'

2018-12-12 14:57:06 - [TEST_STEP][PASSED] - tap(findTestObject("Mobile/OR Registrasi/android.widget.ImageView4"), 0): Tapped on element 'Object Repository/Mobile/OR Registrasi/android.widget.ImageView4'

2018-12-12 14:57:07 - [MESSAGE][WARNING] - Timeout '0' is invalid. Using default page load timeout: '100'

2018-12-12 14:57:11 - [MESSAGE][PASSED] - Tapped on element 'Object Repository/Mobile/OR Registrasi/android.widget.ImageView4'

2018-12-12 14:57:11 - [TEST_STEP][PASSED] - for (def index : (1..2)): Tapped on element 'Object Repository/Mobile/OR Registrasi/android.widget.ImageView1'

2018-12-12 14:57:11 - [TEST_STEP][PASSED] - tap(findTestObject("Mobile/OR Registrasi/android.widget.ImageView1"), 0): Tapped on element 'Object Repository/Mobile/OR Registrasi/android.widget.ImageView1'

2018-12-12 14:57:11 - [MESSAGE][WARNING] - Timeout '0' is invalid. Using default page load timeout: '100'

2018-12-12 14:57:15 - [MESSAGE][PASSED] - Tapped on element 'Object Repository/Mobile/OR Registrasi/android.widget.ImageView1'

2018-12-12 14:57:15 - [TEST_STEP][PASSED] - tap(findTestObject("Mobile/OR Registrasi/android.widget.ImageView1"), 0): Tapped on element 'Object Repository/Mobile/OR Registrasi/android.widget.ImageView1'

2018-12-12 14:57:15 - [MESSAGE][WARNING] - Timeout '0' is invalid. Using default page load timeout: '100'

2018-12-12 14:57:16 - [MESSAGE][PASSED] - Tapped on element 'Object Repository/Mobile/OR Registrasi/android.widget.ImageView1'

2018-12-12 14:57:16 - [TEST_STEP][PASSED] - tap(findTestObject("Mobile/OR Registrasi/android.widget.TextView2 - Skip"), 0): Tapped on element 'Object Repository/Mobile/OR Registrasi/android.widget.TextView2 - Skip'

2018-12-12 14:57:16 - [MESSAGE][WARNING] - Timeout '0' is invalid. Using default page load timeout: '100'

2018-12-12 14:57:18 - [MESSAGE][PASSED] - Tapped on element 'Object Repository/Mobile/OR Registrasi/android.widget.TextView2 - Skip'

2018-12-12 14:57:18 - [TEST_STEP][PASSED] - tap(findTestObject("Mobile/OR Login/android.widget.TextView0 - Log in"), 0): Tapped on element 'Object Repository/Mobile/OR Login/android.widget.TextView0 - Log in'

2018-12-12 14:57:18 - [MESSAGE][WARNING] - Timeout '0' is invalid. Using default page load timeout: '100'

2018-12-12 14:57:22 - [MESSAGE][PASSED] - Tapped on element 'Object Repository/Mobile/OR Login/android.widget.TextView0 - Log in'

2018-12-12 14:57:22 - [TEST_STEP][PASSED] - setText(findTestObject("Mobile/OR Login/android.widget.EditText0"), "santi.wahyuni@wgs.co.id", 0): Text 'santi.wahyuni@wgs.co.id' has been set to element 'Object Repository/Mobile/OR Login/android.widget.EditText0'

2018-12-12 14:57:22 - [MESSAGE][WARNING] - Timeout '0' is invalid. Using default page load timeout: '100'

2018-12-12 14:57:23 - [MESSAGE][PASSED] - Text 'santi.wahyuni@wgs.co.id' has been set to element 'Object Repository/Mobile/OR Login/android.widget.EditText0'

2018-12-12 14:57:23 - [TEST_STEP][PASSED] - tap(findTestObject("Mobile/OR Login/android.widget.Button0 - Next"), 0): Tapped on element 'Object Repository/Mobile/OR Login/android.widget.Button0 - Next'

2018-12-12 14:57:23 - [MESSAGE][WARNING] - Timeout '0' is invalid. Using default page load timeout: '100'

2018-12-12 14:57:25 - [MESSAGE][PASSED] - Tapped on element 'Object Repository/Mobile/OR Login/android.widget.Button0 - Next'

2018-12-12 14:57:25 - [TEST_STEP][PASSED] - delay(findTestData("Delay Step").getValue(1, 2), STOP_ON_FAILURE): Delayed 5 second(s)

2018-12-12 14:57:31 - [MESSAGE][PASSED] - Delayed 5 second(s)

2018-12-12 14:57:31 - [TEST_STEP][PASSED] - setText(findTestObject("Mobile/OR Login/android.widget.EditText0 (1)"), "P@ssword123", 0): Text 'P@ssword123' has been set to element 'Object Repository/Mobile/OR Login/android.widget.EditText0 (1)'

2018-12-12 14:57:31 - [MESSAGE][WARNING] - Timeout '0' is invalid. Using default page load timeout: '100'

2018-12-12 14:57:32 - [MESSAGE][PASSED] - Text 'P@ssword123' has been set to element 'Object Repository/Mobile/OR Login/android.widget.EditText0 (1)'

2018-12-12 14:57:32 - [TEST_STEP][PASSED] - delay(findTestData("Delay Step").getValue(1, 2), STOP_ON_FAILURE): Delayed 5 second(s)

2018-12-12 14:57:37 - [MESSAGE][PASSED] - Delayed 5 second(s)

2018-12-12 14:57:37 - [TEST_STEP][PASSED] - hideKeyboard(): Keyboard is hidden

2018-12-12 14:57:38 - [MESSAGE][PASSED] - Keyboard is hidden

2018-12-12 14:57:39 - [TEST_STEP][PASSED] - tap(findTestObject("Mobile/OR Login/android.widget.Button0 - Start Movic"), 0): Tapped on element 'Object Repository/Mobile/OR Login/android.widget.Button0 - Start Movic'

2018-12-12 14:57:39 - [MESSAGE][WARNING] - Timeout '0' is invalid. Using default page load timeout: '100'

2018-12-12 14:57:40 - [MESSAGE][PASSED] - Tapped on element 'Object Repository/Mobile/OR Login/android.widget.Button0 - Start Movic'

2018-12-12 14:57:40 - [TEST_STEP][PASSED] - delay(findTestData("Delay Step").getValue(1, 2), STOP_ON_FAILURE): Delayed 5 second(s)

2018-12-12 14:57:45 - [MESSAGE][PASSED] - Delayed 5 second(s)]]></system-out>
         <system-err><![CDATA[]]></system-err>
      </testcase>
      <testcase name="Test Cases/Mobile/Android/Homepage/SC99 Regression/TC01 Search car use search bar rental city atau region" classname="Test Cases/Mobile/Android/Homepage/SC99 Regression/TC01 Search car use search bar rental city atau region" status="PASSED">
         <system-out><![CDATA[2018-12-12 14:57:45 - [TEST_CASE][PASSED] - Test Cases/Mobile/Android/Homepage/SC99 Regression/TC01 Search car use search bar rental city atau region: Test Cases/Mobile/Android/Homepage/SC99 Regression/TC01 Search car use search bar rental city atau region

2018-12-12 14:57:46 - [TEST_STEP][NOT_RUN] - callTestCase(findTestCase("Mobile/Android/User/SC99 Regression/TC04 Login with email"), [:], STOP_ON_FAILURE): NOT_RUN: callTestCase(findTestCase("Mobile/Android/User/SC99 Regression/TC04 Login with email"), [:], STOP_ON_FAILURE)

2018-12-12 14:57:46 - [MESSAGE][NOT_RUN] - NOT_RUN: callTestCase(findTestCase("Mobile/Android/User/SC99 Regression/TC04 Login with email"), [:], STOP_ON_FAILURE)

2018-12-12 14:57:46 - [TEST_STEP][PASSED] - tap(findTestObject("Mobile/OR Booking/android.widget.TextView0 - Car Rental CityRegion"), 0): Tapped on element 'Object Repository/Mobile/OR Booking/android.widget.TextView0 - Car Rental CityRegion'

2018-12-12 14:57:46 - [MESSAGE][WARNING] - Timeout '0' is invalid. Using default page load timeout: '100'

2018-12-12 14:57:47 - [MESSAGE][PASSED] - Tapped on element 'Object Repository/Mobile/OR Booking/android.widget.TextView0 - Car Rental CityRegion'

2018-12-12 14:57:47 - [TEST_STEP][PASSED] - setText(findTestObject("Mobile/OR Booking/android.widget.EditText0 - Search available car for you"), "Bandung", 0): Text 'Bandung' has been set to element 'Object Repository/Mobile/OR Booking/android.widget.EditText0 - Search available car for you'

2018-12-12 14:57:47 - [MESSAGE][WARNING] - Timeout '0' is invalid. Using default page load timeout: '100'

2018-12-12 14:57:49 - [MESSAGE][PASSED] - Text 'Bandung' has been set to element 'Object Repository/Mobile/OR Booking/android.widget.EditText0 - Search available car for you'

2018-12-12 14:57:49 - [TEST_STEP][NOT_RUN] - tap(findTestObject("Mobile/OR Booking/android.widget.TextView2 - Jabodetabek"), 0): NOT_RUN: tap(findTestObject("Mobile/OR Booking/android.widget.TextView2 - Jabodetabek"), 0)

2018-12-12 14:57:49 - [MESSAGE][NOT_RUN] - NOT_RUN: tap(findTestObject("Mobile/OR Booking/android.widget.TextView2 - Jabodetabek"), 0)

2018-12-12 14:57:49 - [TEST_STEP][PASSED] - tap(findTestObject("Mobile/OR Product/android.widget.TextView2 - Bandung"), 0): Tapped on element 'Object Repository/Mobile/OR Product/android.widget.TextView2 - Bandung'

2018-12-12 14:57:49 - [MESSAGE][WARNING] - Timeout '0' is invalid. Using default page load timeout: '100'

2018-12-12 14:57:52 - [MESSAGE][PASSED] - Tapped on element 'Object Repository/Mobile/OR Product/android.widget.TextView2 - Bandung'

2018-12-12 14:57:52 - [TEST_STEP][NOT_RUN] - tap(findTestObject("Mobile/OR Booking/android.widget.TextView1 - Car Only"), 0): NOT_RUN: tap(findTestObject("Mobile/OR Booking/android.widget.TextView1 - Car Only"), 0)

2018-12-12 14:57:52 - [MESSAGE][NOT_RUN] - NOT_RUN: tap(findTestObject("Mobile/OR Booking/android.widget.TextView1 - Car Only"), 0)

2018-12-12 14:57:52 - [TEST_STEP][PASSED] - tap(findTestObject("Mobile/OR Homepage/android.widget.TextView2 - Car With Driver"), 0): Tapped on element 'Object Repository/Mobile/OR Homepage/android.widget.TextView2 - Car With Driver'

2018-12-12 14:57:52 - [MESSAGE][WARNING] - Timeout '0' is invalid. Using default page load timeout: '100'

2018-12-12 14:57:53 - [MESSAGE][PASSED] - Tapped on element 'Object Repository/Mobile/OR Homepage/android.widget.TextView2 - Car With Driver'

2018-12-12 14:57:53 - [TEST_STEP][PASSED] - tap(findTestObject("Mobile/OR Booking/android.widget.Button0 - Next"), 0): Tapped on element 'Object Repository/Mobile/OR Booking/android.widget.Button0 - Next'

2018-12-12 14:57:53 - [MESSAGE][WARNING] - Timeout '0' is invalid. Using default page load timeout: '100'

2018-12-12 14:57:55 - [MESSAGE][PASSED] - Tapped on element 'Object Repository/Mobile/OR Booking/android.widget.Button0 - Next'

2018-12-12 14:57:55 - [TEST_STEP][PASSED] - delay(findTestData("Delay Step").getValue(1, 2), STOP_ON_FAILURE): Delayed 5 second(s)

2018-12-12 14:58:00 - [MESSAGE][PASSED] - Delayed 5 second(s)

2018-12-12 14:58:00 - [TEST_STEP][NOT_RUN] - tap(findTestObject("Mobile/OR Booking/android.widget.Button0 - Search"), 0): NOT_RUN: tap(findTestObject("Mobile/OR Booking/android.widget.Button0 - Search"), 0)

2018-12-12 14:58:00 - [MESSAGE][NOT_RUN] - NOT_RUN: tap(findTestObject("Mobile/OR Booking/android.widget.Button0 - Search"), 0)

2018-12-12 14:58:00 - [TEST_STEP][PASSED] - delay(findTestData("Delay Step").getValue(1, 2), STOP_ON_FAILURE): Delayed 5 second(s)

2018-12-12 14:58:05 - [MESSAGE][PASSED] - Delayed 5 second(s)]]></system-out>
         <system-err><![CDATA[]]></system-err>
      </testcase>
      <testcase name="Test Cases/Mobile/Android/Homepage/SC99 Regression/TC02 Advanced Search Car Use Search Bar Rental City atau Region" classname="Test Cases/Mobile/Android/Homepage/SC99 Regression/TC02 Advanced Search Car Use Search Bar Rental City atau Region" status="PASSED">
         <system-out><![CDATA[2018-12-12 14:58:05 - [TEST_CASE][PASSED] - Test Cases/Mobile/Android/Homepage/SC99 Regression/TC02 Advanced Search Car Use Search Bar Rental City atau Region: Test Cases/Mobile/Android/Homepage/SC99 Regression/TC02 Advanced Search Car Use Search Bar Rental City atau Region

2018-12-12 14:58:05 - [TEST_STEP][NOT_RUN] - callTestCase(findTestCase("Mobile/Android/Homepage/SC99 Regression/TC01 Search car use search bar rental city atau region"), [:], STOP_ON_FAILURE): NOT_RUN: callTestCase(findTestCase("Mobile/Android/Homepage/SC99 Regression/TC01 Search car use search bar rental city atau region"), [:], STOP_ON_FAILURE)

2018-12-12 14:58:05 - [MESSAGE][NOT_RUN] - NOT_RUN: callTestCase(findTestCase("Mobile/Android/Homepage/SC99 Regression/TC01 Search car use search bar rental city atau region"), [:], STOP_ON_FAILURE)

2018-12-12 14:58:05 - [TEST_STEP][PASSED] - tap(findTestObject("Mobile/OR Booking/android.widget.TextView46 - Advance Search"), 0): Tapped on element 'Object Repository/Mobile/OR Booking/android.widget.TextView46 - Advance Search'

2018-12-12 14:58:05 - [MESSAGE][WARNING] - Timeout '0' is invalid. Using default page load timeout: '100'

2018-12-12 14:58:07 - [MESSAGE][PASSED] - Tapped on element 'Object Repository/Mobile/OR Booking/android.widget.TextView46 - Advance Search'

2018-12-12 14:58:07 - [TEST_STEP][PASSED] - tap(findTestObject("Mobile/OR Booking/android.widget.Button0 - Search"), 0): Tapped on element 'Object Repository/Mobile/OR Booking/android.widget.Button0 - Search'

2018-12-12 14:58:07 - [MESSAGE][WARNING] - Timeout '0' is invalid. Using default page load timeout: '100'

2018-12-12 14:58:09 - [MESSAGE][PASSED] - Tapped on element 'Object Repository/Mobile/OR Booking/android.widget.Button0 - Search'

2018-12-12 14:58:09 - [TEST_STEP][PASSED] - delay(findTestData("Delay Step").getValue(1, 2), STOP_ON_FAILURE): Delayed 5 second(s)

2018-12-12 14:58:14 - [MESSAGE][PASSED] - Delayed 5 second(s)]]></system-out>
         <system-err><![CDATA[]]></system-err>
      </testcase>
      <testcase name="Test Cases/Mobile/Android/Product/SC99 Regression/TC14 Sort and filter list cars" classname="Test Cases/Mobile/Android/Product/SC99 Regression/TC14 Sort and filter list cars" status="PASSED">
         <system-out><![CDATA[2018-12-12 14:58:14 - [TEST_CASE][PASSED] - Test Cases/Mobile/Android/Product/SC99 Regression/TC14 Sort and filter list cars: Test Cases/Mobile/Android/Product/SC99 Regression/TC14 Sort and filter list cars

2018-12-12 14:58:15 - [TEST_STEP][NOT_RUN] - callTestCase(findTestCase("Mobile/Android/Homepage/SC99 Regression/TC02 Advanced Search Car Use Search Bar Rental City atau Region"), [:], STOP_ON_FAILURE): NOT_RUN: callTestCase(findTestCase("Mobile/Android/Homepage/SC99 Regression/TC02 Advanced Search Car Use Search Bar Rental City atau Region"), [:], STOP_ON_FAILURE)

2018-12-12 14:58:15 - [MESSAGE][NOT_RUN] - NOT_RUN: callTestCase(findTestCase("Mobile/Android/Homepage/SC99 Regression/TC02 Advanced Search Car Use Search Bar Rental City atau Region"), [:], STOP_ON_FAILURE)

2018-12-12 14:58:15 - [TEST_STEP][PASSED] - tap(findTestObject("Mobile/OR Product/android.widget.TextView5 - Sort  Filter"), 0): Tapped on element 'Object Repository/Mobile/OR Product/android.widget.TextView5 - Sort  Filter'

2018-12-12 14:58:15 - [MESSAGE][WARNING] - Timeout '0' is invalid. Using default page load timeout: '100'

2018-12-12 14:58:17 - [MESSAGE][PASSED] - Tapped on element 'Object Repository/Mobile/OR Product/android.widget.TextView5 - Sort  Filter'

2018-12-12 14:58:17 - [TEST_STEP][PASSED] - tap(findTestObject("Mobile/OR Product/android.widget.EditText0 - Popularity"), 0): Tapped on element 'Object Repository/Mobile/OR Product/android.widget.EditText0 - Popularity'

2018-12-12 14:58:17 - [MESSAGE][WARNING] - Timeout '0' is invalid. Using default page load timeout: '100'

2018-12-12 14:58:18 - [MESSAGE][PASSED] - Tapped on element 'Object Repository/Mobile/OR Product/android.widget.EditText0 - Popularity'

2018-12-12 14:58:18 - [TEST_STEP][NOT_RUN] - tap(findTestObject("Mobile/OR Product/android.widget.Lowest price"), 0): NOT_RUN: tap(findTestObject("Mobile/OR Product/android.widget.Lowest price"), 0)

2018-12-12 14:58:18 - [MESSAGE][NOT_RUN] - NOT_RUN: tap(findTestObject("Mobile/OR Product/android.widget.Lowest price"), 0)

2018-12-12 14:58:18 - [TEST_STEP][PASSED] - delay(findTestData("Delay Step").getValue(1, 2), STOP_ON_FAILURE): Delayed 5 second(s)

2018-12-12 14:58:23 - [MESSAGE][PASSED] - Delayed 5 second(s)

2018-12-12 14:58:23 - [TEST_STEP][PASSED] - tap(findTestObject("Mobile/OR Product/android.widget.TextView4 - 1"), 0): Tapped on element 'Object Repository/Mobile/OR Product/android.widget.TextView4 - 1'

2018-12-12 14:58:23 - [MESSAGE][WARNING] - Timeout '0' is invalid. Using default page load timeout: '100'

2018-12-12 14:58:27 - [MESSAGE][PASSED] - Tapped on element 'Object Repository/Mobile/OR Product/android.widget.TextView4 - 1'

2018-12-12 14:58:27 - [TEST_STEP][PASSED] - tap(findTestObject("Mobile/OR Product/android.widget.TextView7 - 2"), 0): Tapped on element 'Object Repository/Mobile/OR Product/android.widget.TextView7 - 2'

2018-12-12 14:58:27 - [MESSAGE][WARNING] - Timeout '0' is invalid. Using default page load timeout: '100'

2018-12-12 14:58:31 - [MESSAGE][PASSED] - Tapped on element 'Object Repository/Mobile/OR Product/android.widget.TextView7 - 2'

2018-12-12 14:58:31 - [TEST_STEP][PASSED] - tap(findTestObject("Mobile/OR Product/android.widget.TextView8 - 3"), 0): Tapped on element 'Object Repository/Mobile/OR Product/android.widget.TextView8 - 3'

2018-12-12 14:58:31 - [MESSAGE][WARNING] - Timeout '0' is invalid. Using default page load timeout: '100'

2018-12-12 14:58:32 - [MESSAGE][PASSED] - Tapped on element 'Object Repository/Mobile/OR Product/android.widget.TextView8 - 3'

2018-12-12 14:58:32 - [TEST_STEP][PASSED] - tap(findTestObject("Mobile/OR Product/android.widget.TextView9 - 4"), 0): Tapped on element 'Object Repository/Mobile/OR Product/android.widget.TextView9 - 4'

2018-12-12 14:58:32 - [MESSAGE][WARNING] - Timeout '0' is invalid. Using default page load timeout: '100'

2018-12-12 14:58:33 - [MESSAGE][PASSED] - Tapped on element 'Object Repository/Mobile/OR Product/android.widget.TextView9 - 4'

2018-12-12 14:58:33 - [TEST_STEP][PASSED] - tap(findTestObject("Mobile/OR Product/android.widget.TextView10 - 5"), 0): Tapped on element 'Object Repository/Mobile/OR Product/android.widget.TextView10 - 5'

2018-12-12 14:58:33 - [MESSAGE][WARNING] - Timeout '0' is invalid. Using default page load timeout: '100'

2018-12-12 14:58:37 - [MESSAGE][PASSED] - Tapped on element 'Object Repository/Mobile/OR Product/android.widget.TextView10 - 5'

2018-12-12 14:58:37 - [TEST_STEP][PASSED] - delay(findTestData("Delay Step").getValue(1, 2), STOP_ON_FAILURE): Delayed 5 second(s)

2018-12-12 14:58:42 - [MESSAGE][PASSED] - Delayed 5 second(s)

2018-12-12 14:58:42 - [TEST_STEP][PASSED] - for (def index : (1..5)): Tapped on element 'Object Repository/Mobile/OR Product/android.widget.ImageView2'

2018-12-12 14:58:42 - [TEST_STEP][PASSED] - tap(findTestObject("Mobile/OR Product/android.widget.ImageView2"), 0): Tapped on element 'Object Repository/Mobile/OR Product/android.widget.ImageView2'

2018-12-12 14:58:42 - [MESSAGE][WARNING] - Timeout '0' is invalid. Using default page load timeout: '100'

2018-12-12 14:58:43 - [MESSAGE][PASSED] - Tapped on element 'Object Repository/Mobile/OR Product/android.widget.ImageView2'

2018-12-12 14:58:43 - [TEST_STEP][PASSED] - tap(findTestObject("Mobile/OR Product/android.widget.ImageView2"), 0): Tapped on element 'Object Repository/Mobile/OR Product/android.widget.ImageView2'

2018-12-12 14:58:43 - [MESSAGE][WARNING] - Timeout '0' is invalid. Using default page load timeout: '100'

2018-12-12 14:58:47 - [MESSAGE][PASSED] - Tapped on element 'Object Repository/Mobile/OR Product/android.widget.ImageView2'

2018-12-12 14:58:47 - [TEST_STEP][PASSED] - tap(findTestObject("Mobile/OR Product/android.widget.ImageView2"), 0): Tapped on element 'Object Repository/Mobile/OR Product/android.widget.ImageView2'

2018-12-12 14:58:47 - [MESSAGE][WARNING] - Timeout '0' is invalid. Using default page load timeout: '100'

2018-12-12 14:58:50 - [MESSAGE][PASSED] - Tapped on element 'Object Repository/Mobile/OR Product/android.widget.ImageView2'

2018-12-12 14:58:50 - [TEST_STEP][PASSED] - tap(findTestObject("Mobile/OR Product/android.widget.ImageView2"), 0): Tapped on element 'Object Repository/Mobile/OR Product/android.widget.ImageView2'

2018-12-12 14:58:50 - [MESSAGE][WARNING] - Timeout '0' is invalid. Using default page load timeout: '100'

2018-12-12 14:58:54 - [MESSAGE][PASSED] - Tapped on element 'Object Repository/Mobile/OR Product/android.widget.ImageView2'

2018-12-12 14:58:54 - [TEST_STEP][PASSED] - tap(findTestObject("Mobile/OR Product/android.widget.ImageView2"), 0): Tapped on element 'Object Repository/Mobile/OR Product/android.widget.ImageView2'

2018-12-12 14:58:54 - [MESSAGE][WARNING] - Timeout '0' is invalid. Using default page load timeout: '100'

2018-12-12 14:58:57 - [MESSAGE][PASSED] - Tapped on element 'Object Repository/Mobile/OR Product/android.widget.ImageView2'

2018-12-12 14:58:57 - [TEST_STEP][PASSED] - tap(findTestObject("Mobile/OR Product/android.widget.TextView18 - Even"), 0): Tapped on element 'Object Repository/Mobile/OR Product/android.widget.TextView18 - Even'

2018-12-12 14:58:57 - [MESSAGE][WARNING] - Timeout '0' is invalid. Using default page load timeout: '100'

2018-12-12 14:58:59 - [MESSAGE][PASSED] - Tapped on element 'Object Repository/Mobile/OR Product/android.widget.TextView18 - Even'

2018-12-12 14:58:59 - [TEST_STEP][NOT_RUN] - tap(findTestObject("Mobile/OR Product/android.widget.TextView20 - Odd"), 0): NOT_RUN: tap(findTestObject("Mobile/OR Product/android.widget.TextView20 - Odd"), 0)

2018-12-12 14:58:59 - [MESSAGE][NOT_RUN] - NOT_RUN: tap(findTestObject("Mobile/OR Product/android.widget.TextView20 - Odd"), 0)

2018-12-12 14:58:59 - [TEST_STEP][PASSED] - scrollToText("Facilities", STOP_ON_FAILURE): Scrolling to text 'Facilities' successfully

2018-12-12 14:59:03 - [MESSAGE][PASSED] - Scrolling to text 'Facilities' successfully

2018-12-12 14:59:03 - [TEST_STEP][PASSED] - tap(findTestObject("Mobile/OR Product/android.widget.Show all facilities"), 0): Tapped on element 'Object Repository/Mobile/OR Product/android.widget.Show all facilities'

2018-12-12 14:59:03 - [MESSAGE][WARNING] - Timeout '0' is invalid. Using default page load timeout: '100'

2018-12-12 14:59:06 - [MESSAGE][PASSED] - Tapped on element 'Object Repository/Mobile/OR Product/android.widget.Show all facilities'

2018-12-12 14:59:06 - [TEST_STEP][NOT_RUN] - tap(findTestObject("Mobile/OR Product/android.widget.TextView6 - Life Insurance"), 0): NOT_RUN: tap(findTestObject("Mobile/OR Product/android.widget.TextView6 - Life Insurance"), 0)

2018-12-12 14:59:06 - [MESSAGE][NOT_RUN] - NOT_RUN: tap(findTestObject("Mobile/OR Product/android.widget.TextView6 - Life Insurance"), 0)

2018-12-12 14:59:06 - [TEST_STEP][NOT_RUN] - tap(findTestObject("Mobile/OR Product/android.widget.TextView11 - Wifi"), 0): NOT_RUN: tap(findTestObject("Mobile/OR Product/android.widget.TextView11 - Wifi"), 0)

2018-12-12 14:59:06 - [MESSAGE][NOT_RUN] - NOT_RUN: tap(findTestObject("Mobile/OR Product/android.widget.TextView11 - Wifi"), 0)

2018-12-12 14:59:06 - [TEST_STEP][PASSED] - tap(findTestObject("Mobile/OR Product/android.widget.Emergency Tools"), 0): Tapped on element 'Object Repository/Mobile/OR Product/android.widget.Emergency Tools'

2018-12-12 14:59:06 - [MESSAGE][WARNING] - Timeout '0' is invalid. Using default page load timeout: '100'

2018-12-12 14:59:10 - [MESSAGE][PASSED] - Tapped on element 'Object Repository/Mobile/OR Product/android.widget.Emergency Tools'

2018-12-12 14:59:10 - [TEST_STEP][PASSED] - delay(findTestData("Delay Step").getValue(1, 2), STOP_ON_FAILURE): Delayed 5 second(s)

2018-12-12 14:59:15 - [MESSAGE][PASSED] - Delayed 5 second(s)

2018-12-12 14:59:15 - [TEST_STEP][PASSED] - tap(findTestObject("Mobile/OR Product/android.widget.Show all category"), 0): Tapped on element 'Object Repository/Mobile/OR Product/android.widget.Show all category'

2018-12-12 14:59:15 - [MESSAGE][WARNING] - Timeout '0' is invalid. Using default page load timeout: '100'

2018-12-12 14:59:19 - [MESSAGE][PASSED] - Tapped on element 'Object Repository/Mobile/OR Product/android.widget.Show all category'

2018-12-12 14:59:19 - [TEST_STEP][NOT_RUN] - tap(findTestObject("Mobile/OR Product/android.widget.MPV"), 0): NOT_RUN: tap(findTestObject("Mobile/OR Product/android.widget.MPV"), 0)

2018-12-12 14:59:19 - [MESSAGE][NOT_RUN] - NOT_RUN: tap(findTestObject("Mobile/OR Product/android.widget.MPV"), 0)

2018-12-12 14:59:19 - [TEST_STEP][NOT_RUN] - tap(findTestObject("Mobile/OR Product/android.widget.Minibus"), 0): NOT_RUN: tap(findTestObject("Mobile/OR Product/android.widget.Minibus"), 0)

2018-12-12 14:59:19 - [MESSAGE][NOT_RUN] - NOT_RUN: tap(findTestObject("Mobile/OR Product/android.widget.Minibus"), 0)

2018-12-12 14:59:19 - [TEST_STEP][NOT_RUN] - tap(findTestObject("Mobile/OR Product/android.widget.Sport"), 0): NOT_RUN: tap(findTestObject("Mobile/OR Product/android.widget.Sport"), 0)

2018-12-12 14:59:19 - [MESSAGE][NOT_RUN] - NOT_RUN: tap(findTestObject("Mobile/OR Product/android.widget.Sport"), 0)

2018-12-12 14:59:19 - [TEST_STEP][PASSED] - tap(findTestObject("Mobile/OR Product/android.widget.SUV"), 0): Tapped on element 'Object Repository/Mobile/OR Product/android.widget.SUV'

2018-12-12 14:59:20 - [MESSAGE][WARNING] - Timeout '0' is invalid. Using default page load timeout: '100'

2018-12-12 14:59:25 - [MESSAGE][PASSED] - Tapped on element 'Object Repository/Mobile/OR Product/android.widget.SUV'

2018-12-12 14:59:25 - [TEST_STEP][NOT_RUN] - tap(findTestObject("Mobile/OR Product/android.widget.Sedan"), 0): NOT_RUN: tap(findTestObject("Mobile/OR Product/android.widget.Sedan"), 0)

2018-12-12 14:59:25 - [MESSAGE][NOT_RUN] - NOT_RUN: tap(findTestObject("Mobile/OR Product/android.widget.Sedan"), 0)

2018-12-12 14:59:25 - [TEST_STEP][PASSED] - delay(findTestData("Delay Step").getValue(1, 2), STOP_ON_FAILURE): Delayed 5 second(s)

2018-12-12 14:59:30 - [MESSAGE][PASSED] - Delayed 5 second(s)

2018-12-12 14:59:30 - [TEST_STEP][PASSED] - tap(findTestObject("Mobile/OR Product/android.widget.Show all brand"), 0): Tapped on element 'Object Repository/Mobile/OR Product/android.widget.Show all brand'

2018-12-12 14:59:30 - [MESSAGE][WARNING] - Timeout '0' is invalid. Using default page load timeout: '100'

2018-12-12 14:59:31 - [MESSAGE][PASSED] - Tapped on element 'Object Repository/Mobile/OR Product/android.widget.Show all brand'

2018-12-12 14:59:31 - [TEST_STEP][NOT_RUN] - tap(findTestObject("Mobile/OR Product/android.widget.TextView5 - Honda"), 0): NOT_RUN: tap(findTestObject("Mobile/OR Product/android.widget.TextView5 - Honda"), 0)

2018-12-12 14:59:31 - [MESSAGE][NOT_RUN] - NOT_RUN: tap(findTestObject("Mobile/OR Product/android.widget.TextView5 - Honda"), 0)

2018-12-12 14:59:31 - [TEST_STEP][PASSED] - tap(findTestObject("Mobile/OR Product/android.widget.TextView18 - Jeep"), 0): Tapped on element 'Object Repository/Mobile/OR Product/android.widget.TextView18 - Jeep'

2018-12-12 14:59:31 - [MESSAGE][WARNING] - Timeout '0' is invalid. Using default page load timeout: '100'

2018-12-12 14:59:35 - [MESSAGE][PASSED] - Tapped on element 'Object Repository/Mobile/OR Product/android.widget.TextView18 - Jeep'

2018-12-12 14:59:35 - [TEST_STEP][NOT_RUN] - tap(findTestObject("Mobile/OR Product/android.widget.TextView9 - Chevrolet"), 0): NOT_RUN: tap(findTestObject("Mobile/OR Product/android.widget.TextView9 - Chevrolet"), 0)

2018-12-12 14:59:35 - [MESSAGE][NOT_RUN] - NOT_RUN: tap(findTestObject("Mobile/OR Product/android.widget.TextView9 - Chevrolet"), 0)

2018-12-12 14:59:35 - [TEST_STEP][NOT_RUN] - tap(findTestObject("Mobile/OR Product/android.widget.TextView11 - Toyota"), 0): NOT_RUN: tap(findTestObject("Mobile/OR Product/android.widget.TextView11 - Toyota"), 0)

2018-12-12 14:59:35 - [MESSAGE][NOT_RUN] - NOT_RUN: tap(findTestObject("Mobile/OR Product/android.widget.TextView11 - Toyota"), 0)

2018-12-12 14:59:35 - [TEST_STEP][PASSED] - tap(findTestObject("Mobile/OR Homepage/android.widget.ImageView1"), 0): Tapped on element 'Object Repository/Mobile/OR Homepage/android.widget.ImageView1'

2018-12-12 14:59:35 - [MESSAGE][WARNING] - Timeout '0' is invalid. Using default page load timeout: '100'

2018-12-12 14:59:37 - [MESSAGE][PASSED] - Tapped on element 'Object Repository/Mobile/OR Homepage/android.widget.ImageView1'

2018-12-12 14:59:37 - [TEST_STEP][NOT_RUN] - delay(findTestData("Delay Step").getValue(1, 3), STOP_ON_FAILURE): NOT_RUN: delay(findTestData("Delay Step").getValue(1, 3), STOP_ON_FAILURE)

2018-12-12 14:59:37 - [MESSAGE][NOT_RUN] - NOT_RUN: delay(findTestData("Delay Step").getValue(1, 3), STOP_ON_FAILURE)

2018-12-12 14:59:37 - [TEST_STEP][PASSED] - setText(findTestObject("Mobile/OR Product/android.widget.EditText0 - Search model"), "Renegade", 0): Text 'Renegade' has been set to element 'Object Repository/Mobile/OR Product/android.widget.EditText0 - Search model'

2018-12-12 14:59:37 - [MESSAGE][WARNING] - Timeout '0' is invalid. Using default page load timeout: '100'

2018-12-12 14:59:39 - [MESSAGE][PASSED] - Text 'Renegade' has been set to element 'Object Repository/Mobile/OR Product/android.widget.EditText0 - Search model'

2018-12-12 14:59:39 - [TEST_STEP][PASSED] - tap(findTestObject("Mobile/OR Product/android.widget.CheckBox0"), 0): Tapped on element 'Object Repository/Mobile/OR Product/android.widget.CheckBox0'

2018-12-12 14:59:39 - [MESSAGE][WARNING] - Timeout '0' is invalid. Using default page load timeout: '100'

2018-12-12 14:59:43 - [MESSAGE][PASSED] - Tapped on element 'Object Repository/Mobile/OR Product/android.widget.CheckBox0'

2018-12-12 14:59:43 - [TEST_STEP][NOT_RUN] - tap(findTestObject("Mobile/OR Product/android.widget.TextView1 - SPORTAGE"), 0): NOT_RUN: tap(findTestObject("Mobile/OR Product/android.widget.TextView1 - SPORTAGE"), 0)

2018-12-12 14:59:43 - [MESSAGE][NOT_RUN] - NOT_RUN: tap(findTestObject("Mobile/OR Product/android.widget.TextView1 - SPORTAGE"), 0)

2018-12-12 14:59:43 - [TEST_STEP][NOT_RUN] - tap(findTestObject("Mobile/OR Product/android.widget.TextView2 - SPORT CLASS"), 0): NOT_RUN: tap(findTestObject("Mobile/OR Product/android.widget.TextView2 - SPORT CLASS"), 0)

2018-12-12 14:59:43 - [MESSAGE][NOT_RUN] - NOT_RUN: tap(findTestObject("Mobile/OR Product/android.widget.TextView2 - SPORT CLASS"), 0)

2018-12-12 14:59:43 - [TEST_STEP][NOT_RUN] - tap(findTestObject("Mobile/OR Product/android.widget.TextView10 - CITY"), 0): NOT_RUN: tap(findTestObject("Mobile/OR Product/android.widget.TextView10 - CITY"), 0)

2018-12-12 14:59:43 - [MESSAGE][NOT_RUN] - NOT_RUN: tap(findTestObject("Mobile/OR Product/android.widget.TextView10 - CITY"), 0)

2018-12-12 14:59:43 - [TEST_STEP][NOT_RUN] - tap(findTestObject("Mobile/OR Product/android.widget.TextView12 - RANGER"), 0): NOT_RUN: tap(findTestObject("Mobile/OR Product/android.widget.TextView12 - RANGER"), 0)

2018-12-12 14:59:43 - [MESSAGE][NOT_RUN] - NOT_RUN: tap(findTestObject("Mobile/OR Product/android.widget.TextView12 - RANGER"), 0)

2018-12-12 14:59:43 - [TEST_STEP][PASSED] - tap(findTestObject("Mobile/OR Product/android.widget.Button0 - Save"), 0): Tapped on element 'Object Repository/Mobile/OR Product/android.widget.Button0 - Save'

2018-12-12 14:59:43 - [MESSAGE][WARNING] - Timeout '0' is invalid. Using default page load timeout: '100'

2018-12-12 14:59:45 - [MESSAGE][PASSED] - Tapped on element 'Object Repository/Mobile/OR Product/android.widget.Button0 - Save'

2018-12-12 14:59:45 - [TEST_STEP][PASSED] - scrollToText("Transmission", STOP_ON_FAILURE): Scrolling to text 'Transmission' successfully

2018-12-12 14:59:46 - [MESSAGE][PASSED] - Scrolling to text 'Transmission' successfully

2018-12-12 14:59:46 - [TEST_STEP][PASSED] - tap(findTestObject("Mobile/OR Product/android.widget.TextView10 - Diesel"), 0): Tapped on element 'Object Repository/Mobile/OR Product/android.widget.TextView10 - Diesel'

2018-12-12 14:59:46 - [MESSAGE][WARNING] - Timeout '0' is invalid. Using default page load timeout: '100'

2018-12-12 14:59:48 - [MESSAGE][PASSED] - Tapped on element 'Object Repository/Mobile/OR Product/android.widget.TextView10 - Diesel'

2018-12-12 14:59:48 - [TEST_STEP][NOT_RUN] - tap(findTestObject("Mobile/OR Product/android.widget.TextView13 - Petrol"), 0): NOT_RUN: tap(findTestObject("Mobile/OR Product/android.widget.TextView13 - Petrol"), 0)

2018-12-12 14:59:48 - [MESSAGE][NOT_RUN] - NOT_RUN: tap(findTestObject("Mobile/OR Product/android.widget.TextView13 - Petrol"), 0)

2018-12-12 14:59:48 - [TEST_STEP][NOT_RUN] - tap(findTestObject("Mobile/OR Product/android.widget.TextView14 - Electric"), 0): NOT_RUN: tap(findTestObject("Mobile/OR Product/android.widget.TextView14 - Electric"), 0)

2018-12-12 14:59:48 - [MESSAGE][NOT_RUN] - NOT_RUN: tap(findTestObject("Mobile/OR Product/android.widget.TextView14 - Electric"), 0)

2018-12-12 14:59:48 - [TEST_STEP][PASSED] - tap(findTestObject("Mobile/OR Product/android.widget.TextView16 - Manual"), 0): Tapped on element 'Object Repository/Mobile/OR Product/android.widget.TextView16 - Manual'

2018-12-12 14:59:48 - [MESSAGE][WARNING] - Timeout '0' is invalid. Using default page load timeout: '100'

2018-12-12 14:59:49 - [MESSAGE][PASSED] - Tapped on element 'Object Repository/Mobile/OR Product/android.widget.TextView16 - Manual'

2018-12-12 14:59:49 - [TEST_STEP][NOT_RUN] - tap(findTestObject("Mobile/OR Product/android.widget.TextView19 - Automatic"), 0): NOT_RUN: tap(findTestObject("Mobile/OR Product/android.widget.TextView19 - Automatic"), 0)

2018-12-12 14:59:49 - [MESSAGE][NOT_RUN] - NOT_RUN: tap(findTestObject("Mobile/OR Product/android.widget.TextView19 - Automatic"), 0)

2018-12-12 14:59:49 - [TEST_STEP][PASSED] - tap(findTestObject("Mobile/OR Product/android.widget.Button0 - Search"), 0): Tapped on element 'Object Repository/Mobile/OR Product/android.widget.Button0 - Search'

2018-12-12 14:59:49 - [MESSAGE][WARNING] - Timeout '0' is invalid. Using default page load timeout: '100'

2018-12-12 14:59:51 - [MESSAGE][PASSED] - Tapped on element 'Object Repository/Mobile/OR Product/android.widget.Button0 - Search'

2018-12-12 14:59:51 - [TEST_STEP][PASSED] - delay(findTestData("Delay Step").getValue(1, 2), STOP_ON_FAILURE): Delayed 5 second(s)

2018-12-12 14:59:56 - [MESSAGE][PASSED] - Delayed 5 second(s)]]></system-out>
         <system-err><![CDATA[]]></system-err>
      </testcase>
      <testcase name="Test Cases/Mobile/Android/Booking/SC99 Regression/TC15 Select car from list cars" classname="Test Cases/Mobile/Android/Booking/SC99 Regression/TC15 Select car from list cars" status="PASSED">
         <system-out><![CDATA[2018-12-12 14:59:56 - [TEST_CASE][PASSED] - Test Cases/Mobile/Android/Booking/SC99 Regression/TC15 Select car from list cars: Test Cases/Mobile/Android/Booking/SC99 Regression/TC15 Select car from list cars

2018-12-12 14:59:56 - [TEST_STEP][NOT_RUN] - callTestCase(findTestCase("Mobile/Android/Homepage/SC99 Regression/TC01 Search car use search bar rental city atau region"), [:], STOP_ON_FAILURE): NOT_RUN: callTestCase(findTestCase("Mobile/Android/Homepage/SC99 Regression/TC01 Search car use search bar rental city atau region"), [:], STOP_ON_FAILURE)

2018-12-12 14:59:56 - [MESSAGE][NOT_RUN] - NOT_RUN: callTestCase(findTestCase("Mobile/Android/Homepage/SC99 Regression/TC01 Search car use search bar rental city atau region"), [:], STOP_ON_FAILURE)

2018-12-12 14:59:56 - [TEST_STEP][PASSED] - tap(findTestObject("Mobile/OR Booking/android.support.v4.view.ViewPager0"), 0): Tapped on element 'Object Repository/Mobile/OR Booking/android.support.v4.view.ViewPager0'

2018-12-12 14:59:56 - [MESSAGE][WARNING] - Timeout '0' is invalid. Using default page load timeout: '100'

2018-12-12 14:59:59 - [MESSAGE][PASSED] - Tapped on element 'Object Repository/Mobile/OR Booking/android.support.v4.view.ViewPager0'

2018-12-12 14:59:59 - [TEST_STEP][PASSED] - tap(findTestObject("Mobile/OR Booking/android.widget.Button0 - Check Packages"), 0): Tapped on element 'Object Repository/Mobile/OR Booking/android.widget.Button0 - Check Packages'

2018-12-12 14:59:59 - [MESSAGE][WARNING] - Timeout '0' is invalid. Using default page load timeout: '100'

2018-12-12 15:00:06 - [MESSAGE][PASSED] - Tapped on element 'Object Repository/Mobile/OR Booking/android.widget.Button0 - Check Packages'

2018-12-12 15:00:06 - [TEST_STEP][PASSED] - tap(findTestObject("Mobile/OR Booking/android.widget.Button1 - Book Now"), 0): Tapped on element 'Object Repository/Mobile/OR Booking/android.widget.Button1 - Book Now'

2018-12-12 15:00:06 - [MESSAGE][WARNING] - Timeout '0' is invalid. Using default page load timeout: '100'

2018-12-12 15:00:09 - [MESSAGE][PASSED] - Tapped on element 'Object Repository/Mobile/OR Booking/android.widget.Button1 - Book Now'

2018-12-12 15:00:09 - [TEST_STEP][PASSED] - scrollToText("Add additional benefits", STOP_ON_FAILURE): Scrolling to text 'Add additional benefits' successfully

2018-12-12 15:00:10 - [MESSAGE][PASSED] - Scrolling to text 'Add additional benefits' successfully

2018-12-12 15:00:10 - [TEST_STEP][PASSED] - tap(findTestObject("Mobile/OR Booking/android.widget.TextView2 - Edit"), 0): Tapped on element 'Object Repository/Mobile/OR Booking/android.widget.TextView2 - Edit'

2018-12-12 15:00:10 - [MESSAGE][WARNING] - Timeout '0' is invalid. Using default page load timeout: '100'

2018-12-12 15:00:12 - [MESSAGE][PASSED] - Tapped on element 'Object Repository/Mobile/OR Booking/android.widget.TextView2 - Edit'

2018-12-12 15:00:12 - [TEST_STEP][PASSED] - tap(findTestObject("Mobile/OR Booking/android.widget.CheckBox0"), 0): Tapped on element 'Object Repository/Mobile/OR Booking/android.widget.CheckBox0'

2018-12-12 15:00:12 - [MESSAGE][WARNING] - Timeout '0' is invalid. Using default page load timeout: '100'

2018-12-12 15:00:15 - [MESSAGE][PASSED] - Tapped on element 'Object Repository/Mobile/OR Booking/android.widget.CheckBox0'

2018-12-12 15:00:15 - [TEST_STEP][PASSED] - tap(findTestObject("Mobile/OR Booking/android.widget.ImageView1"), 0): Tapped on element 'Object Repository/Mobile/OR Booking/android.widget.ImageView1'

2018-12-12 15:00:15 - [MESSAGE][WARNING] - Timeout '0' is invalid. Using default page load timeout: '100'

2018-12-12 15:00:17 - [MESSAGE][PASSED] - Tapped on element 'Object Repository/Mobile/OR Booking/android.widget.ImageView1'

2018-12-12 15:00:17 - [TEST_STEP][PASSED] - tap(findTestObject("Mobile/OR Booking/android.widget.Button0 - Save"), 0): Tapped on element 'Object Repository/Mobile/OR Booking/android.widget.Button0 - Save'

2018-12-12 15:00:17 - [MESSAGE][WARNING] - Timeout '0' is invalid. Using default page load timeout: '100'

2018-12-12 15:00:19 - [MESSAGE][PASSED] - Tapped on element 'Object Repository/Mobile/OR Booking/android.widget.Button0 - Save'

2018-12-12 15:00:19 - [TEST_STEP][PASSED] - tap(findTestObject("Mobile/OR Booking/android.widget.Button0 - I Agree"), 0): Tapped on element 'Object Repository/Mobile/OR Booking/android.widget.Button0 - I Agree'

2018-12-12 15:00:19 - [MESSAGE][WARNING] - Timeout '0' is invalid. Using default page load timeout: '100'

2018-12-12 15:00:22 - [MESSAGE][PASSED] - Tapped on element 'Object Repository/Mobile/OR Booking/android.widget.Button0 - I Agree'

2018-12-12 15:00:22 - [TEST_STEP][PASSED] - tap(findTestObject("Mobile/OR Booking/android.widget.EditText0"), 0): Tapped on element 'Object Repository/Mobile/OR Booking/android.widget.EditText0'

2018-12-12 15:00:22 - [MESSAGE][WARNING] - Timeout '0' is invalid. Using default page load timeout: '100'

2018-12-12 15:00:26 - [MESSAGE][PASSED] - Tapped on element 'Object Repository/Mobile/OR Booking/android.widget.EditText0'

2018-12-12 15:00:26 - [TEST_STEP][PASSED] - delay(findTestData("Delay Step").getValue(1, 2), STOP_ON_FAILURE): Delayed 5 second(s)

2018-12-12 15:00:31 - [MESSAGE][PASSED] - Delayed 5 second(s)

2018-12-12 15:00:31 - [TEST_STEP][PASSED] - tap(findTestObject("Mobile/OR Booking/android.widget.Button1 - OK"), 0): Tapped on element 'Object Repository/Mobile/OR Booking/android.widget.Button1 - OK'

2018-12-12 15:00:31 - [MESSAGE][WARNING] - Timeout '0' is invalid. Using default page load timeout: '100'

2018-12-12 15:00:32 - [MESSAGE][PASSED] - Tapped on element 'Object Repository/Mobile/OR Booking/android.widget.Button1 - OK'

2018-12-12 15:00:32 - [TEST_STEP][PASSED] - tap(findTestObject("Mobile/OR Booking/android.widget.RelativeLayout7"), 0): Tapped on element 'Object Repository/Mobile/OR Booking/android.widget.RelativeLayout7'

2018-12-12 15:00:32 - [MESSAGE][WARNING] - Timeout '0' is invalid. Using default page load timeout: '100'

2018-12-12 15:00:34 - [MESSAGE][PASSED] - Tapped on element 'Object Repository/Mobile/OR Booking/android.widget.RelativeLayout7'

2018-12-12 15:00:34 - [TEST_STEP][PASSED] - delay(5, STOP_ON_FAILURE): Delayed 5 second(s)

2018-12-12 15:00:39 - [MESSAGE][PASSED] - Delayed 5 second(s)

2018-12-12 15:00:39 - [TEST_STEP][PASSED] - tap(findTestObject("Mobile/OR Booking/android.widget.Button0 - Confirm"), 0): Tapped on element 'Object Repository/Mobile/OR Booking/android.widget.Button0 - Confirm'

2018-12-12 15:00:39 - [MESSAGE][WARNING] - Timeout '0' is invalid. Using default page load timeout: '100'

2018-12-12 15:00:41 - [MESSAGE][PASSED] - Tapped on element 'Object Repository/Mobile/OR Booking/android.widget.Button0 - Confirm'

2018-12-12 15:00:41 - [TEST_STEP][PASSED] - tap(findTestObject("Mobile/OR Booking/android.widget.RelativeLayout8"), 0): Tapped on element 'Object Repository/Mobile/OR Booking/android.widget.RelativeLayout8'

2018-12-12 15:00:41 - [MESSAGE][WARNING] - Timeout '0' is invalid. Using default page load timeout: '100'

2018-12-12 15:00:46 - [MESSAGE][PASSED] - Tapped on element 'Object Repository/Mobile/OR Booking/android.widget.RelativeLayout8'

2018-12-12 15:00:46 - [TEST_STEP][PASSED] - delay(findTestData("Delay Step").getValue(1, 2), STOP_ON_FAILURE): Delayed 5 second(s)

2018-12-12 15:00:51 - [MESSAGE][PASSED] - Delayed 5 second(s)

2018-12-12 15:00:51 - [TEST_STEP][PASSED] - tap(findTestObject("Mobile/OR Booking/android.widget.Button0 - Confirm"), 0): Tapped on element 'Object Repository/Mobile/OR Booking/android.widget.Button0 - Confirm'

2018-12-12 15:00:51 - [MESSAGE][WARNING] - Timeout '0' is invalid. Using default page load timeout: '100'

2018-12-12 15:00:52 - [MESSAGE][PASSED] - Tapped on element 'Object Repository/Mobile/OR Booking/android.widget.Button0 - Confirm'

2018-12-12 15:00:52 - [TEST_STEP][PASSED] - tap(findTestObject("Mobile/OR Booking/android.widget.Button0 - Continue"), 0): Tapped on element 'Object Repository/Mobile/OR Booking/android.widget.Button0 - Continue'

2018-12-12 15:00:52 - [MESSAGE][WARNING] - Timeout '0' is invalid. Using default page load timeout: '100'

2018-12-12 15:00:54 - [MESSAGE][PASSED] - Tapped on element 'Object Repository/Mobile/OR Booking/android.widget.Button0 - Continue'

2018-12-12 15:00:54 - [TEST_STEP][PASSED] - delay(findTestData("Delay Step").getValue(1, 2), STOP_ON_FAILURE): Delayed 5 second(s)

2018-12-12 15:00:59 - [MESSAGE][PASSED] - Delayed 5 second(s)]]></system-out>
         <system-err><![CDATA[]]></system-err>
      </testcase>
      <testcase name="Test Cases/Mobile/Android/Booking/SC99 Regression/TC09 Rules" classname="Test Cases/Mobile/Android/Booking/SC99 Regression/TC09 Rules" status="PASSED">
         <system-out><![CDATA[2018-12-12 15:00:59 - [TEST_CASE][PASSED] - Test Cases/Mobile/Android/Booking/SC99 Regression/TC09 Rules: Test Cases/Mobile/Android/Booking/SC99 Regression/TC09 Rules

2018-12-12 15:00:59 - [TEST_STEP][NOT_RUN] - callTestCase(findTestCase("Mobile/Android/Booking/SC99 Regression/TC15 Select car from list cars"), [:], STOP_ON_FAILURE): NOT_RUN: callTestCase(findTestCase("Mobile/Android/Booking/SC99 Regression/TC15 Select car from list cars"), [:], STOP_ON_FAILURE)

2018-12-12 15:00:59 - [MESSAGE][NOT_RUN] - NOT_RUN: callTestCase(findTestCase("Mobile/Android/Booking/SC99 Regression/TC15 Select car from list cars"), [:], STOP_ON_FAILURE)

2018-12-12 15:00:59 - [TEST_STEP][PASSED] - tap(findTestObject("Mobile/OR Booking/android.widget.TextView - CANCELLATION POLICY"), 0): Tapped on element 'Object Repository/Mobile/OR Booking/android.widget.TextView - CANCELLATION POLICY'

2018-12-12 15:00:59 - [MESSAGE][WARNING] - Timeout '0' is invalid. Using default page load timeout: '100'

2018-12-12 15:01:03 - [MESSAGE][PASSED] - Tapped on element 'Object Repository/Mobile/OR Booking/android.widget.TextView - CANCELLATION POLICY'

2018-12-12 15:01:03 - [TEST_STEP][PASSED] - tap(findTestObject("Mobile/OR Booking/android.widget.Button0 - Agree"), 0): Tapped on element 'Object Repository/Mobile/OR Booking/android.widget.Button0 - Agree'

2018-12-12 15:01:03 - [MESSAGE][WARNING] - Timeout '0' is invalid. Using default page load timeout: '100'

2018-12-12 15:01:05 - [MESSAGE][PASSED] - Tapped on element 'Object Repository/Mobile/OR Booking/android.widget.Button0 - Agree'

2018-12-12 15:01:05 - [TEST_STEP][NOT_RUN] - tap(findTestObject("Mobile/OR Booking/android.widget.Button0 - Pay Later"), 0): NOT_RUN: tap(findTestObject("Mobile/OR Booking/android.widget.Button0 - Pay Later"), 0)

2018-12-12 15:01:05 - [MESSAGE][NOT_RUN] - NOT_RUN: tap(findTestObject("Mobile/OR Booking/android.widget.Button0 - Pay Later"), 0)

2018-12-12 15:01:05 - [TEST_STEP][PASSED] - delay(findTestData("Delay Step").getValue(1, 2), STOP_ON_FAILURE): Delayed 5 second(s)

2018-12-12 15:01:10 - [MESSAGE][PASSED] - Delayed 5 second(s)]]></system-out>
         <system-err><![CDATA[]]></system-err>
      </testcase>
      <testcase name="Test Cases/Mobile/Android/Payment/SC99 Regression/TC01 Pay - Payment" classname="Test Cases/Mobile/Android/Payment/SC99 Regression/TC01 Pay - Payment" status="PASSED">
         <system-out><![CDATA[2018-12-12 15:01:10 - [TEST_CASE][PASSED] - Test Cases/Mobile/Android/Payment/SC99 Regression/TC01 Pay - Payment: Test Cases/Mobile/Android/Payment/SC99 Regression/TC01 Pay - Payment

2018-12-12 15:01:10 - [TEST_STEP][NOT_RUN] - callTestCase(findTestCase("Mobile/Android/Booking/SC99 Regression/TC09 Rules"), [:], STOP_ON_FAILURE): NOT_RUN: callTestCase(findTestCase("Mobile/Android/Booking/SC99 Regression/TC09 Rules"), [:], STOP_ON_FAILURE)

2018-12-12 15:01:10 - [MESSAGE][NOT_RUN] - NOT_RUN: callTestCase(findTestCase("Mobile/Android/Booking/SC99 Regression/TC09 Rules"), [:], STOP_ON_FAILURE)

2018-12-12 15:01:10 - [TEST_STEP][NOT_RUN] - tap(findTestObject("Mobile/OR Payment/android.widget.ImageView2"), 0): NOT_RUN: tap(findTestObject("Mobile/OR Payment/android.widget.ImageView2"), 0)

2018-12-12 15:01:10 - [MESSAGE][NOT_RUN] - NOT_RUN: tap(findTestObject("Mobile/OR Payment/android.widget.ImageView2"), 0)

2018-12-12 15:01:10 - [TEST_STEP][PASSED] - tap(findTestObject("Mobile/OR Payment/android.widget.Button1 - Pay"), 0): Tapped on element 'Object Repository/Mobile/OR Payment/android.widget.Button1 - Pay'

2018-12-12 15:01:10 - [MESSAGE][WARNING] - Timeout '0' is invalid. Using default page load timeout: '100'

2018-12-12 15:01:11 - [MESSAGE][PASSED] - Tapped on element 'Object Repository/Mobile/OR Payment/android.widget.Button1 - Pay'

2018-12-12 15:01:11 - [TEST_STEP][PASSED] - tap(findTestObject("Mobile/OR Payment/android.widget.TextView3 - ALREADY CONFIRM"), 0): Tapped on element 'Object Repository/Mobile/OR Payment/android.widget.TextView3 - ALREADY CONFIRM'

2018-12-12 15:01:11 - [MESSAGE][WARNING] - Timeout '0' is invalid. Using default page load timeout: '100'

2018-12-12 15:01:13 - [MESSAGE][PASSED] - Tapped on element 'Object Repository/Mobile/OR Payment/android.widget.TextView3 - ALREADY CONFIRM'

2018-12-12 15:01:13 - [TEST_STEP][PASSED] - delay(findTestData("Delay Step").getValue(1, 2), STOP_ON_FAILURE): Delayed 5 second(s)

2018-12-12 15:01:18 - [MESSAGE][PASSED] - Delayed 5 second(s)]]></system-out>
         <system-err><![CDATA[]]></system-err>
      </testcase>
      <testcase name="Test Cases/Mobile/Android/Payment/SC99 Regression/TC04 Select payment method" classname="Test Cases/Mobile/Android/Payment/SC99 Regression/TC04 Select payment method" status="PASSED">
         <system-out><![CDATA[2018-12-12 15:01:18 - [TEST_CASE][PASSED] - Test Cases/Mobile/Android/Payment/SC99 Regression/TC04 Select payment method: Test Cases/Mobile/Android/Payment/SC99 Regression/TC04 Select payment method

2018-12-12 15:01:19 - [TEST_STEP][NOT_RUN] - callTestCase(findTestCase("Mobile/Android/Payment/SC99 Regression/TC01 Pay - Payment"), [:], STOP_ON_FAILURE): NOT_RUN: callTestCase(findTestCase("Mobile/Android/Payment/SC99 Regression/TC01 Pay - Payment"), [:], STOP_ON_FAILURE)

2018-12-12 15:01:19 - [MESSAGE][NOT_RUN] - NOT_RUN: callTestCase(findTestCase("Mobile/Android/Payment/SC99 Regression/TC01 Pay - Payment"), [:], STOP_ON_FAILURE)

2018-12-12 15:01:19 - [TEST_STEP][PASSED] - tap(findTestObject("Mobile/OR Payment/android.widget.FrameLayout3"), 0): Tapped on element 'Object Repository/Mobile/OR Payment/android.widget.FrameLayout3'

2018-12-12 15:01:19 - [MESSAGE][WARNING] - Timeout '0' is invalid. Using default page load timeout: '100'

2018-12-12 15:01:21 - [MESSAGE][PASSED] - Tapped on element 'Object Repository/Mobile/OR Payment/android.widget.FrameLayout3'

2018-12-12 15:01:21 - [TEST_STEP][PASSED] - delay(findTestData("Delay Step").getValue(1, 2), STOP_ON_FAILURE): Delayed 5 second(s)

2018-12-12 15:01:26 - [MESSAGE][PASSED] - Delayed 5 second(s)]]></system-out>
         <system-err><![CDATA[]]></system-err>
      </testcase>
      <testcase name="Test Cases/Mobile/Android/Payment/SC99 Regression/TC05 Credit card payment" classname="Test Cases/Mobile/Android/Payment/SC99 Regression/TC05 Credit card payment" status="FAILED">
         <failure type="FAILED" message="Test Cases/Mobile/Android/Payment/SC99 Regression/TC05 Credit card payment FAILED.
Reason:
com.kms.katalon.core.exception.StepFailedException: Failed to tap on element 'Object Repository/Mobile/OR Payment/android.widget.EditText0' (Root cause: com.kms.katalon.core.exception.StepFailedException: Object Object Repository/Mobile/OR Payment/android.widget.EditText0 not found)
	at com.kms.katalon.core.keyword.internal.KeywordMain.stepFailed(KeywordMain.groovy:36)
	at com.kms.katalon.core.mobile.keyword.internal.MobileKeywordMain.stepFailed(MobileKeywordMain.groovy:40)
	at com.kms.katalon.core.mobile.keyword.internal.MobileKeywordMain.runKeyword(MobileKeywordMain.groovy:23)
	at com.kms.katalon.core.mobile.keyword.builtin.TapKeyword.tap(TapKeyword.groovy:83)
	at com.kms.katalon.core.mobile.keyword.builtin.TapKeyword.execute(TapKeyword.groovy:66)
	at com.kms.katalon.core.keyword.internal.KeywordExecutor.executeKeywordForPlatform(KeywordExecutor.groovy:53)
	at com.kms.katalon.core.mobile.keyword.MobileBuiltInKeywords.tap(MobileBuiltInKeywords.groovy:485)
	at com.kms.katalon.core.mobile.keyword.MobileBuiltInKeywords$tap$0.call(Unknown Source)
	at TC05 Credit card payment.run(TC05 Credit card payment:26)
	at com.kms.katalon.core.main.ScriptEngine.run(ScriptEngine.java:194)
	at com.kms.katalon.core.main.ScriptEngine.runScriptAsRawText(ScriptEngine.java:119)
	at com.kms.katalon.core.main.TestCaseExecutor.runScript(TestCaseExecutor.java:321)
	at com.kms.katalon.core.main.TestCaseExecutor.doExecute(TestCaseExecutor.java:312)
	at com.kms.katalon.core.main.TestCaseExecutor.processExecutionPhase(TestCaseExecutor.java:291)
	at com.kms.katalon.core.main.TestCaseExecutor.accessMainPhase(TestCaseExecutor.java:283)
	at com.kms.katalon.core.main.TestCaseExecutor.execute(TestCaseExecutor.java:222)
	at com.kms.katalon.core.main.TestSuiteExecutor.accessTestCaseMainPhase(TestSuiteExecutor.java:129)
	at com.kms.katalon.core.main.TestSuiteExecutor.accessTestSuiteMainPhase(TestSuiteExecutor.java:112)
	at com.kms.katalon.core.main.TestSuiteExecutor.execute(TestSuiteExecutor.java:81)
	at com.kms.katalon.core.main.TestCaseMain.startTestSuite(TestCaseMain.java:149)
	at com.kms.katalon.core.main.TestCaseMain$startTestSuite$0.call(Unknown Source)
	at TempTestSuite1544655374246.run(TempTestSuite1544655374246.groovy:36)
"/>
         <system-out><![CDATA[2018-12-12 15:01:26 - [TEST_CASE][FAILED] - Test Cases/Mobile/Android/Payment/SC99 Regression/TC05 Credit card payment: Test Cases/Mobile/Android/Payment/SC99 Regression/TC05 Credit card payment FAILED.
Reason:
com.kms.katalon.core.exception.StepFailedException: Failed to tap on element 'Object Repository/Mobile/OR Payment/android.widget.EditText0' (Root cause: com.kms.katalon.core.exception.StepFailedException: Object Object Repository/Mobile/OR Payment/android.widget.EditText0 not found)
	at com.kms.katalon.core.keyword.internal.KeywordMain.stepFailed(KeywordMain.groovy:36)
	at com.kms.katalon.core.mobile.keyword.internal.MobileKeywordMain.stepFailed(MobileKeywordMain.groovy:40)
	at com.kms.katalon.core.mobile.keyword.internal.MobileKeywordMain.runKeyword(MobileKeywordMain.groovy:23)
	at com.kms.katalon.core.mobile.keyword.builtin.TapKeyword.tap(TapKeyword.groovy:83)
	at com.kms.katalon.core.mobile.keyword.builtin.TapKeyword.execute(TapKeyword.groovy:66)
	at com.kms.katalon.core.keyword.internal.KeywordExecutor.executeKeywordForPlatform(KeywordExecutor.groovy:53)
	at com.kms.katalon.core.mobile.keyword.MobileBuiltInKeywords.tap(MobileBuiltInKeywords.groovy:485)
	at com.kms.katalon.core.mobile.keyword.MobileBuiltInKeywords$tap$0.call(Unknown Source)
	at TC05 Credit card payment.run(TC05 Credit card payment:26)
	at com.kms.katalon.core.main.ScriptEngine.run(ScriptEngine.java:194)
	at com.kms.katalon.core.main.ScriptEngine.runScriptAsRawText(ScriptEngine.java:119)
	at com.kms.katalon.core.main.TestCaseExecutor.runScript(TestCaseExecutor.java:321)
	at com.kms.katalon.core.main.TestCaseExecutor.doExecute(TestCaseExecutor.java:312)
	at com.kms.katalon.core.main.TestCaseExecutor.processExecutionPhase(TestCaseExecutor.java:291)
	at com.kms.katalon.core.main.TestCaseExecutor.accessMainPhase(TestCaseExecutor.java:283)
	at com.kms.katalon.core.main.TestCaseExecutor.execute(TestCaseExecutor.java:222)
	at com.kms.katalon.core.main.TestSuiteExecutor.accessTestCaseMainPhase(TestSuiteExecutor.java:129)
	at com.kms.katalon.core.main.TestSuiteExecutor.accessTestSuiteMainPhase(TestSuiteExecutor.java:112)
	at com.kms.katalon.core.main.TestSuiteExecutor.execute(TestSuiteExecutor.java:81)
	at com.kms.katalon.core.main.TestCaseMain.startTestSuite(TestCaseMain.java:149)
	at com.kms.katalon.core.main.TestCaseMain$startTestSuite$0.call(Unknown Source)
	at TempTestSuite1544655374246.run(TempTestSuite1544655374246.groovy:36)


2018-12-12 15:01:26 - [TEST_STEP][NOT_RUN] - callTestCase(findTestCase("Mobile/Android/Payment/SC99 Regression/TC04 Select payment method"), [:], STOP_ON_FAILURE): NOT_RUN: callTestCase(findTestCase("Mobile/Android/Payment/SC99 Regression/TC04 Select payment method"), [:], STOP_ON_FAILURE)

2018-12-12 15:01:26 - [MESSAGE][NOT_RUN] - NOT_RUN: callTestCase(findTestCase("Mobile/Android/Payment/SC99 Regression/TC04 Select payment method"), [:], STOP_ON_FAILURE)

2018-12-12 15:01:26 - [TEST_STEP][PASSED] - tap(findTestObject("Mobile/OR Payment/android.widget.FrameLayout3 (1)"), 0): Tapped on element 'Object Repository/Mobile/OR Payment/android.widget.FrameLayout3 (1)'

2018-12-12 15:01:26 - [MESSAGE][WARNING] - Timeout '0' is invalid. Using default page load timeout: '100'

2018-12-12 15:01:28 - [MESSAGE][PASSED] - Tapped on element 'Object Repository/Mobile/OR Payment/android.widget.FrameLayout3 (1)'

2018-12-12 15:01:28 - [TEST_STEP][PASSED] - delay(findTestData("Delay Step").getValue(1, 2), STOP_ON_FAILURE): Delayed 5 second(s)

2018-12-12 15:01:33 - [MESSAGE][PASSED] - Delayed 5 second(s)

2018-12-12 15:01:33 - [TEST_STEP][FAILED] - tap(findTestObject("Mobile/OR Payment/android.widget.EditText0"), 0): tap(findTestObject("Mobile/OR Payment/android.widget.EditText0"), 0) FAILED.
Reason:
com.kms.katalon.core.exception.StepFailedException: Failed to tap on element 'Object Repository/Mobile/OR Payment/android.widget.EditText0' (Root cause: com.kms.katalon.core.exception.StepFailedException: Object Object Repository/Mobile/OR Payment/android.widget.EditText0 not found)
	at com.kms.katalon.core.keyword.internal.KeywordMain.stepFailed(KeywordMain.groovy:36)
	at com.kms.katalon.core.mobile.keyword.internal.MobileKeywordMain.stepFailed(MobileKeywordMain.groovy:40)
	at com.kms.katalon.core.mobile.keyword.internal.MobileKeywordMain.runKeyword(MobileKeywordMain.groovy:23)
	at com.kms.katalon.core.mobile.keyword.builtin.TapKeyword.tap(TapKeyword.groovy:83)
	at com.kms.katalon.core.mobile.keyword.builtin.TapKeyword.execute(TapKeyword.groovy:66)
	at com.kms.katalon.core.keyword.internal.KeywordExecutor.executeKeywordForPlatform(KeywordExecutor.groovy:53)
	at com.kms.katalon.core.mobile.keyword.MobileBuiltInKeywords.tap(MobileBuiltInKeywords.groovy:485)
	at com.kms.katalon.core.mobile.keyword.MobileBuiltInKeywords$tap$0.call(Unknown Source)
	at TC05 Credit card payment.run(TC05 Credit card payment:26)
	at com.kms.katalon.core.main.ScriptEngine.run(ScriptEngine.java:194)
	at com.kms.katalon.core.main.ScriptEngine.runScriptAsRawText(ScriptEngine.java:119)
	at com.kms.katalon.core.main.TestCaseExecutor.runScript(TestCaseExecutor.java:321)
	at com.kms.katalon.core.main.TestCaseExecutor.doExecute(TestCaseExecutor.java:312)
	at com.kms.katalon.core.main.TestCaseExecutor.processExecutionPhase(TestCaseExecutor.java:291)
	at com.kms.katalon.core.main.TestCaseExecutor.accessMainPhase(TestCaseExecutor.java:283)
	at com.kms.katalon.core.main.TestCaseExecutor.execute(TestCaseExecutor.java:222)
	at com.kms.katalon.core.main.TestSuiteExecutor.accessTestCaseMainPhase(TestSuiteExecutor.java:129)
	at com.kms.katalon.core.main.TestSuiteExecutor.accessTestSuiteMainPhase(TestSuiteExecutor.java:112)
	at com.kms.katalon.core.main.TestSuiteExecutor.execute(TestSuiteExecutor.java:81)
	at com.kms.katalon.core.main.TestCaseMain.startTestSuite(TestCaseMain.java:149)
	at com.kms.katalon.core.main.TestCaseMain$startTestSuite$0.call(Unknown Source)
	at TempTestSuite1544655374246.run(TempTestSuite1544655374246.groovy:36)


2018-12-12 15:01:33 - [MESSAGE][WARNING] - Timeout '0' is invalid. Using default page load timeout: '100'

2018-12-12 15:03:15 - [MESSAGE][FAILED] - Object Object Repository/Mobile/OR Payment/android.widget.EditText0 not found
[[ATTACHMENT|C:\\Users\\WGS-LAP199\\git\\astra-movic\\Reports\\Mobile\\Reservation From Advanced Search Rental City or Region\\20181212_145614\\1544655793881.png]]

2018-12-12 15:03:23 - [MESSAGE][FAILED] - Failed to tap on element 'Object Repository/Mobile/OR Payment/android.widget.EditText0' (Root cause: com.kms.katalon.core.exception.StepFailedException: Object Object Repository/Mobile/OR Payment/android.widget.EditText0 not found)
[[ATTACHMENT|C:\\Users\\WGS-LAP199\\git\\astra-movic\\Reports\\Mobile\\Reservation From Advanced Search Rental City or Region\\20181212_145614\\1544655795084.png]]

2018-12-12 15:03:23 - [MESSAGE][FAILED] - tap(findTestObject("Mobile/OR Payment/android.widget.EditText0"), 0) FAILED.
Reason:
com.kms.katalon.core.exception.StepFailedException: Failed to tap on element 'Object Repository/Mobile/OR Payment/android.widget.EditText0' (Root cause: com.kms.katalon.core.exception.StepFailedException: Object Object Repository/Mobile/OR Payment/android.widget.EditText0 not found)
	at com.kms.katalon.core.keyword.internal.KeywordMain.stepFailed(KeywordMain.groovy:36)
	at com.kms.katalon.core.mobile.keyword.internal.MobileKeywordMain.stepFailed(MobileKeywordMain.groovy:40)
	at com.kms.katalon.core.mobile.keyword.internal.MobileKeywordMain.runKeyword(MobileKeywordMain.groovy:23)
	at com.kms.katalon.core.mobile.keyword.builtin.TapKeyword.tap(TapKeyword.groovy:83)
	at com.kms.katalon.core.mobile.keyword.builtin.TapKeyword.execute(TapKeyword.groovy:66)
	at com.kms.katalon.core.keyword.internal.KeywordExecutor.executeKeywordForPlatform(KeywordExecutor.groovy:53)
	at com.kms.katalon.core.mobile.keyword.MobileBuiltInKeywords.tap(MobileBuiltInKeywords.groovy:485)
	at com.kms.katalon.core.mobile.keyword.MobileBuiltInKeywords$tap$0.call(Unknown Source)
	at TC05 Credit card payment.run(TC05 Credit card payment:26)
	at com.kms.katalon.core.main.ScriptEngine.run(ScriptEngine.java:194)
	at com.kms.katalon.core.main.ScriptEngine.runScriptAsRawText(ScriptEngine.java:119)
	at com.kms.katalon.core.main.TestCaseExecutor.runScript(TestCaseExecutor.java:321)
	at com.kms.katalon.core.main.TestCaseExecutor.doExecute(TestCaseExecutor.java:312)
	at com.kms.katalon.core.main.TestCaseExecutor.processExecutionPhase(TestCaseExecutor.java:291)
	at com.kms.katalon.core.main.TestCaseExecutor.accessMainPhase(TestCaseExecutor.java:283)
	at com.kms.katalon.core.main.TestCaseExecutor.execute(TestCaseExecutor.java:222)
	at com.kms.katalon.core.main.TestSuiteExecutor.accessTestCaseMainPhase(TestSuiteExecutor.java:129)
	at com.kms.katalon.core.main.TestSuiteExecutor.accessTestSuiteMainPhase(TestSuiteExecutor.java:112)
	at com.kms.katalon.core.main.TestSuiteExecutor.execute(TestSuiteExecutor.java:81)
	at com.kms.katalon.core.main.TestCaseMain.startTestSuite(TestCaseMain.java:149)
	at com.kms.katalon.core.main.TestCaseMain$startTestSuite$0.call(Unknown Source)
	at TempTestSuite1544655374246.run(TempTestSuite1544655374246.groovy:36)]]></system-out>
         <system-err><![CDATA[2018-12-12 15:01:26 - [TEST_CASE][FAILED] - Test Cases/Mobile/Android/Payment/SC99 Regression/TC05 Credit card payment: Test Cases/Mobile/Android/Payment/SC99 Regression/TC05 Credit card payment FAILED.
Reason:
com.kms.katalon.core.exception.StepFailedException: Failed to tap on element 'Object Repository/Mobile/OR Payment/android.widget.EditText0' (Root cause: com.kms.katalon.core.exception.StepFailedException: Object Object Repository/Mobile/OR Payment/android.widget.EditText0 not found)
	at com.kms.katalon.core.keyword.internal.KeywordMain.stepFailed(KeywordMain.groovy:36)
	at com.kms.katalon.core.mobile.keyword.internal.MobileKeywordMain.stepFailed(MobileKeywordMain.groovy:40)
	at com.kms.katalon.core.mobile.keyword.internal.MobileKeywordMain.runKeyword(MobileKeywordMain.groovy:23)
	at com.kms.katalon.core.mobile.keyword.builtin.TapKeyword.tap(TapKeyword.groovy:83)
	at com.kms.katalon.core.mobile.keyword.builtin.TapKeyword.execute(TapKeyword.groovy:66)
	at com.kms.katalon.core.keyword.internal.KeywordExecutor.executeKeywordForPlatform(KeywordExecutor.groovy:53)
	at com.kms.katalon.core.mobile.keyword.MobileBuiltInKeywords.tap(MobileBuiltInKeywords.groovy:485)
	at com.kms.katalon.core.mobile.keyword.MobileBuiltInKeywords$tap$0.call(Unknown Source)
	at TC05 Credit card payment.run(TC05 Credit card payment:26)
	at com.kms.katalon.core.main.ScriptEngine.run(ScriptEngine.java:194)
	at com.kms.katalon.core.main.ScriptEngine.runScriptAsRawText(ScriptEngine.java:119)
	at com.kms.katalon.core.main.TestCaseExecutor.runScript(TestCaseExecutor.java:321)
	at com.kms.katalon.core.main.TestCaseExecutor.doExecute(TestCaseExecutor.java:312)
	at com.kms.katalon.core.main.TestCaseExecutor.processExecutionPhase(TestCaseExecutor.java:291)
	at com.kms.katalon.core.main.TestCaseExecutor.accessMainPhase(TestCaseExecutor.java:283)
	at com.kms.katalon.core.main.TestCaseExecutor.execute(TestCaseExecutor.java:222)
	at com.kms.katalon.core.main.TestSuiteExecutor.accessTestCaseMainPhase(TestSuiteExecutor.java:129)
	at com.kms.katalon.core.main.TestSuiteExecutor.accessTestSuiteMainPhase(TestSuiteExecutor.java:112)
	at com.kms.katalon.core.main.TestSuiteExecutor.execute(TestSuiteExecutor.java:81)
	at com.kms.katalon.core.main.TestCaseMain.startTestSuite(TestCaseMain.java:149)
	at com.kms.katalon.core.main.TestCaseMain$startTestSuite$0.call(Unknown Source)
	at TempTestSuite1544655374246.run(TempTestSuite1544655374246.groovy:36)]]></system-err>
      </testcase>
      <system-out><![CDATA[2018-12-12 14:56:18 - [TEST_SUITE][FAILED] - Reservation From Advanced Search Rental City or Region: Test Cases/Mobile/Android/Payment/SC99 Regression/TC05 Credit card payment FAILED.
Reason:
com.kms.katalon.core.exception.StepFailedException: Failed to tap on element 'Object Repository/Mobile/OR Payment/android.widget.EditText0' (Root cause: com.kms.katalon.core.exception.StepFailedException: Object Object Repository/Mobile/OR Payment/android.widget.EditText0 not found)
	at com.kms.katalon.core.keyword.internal.KeywordMain.stepFailed(KeywordMain.groovy:36)
	at com.kms.katalon.core.mobile.keyword.internal.MobileKeywordMain.stepFailed(MobileKeywordMain.groovy:40)
	at com.kms.katalon.core.mobile.keyword.internal.MobileKeywordMain.runKeyword(MobileKeywordMain.groovy:23)
	at com.kms.katalon.core.mobile.keyword.builtin.TapKeyword.tap(TapKeyword.groovy:83)
	at com.kms.katalon.core.mobile.keyword.builtin.TapKeyword.execute(TapKeyword.groovy:66)
	at com.kms.katalon.core.keyword.internal.KeywordExecutor.executeKeywordForPlatform(KeywordExecutor.groovy:53)
	at com.kms.katalon.core.mobile.keyword.MobileBuiltInKeywords.tap(MobileBuiltInKeywords.groovy:485)
	at com.kms.katalon.core.mobile.keyword.MobileBuiltInKeywords$tap$0.call(Unknown Source)
	at TC05 Credit card payment.run(TC05 Credit card payment:26)
	at com.kms.katalon.core.main.ScriptEngine.run(ScriptEngine.java:194)
	at com.kms.katalon.core.main.ScriptEngine.runScriptAsRawText(ScriptEngine.java:119)
	at com.kms.katalon.core.main.TestCaseExecutor.runScript(TestCaseExecutor.java:321)
	at com.kms.katalon.core.main.TestCaseExecutor.doExecute(TestCaseExecutor.java:312)
	at com.kms.katalon.core.main.TestCaseExecutor.processExecutionPhase(TestCaseExecutor.java:291)
	at com.kms.katalon.core.main.TestCaseExecutor.accessMainPhase(TestCaseExecutor.java:283)
	at com.kms.katalon.core.main.TestCaseExecutor.execute(TestCaseExecutor.java:222)
	at com.kms.katalon.core.main.TestSuiteExecutor.accessTestCaseMainPhase(TestSuiteExecutor.java:129)
	at com.kms.katalon.core.main.TestSuiteExecutor.accessTestSuiteMainPhase(TestSuiteExecutor.java:112)
	at com.kms.katalon.core.main.TestSuiteExecutor.execute(TestSuiteExecutor.java:81)
	at com.kms.katalon.core.main.TestCaseMain.startTestSuite(TestCaseMain.java:149)
	at com.kms.katalon.core.main.TestCaseMain$startTestSuite$0.call(Unknown Source)
	at TempTestSuite1544655374246.run(TempTestSuite1544655374246.groovy:36)]]></system-out>
      <system-err><![CDATA[2018-12-12 14:56:18 - [TEST_SUITE][FAILED] - Reservation From Advanced Search Rental City or Region: Test Cases/Mobile/Android/Payment/SC99 Regression/TC05 Credit card payment FAILED.
Reason:
com.kms.katalon.core.exception.StepFailedException: Failed to tap on element 'Object Repository/Mobile/OR Payment/android.widget.EditText0' (Root cause: com.kms.katalon.core.exception.StepFailedException: Object Object Repository/Mobile/OR Payment/android.widget.EditText0 not found)
	at com.kms.katalon.core.keyword.internal.KeywordMain.stepFailed(KeywordMain.groovy:36)
	at com.kms.katalon.core.mobile.keyword.internal.MobileKeywordMain.stepFailed(MobileKeywordMain.groovy:40)
	at com.kms.katalon.core.mobile.keyword.internal.MobileKeywordMain.runKeyword(MobileKeywordMain.groovy:23)
	at com.kms.katalon.core.mobile.keyword.builtin.TapKeyword.tap(TapKeyword.groovy:83)
	at com.kms.katalon.core.mobile.keyword.builtin.TapKeyword.execute(TapKeyword.groovy:66)
	at com.kms.katalon.core.keyword.internal.KeywordExecutor.executeKeywordForPlatform(KeywordExecutor.groovy:53)
	at com.kms.katalon.core.mobile.keyword.MobileBuiltInKeywords.tap(MobileBuiltInKeywords.groovy:485)
	at com.kms.katalon.core.mobile.keyword.MobileBuiltInKeywords$tap$0.call(Unknown Source)
	at TC05 Credit card payment.run(TC05 Credit card payment:26)
	at com.kms.katalon.core.main.ScriptEngine.run(ScriptEngine.java:194)
	at com.kms.katalon.core.main.ScriptEngine.runScriptAsRawText(ScriptEngine.java:119)
	at com.kms.katalon.core.main.TestCaseExecutor.runScript(TestCaseExecutor.java:321)
	at com.kms.katalon.core.main.TestCaseExecutor.doExecute(TestCaseExecutor.java:312)
	at com.kms.katalon.core.main.TestCaseExecutor.processExecutionPhase(TestCaseExecutor.java:291)
	at com.kms.katalon.core.main.TestCaseExecutor.accessMainPhase(TestCaseExecutor.java:283)
	at com.kms.katalon.core.main.TestCaseExecutor.execute(TestCaseExecutor.java:222)
	at com.kms.katalon.core.main.TestSuiteExecutor.accessTestCaseMainPhase(TestSuiteExecutor.java:129)
	at com.kms.katalon.core.main.TestSuiteExecutor.accessTestSuiteMainPhase(TestSuiteExecutor.java:112)
	at com.kms.katalon.core.main.TestSuiteExecutor.execute(TestSuiteExecutor.java:81)
	at com.kms.katalon.core.main.TestCaseMain.startTestSuite(TestCaseMain.java:149)
	at com.kms.katalon.core.main.TestCaseMain$startTestSuite$0.call(Unknown Source)
	at TempTestSuite1544655374246.run(TempTestSuite1544655374246.groovy:36)]]></system-err>
   </testsuite>
</testsuites>
