<?xml version="1.0" encoding="UTF-8"?>
<testsuites name="Login dan Become Owner" time="46" tests="0" failures="2" errors="0">
   <testsuite name="Login dan Become Owner" tests="0" failures="2" errors="0" time="46" timestamp="2018-06-26 14:43:33" hostname="Sandi - DESKTOP-IO1HPO8" id="Test Suites/Front-End/Login dan Become Owner">
      <properties>
         <property name="deviceName" value=""/>
         <property name="devicePlatform" value=""/>
         <property name="logFolder" value="C:\\Users\\Sandi\\Documents\\Katalon Projects\\Projects\\Astra Movic\\Reports\\Front-End\\Login dan Become Owner\\20180626_144331"/>
         <property name="logFiles" value="C:\\Users\\Sandi\\Documents\\Katalon Projects\\Projects\\Astra Movic\\Reports\\Front-End\\Login dan Become Owner\\20180626_144331\\execution0.log"/>
         <property name="attachments" value=""/>
         <property name="hostName" value="Sandi - DESKTOP-IO1HPO8"/>
         <property name="os" value="Windows 10 64bit"/>
         <property name="katalonVersion" value="5.3.0.1"/>
         <property name="browser" value="Chrome 67.0.3396.87"/>
         <property name="hostAddress" value="127.0.0.1"/>
         <property name="sessionId" value="0d59f2a48cb94caaea076dbcefa19863"/>
         <property name="seleniumVersion" value="3.7.1"/>
         <property name="proxyInformation" value="ProxyInformation{proxyOption=NO_PROXY, proxyServerType=, password=, proxyServerAddress=, proxyServerPort=0}"/>
         <property name="platform" value="Windows 10"/>
      </properties>
      <testcase name="Test Cases/Front-End/User/SC99 Regression/TC04 Login Biasa with email" classname="Test Cases/Front-End/User/SC99 Regression/TC04 Login Biasa with email" status="FAILED">
         <failure type="FAILED" message="Unable to click on object 'Object Repository/Front-End/OR Login Biasa with email/Page_Home/a_Masuk' (Root cause: org.openqa.selenium.WebDriverException: chrome not reachable
  (Session info: chrome=67.0.3396.87)
  (Driver info: chromedriver=2.35.528161 (5b82f2d2aae0ca24b877009200ced9065a772e73),platform=Windows NT 10.0.17134 x86_64) (WARNING: The server did not provide any stacktrace information)
Command duration or timeout: 0 milliseconds
Build info: version: '3.7.1', revision: '8a0099a', time: '2017-11-06T21:07:36.161Z'
System info: host: 'DESKTOP-IO1HPO8', ip: '127.0.0.1', os.name: 'Windows 10', os.arch: 'amd64', os.version: '10.0', java.version: '1.8.0_102'
Driver info: com.kms.katalon.selenium.driver.CChromeDriver
Capabilities {acceptInsecureCerts: false, acceptSslCerts: false, applicationCacheEnabled: false, browserConnectionEnabled: false, browserName: chrome, chrome: {chromedriverVersion: 2.35.528161 (5b82f2d2aae0ca..., userDataDir: C:\Users\Sandi\AppData\Loca...}, cssSelectorsEnabled: true, databaseEnabled: false, handlesAlerts: true, hasTouchScreen: false, javascriptEnabled: true, locationContextEnabled: true, mobileEmulationEnabled: false, nativeEvents: true, networkConnectionEnabled: false, pageLoadStrategy: normal, platform: XP, platformName: XP, rotatable: false, setWindowRect: true, takesHeapSnapshot: true, takesScreenshot: true, unexpectedAlertBehaviour: , unhandledPromptBehavior: , version: 67.0.3396.87, webStorageEnabled: true}
Session ID: 0d59f2a48cb94caaea076dbcefa19863
*** Element info: {Using=xpath, value=//a[(text() = '
        Masuk
        
          
              
    Success..
    

    Loading..


    
        
            Email/Nomor Handphone
            
            Wrong email or phone number.
        
        
            Password
            
            
            Wrong password.
        
        
             Ingat saya
            Lupa password ?
        
        
            User belum aktif ?  Kirim ulang aktivasi
        
        
        
        
            MASUK
        
    


              atau
              
                
                
                
              
          
        
      ' or . = '
        Masuk
        
          
              
    Success..
    

    Loading..


    
        
            Email/Nomor Handphone
            
            Wrong email or phone number.
        
        
            Password
            
            
            Wrong password.
        
        
             Ingat saya
            Lupa password ?
        
        
            User belum aktif ?  Kirim ulang aktivasi
        
        
        
        
            MASUK
        
    


              atau
              
                
                
                
              
          
        
      ')]})"/>
         <system-out><![CDATA[2018-06-26 14:43:33 - [TEST_CASE][FAILED] - Test Cases/Front-End/User/SC99 Regression/TC04 Login Biasa with email: Test Cases/Front-End/User/SC99 Regression/TC04 Login Biasa with email FAILED because (of) Unable to click on object 'Object Repository/Front-End/OR Login Biasa with email/Page_Home/a_Masuk' (Root cause: org.openqa.selenium.WebDriverException: chrome not reachable
  (Session info: chrome=67.0.3396.87)
  (Driver info: chromedriver=2.35.528161 (5b82f2d2aae0ca24b877009200ced9065a772e73),platform=Windows NT 10.0.17134 x86_64) (WARNING: The server did not provide any stacktrace information)
Command duration or timeout: 0 milliseconds
Build info: version: '3.7.1', revision: '8a0099a', time: '2017-11-06T21:07:36.161Z'
System info: host: 'DESKTOP-IO1HPO8', ip: '127.0.0.1', os.name: 'Windows 10', os.arch: 'amd64', os.version: '10.0', java.version: '1.8.0_102'
Driver info: com.kms.katalon.selenium.driver.CChromeDriver
Capabilities {acceptInsecureCerts: false, acceptSslCerts: false, applicationCacheEnabled: false, browserConnectionEnabled: false, browserName: chrome, chrome: {chromedriverVersion: 2.35.528161 (5b82f2d2aae0ca..., userDataDir: C:\Users\Sandi\AppData\Loca...}, cssSelectorsEnabled: true, databaseEnabled: false, handlesAlerts: true, hasTouchScreen: false, javascriptEnabled: true, locationContextEnabled: true, mobileEmulationEnabled: false, nativeEvents: true, networkConnectionEnabled: false, pageLoadStrategy: normal, platform: XP, platformName: XP, rotatable: false, setWindowRect: true, takesHeapSnapshot: true, takesScreenshot: true, unexpectedAlertBehaviour: , unhandledPromptBehavior: , version: 67.0.3396.87, webStorageEnabled: true}
Session ID: 0d59f2a48cb94caaea076dbcefa19863
*** Element info: {Using=xpath, value=//a[(text() = '
        Masuk
        
          
              
    Success..
    

    Loading..


    
        
            Email/Nomor Handphone
            
            Wrong email or phone number.
        
        
            Password
            
            
            Wrong password.
        
        
             Ingat saya
            Lupa password ?
        
        
            User belum aktif ?  Kirim ulang aktivasi
        
        
        
        
            MASUK
        
    


              atau
              
                
                
                
              
          
        
      ' or . = '
        Masuk
        
          
              
    Success..
    

    Loading..


    
        
            Email/Nomor Handphone
            
            Wrong email or phone number.
        
        
            Password
            
            
            Wrong password.
        
        
             Ingat saya
            Lupa password ?
        
        
            User belum aktif ?  Kirim ulang aktivasi
        
        
        
        
            MASUK
        
    


              atau
              
                
                
                
              
          
        
      ')]})

2018-06-26 14:43:34 - [TEST_STEP][PASSED] - openBrowser: Browser is opened with url: ''

2018-06-26 14:43:39 - [MESSAGE][PASSED] - Browser is opened with url: ''

2018-06-26 14:43:39 - [TEST_STEP][PASSED] - maximizeWindow: Current window maximized

2018-06-26 14:43:41 - [MESSAGE][PASSED] - Current window maximized

2018-06-26 14:43:41 - [TEST_STEP][PASSED] - navigateToUrl: Navigate to 'http://movic.stagingapps.net/home' successfully

2018-06-26 14:43:42 - [MESSAGE][PASSED] - Navigate to 'http://movic.stagingapps.net/home' successfully

2018-06-26 14:43:42 - [TEST_STEP][PASSED] - waitForPageLoad: Wait for page load successfully

2018-06-26 14:43:44 - [MESSAGE][PASSED] - Wait for page load successfully

2018-06-26 14:43:44 - [TEST_STEP][FAILED] - click: Unable to click on object 'Object Repository/Front-End/OR Login Biasa with email/Page_Home/a_Masuk' (Root cause: org.openqa.selenium.WebDriverException: chrome not reachable
  (Session info: chrome=67.0.3396.87)
  (Driver info: chromedriver=2.35.528161 (5b82f2d2aae0ca24b877009200ced9065a772e73),platform=Windows NT 10.0.17134 x86_64) (WARNING: The server did not provide any stacktrace information)
Command duration or timeout: 0 milliseconds
Build info: version: '3.7.1', revision: '8a0099a', time: '2017-11-06T21:07:36.161Z'
System info: host: 'DESKTOP-IO1HPO8', ip: '127.0.0.1', os.name: 'Windows 10', os.arch: 'amd64', os.version: '10.0', java.version: '1.8.0_102'
Driver info: com.kms.katalon.selenium.driver.CChromeDriver
Capabilities {acceptInsecureCerts: false, acceptSslCerts: false, applicationCacheEnabled: false, browserConnectionEnabled: false, browserName: chrome, chrome: {chromedriverVersion: 2.35.528161 (5b82f2d2aae0ca..., userDataDir: C:\Users\Sandi\AppData\Loca...}, cssSelectorsEnabled: true, databaseEnabled: false, handlesAlerts: true, hasTouchScreen: false, javascriptEnabled: true, locationContextEnabled: true, mobileEmulationEnabled: false, nativeEvents: true, networkConnectionEnabled: false, pageLoadStrategy: normal, platform: XP, platformName: XP, rotatable: false, setWindowRect: true, takesHeapSnapshot: true, takesScreenshot: true, unexpectedAlertBehaviour: , unhandledPromptBehavior: , version: 67.0.3396.87, webStorageEnabled: true}
Session ID: 0d59f2a48cb94caaea076dbcefa19863
*** Element info: {Using=xpath, value=//a[(text() = '
        Masuk
        
          
              
    Success..
    

    Loading..


    
        
            Email/Nomor Handphone
            
            Wrong email or phone number.
        
        
            Password
            
            
            Wrong password.
        
        
             Ingat saya
            Lupa password ?
        
        
            User belum aktif ?  Kirim ulang aktivasi
        
        
        
        
            MASUK
        
    


              atau
              
                
                
                
              
          
        
      ' or . = '
        Masuk
        
          
              
    Success..
    

    Loading..


    
        
            Email/Nomor Handphone
            
            Wrong email or phone number.
        
        
            Password
            
            
            Wrong password.
        
        
             Ingat saya
            Lupa password ?
        
        
            User belum aktif ?  Kirim ulang aktivasi
        
        
        
        
            MASUK
        
    


              atau
              
                
                
                
              
          
        
      ')]})

2018-06-26 14:44:04 - [MESSAGE][WARNING] - Cannot take screenshot

2018-06-26 14:44:04 - [MESSAGE][FAILED] - Unable to click on object 'Object Repository/Front-End/OR Login Biasa with email/Page_Home/a_Masuk' (Root cause: org.openqa.selenium.WebDriverException: chrome not reachable
  (Session info: chrome=67.0.3396.87)
  (Driver info: chromedriver=2.35.528161 (5b82f2d2aae0ca24b877009200ced9065a772e73),platform=Windows NT 10.0.17134 x86_64) (WARNING: The server did not provide any stacktrace information)
Command duration or timeout: 0 milliseconds
Build info: version: '3.7.1', revision: '8a0099a', time: '2017-11-06T21:07:36.161Z'
System info: host: 'DESKTOP-IO1HPO8', ip: '127.0.0.1', os.name: 'Windows 10', os.arch: 'amd64', os.version: '10.0', java.version: '1.8.0_102'
Driver info: com.kms.katalon.selenium.driver.CChromeDriver
Capabilities {acceptInsecureCerts: false, acceptSslCerts: false, applicationCacheEnabled: false, browserConnectionEnabled: false, browserName: chrome, chrome: {chromedriverVersion: 2.35.528161 (5b82f2d2aae0ca..., userDataDir: C:\Users\Sandi\AppData\Loca...}, cssSelectorsEnabled: true, databaseEnabled: false, handlesAlerts: true, hasTouchScreen: false, javascriptEnabled: true, locationContextEnabled: true, mobileEmulationEnabled: false, nativeEvents: true, networkConnectionEnabled: false, pageLoadStrategy: normal, platform: XP, platformName: XP, rotatable: false, setWindowRect: true, takesHeapSnapshot: true, takesScreenshot: true, unexpectedAlertBehaviour: , unhandledPromptBehavior: , version: 67.0.3396.87, webStorageEnabled: true}
Session ID: 0d59f2a48cb94caaea076dbcefa19863
*** Element info: {Using=xpath, value=//a[(text() = '
        Masuk
        
          
              
    Success..
    

    Loading..


    
        
            Email/Nomor Handphone
            
            Wrong email or phone number.
        
        
            Password
            
            
            Wrong password.
        
        
             Ingat saya
            Lupa password ?
        
        
            User belum aktif ?  Kirim ulang aktivasi
        
        
        
        
            MASUK
        
    


              atau
              
                
                
                
              
          
        
      ' or . = '
        Masuk
        
          
              
    Success..
    

    Loading..


    
        
            Email/Nomor Handphone
            
            Wrong email or phone number.
        
        
            Password
            
            
            Wrong password.
        
        
             Ingat saya
            Lupa password ?
        
        
            User belum aktif ?  Kirim ulang aktivasi
        
        
        
        
            MASUK
        
    


              atau
              
                
                
                
              
          
        
      ')]})]]></system-out>
         <system-err><![CDATA[2018-06-26 14:43:33 - [TEST_CASE][FAILED] - Test Cases/Front-End/User/SC99 Regression/TC04 Login Biasa with email: Test Cases/Front-End/User/SC99 Regression/TC04 Login Biasa with email FAILED because (of) Unable to click on object 'Object Repository/Front-End/OR Login Biasa with email/Page_Home/a_Masuk' (Root cause: org.openqa.selenium.WebDriverException: chrome not reachable
  (Session info: chrome=67.0.3396.87)
  (Driver info: chromedriver=2.35.528161 (5b82f2d2aae0ca24b877009200ced9065a772e73),platform=Windows NT 10.0.17134 x86_64) (WARNING: The server did not provide any stacktrace information)
Command duration or timeout: 0 milliseconds
Build info: version: '3.7.1', revision: '8a0099a', time: '2017-11-06T21:07:36.161Z'
System info: host: 'DESKTOP-IO1HPO8', ip: '127.0.0.1', os.name: 'Windows 10', os.arch: 'amd64', os.version: '10.0', java.version: '1.8.0_102'
Driver info: com.kms.katalon.selenium.driver.CChromeDriver
Capabilities {acceptInsecureCerts: false, acceptSslCerts: false, applicationCacheEnabled: false, browserConnectionEnabled: false, browserName: chrome, chrome: {chromedriverVersion: 2.35.528161 (5b82f2d2aae0ca..., userDataDir: C:\Users\Sandi\AppData\Loca...}, cssSelectorsEnabled: true, databaseEnabled: false, handlesAlerts: true, hasTouchScreen: false, javascriptEnabled: true, locationContextEnabled: true, mobileEmulationEnabled: false, nativeEvents: true, networkConnectionEnabled: false, pageLoadStrategy: normal, platform: XP, platformName: XP, rotatable: false, setWindowRect: true, takesHeapSnapshot: true, takesScreenshot: true, unexpectedAlertBehaviour: , unhandledPromptBehavior: , version: 67.0.3396.87, webStorageEnabled: true}
Session ID: 0d59f2a48cb94caaea076dbcefa19863
*** Element info: {Using=xpath, value=//a[(text() = '
        Masuk
        
          
              
    Success..
    

    Loading..


    
        
            Email/Nomor Handphone
            
            Wrong email or phone number.
        
        
            Password
            
            
            Wrong password.
        
        
             Ingat saya
            Lupa password ?
        
        
            User belum aktif ?  Kirim ulang aktivasi
        
        
        
        
            MASUK
        
    


              atau
              
                
                
                
              
          
        
      ' or . = '
        Masuk
        
          
              
    Success..
    

    Loading..


    
        
            Email/Nomor Handphone
            
            Wrong email or phone number.
        
        
            Password
            
            
            Wrong password.
        
        
             Ingat saya
            Lupa password ?
        
        
            User belum aktif ?  Kirim ulang aktivasi
        
        
        
        
            MASUK
        
    


              atau
              
                
                
                
              
          
        
      ')]})]]></system-err>
      </testcase>
      <testcase name="Test Cases/Front-End/Owner/SC01 Validasi Photo/TC06 Upload menggunakan gallery" classname="Test Cases/Front-End/Owner/SC01 Validasi Photo/TC06 Upload menggunakan gallery" status="FAILED">
         <failure type="FAILED" message="Unable to refresh page (Root cause: org.openqa.selenium.WebDriverException: chrome not reachable
  (Session info: chrome=67.0.3396.87)
  (Driver info: chromedriver=2.35.528161 (5b82f2d2aae0ca24b877009200ced9065a772e73),platform=Windows NT 10.0.17134 x86_64) (WARNING: The server did not provide any stacktrace information)
Command duration or timeout: 0 milliseconds
Build info: version: '3.7.1', revision: '8a0099a', time: '2017-11-06T21:07:36.161Z'
System info: host: 'DESKTOP-IO1HPO8', ip: '127.0.0.1', os.name: 'Windows 10', os.arch: 'amd64', os.version: '10.0', java.version: '1.8.0_102'
Driver info: com.kms.katalon.selenium.driver.CChromeDriver
Capabilities {acceptInsecureCerts: false, acceptSslCerts: false, applicationCacheEnabled: false, browserConnectionEnabled: false, browserName: chrome, chrome: {chromedriverVersion: 2.35.528161 (5b82f2d2aae0ca..., userDataDir: C:\Users\Sandi\AppData\Loca...}, cssSelectorsEnabled: true, databaseEnabled: false, handlesAlerts: true, hasTouchScreen: false, javascriptEnabled: true, locationContextEnabled: true, mobileEmulationEnabled: false, nativeEvents: true, networkConnectionEnabled: false, pageLoadStrategy: normal, platform: XP, platformName: XP, rotatable: false, setWindowRect: true, takesHeapSnapshot: true, takesScreenshot: true, unexpectedAlertBehaviour: , unhandledPromptBehavior: , version: 67.0.3396.87, webStorageEnabled: true}
Session ID: 0d59f2a48cb94caaea076dbcefa19863)"/>
         <system-out><![CDATA[2018-06-26 14:44:04 - [TEST_CASE][FAILED] - Test Cases/Front-End/Owner/SC01 Validasi Photo/TC06 Upload menggunakan gallery: Test Cases/Front-End/Owner/SC01 Validasi Photo/TC06 Upload menggunakan gallery FAILED because (of) Unable to refresh page (Root cause: org.openqa.selenium.WebDriverException: chrome not reachable
  (Session info: chrome=67.0.3396.87)
  (Driver info: chromedriver=2.35.528161 (5b82f2d2aae0ca24b877009200ced9065a772e73),platform=Windows NT 10.0.17134 x86_64) (WARNING: The server did not provide any stacktrace information)
Command duration or timeout: 0 milliseconds
Build info: version: '3.7.1', revision: '8a0099a', time: '2017-11-06T21:07:36.161Z'
System info: host: 'DESKTOP-IO1HPO8', ip: '127.0.0.1', os.name: 'Windows 10', os.arch: 'amd64', os.version: '10.0', java.version: '1.8.0_102'
Driver info: com.kms.katalon.selenium.driver.CChromeDriver
Capabilities {acceptInsecureCerts: false, acceptSslCerts: false, applicationCacheEnabled: false, browserConnectionEnabled: false, browserName: chrome, chrome: {chromedriverVersion: 2.35.528161 (5b82f2d2aae0ca..., userDataDir: C:\Users\Sandi\AppData\Loca...}, cssSelectorsEnabled: true, databaseEnabled: false, handlesAlerts: true, hasTouchScreen: false, javascriptEnabled: true, locationContextEnabled: true, mobileEmulationEnabled: false, nativeEvents: true, networkConnectionEnabled: false, pageLoadStrategy: normal, platform: XP, platformName: XP, rotatable: false, setWindowRect: true, takesHeapSnapshot: true, takesScreenshot: true, unexpectedAlertBehaviour: , unhandledPromptBehavior: , version: 67.0.3396.87, webStorageEnabled: true}
Session ID: 0d59f2a48cb94caaea076dbcefa19863)

2018-06-26 14:44:05 - [TEST_STEP][NOT_RUN] - openBrowser: NOT_RUN: openBrowser

2018-06-26 14:44:05 - [MESSAGE][NOT_RUN] - NOT_RUN: openBrowser

2018-06-26 14:44:05 - [TEST_STEP][NOT_RUN] - maximizeWindow: NOT_RUN: maximizeWindow

2018-06-26 14:44:05 - [MESSAGE][NOT_RUN] - NOT_RUN: maximizeWindow

2018-06-26 14:44:05 - [TEST_STEP][NOT_RUN] - navigateToUrl: NOT_RUN: navigateToUrl

2018-06-26 14:44:05 - [MESSAGE][NOT_RUN] - NOT_RUN: navigateToUrl

2018-06-26 14:44:05 - [TEST_STEP][NOT_RUN] - waitForPageLoad: NOT_RUN: waitForPageLoad

2018-06-26 14:44:05 - [MESSAGE][NOT_RUN] - NOT_RUN: waitForPageLoad

2018-06-26 14:44:05 - [TEST_STEP][NOT_RUN] - click: NOT_RUN: click

2018-06-26 14:44:05 - [MESSAGE][NOT_RUN] - NOT_RUN: click

2018-06-26 14:44:05 - [TEST_STEP][NOT_RUN] - setText: NOT_RUN: setText

2018-06-26 14:44:05 - [MESSAGE][NOT_RUN] - NOT_RUN: setText

2018-06-26 14:44:05 - [TEST_STEP][NOT_RUN] - setText: NOT_RUN: setText

2018-06-26 14:44:05 - [MESSAGE][NOT_RUN] - NOT_RUN: setText

2018-06-26 14:44:05 - [TEST_STEP][NOT_RUN] - click: NOT_RUN: click

2018-06-26 14:44:05 - [MESSAGE][NOT_RUN] - NOT_RUN: click

2018-06-26 14:44:05 - [TEST_STEP][PASSED] - delay: Delayed 3 second(s)

2018-06-26 14:44:08 - [MESSAGE][PASSED] - Delayed 3 second(s)

2018-06-26 14:44:08 - [TEST_STEP][FAILED] - refresh: Unable to refresh page (Root cause: org.openqa.selenium.WebDriverException: chrome not reachable
  (Session info: chrome=67.0.3396.87)
  (Driver info: chromedriver=2.35.528161 (5b82f2d2aae0ca24b877009200ced9065a772e73),platform=Windows NT 10.0.17134 x86_64) (WARNING: The server did not provide any stacktrace information)
Command duration or timeout: 0 milliseconds
Build info: version: '3.7.1', revision: '8a0099a', time: '2017-11-06T21:07:36.161Z'
System info: host: 'DESKTOP-IO1HPO8', ip: '127.0.0.1', os.name: 'Windows 10', os.arch: 'amd64', os.version: '10.0', java.version: '1.8.0_102'
Driver info: com.kms.katalon.selenium.driver.CChromeDriver
Capabilities {acceptInsecureCerts: false, acceptSslCerts: false, applicationCacheEnabled: false, browserConnectionEnabled: false, browserName: chrome, chrome: {chromedriverVersion: 2.35.528161 (5b82f2d2aae0ca..., userDataDir: C:\Users\Sandi\AppData\Loca...}, cssSelectorsEnabled: true, databaseEnabled: false, handlesAlerts: true, hasTouchScreen: false, javascriptEnabled: true, locationContextEnabled: true, mobileEmulationEnabled: false, nativeEvents: true, networkConnectionEnabled: false, pageLoadStrategy: normal, platform: XP, platformName: XP, rotatable: false, setWindowRect: true, takesHeapSnapshot: true, takesScreenshot: true, unexpectedAlertBehaviour: , unhandledPromptBehavior: , version: 67.0.3396.87, webStorageEnabled: true}
Session ID: 0d59f2a48cb94caaea076dbcefa19863)

2018-06-26 14:44:18 - [MESSAGE][WARNING] - Cannot take screenshot

2018-06-26 14:44:18 - [MESSAGE][FAILED] - Unable to refresh page (Root cause: org.openqa.selenium.WebDriverException: chrome not reachable
  (Session info: chrome=67.0.3396.87)
  (Driver info: chromedriver=2.35.528161 (5b82f2d2aae0ca24b877009200ced9065a772e73),platform=Windows NT 10.0.17134 x86_64) (WARNING: The server did not provide any stacktrace information)
Command duration or timeout: 0 milliseconds
Build info: version: '3.7.1', revision: '8a0099a', time: '2017-11-06T21:07:36.161Z'
System info: host: 'DESKTOP-IO1HPO8', ip: '127.0.0.1', os.name: 'Windows 10', os.arch: 'amd64', os.version: '10.0', java.version: '1.8.0_102'
Driver info: com.kms.katalon.selenium.driver.CChromeDriver
Capabilities {acceptInsecureCerts: false, acceptSslCerts: false, applicationCacheEnabled: false, browserConnectionEnabled: false, browserName: chrome, chrome: {chromedriverVersion: 2.35.528161 (5b82f2d2aae0ca..., userDataDir: C:\Users\Sandi\AppData\Loca...}, cssSelectorsEnabled: true, databaseEnabled: false, handlesAlerts: true, hasTouchScreen: false, javascriptEnabled: true, locationContextEnabled: true, mobileEmulationEnabled: false, nativeEvents: true, networkConnectionEnabled: false, pageLoadStrategy: normal, platform: XP, platformName: XP, rotatable: false, setWindowRect: true, takesHeapSnapshot: true, takesScreenshot: true, unexpectedAlertBehaviour: , unhandledPromptBehavior: , version: 67.0.3396.87, webStorageEnabled: true}
Session ID: 0d59f2a48cb94caaea076dbcefa19863)]]></system-out>
         <system-err><![CDATA[2018-06-26 14:44:04 - [TEST_CASE][FAILED] - Test Cases/Front-End/Owner/SC01 Validasi Photo/TC06 Upload menggunakan gallery: Test Cases/Front-End/Owner/SC01 Validasi Photo/TC06 Upload menggunakan gallery FAILED because (of) Unable to refresh page (Root cause: org.openqa.selenium.WebDriverException: chrome not reachable
  (Session info: chrome=67.0.3396.87)
  (Driver info: chromedriver=2.35.528161 (5b82f2d2aae0ca24b877009200ced9065a772e73),platform=Windows NT 10.0.17134 x86_64) (WARNING: The server did not provide any stacktrace information)
Command duration or timeout: 0 milliseconds
Build info: version: '3.7.1', revision: '8a0099a', time: '2017-11-06T21:07:36.161Z'
System info: host: 'DESKTOP-IO1HPO8', ip: '127.0.0.1', os.name: 'Windows 10', os.arch: 'amd64', os.version: '10.0', java.version: '1.8.0_102'
Driver info: com.kms.katalon.selenium.driver.CChromeDriver
Capabilities {acceptInsecureCerts: false, acceptSslCerts: false, applicationCacheEnabled: false, browserConnectionEnabled: false, browserName: chrome, chrome: {chromedriverVersion: 2.35.528161 (5b82f2d2aae0ca..., userDataDir: C:\Users\Sandi\AppData\Loca...}, cssSelectorsEnabled: true, databaseEnabled: false, handlesAlerts: true, hasTouchScreen: false, javascriptEnabled: true, locationContextEnabled: true, mobileEmulationEnabled: false, nativeEvents: true, networkConnectionEnabled: false, pageLoadStrategy: normal, platform: XP, platformName: XP, rotatable: false, setWindowRect: true, takesHeapSnapshot: true, takesScreenshot: true, unexpectedAlertBehaviour: , unhandledPromptBehavior: , version: 67.0.3396.87, webStorageEnabled: true}
Session ID: 0d59f2a48cb94caaea076dbcefa19863)]]></system-err>
      </testcase>
      <system-out><![CDATA[2018-06-26 14:43:33 - [TEST_SUITE][FAILED] - Login dan Become Owner: Test Cases/Front-End/User/SC99 Regression/TC04 Login Biasa with email FAILED because (of) Unable to click on object 'Object Repository/Front-End/OR Login Biasa with email/Page_Home/a_Masuk' (Root cause: org.openqa.selenium.WebDriverException: chrome not reachable
  (Session info: chrome=67.0.3396.87)
  (Driver info: chromedriver=2.35.528161 (5b82f2d2aae0ca24b877009200ced9065a772e73),platform=Windows NT 10.0.17134 x86_64) (WARNING: The server did not provide any stacktrace information)
Command duration or timeout: 0 milliseconds
Build info: version: '3.7.1', revision: '8a0099a', time: '2017-11-06T21:07:36.161Z'
System info: host: 'DESKTOP-IO1HPO8', ip: '127.0.0.1', os.name: 'Windows 10', os.arch: 'amd64', os.version: '10.0', java.version: '1.8.0_102'
Driver info: com.kms.katalon.selenium.driver.CChromeDriver
Capabilities {acceptInsecureCerts: false, acceptSslCerts: false, applicationCacheEnabled: false, browserConnectionEnabled: false, browserName: chrome, chrome: {chromedriverVersion: 2.35.528161 (5b82f2d2aae0ca..., userDataDir: C:\Users\Sandi\AppData\Loca...}, cssSelectorsEnabled: true, databaseEnabled: false, handlesAlerts: true, hasTouchScreen: false, javascriptEnabled: true, locationContextEnabled: true, mobileEmulationEnabled: false, nativeEvents: true, networkConnectionEnabled: false, pageLoadStrategy: normal, platform: XP, platformName: XP, rotatable: false, setWindowRect: true, takesHeapSnapshot: true, takesScreenshot: true, unexpectedAlertBehaviour: , unhandledPromptBehavior: , version: 67.0.3396.87, webStorageEnabled: true}
Session ID: 0d59f2a48cb94caaea076dbcefa19863
*** Element info: {Using=xpath, value=//a[(text() = '
        Masuk
        
          
              
    Success..
    

    Loading..


    
        
            Email/Nomor Handphone
            
            Wrong email or phone number.
        
        
            Password
            
            
            Wrong password.
        
        
             Ingat saya
            Lupa password ?
        
        
            User belum aktif ?  Kirim ulang aktivasi
        
        
        
        
            MASUK
        
    


              atau
              
                
                
                
              
          
        
      ' or . = '
        Masuk
        
          
              
    Success..
    

    Loading..


    
        
            Email/Nomor Handphone
            
            Wrong email or phone number.
        
        
            Password
            
            
            Wrong password.
        
        
             Ingat saya
            Lupa password ?
        
        
            User belum aktif ?  Kirim ulang aktivasi
        
        
        
        
            MASUK
        
    


              atau
              
                
                
                
              
          
        
      ')]})]]></system-out>
      <system-err><![CDATA[2018-06-26 14:43:33 - [TEST_SUITE][FAILED] - Login dan Become Owner: Test Cases/Front-End/User/SC99 Regression/TC04 Login Biasa with email FAILED because (of) Unable to click on object 'Object Repository/Front-End/OR Login Biasa with email/Page_Home/a_Masuk' (Root cause: org.openqa.selenium.WebDriverException: chrome not reachable
  (Session info: chrome=67.0.3396.87)
  (Driver info: chromedriver=2.35.528161 (5b82f2d2aae0ca24b877009200ced9065a772e73),platform=Windows NT 10.0.17134 x86_64) (WARNING: The server did not provide any stacktrace information)
Command duration or timeout: 0 milliseconds
Build info: version: '3.7.1', revision: '8a0099a', time: '2017-11-06T21:07:36.161Z'
System info: host: 'DESKTOP-IO1HPO8', ip: '127.0.0.1', os.name: 'Windows 10', os.arch: 'amd64', os.version: '10.0', java.version: '1.8.0_102'
Driver info: com.kms.katalon.selenium.driver.CChromeDriver
Capabilities {acceptInsecureCerts: false, acceptSslCerts: false, applicationCacheEnabled: false, browserConnectionEnabled: false, browserName: chrome, chrome: {chromedriverVersion: 2.35.528161 (5b82f2d2aae0ca..., userDataDir: C:\Users\Sandi\AppData\Loca...}, cssSelectorsEnabled: true, databaseEnabled: false, handlesAlerts: true, hasTouchScreen: false, javascriptEnabled: true, locationContextEnabled: true, mobileEmulationEnabled: false, nativeEvents: true, networkConnectionEnabled: false, pageLoadStrategy: normal, platform: XP, platformName: XP, rotatable: false, setWindowRect: true, takesHeapSnapshot: true, takesScreenshot: true, unexpectedAlertBehaviour: , unhandledPromptBehavior: , version: 67.0.3396.87, webStorageEnabled: true}
Session ID: 0d59f2a48cb94caaea076dbcefa19863
*** Element info: {Using=xpath, value=//a[(text() = '
        Masuk
        
          
              
    Success..
    

    Loading..


    
        
            Email/Nomor Handphone
            
            Wrong email or phone number.
        
        
            Password
            
            
            Wrong password.
        
        
             Ingat saya
            Lupa password ?
        
        
            User belum aktif ?  Kirim ulang aktivasi
        
        
        
        
            MASUK
        
    


              atau
              
                
                
                
              
          
        
      ' or . = '
        Masuk
        
          
              
    Success..
    

    Loading..


    
        
            Email/Nomor Handphone
            
            Wrong email or phone number.
        
        
            Password
            
            
            Wrong password.
        
        
             Ingat saya
            Lupa password ?
        
        
            User belum aktif ?  Kirim ulang aktivasi
        
        
        
        
            MASUK
        
    


              atau
              
                
                
                
              
          
        
      ')]})]]></system-err>
   </testsuite>
</testsuites>
