<?xml version="1.0" encoding="UTF-8"?>
<testsuites name="Set Price Owned Cars(Dengan Driver) by Owner" time="201" tests="1" failures="1" errors="0">
   <testsuite name="Set Price Owned Cars(Dengan Driver) by Owner" tests="1" failures="1" errors="0" time="201" timestamp="2019-03-12 13:44:34" hostname="WGS-LAP151 - INVWGSLAP151" id="Test Suites/Front-End/Set Price Owned Cars(Dengan Driver) by Owner">
      <properties>
         <property name="deviceName" value=""/>
         <property name="devicePlatform" value=""/>
         <property name="logFolder" value="C:\\Users\\WGS-LAP151\\git\\astra-movic\\Reports\\Front-End\\Set Price Owned Cars(Dengan Driver) by Owner\\20190312_134428"/>
         <property name="logFiles" value="C:\\Users\\WGS-LAP151\\git\\astra-movic\\Reports\\Front-End\\Set Price Owned Cars(Dengan Driver) by Owner\\20190312_134428\\execution0.log"/>
         <property name="attachments" value="C:\\Users\\WGS-LAP151\\git\\astra-movic\\Reports\\Front-End\\Set Price Owned Cars(Dengan Driver) by Owner\\20190312_134428\\1552373273367.png"/>
         <property name="hostName" value="WGS-LAP151 - INVWGSLAP151"/>
         <property name="os" value="Windows 10 64bit"/>
         <property name="katalonVersion" value="5.9.1.2"/>
         <property name="browser" value="Chrome 72.0.3626.121"/>
         <property name="hostAddress" value="10.10.11.125"/>
         <property name="sessionId" value="c65f54d459ac390b6fcf3ead4bb2f4a8"/>
         <property name="seleniumVersion" value="3.7.1"/>
         <property name="proxyInformation" value="ProxyInformation{proxyOption=NO_PROXY, proxyServerType=HTTP, password=, proxyServerAddress=, proxyServerPort=0}"/>
         <property name="platform" value="Windows 10"/>
      </properties>
      <testcase name="Test Cases/Front-End/User/SC99 Regression/TC12 Login Sebagai Owner" classname="Test Cases/Front-End/User/SC99 Regression/TC12 Login Sebagai Owner" status="PASSED">
         <system-out><![CDATA[2019-03-12 13:44:35 - [TEST_CASE][PASSED] - Test Cases/Front-End/User/SC99 Regression/TC12 Login Sebagai Owner: Test Cases/Front-End/User/SC99 Regression/TC12 Login Sebagai Owner

2019-03-12 13:44:36 - [TEST_STEP][PASSED] - openBrowser(""): Browser is opened with url: ''

2019-03-12 13:44:37 - [MESSAGE][INFO] - Starting 'Chrome' driver

2019-03-12 13:44:37 - [MESSAGE][INFO] - Action delay is set to 0 seconds

2019-03-12 13:44:49 - [MESSAGE][PASSED] - Browser is opened with url: ''

2019-03-12 13:44:49 - [TEST_STEP][PASSED] - maximizeWindow(): Current window maximized

2019-03-12 13:44:50 - [MESSAGE][PASSED] - Current window maximized

2019-03-12 13:44:50 - [TEST_STEP][PASSED] - navigateToUrl("https://stg.movic.id/home"): Navigate to 'https://stg.movic.id/home' successfully

2019-03-12 13:45:21 - [MESSAGE][PASSED] - Navigate to 'https://stg.movic.id/home' successfully

2019-03-12 13:45:21 - [TEST_STEP][PASSED] - waitForPageLoad(10): Wait for page load successfully

2019-03-12 13:45:21 - [MESSAGE][PASSED] - Wait for page load successfully

2019-03-12 13:45:22 - [TEST_STEP][PASSED] - click(findTestObject("Object Repository/Front-End/OR User/OR Login sebagai Owner/a_Masuk")): Object: 'Object Repository/Front-End/OR User/OR Login sebagai Owner/a_Masuk' is clicked on

2019-03-12 13:45:23 - [MESSAGE][PASSED] - Object: 'Object Repository/Front-End/OR User/OR Login sebagai Owner/a_Masuk' is clicked on

2019-03-12 13:45:23 - [TEST_STEP][PASSED] - delay(3): Delayed 3 second(s)

2019-03-12 13:45:26 - [MESSAGE][PASSED] - Delayed 3 second(s)

2019-03-12 13:45:26 - [TEST_STEP][PASSED] - setText(findTestObject("Object Repository/Front-End/OR User/OR Login sebagai Owner/input_EmailNomor Handphone_for"), "082128751192"): Text '082128751192' is set on object 'Object Repository/Front-End/OR User/OR Login sebagai Owner/input_EmailNomor Handphone_for'

2019-03-12 13:45:27 - [MESSAGE][PASSED] - Text '082128751192' is set on object 'Object Repository/Front-End/OR User/OR Login sebagai Owner/input_EmailNomor Handphone_for'

2019-03-12 13:45:27 - [TEST_STEP][NOT_RUN] - setText(findTestObject("Object Repository/Front-End/OR User/OR Login sebagai Owner/input_EmailNomor Handphone_for"), "ali.msaputra01@gmail.com"): NOT_RUN: setText(findTestObject("Object Repository/Front-End/OR User/OR Login sebagai Owner/input_EmailNomor Handphone_for"), "ali.msaputra01@gmail.com")

2019-03-12 13:45:27 - [MESSAGE][NOT_RUN] - NOT_RUN: setText(findTestObject("Object Repository/Front-End/OR User/OR Login sebagai Owner/input_EmailNomor Handphone_for"), "ali.msaputra01@gmail.com")

2019-03-12 13:45:27 - [TEST_STEP][PASSED] - delay(3): Delayed 3 second(s)

2019-03-12 13:45:30 - [MESSAGE][PASSED] - Delayed 3 second(s)

2019-03-12 13:45:30 - [TEST_STEP][PASSED] - setText(findTestObject("Object Repository/Front-End/OR User/OR Login sebagai Owner/input_Password_form-control ng"), "password10"): Text 'password10' is set on object 'Object Repository/Front-End/OR User/OR Login sebagai Owner/input_Password_form-control ng'

2019-03-12 13:45:30 - [MESSAGE][PASSED] - Text 'password10' is set on object 'Object Repository/Front-End/OR User/OR Login sebagai Owner/input_Password_form-control ng'

2019-03-12 13:45:30 - [TEST_STEP][PASSED] - delay(3): Delayed 3 second(s)

2019-03-12 13:45:33 - [MESSAGE][PASSED] - Delayed 3 second(s)

2019-03-12 13:45:33 - [TEST_STEP][PASSED] - click(findTestObject("Object Repository/Front-End/OR User/OR Login sebagai Owner/button_MASUK")): Object: 'Object Repository/Front-End/OR User/OR Login sebagai Owner/button_MASUK' is clicked on

2019-03-12 13:45:34 - [MESSAGE][PASSED] - Object: 'Object Repository/Front-End/OR User/OR Login sebagai Owner/button_MASUK' is clicked on

2019-03-12 13:45:34 - [TEST_STEP][PASSED] - delay(3): Delayed 3 second(s)

2019-03-12 13:45:37 - [MESSAGE][PASSED] - Delayed 3 second(s)

2019-03-12 13:45:37 - [TEST_STEP][PASSED] - click(findTestObject("Front-End/OR User/OR Login sebagai Owner/a_Switch to Owner update")): Object: 'Object Repository/Front-End/OR User/OR Login sebagai Owner/a_Switch to Owner update' is clicked on

2019-03-12 13:45:46 - [MESSAGE][PASSED] - Object: 'Object Repository/Front-End/OR User/OR Login sebagai Owner/a_Switch to Owner update' is clicked on

2019-03-12 13:45:46 - [TEST_STEP][PASSED] - delay(3): Delayed 3 second(s)

2019-03-12 13:45:49 - [MESSAGE][PASSED] - Delayed 3 second(s)]]></system-out>
         <system-err><![CDATA[]]></system-err>
      </testcase>
      <testcase name="Test Cases/Front-End/Product/SC99 Regression/TC06 Set price data mobil (ubah harga untuk kondisi dengan driver)" classname="Test Cases/Front-End/Product/SC99 Regression/TC06 Set price data mobil (ubah harga untuk kondisi dengan driver)" status="FAILED">
         <failure type="FAILED" message="Test Cases/Front-End/Product/SC99 Regression/TC06 Set price data mobil (ubah harga untuk kondisi dengan driver) FAILED.
Reason:
com.kms.katalon.core.exception.StepFailedException: Unable to click on object 'Object Repository/Front-End/OR Product/OR Set price data mobil (ubah harga untuk kondisi dengan driver)/a_Set Price' (Root cause: com.kms.katalon.core.webui.exception.WebElementNotFoundException: Web element with id: 'Object Repository/Front-End/OR Product/OR Set price data mobil (ubah harga untuk kondisi dengan driver)/a_Set Price' located by 'By.xpath: //*[(text() = ' Set Price' or . = ' Set Price')]' not found)
	at com.kms.katalon.core.keyword.internal.KeywordMain.stepFailed(KeywordMain.groovy:36)
	at com.kms.katalon.core.webui.keyword.internal.WebUIKeywordMain.stepFailed(WebUIKeywordMain.groovy:65)
	at com.kms.katalon.core.webui.keyword.internal.WebUIKeywordMain.runKeyword(WebUIKeywordMain.groovy:27)
	at com.kms.katalon.core.webui.keyword.builtin.ClickKeyword.click(ClickKeyword.groovy:86)
	at com.kms.katalon.core.webui.keyword.builtin.ClickKeyword.execute(ClickKeyword.groovy:67)
	at com.kms.katalon.core.keyword.internal.KeywordExecutor.executeKeywordForPlatform(KeywordExecutor.groovy:53)
	at com.kms.katalon.core.webui.keyword.WebUiBuiltInKeywords.click(WebUiBuiltInKeywords.groovy:616)
	at com.kms.katalon.core.webui.keyword.WebUiBuiltInKeywords$click$3.call(Unknown Source)
	at TC06 Set price data mobil (ubah harga untuk kondisi dengan driver).run(TC06 Set price data mobil (ubah harga untuk kondisi dengan driver):35)
	at com.kms.katalon.core.main.ScriptEngine.run(ScriptEngine.java:194)
	at com.kms.katalon.core.main.ScriptEngine.runScriptAsRawText(ScriptEngine.java:119)
	at com.kms.katalon.core.main.TestCaseExecutor.runScript(TestCaseExecutor.java:321)
	at com.kms.katalon.core.main.TestCaseExecutor.doExecute(TestCaseExecutor.java:312)
	at com.kms.katalon.core.main.TestCaseExecutor.processExecutionPhase(TestCaseExecutor.java:291)
	at com.kms.katalon.core.main.TestCaseExecutor.accessMainPhase(TestCaseExecutor.java:283)
	at com.kms.katalon.core.main.TestCaseExecutor.execute(TestCaseExecutor.java:222)
	at com.kms.katalon.core.main.TestSuiteExecutor.accessTestCaseMainPhase(TestSuiteExecutor.java:129)
	at com.kms.katalon.core.main.TestSuiteExecutor.accessTestSuiteMainPhase(TestSuiteExecutor.java:112)
	at com.kms.katalon.core.main.TestSuiteExecutor.execute(TestSuiteExecutor.java:81)
	at com.kms.katalon.core.main.TestCaseMain.startTestSuite(TestCaseMain.java:149)
	at com.kms.katalon.core.main.TestCaseMain$startTestSuite$0.call(Unknown Source)
	at TempTestSuite1552373068310.run(TempTestSuite1552373068310.groovy:36)
"/>
         <system-out><![CDATA[2019-03-12 13:45:49 - [TEST_CASE][FAILED] - Test Cases/Front-End/Product/SC99 Regression/TC06 Set price data mobil (ubah harga untuk kondisi dengan driver): Test Cases/Front-End/Product/SC99 Regression/TC06 Set price data mobil (ubah harga untuk kondisi dengan driver) FAILED.
Reason:
com.kms.katalon.core.exception.StepFailedException: Unable to click on object 'Object Repository/Front-End/OR Product/OR Set price data mobil (ubah harga untuk kondisi dengan driver)/a_Set Price' (Root cause: com.kms.katalon.core.webui.exception.WebElementNotFoundException: Web element with id: 'Object Repository/Front-End/OR Product/OR Set price data mobil (ubah harga untuk kondisi dengan driver)/a_Set Price' located by 'By.xpath: //*[(text() = ' Set Price' or . = ' Set Price')]' not found)
	at com.kms.katalon.core.keyword.internal.KeywordMain.stepFailed(KeywordMain.groovy:36)
	at com.kms.katalon.core.webui.keyword.internal.WebUIKeywordMain.stepFailed(WebUIKeywordMain.groovy:65)
	at com.kms.katalon.core.webui.keyword.internal.WebUIKeywordMain.runKeyword(WebUIKeywordMain.groovy:27)
	at com.kms.katalon.core.webui.keyword.builtin.ClickKeyword.click(ClickKeyword.groovy:86)
	at com.kms.katalon.core.webui.keyword.builtin.ClickKeyword.execute(ClickKeyword.groovy:67)
	at com.kms.katalon.core.keyword.internal.KeywordExecutor.executeKeywordForPlatform(KeywordExecutor.groovy:53)
	at com.kms.katalon.core.webui.keyword.WebUiBuiltInKeywords.click(WebUiBuiltInKeywords.groovy:616)
	at com.kms.katalon.core.webui.keyword.WebUiBuiltInKeywords$click$3.call(Unknown Source)
	at TC06 Set price data mobil (ubah harga untuk kondisi dengan driver).run(TC06 Set price data mobil (ubah harga untuk kondisi dengan driver):35)
	at com.kms.katalon.core.main.ScriptEngine.run(ScriptEngine.java:194)
	at com.kms.katalon.core.main.ScriptEngine.runScriptAsRawText(ScriptEngine.java:119)
	at com.kms.katalon.core.main.TestCaseExecutor.runScript(TestCaseExecutor.java:321)
	at com.kms.katalon.core.main.TestCaseExecutor.doExecute(TestCaseExecutor.java:312)
	at com.kms.katalon.core.main.TestCaseExecutor.processExecutionPhase(TestCaseExecutor.java:291)
	at com.kms.katalon.core.main.TestCaseExecutor.accessMainPhase(TestCaseExecutor.java:283)
	at com.kms.katalon.core.main.TestCaseExecutor.execute(TestCaseExecutor.java:222)
	at com.kms.katalon.core.main.TestSuiteExecutor.accessTestCaseMainPhase(TestSuiteExecutor.java:129)
	at com.kms.katalon.core.main.TestSuiteExecutor.accessTestSuiteMainPhase(TestSuiteExecutor.java:112)
	at com.kms.katalon.core.main.TestSuiteExecutor.execute(TestSuiteExecutor.java:81)
	at com.kms.katalon.core.main.TestCaseMain.startTestSuite(TestCaseMain.java:149)
	at com.kms.katalon.core.main.TestCaseMain$startTestSuite$0.call(Unknown Source)
	at TempTestSuite1552373068310.run(TempTestSuite1552373068310.groovy:36)


2019-03-12 13:45:50 - [TEST_STEP][NOT_RUN] - callTestCase(findTestCase("Front-End/User/SC99 Regression/TC12 Login Sebagai Owner"), [:], STOP_ON_FAILURE): NOT_RUN: callTestCase(findTestCase("Front-End/User/SC99 Regression/TC12 Login Sebagai Owner"), [:], STOP_ON_FAILURE)

2019-03-12 13:45:50 - [MESSAGE][NOT_RUN] - NOT_RUN: callTestCase(findTestCase("Front-End/User/SC99 Regression/TC12 Login Sebagai Owner"), [:], STOP_ON_FAILURE)

2019-03-12 13:45:50 - [TEST_STEP][PASSED] - click(findTestObject("Object Repository/Front-End/OR Product/OR Set price data mobil (ubah harga untuk kondisi dengan driver)/img")): Object: 'Object Repository/Front-End/OR Product/OR Set price data mobil (ubah harga untuk kondisi dengan driver)/img' is clicked on

2019-03-12 13:45:50 - [MESSAGE][PASSED] - Object: 'Object Repository/Front-End/OR Product/OR Set price data mobil (ubah harga untuk kondisi dengan driver)/img' is clicked on

2019-03-12 13:45:50 - [TEST_STEP][PASSED] - setText(findTestObject("Front-End/OR Product/OR Set price data mobil (ubah harga untuk kondisi dengan driver)/input_field_search"), "BMW X3"): Text 'BMW X3' is set on object 'Object Repository/Front-End/OR Product/OR Set price data mobil (ubah harga untuk kondisi dengan driver)/input_field_search'

2019-03-12 13:45:51 - [MESSAGE][PASSED] - Text 'BMW X3' is set on object 'Object Repository/Front-End/OR Product/OR Set price data mobil (ubah harga untuk kondisi dengan driver)/input_field_search'

2019-03-12 13:45:51 - [TEST_STEP][PASSED] - delay(15): Delayed 15 second(s)

2019-03-12 13:46:06 - [MESSAGE][PASSED] - Delayed 15 second(s)

2019-03-12 13:46:06 - [TEST_STEP][PASSED] - click(findTestObject("Front-End/OR Product/OR Set price data mobil (ubah harga untuk kondisi dengan driver)/button_tiga_titik")): Object: 'Object Repository/Front-End/OR Product/OR Set price data mobil (ubah harga untuk kondisi dengan driver)/button_tiga_titik' is clicked on

2019-03-12 13:46:06 - [MESSAGE][PASSED] - Object: 'Object Repository/Front-End/OR Product/OR Set price data mobil (ubah harga untuk kondisi dengan driver)/button_tiga_titik' is clicked on

2019-03-12 13:46:06 - [TEST_STEP][PASSED] - click(findTestObject("Front-End/OR Product/OR Set price data mobil (ubah harga untuk kondisi dengan driver)/button_tiga_titik")): Object: 'Object Repository/Front-End/OR Product/OR Set price data mobil (ubah harga untuk kondisi dengan driver)/button_tiga_titik' is clicked on

2019-03-12 13:46:07 - [MESSAGE][PASSED] - Object: 'Object Repository/Front-End/OR Product/OR Set price data mobil (ubah harga untuk kondisi dengan driver)/button_tiga_titik' is clicked on

2019-03-12 13:46:07 - [TEST_STEP][FAILED] - click(findTestObject("Object Repository/Front-End/OR Product/OR Set price data mobil (ubah harga untuk kondisi dengan driver)/a_Set Price")): click(findTestObject("Object Repository/Front-End/OR Product/OR Set price data mobil (ubah harga untuk kondisi dengan driver)/a_Set Price")) FAILED.
Reason:
com.kms.katalon.core.exception.StepFailedException: Unable to click on object 'Object Repository/Front-End/OR Product/OR Set price data mobil (ubah harga untuk kondisi dengan driver)/a_Set Price' (Root cause: com.kms.katalon.core.webui.exception.WebElementNotFoundException: Web element with id: 'Object Repository/Front-End/OR Product/OR Set price data mobil (ubah harga untuk kondisi dengan driver)/a_Set Price' located by 'By.xpath: //*[(text() = ' Set Price' or . = ' Set Price')]' not found)
	at com.kms.katalon.core.keyword.internal.KeywordMain.stepFailed(KeywordMain.groovy:36)
	at com.kms.katalon.core.webui.keyword.internal.WebUIKeywordMain.stepFailed(WebUIKeywordMain.groovy:65)
	at com.kms.katalon.core.webui.keyword.internal.WebUIKeywordMain.runKeyword(WebUIKeywordMain.groovy:27)
	at com.kms.katalon.core.webui.keyword.builtin.ClickKeyword.click(ClickKeyword.groovy:86)
	at com.kms.katalon.core.webui.keyword.builtin.ClickKeyword.execute(ClickKeyword.groovy:67)
	at com.kms.katalon.core.keyword.internal.KeywordExecutor.executeKeywordForPlatform(KeywordExecutor.groovy:53)
	at com.kms.katalon.core.webui.keyword.WebUiBuiltInKeywords.click(WebUiBuiltInKeywords.groovy:616)
	at com.kms.katalon.core.webui.keyword.WebUiBuiltInKeywords$click$3.call(Unknown Source)
	at TC06 Set price data mobil (ubah harga untuk kondisi dengan driver).run(TC06 Set price data mobil (ubah harga untuk kondisi dengan driver):35)
	at com.kms.katalon.core.main.ScriptEngine.run(ScriptEngine.java:194)
	at com.kms.katalon.core.main.ScriptEngine.runScriptAsRawText(ScriptEngine.java:119)
	at com.kms.katalon.core.main.TestCaseExecutor.runScript(TestCaseExecutor.java:321)
	at com.kms.katalon.core.main.TestCaseExecutor.doExecute(TestCaseExecutor.java:312)
	at com.kms.katalon.core.main.TestCaseExecutor.processExecutionPhase(TestCaseExecutor.java:291)
	at com.kms.katalon.core.main.TestCaseExecutor.accessMainPhase(TestCaseExecutor.java:283)
	at com.kms.katalon.core.main.TestCaseExecutor.execute(TestCaseExecutor.java:222)
	at com.kms.katalon.core.main.TestSuiteExecutor.accessTestCaseMainPhase(TestSuiteExecutor.java:129)
	at com.kms.katalon.core.main.TestSuiteExecutor.accessTestSuiteMainPhase(TestSuiteExecutor.java:112)
	at com.kms.katalon.core.main.TestSuiteExecutor.execute(TestSuiteExecutor.java:81)
	at com.kms.katalon.core.main.TestCaseMain.startTestSuite(TestCaseMain.java:149)
	at com.kms.katalon.core.main.TestCaseMain$startTestSuite$0.call(Unknown Source)
	at TempTestSuite1552373068310.run(TempTestSuite1552373068310.groovy:36)


2019-03-12 13:47:53 - [MESSAGE][INFO] - Unable to find the element located by 'By.xpath: //*[(text() = ' Set Price' or . = ' Set Price')]'. Please recheck the objects properties to make sure the desired element is located. 

2019-03-12 13:47:53 - [MESSAGE][FAILED] - Unable to click on object 'Object Repository/Front-End/OR Product/OR Set price data mobil (ubah harga untuk kondisi dengan driver)/a_Set Price' (Root cause: com.kms.katalon.core.webui.exception.WebElementNotFoundException: Web element with id: 'Object Repository/Front-End/OR Product/OR Set price data mobil (ubah harga untuk kondisi dengan driver)/a_Set Price' located by 'By.xpath: //*[(text() = ' Set Price' or . = ' Set Price')]' not found)
[[ATTACHMENT|C:\\Users\\WGS-LAP151\\git\\astra-movic\\Reports\\Front-End\\Set Price Owned Cars(Dengan Driver) by Owner\\20190312_134428\\1552373273367.png]]

2019-03-12 13:47:54 - [MESSAGE][FAILED] - click(findTestObject("Object Repository/Front-End/OR Product/OR Set price data mobil (ubah harga untuk kondisi dengan driver)/a_Set Price")) FAILED.
Reason:
com.kms.katalon.core.exception.StepFailedException: Unable to click on object 'Object Repository/Front-End/OR Product/OR Set price data mobil (ubah harga untuk kondisi dengan driver)/a_Set Price' (Root cause: com.kms.katalon.core.webui.exception.WebElementNotFoundException: Web element with id: 'Object Repository/Front-End/OR Product/OR Set price data mobil (ubah harga untuk kondisi dengan driver)/a_Set Price' located by 'By.xpath: //*[(text() = ' Set Price' or . = ' Set Price')]' not found)
	at com.kms.katalon.core.keyword.internal.KeywordMain.stepFailed(KeywordMain.groovy:36)
	at com.kms.katalon.core.webui.keyword.internal.WebUIKeywordMain.stepFailed(WebUIKeywordMain.groovy:65)
	at com.kms.katalon.core.webui.keyword.internal.WebUIKeywordMain.runKeyword(WebUIKeywordMain.groovy:27)
	at com.kms.katalon.core.webui.keyword.builtin.ClickKeyword.click(ClickKeyword.groovy:86)
	at com.kms.katalon.core.webui.keyword.builtin.ClickKeyword.execute(ClickKeyword.groovy:67)
	at com.kms.katalon.core.keyword.internal.KeywordExecutor.executeKeywordForPlatform(KeywordExecutor.groovy:53)
	at com.kms.katalon.core.webui.keyword.WebUiBuiltInKeywords.click(WebUiBuiltInKeywords.groovy:616)
	at com.kms.katalon.core.webui.keyword.WebUiBuiltInKeywords$click$3.call(Unknown Source)
	at TC06 Set price data mobil (ubah harga untuk kondisi dengan driver).run(TC06 Set price data mobil (ubah harga untuk kondisi dengan driver):35)
	at com.kms.katalon.core.main.ScriptEngine.run(ScriptEngine.java:194)
	at com.kms.katalon.core.main.ScriptEngine.runScriptAsRawText(ScriptEngine.java:119)
	at com.kms.katalon.core.main.TestCaseExecutor.runScript(TestCaseExecutor.java:321)
	at com.kms.katalon.core.main.TestCaseExecutor.doExecute(TestCaseExecutor.java:312)
	at com.kms.katalon.core.main.TestCaseExecutor.processExecutionPhase(TestCaseExecutor.java:291)
	at com.kms.katalon.core.main.TestCaseExecutor.accessMainPhase(TestCaseExecutor.java:283)
	at com.kms.katalon.core.main.TestCaseExecutor.execute(TestCaseExecutor.java:222)
	at com.kms.katalon.core.main.TestSuiteExecutor.accessTestCaseMainPhase(TestSuiteExecutor.java:129)
	at com.kms.katalon.core.main.TestSuiteExecutor.accessTestSuiteMainPhase(TestSuiteExecutor.java:112)
	at com.kms.katalon.core.main.TestSuiteExecutor.execute(TestSuiteExecutor.java:81)
	at com.kms.katalon.core.main.TestCaseMain.startTestSuite(TestCaseMain.java:149)
	at com.kms.katalon.core.main.TestCaseMain$startTestSuite$0.call(Unknown Source)
	at TempTestSuite1552373068310.run(TempTestSuite1552373068310.groovy:36)]]></system-out>
         <system-err><![CDATA[2019-03-12 13:45:49 - [TEST_CASE][FAILED] - Test Cases/Front-End/Product/SC99 Regression/TC06 Set price data mobil (ubah harga untuk kondisi dengan driver): Test Cases/Front-End/Product/SC99 Regression/TC06 Set price data mobil (ubah harga untuk kondisi dengan driver) FAILED.
Reason:
com.kms.katalon.core.exception.StepFailedException: Unable to click on object 'Object Repository/Front-End/OR Product/OR Set price data mobil (ubah harga untuk kondisi dengan driver)/a_Set Price' (Root cause: com.kms.katalon.core.webui.exception.WebElementNotFoundException: Web element with id: 'Object Repository/Front-End/OR Product/OR Set price data mobil (ubah harga untuk kondisi dengan driver)/a_Set Price' located by 'By.xpath: //*[(text() = ' Set Price' or . = ' Set Price')]' not found)
	at com.kms.katalon.core.keyword.internal.KeywordMain.stepFailed(KeywordMain.groovy:36)
	at com.kms.katalon.core.webui.keyword.internal.WebUIKeywordMain.stepFailed(WebUIKeywordMain.groovy:65)
	at com.kms.katalon.core.webui.keyword.internal.WebUIKeywordMain.runKeyword(WebUIKeywordMain.groovy:27)
	at com.kms.katalon.core.webui.keyword.builtin.ClickKeyword.click(ClickKeyword.groovy:86)
	at com.kms.katalon.core.webui.keyword.builtin.ClickKeyword.execute(ClickKeyword.groovy:67)
	at com.kms.katalon.core.keyword.internal.KeywordExecutor.executeKeywordForPlatform(KeywordExecutor.groovy:53)
	at com.kms.katalon.core.webui.keyword.WebUiBuiltInKeywords.click(WebUiBuiltInKeywords.groovy:616)
	at com.kms.katalon.core.webui.keyword.WebUiBuiltInKeywords$click$3.call(Unknown Source)
	at TC06 Set price data mobil (ubah harga untuk kondisi dengan driver).run(TC06 Set price data mobil (ubah harga untuk kondisi dengan driver):35)
	at com.kms.katalon.core.main.ScriptEngine.run(ScriptEngine.java:194)
	at com.kms.katalon.core.main.ScriptEngine.runScriptAsRawText(ScriptEngine.java:119)
	at com.kms.katalon.core.main.TestCaseExecutor.runScript(TestCaseExecutor.java:321)
	at com.kms.katalon.core.main.TestCaseExecutor.doExecute(TestCaseExecutor.java:312)
	at com.kms.katalon.core.main.TestCaseExecutor.processExecutionPhase(TestCaseExecutor.java:291)
	at com.kms.katalon.core.main.TestCaseExecutor.accessMainPhase(TestCaseExecutor.java:283)
	at com.kms.katalon.core.main.TestCaseExecutor.execute(TestCaseExecutor.java:222)
	at com.kms.katalon.core.main.TestSuiteExecutor.accessTestCaseMainPhase(TestSuiteExecutor.java:129)
	at com.kms.katalon.core.main.TestSuiteExecutor.accessTestSuiteMainPhase(TestSuiteExecutor.java:112)
	at com.kms.katalon.core.main.TestSuiteExecutor.execute(TestSuiteExecutor.java:81)
	at com.kms.katalon.core.main.TestCaseMain.startTestSuite(TestCaseMain.java:149)
	at com.kms.katalon.core.main.TestCaseMain$startTestSuite$0.call(Unknown Source)
	at TempTestSuite1552373068310.run(TempTestSuite1552373068310.groovy:36)]]></system-err>
      </testcase>
      <system-out><![CDATA[2019-03-12 13:44:34 - [TEST_SUITE][FAILED] - Set Price Owned Cars(Dengan Driver) by Owner: Test Cases/Front-End/Product/SC99 Regression/TC06 Set price data mobil (ubah harga untuk kondisi dengan driver) FAILED.
Reason:
com.kms.katalon.core.exception.StepFailedException: Unable to click on object 'Object Repository/Front-End/OR Product/OR Set price data mobil (ubah harga untuk kondisi dengan driver)/a_Set Price' (Root cause: com.kms.katalon.core.webui.exception.WebElementNotFoundException: Web element with id: 'Object Repository/Front-End/OR Product/OR Set price data mobil (ubah harga untuk kondisi dengan driver)/a_Set Price' located by 'By.xpath: //*[(text() = ' Set Price' or . = ' Set Price')]' not found)
	at com.kms.katalon.core.keyword.internal.KeywordMain.stepFailed(KeywordMain.groovy:36)
	at com.kms.katalon.core.webui.keyword.internal.WebUIKeywordMain.stepFailed(WebUIKeywordMain.groovy:65)
	at com.kms.katalon.core.webui.keyword.internal.WebUIKeywordMain.runKeyword(WebUIKeywordMain.groovy:27)
	at com.kms.katalon.core.webui.keyword.builtin.ClickKeyword.click(ClickKeyword.groovy:86)
	at com.kms.katalon.core.webui.keyword.builtin.ClickKeyword.execute(ClickKeyword.groovy:67)
	at com.kms.katalon.core.keyword.internal.KeywordExecutor.executeKeywordForPlatform(KeywordExecutor.groovy:53)
	at com.kms.katalon.core.webui.keyword.WebUiBuiltInKeywords.click(WebUiBuiltInKeywords.groovy:616)
	at com.kms.katalon.core.webui.keyword.WebUiBuiltInKeywords$click$3.call(Unknown Source)
	at TC06 Set price data mobil (ubah harga untuk kondisi dengan driver).run(TC06 Set price data mobil (ubah harga untuk kondisi dengan driver):35)
	at com.kms.katalon.core.main.ScriptEngine.run(ScriptEngine.java:194)
	at com.kms.katalon.core.main.ScriptEngine.runScriptAsRawText(ScriptEngine.java:119)
	at com.kms.katalon.core.main.TestCaseExecutor.runScript(TestCaseExecutor.java:321)
	at com.kms.katalon.core.main.TestCaseExecutor.doExecute(TestCaseExecutor.java:312)
	at com.kms.katalon.core.main.TestCaseExecutor.processExecutionPhase(TestCaseExecutor.java:291)
	at com.kms.katalon.core.main.TestCaseExecutor.accessMainPhase(TestCaseExecutor.java:283)
	at com.kms.katalon.core.main.TestCaseExecutor.execute(TestCaseExecutor.java:222)
	at com.kms.katalon.core.main.TestSuiteExecutor.accessTestCaseMainPhase(TestSuiteExecutor.java:129)
	at com.kms.katalon.core.main.TestSuiteExecutor.accessTestSuiteMainPhase(TestSuiteExecutor.java:112)
	at com.kms.katalon.core.main.TestSuiteExecutor.execute(TestSuiteExecutor.java:81)
	at com.kms.katalon.core.main.TestCaseMain.startTestSuite(TestCaseMain.java:149)
	at com.kms.katalon.core.main.TestCaseMain$startTestSuite$0.call(Unknown Source)
	at TempTestSuite1552373068310.run(TempTestSuite1552373068310.groovy:36)]]></system-out>
      <system-err><![CDATA[2019-03-12 13:44:34 - [TEST_SUITE][FAILED] - Set Price Owned Cars(Dengan Driver) by Owner: Test Cases/Front-End/Product/SC99 Regression/TC06 Set price data mobil (ubah harga untuk kondisi dengan driver) FAILED.
Reason:
com.kms.katalon.core.exception.StepFailedException: Unable to click on object 'Object Repository/Front-End/OR Product/OR Set price data mobil (ubah harga untuk kondisi dengan driver)/a_Set Price' (Root cause: com.kms.katalon.core.webui.exception.WebElementNotFoundException: Web element with id: 'Object Repository/Front-End/OR Product/OR Set price data mobil (ubah harga untuk kondisi dengan driver)/a_Set Price' located by 'By.xpath: //*[(text() = ' Set Price' or . = ' Set Price')]' not found)
	at com.kms.katalon.core.keyword.internal.KeywordMain.stepFailed(KeywordMain.groovy:36)
	at com.kms.katalon.core.webui.keyword.internal.WebUIKeywordMain.stepFailed(WebUIKeywordMain.groovy:65)
	at com.kms.katalon.core.webui.keyword.internal.WebUIKeywordMain.runKeyword(WebUIKeywordMain.groovy:27)
	at com.kms.katalon.core.webui.keyword.builtin.ClickKeyword.click(ClickKeyword.groovy:86)
	at com.kms.katalon.core.webui.keyword.builtin.ClickKeyword.execute(ClickKeyword.groovy:67)
	at com.kms.katalon.core.keyword.internal.KeywordExecutor.executeKeywordForPlatform(KeywordExecutor.groovy:53)
	at com.kms.katalon.core.webui.keyword.WebUiBuiltInKeywords.click(WebUiBuiltInKeywords.groovy:616)
	at com.kms.katalon.core.webui.keyword.WebUiBuiltInKeywords$click$3.call(Unknown Source)
	at TC06 Set price data mobil (ubah harga untuk kondisi dengan driver).run(TC06 Set price data mobil (ubah harga untuk kondisi dengan driver):35)
	at com.kms.katalon.core.main.ScriptEngine.run(ScriptEngine.java:194)
	at com.kms.katalon.core.main.ScriptEngine.runScriptAsRawText(ScriptEngine.java:119)
	at com.kms.katalon.core.main.TestCaseExecutor.runScript(TestCaseExecutor.java:321)
	at com.kms.katalon.core.main.TestCaseExecutor.doExecute(TestCaseExecutor.java:312)
	at com.kms.katalon.core.main.TestCaseExecutor.processExecutionPhase(TestCaseExecutor.java:291)
	at com.kms.katalon.core.main.TestCaseExecutor.accessMainPhase(TestCaseExecutor.java:283)
	at com.kms.katalon.core.main.TestCaseExecutor.execute(TestCaseExecutor.java:222)
	at com.kms.katalon.core.main.TestSuiteExecutor.accessTestCaseMainPhase(TestSuiteExecutor.java:129)
	at com.kms.katalon.core.main.TestSuiteExecutor.accessTestSuiteMainPhase(TestSuiteExecutor.java:112)
	at com.kms.katalon.core.main.TestSuiteExecutor.execute(TestSuiteExecutor.java:81)
	at com.kms.katalon.core.main.TestCaseMain.startTestSuite(TestCaseMain.java:149)
	at com.kms.katalon.core.main.TestCaseMain$startTestSuite$0.call(Unknown Source)
	at TempTestSuite1552373068310.run(TempTestSuite1552373068310.groovy:36)]]></system-err>
   </testsuite>
</testsuites>
