<?xml version="1.0" encoding="UTF-8"?>
<testsuites name="Customer See Detail Promo (By Banner)" time="411" tests="1" failures="1" errors="0">
   <testsuite name="Customer See Detail Promo (By Banner)" tests="1" failures="1" errors="0" time="411" timestamp="2019-02-25 14:26:01" hostname="WGS-LAP151 - INVWGSLAP151" id="Test Suites/Mobile/Customer See Detail Promo (By Banner)">
      <properties>
         <property name="deviceName" value="Xiaomi Redmi 4A (Android 7.1.2)"/>
         <property name="devicePlatform" value=""/>
         <property name="logFolder" value="C:\\Users\\WGS-LAP151\\git\\astra-movic\\Reports\\Mobile\\Customer See Detail Promo (By Banner)\\20190225_142555"/>
         <property name="logFiles" value="C:\\Users\\WGS-LAP151\\git\\astra-movic\\Reports\\Mobile\\Customer See Detail Promo (By Banner)\\20190225_142555\\appium.log, C:\\Users\\WGS-LAP151\\git\\astra-movic\\Reports\\Mobile\\Customer See Detail Promo (By Banner)\\20190225_142555\\execution0.log"/>
         <property name="attachments" value="C:\\Users\\WGS-LAP151\\git\\astra-movic\\Reports\\Mobile\\Customer See Detail Promo (By Banner)\\20190225_142555\\1551079967111.png, C:\\Users\\WGS-LAP151\\git\\astra-movic\\Reports\\Mobile\\Customer See Detail Promo (By Banner)\\20190225_142555\\1551079968674.png"/>
         <property name="hostName" value="WGS-LAP151 - INVWGSLAP151"/>
         <property name="os" value="Windows 10 64bit"/>
         <property name="katalonVersion" value="5.9.1.2"/>
         <property name="deviceOS" value="Android"/>
         <property name="appiumVersion" value="1.8.0"/>
         <property name="deviceModel" value="Redmi 4A"/>
         <property name="hostAddress" value="127.0.0.1"/>
         <property name="deviceManufacturer" value="Xiaomi"/>
         <property name="deviceId" value="5e31d87d7d73"/>
         <property name="deviceName" value="Xiaomi Redmi 4A (Android 7.1.2)"/>
         <property name="deviceOSVersion" value="7.1.2"/>
      </properties>
      <testcase name="Test Cases/Mobile/Android/User/SC99 Regression/TC04 Login with email" classname="Test Cases/Mobile/Android/User/SC99 Regression/TC04 Login with email" status="PASSED">
         <system-out><![CDATA[2019-02-25 14:26:02 - [TEST_CASE][PASSED] - Test Cases/Mobile/Android/User/SC99 Regression/TC04 Login with email: Test Cases/Mobile/Android/User/SC99 Regression/TC04 Login with email

2019-02-25 14:26:04 - [TEST_STEP][PASSED] - startApplication("C:\Users\WGS-LAP151\Downloads\Movic_1.2.0_2019-02-04-stable-debug.apk", false): Started app at: 'C:\Users\WGS-LAP151\Downloads\Movic_1.2.0_2019-02-04-stable-debug.apk'

2019-02-25 14:26:05 - [MESSAGE][INFO] - User set preference: ['deviceId', '']

2019-02-25 14:26:17 - [MESSAGE][INFO] - Appium server started on port 5,772

2019-02-25 14:27:36 - [MESSAGE][PASSED] - Started app at: 'C:\Users\WGS-LAP151\Downloads\Movic_1.2.0_2019-02-04-stable-debug.apk'

2019-02-25 14:27:36 - [TEST_STEP][PASSED] - tap(findTestObject("Mobile/OR Homepage/OBJ-Login/android.widget.TextView2 - English"), 0): Tapped on element 'Object Repository/Mobile/OR Homepage/OBJ-Login/android.widget.TextView2 - English'

2019-02-25 14:27:36 - [MESSAGE][WARNING] - Timeout '0' is invalid. Using default page load timeout: '100'

2019-02-25 14:27:39 - [MESSAGE][PASSED] - Tapped on element 'Object Repository/Mobile/OR Homepage/OBJ-Login/android.widget.TextView2 - English'

2019-02-25 14:27:39 - [TEST_STEP][PASSED] - tap(findTestObject("Mobile/OR Homepage/OBJ-Login/android.widget.ImageView4"), 0): Tapped on element 'Object Repository/Mobile/OR Homepage/OBJ-Login/android.widget.ImageView4'

2019-02-25 14:27:39 - [MESSAGE][WARNING] - Timeout '0' is invalid. Using default page load timeout: '100'

2019-02-25 14:27:43 - [MESSAGE][PASSED] - Tapped on element 'Object Repository/Mobile/OR Homepage/OBJ-Login/android.widget.ImageView4'

2019-02-25 14:27:43 - [TEST_STEP][PASSED] - for (def index : (1..2)): Tapped on element 'Object Repository/Mobile/OR Registrasi/android.widget.ImageView1'

2019-02-25 14:27:43 - [TEST_STEP][PASSED] - tap(findTestObject("Mobile/OR Registrasi/android.widget.ImageView1"), 0): Tapped on element 'Object Repository/Mobile/OR Registrasi/android.widget.ImageView1'

2019-02-25 14:27:43 - [MESSAGE][WARNING] - Timeout '0' is invalid. Using default page load timeout: '100'

2019-02-25 14:27:44 - [MESSAGE][PASSED] - Tapped on element 'Object Repository/Mobile/OR Registrasi/android.widget.ImageView1'

2019-02-25 14:27:44 - [TEST_STEP][PASSED] - tap(findTestObject("Mobile/OR Registrasi/android.widget.ImageView1"), 0): Tapped on element 'Object Repository/Mobile/OR Registrasi/android.widget.ImageView1'

2019-02-25 14:27:44 - [MESSAGE][WARNING] - Timeout '0' is invalid. Using default page load timeout: '100'

2019-02-25 14:27:45 - [MESSAGE][PASSED] - Tapped on element 'Object Repository/Mobile/OR Registrasi/android.widget.ImageView1'

2019-02-25 14:27:45 - [TEST_STEP][PASSED] - tap(findTestObject("Mobile/OR Homepage/OBJ-Login/android.widget.TextView2 - Skip"), 0): Tapped on element 'Object Repository/Mobile/OR Homepage/OBJ-Login/android.widget.TextView2 - Skip'

2019-02-25 14:27:45 - [MESSAGE][WARNING] - Timeout '0' is invalid. Using default page load timeout: '100'

2019-02-25 14:27:49 - [MESSAGE][PASSED] - Tapped on element 'Object Repository/Mobile/OR Homepage/OBJ-Login/android.widget.TextView2 - Skip'

2019-02-25 14:27:49 - [TEST_STEP][PASSED] - tap(findTestObject("Mobile/OR Homepage/OBJ-Login/android.widget.TextView0 - Log in"), 0): Tapped on element 'Object Repository/Mobile/OR Homepage/OBJ-Login/android.widget.TextView0 - Log in'

2019-02-25 14:27:49 - [MESSAGE][WARNING] - Timeout '0' is invalid. Using default page load timeout: '100'

2019-02-25 14:27:52 - [MESSAGE][PASSED] - Tapped on element 'Object Repository/Mobile/OR Homepage/OBJ-Login/android.widget.TextView0 - Log in'

2019-02-25 14:27:52 - [TEST_STEP][PASSED] - setText(findTestObject("Mobile/OR Login/android.widget.EditText0"), "nansulaiman5@gmail.com", 0): Text 'nansulaiman5@gmail.com' has been set to element 'Object Repository/Mobile/OR Login/android.widget.EditText0'

2019-02-25 14:27:52 - [MESSAGE][WARNING] - Timeout '0' is invalid. Using default page load timeout: '100'

2019-02-25 14:27:53 - [MESSAGE][PASSED] - Text 'nansulaiman5@gmail.com' has been set to element 'Object Repository/Mobile/OR Login/android.widget.EditText0'

2019-02-25 14:27:53 - [TEST_STEP][PASSED] - tap(findTestObject("Mobile/OR Login 2/android.widget.Button0 - Lanjutkan 03"), 0): Tapped on element 'Object Repository/Mobile/OR Login 2/android.widget.Button0 - Lanjutkan 03'

2019-02-25 14:27:53 - [MESSAGE][WARNING] - Timeout '0' is invalid. Using default page load timeout: '100'

2019-02-25 14:27:56 - [MESSAGE][PASSED] - Tapped on element 'Object Repository/Mobile/OR Login 2/android.widget.Button0 - Lanjutkan 03'

2019-02-25 14:27:56 - [TEST_STEP][PASSED] - delay(findTestData("Delay Step").getValue(1, 2), STOP_ON_FAILURE): Delayed 5 second(s)

2019-02-25 14:28:01 - [MESSAGE][PASSED] - Delayed 5 second(s)

2019-02-25 14:28:01 - [TEST_STEP][PASSED] - setText(findTestObject("Mobile/OR Login 2/android.widget.EditText0 - field password"), "password8", 0): Text 'password8' has been set to element 'Object Repository/Mobile/OR Login 2/android.widget.EditText0 - field password'

2019-02-25 14:28:01 - [MESSAGE][WARNING] - Timeout '0' is invalid. Using default page load timeout: '100'

2019-02-25 14:28:02 - [MESSAGE][PASSED] - Text 'password8' has been set to element 'Object Repository/Mobile/OR Login 2/android.widget.EditText0 - field password'

2019-02-25 14:28:02 - [TEST_STEP][PASSED] - delay(findTestData("Delay Step").getValue(1, 2), STOP_ON_FAILURE): Delayed 5 second(s)

2019-02-25 14:28:08 - [MESSAGE][PASSED] - Delayed 5 second(s)

2019-02-25 14:28:08 - [TEST_STEP][PASSED] - hideKeyboard(): Keyboard is hidden

2019-02-25 14:28:10 - [MESSAGE][PASSED] - Keyboard is hidden

2019-02-25 14:28:10 - [TEST_STEP][PASSED] - tap(findTestObject("Mobile/OR Login 2/android.widget.Button0 - Start Movic 01"), 0): Tapped on element 'Object Repository/Mobile/OR Login 2/android.widget.Button0 - Start Movic 01'

2019-02-25 14:28:10 - [MESSAGE][WARNING] - Timeout '0' is invalid. Using default page load timeout: '100'

2019-02-25 14:28:14 - [MESSAGE][PASSED] - Tapped on element 'Object Repository/Mobile/OR Login 2/android.widget.Button0 - Start Movic 01'

2019-02-25 14:28:14 - [TEST_STEP][PASSED] - delay(findTestData("Delay Step").getValue(1, 2), STOP_ON_FAILURE): Delayed 5 second(s)

2019-02-25 14:28:19 - [MESSAGE][PASSED] - Delayed 5 second(s)]]></system-out>
         <system-err><![CDATA[]]></system-err>
      </testcase>
      <testcase name="Test Cases/Mobile/Android/Promo/SC99 Regression/TC01 Show detail promo (By Banner)" classname="Test Cases/Mobile/Android/Promo/SC99 Regression/TC01 Show detail promo (By Banner)" status="FAILED">
         <failure type="FAILED" message="Test Cases/Mobile/Android/Promo/SC99 Regression/TC01 Show detail promo (By Banner) FAILED.
Reason:
com.kms.katalon.core.exception.StepFailedException: Failed to tap on element 'Object Repository/Mobile/OR Promo/android.widget.ImageView7' (Root cause: com.kms.katalon.core.exception.StepFailedException: Object Object Repository/Mobile/OR Promo/android.widget.ImageView7 not found)
	at com.kms.katalon.core.keyword.internal.KeywordMain.stepFailed(KeywordMain.groovy:36)
	at com.kms.katalon.core.mobile.keyword.internal.MobileKeywordMain.stepFailed(MobileKeywordMain.groovy:40)
	at com.kms.katalon.core.mobile.keyword.internal.MobileKeywordMain.runKeyword(MobileKeywordMain.groovy:23)
	at com.kms.katalon.core.mobile.keyword.builtin.TapKeyword.tap(TapKeyword.groovy:83)
	at com.kms.katalon.core.mobile.keyword.builtin.TapKeyword.execute(TapKeyword.groovy:66)
	at com.kms.katalon.core.keyword.internal.KeywordExecutor.executeKeywordForPlatform(KeywordExecutor.groovy:53)
	at com.kms.katalon.core.mobile.keyword.MobileBuiltInKeywords.tap(MobileBuiltInKeywords.groovy:485)
	at com.kms.katalon.core.mobile.keyword.MobileBuiltInKeywords$tap$0.call(Unknown Source)
	at TC01 Show detail promo (By Banner).run(TC01 Show detail promo (By Banner):29)
	at com.kms.katalon.core.main.ScriptEngine.run(ScriptEngine.java:194)
	at com.kms.katalon.core.main.ScriptEngine.runScriptAsRawText(ScriptEngine.java:119)
	at com.kms.katalon.core.main.TestCaseExecutor.runScript(TestCaseExecutor.java:321)
	at com.kms.katalon.core.main.TestCaseExecutor.doExecute(TestCaseExecutor.java:312)
	at com.kms.katalon.core.main.TestCaseExecutor.processExecutionPhase(TestCaseExecutor.java:291)
	at com.kms.katalon.core.main.TestCaseExecutor.accessMainPhase(TestCaseExecutor.java:283)
	at com.kms.katalon.core.main.TestCaseExecutor.execute(TestCaseExecutor.java:222)
	at com.kms.katalon.core.main.TestSuiteExecutor.accessTestCaseMainPhase(TestSuiteExecutor.java:129)
	at com.kms.katalon.core.main.TestSuiteExecutor.accessTestSuiteMainPhase(TestSuiteExecutor.java:112)
	at com.kms.katalon.core.main.TestSuiteExecutor.execute(TestSuiteExecutor.java:81)
	at com.kms.katalon.core.main.TestCaseMain.startTestSuite(TestCaseMain.java:149)
	at com.kms.katalon.core.main.TestCaseMain$startTestSuite$0.call(Unknown Source)
	at TempTestSuite1551079555787.run(TempTestSuite1551079555787.groovy:36)
"/>
         <system-out><![CDATA[2019-02-25 14:28:19 - [TEST_CASE][FAILED] - Test Cases/Mobile/Android/Promo/SC99 Regression/TC01 Show detail promo (By Banner): Test Cases/Mobile/Android/Promo/SC99 Regression/TC01 Show detail promo (By Banner) FAILED.
Reason:
com.kms.katalon.core.exception.StepFailedException: Failed to tap on element 'Object Repository/Mobile/OR Promo/android.widget.ImageView7' (Root cause: com.kms.katalon.core.exception.StepFailedException: Object Object Repository/Mobile/OR Promo/android.widget.ImageView7 not found)
	at com.kms.katalon.core.keyword.internal.KeywordMain.stepFailed(KeywordMain.groovy:36)
	at com.kms.katalon.core.mobile.keyword.internal.MobileKeywordMain.stepFailed(MobileKeywordMain.groovy:40)
	at com.kms.katalon.core.mobile.keyword.internal.MobileKeywordMain.runKeyword(MobileKeywordMain.groovy:23)
	at com.kms.katalon.core.mobile.keyword.builtin.TapKeyword.tap(TapKeyword.groovy:83)
	at com.kms.katalon.core.mobile.keyword.builtin.TapKeyword.execute(TapKeyword.groovy:66)
	at com.kms.katalon.core.keyword.internal.KeywordExecutor.executeKeywordForPlatform(KeywordExecutor.groovy:53)
	at com.kms.katalon.core.mobile.keyword.MobileBuiltInKeywords.tap(MobileBuiltInKeywords.groovy:485)
	at com.kms.katalon.core.mobile.keyword.MobileBuiltInKeywords$tap$0.call(Unknown Source)
	at TC01 Show detail promo (By Banner).run(TC01 Show detail promo (By Banner):29)
	at com.kms.katalon.core.main.ScriptEngine.run(ScriptEngine.java:194)
	at com.kms.katalon.core.main.ScriptEngine.runScriptAsRawText(ScriptEngine.java:119)
	at com.kms.katalon.core.main.TestCaseExecutor.runScript(TestCaseExecutor.java:321)
	at com.kms.katalon.core.main.TestCaseExecutor.doExecute(TestCaseExecutor.java:312)
	at com.kms.katalon.core.main.TestCaseExecutor.processExecutionPhase(TestCaseExecutor.java:291)
	at com.kms.katalon.core.main.TestCaseExecutor.accessMainPhase(TestCaseExecutor.java:283)
	at com.kms.katalon.core.main.TestCaseExecutor.execute(TestCaseExecutor.java:222)
	at com.kms.katalon.core.main.TestSuiteExecutor.accessTestCaseMainPhase(TestSuiteExecutor.java:129)
	at com.kms.katalon.core.main.TestSuiteExecutor.accessTestSuiteMainPhase(TestSuiteExecutor.java:112)
	at com.kms.katalon.core.main.TestSuiteExecutor.execute(TestSuiteExecutor.java:81)
	at com.kms.katalon.core.main.TestCaseMain.startTestSuite(TestCaseMain.java:149)
	at com.kms.katalon.core.main.TestCaseMain$startTestSuite$0.call(Unknown Source)
	at TempTestSuite1551079555787.run(TempTestSuite1551079555787.groovy:36)


2019-02-25 14:28:20 - [TEST_STEP][NOT_RUN] - callTestCase(findTestCase("Mobile/Android/User/SC99 Regression/TC04 Login with email"), [:], STOP_ON_FAILURE): NOT_RUN: callTestCase(findTestCase("Mobile/Android/User/SC99 Regression/TC04 Login with email"), [:], STOP_ON_FAILURE)

2019-02-25 14:28:20 - [MESSAGE][NOT_RUN] - NOT_RUN: callTestCase(findTestCase("Mobile/Android/User/SC99 Regression/TC04 Login with email"), [:], STOP_ON_FAILURE)

2019-02-25 14:28:20 - [TEST_STEP][PASSED] - tap(findTestObject("Mobile/OR Profile/android.widget.ImageView0 - icon profile"), 0): Tapped on element 'Object Repository/Mobile/OR Profile/android.widget.ImageView0 - icon profile'

2019-02-25 14:28:20 - [MESSAGE][WARNING] - Timeout '0' is invalid. Using default page load timeout: '100'

2019-02-25 14:29:43 - [MESSAGE][PASSED] - Tapped on element 'Object Repository/Mobile/OR Profile/android.widget.ImageView0 - icon profile'

2019-02-25 14:29:43 - [TEST_STEP][PASSED] - tap(findTestObject("Mobile/OR Left Menu/android.widget.Left Menu - Info dan Promo"), 0): Tapped on element 'Object Repository/Mobile/OR Left Menu/android.widget.Left Menu - Info dan Promo'

2019-02-25 14:29:43 - [MESSAGE][WARNING] - Timeout '0' is invalid. Using default page load timeout: '100'

2019-02-25 14:31:05 - [MESSAGE][PASSED] - Tapped on element 'Object Repository/Mobile/OR Left Menu/android.widget.Left Menu - Info dan Promo'

2019-02-25 14:31:05 - [TEST_STEP][PASSED] - tap(findTestObject("Mobile/OR Promo/android.widget.Tab(1)"), 0): Tapped on element 'Object Repository/Mobile/OR Promo/android.widget.Tab(1)'

2019-02-25 14:31:05 - [MESSAGE][WARNING] - Timeout '0' is invalid. Using default page load timeout: '100'

2019-02-25 14:31:07 - [MESSAGE][PASSED] - Tapped on element 'Object Repository/Mobile/OR Promo/android.widget.Tab(1)'

2019-02-25 14:31:07 - [TEST_STEP][FAILED] - tap(findTestObject("Mobile/OR Promo/android.widget.ImageView7"), 0): tap(findTestObject("Mobile/OR Promo/android.widget.ImageView7"), 0) FAILED.
Reason:
com.kms.katalon.core.exception.StepFailedException: Failed to tap on element 'Object Repository/Mobile/OR Promo/android.widget.ImageView7' (Root cause: com.kms.katalon.core.exception.StepFailedException: Object Object Repository/Mobile/OR Promo/android.widget.ImageView7 not found)
	at com.kms.katalon.core.keyword.internal.KeywordMain.stepFailed(KeywordMain.groovy:36)
	at com.kms.katalon.core.mobile.keyword.internal.MobileKeywordMain.stepFailed(MobileKeywordMain.groovy:40)
	at com.kms.katalon.core.mobile.keyword.internal.MobileKeywordMain.runKeyword(MobileKeywordMain.groovy:23)
	at com.kms.katalon.core.mobile.keyword.builtin.TapKeyword.tap(TapKeyword.groovy:83)
	at com.kms.katalon.core.mobile.keyword.builtin.TapKeyword.execute(TapKeyword.groovy:66)
	at com.kms.katalon.core.keyword.internal.KeywordExecutor.executeKeywordForPlatform(KeywordExecutor.groovy:53)
	at com.kms.katalon.core.mobile.keyword.MobileBuiltInKeywords.tap(MobileBuiltInKeywords.groovy:485)
	at com.kms.katalon.core.mobile.keyword.MobileBuiltInKeywords$tap$0.call(Unknown Source)
	at TC01 Show detail promo (By Banner).run(TC01 Show detail promo (By Banner):29)
	at com.kms.katalon.core.main.ScriptEngine.run(ScriptEngine.java:194)
	at com.kms.katalon.core.main.ScriptEngine.runScriptAsRawText(ScriptEngine.java:119)
	at com.kms.katalon.core.main.TestCaseExecutor.runScript(TestCaseExecutor.java:321)
	at com.kms.katalon.core.main.TestCaseExecutor.doExecute(TestCaseExecutor.java:312)
	at com.kms.katalon.core.main.TestCaseExecutor.processExecutionPhase(TestCaseExecutor.java:291)
	at com.kms.katalon.core.main.TestCaseExecutor.accessMainPhase(TestCaseExecutor.java:283)
	at com.kms.katalon.core.main.TestCaseExecutor.execute(TestCaseExecutor.java:222)
	at com.kms.katalon.core.main.TestSuiteExecutor.accessTestCaseMainPhase(TestSuiteExecutor.java:129)
	at com.kms.katalon.core.main.TestSuiteExecutor.accessTestSuiteMainPhase(TestSuiteExecutor.java:112)
	at com.kms.katalon.core.main.TestSuiteExecutor.execute(TestSuiteExecutor.java:81)
	at com.kms.katalon.core.main.TestCaseMain.startTestSuite(TestCaseMain.java:149)
	at com.kms.katalon.core.main.TestCaseMain$startTestSuite$0.call(Unknown Source)
	at TempTestSuite1551079555787.run(TempTestSuite1551079555787.groovy:36)


2019-02-25 14:31:07 - [MESSAGE][WARNING] - Timeout '0' is invalid. Using default page load timeout: '100'

2019-02-25 14:32:48 - [MESSAGE][FAILED] - Object Object Repository/Mobile/OR Promo/android.widget.ImageView7 not found
[[ATTACHMENT|C:\\Users\\WGS-LAP151\\git\\astra-movic\\Reports\\Mobile\\Customer See Detail Promo (By Banner)\\20190225_142555\\1551079967111.png]]

2019-02-25 14:32:49 - [MESSAGE][FAILED] - Failed to tap on element 'Object Repository/Mobile/OR Promo/android.widget.ImageView7' (Root cause: com.kms.katalon.core.exception.StepFailedException: Object Object Repository/Mobile/OR Promo/android.widget.ImageView7 not found)
[[ATTACHMENT|C:\\Users\\WGS-LAP151\\git\\astra-movic\\Reports\\Mobile\\Customer See Detail Promo (By Banner)\\20190225_142555\\1551079968674.png]]

2019-02-25 14:32:49 - [MESSAGE][FAILED] - tap(findTestObject("Mobile/OR Promo/android.widget.ImageView7"), 0) FAILED.
Reason:
com.kms.katalon.core.exception.StepFailedException: Failed to tap on element 'Object Repository/Mobile/OR Promo/android.widget.ImageView7' (Root cause: com.kms.katalon.core.exception.StepFailedException: Object Object Repository/Mobile/OR Promo/android.widget.ImageView7 not found)
	at com.kms.katalon.core.keyword.internal.KeywordMain.stepFailed(KeywordMain.groovy:36)
	at com.kms.katalon.core.mobile.keyword.internal.MobileKeywordMain.stepFailed(MobileKeywordMain.groovy:40)
	at com.kms.katalon.core.mobile.keyword.internal.MobileKeywordMain.runKeyword(MobileKeywordMain.groovy:23)
	at com.kms.katalon.core.mobile.keyword.builtin.TapKeyword.tap(TapKeyword.groovy:83)
	at com.kms.katalon.core.mobile.keyword.builtin.TapKeyword.execute(TapKeyword.groovy:66)
	at com.kms.katalon.core.keyword.internal.KeywordExecutor.executeKeywordForPlatform(KeywordExecutor.groovy:53)
	at com.kms.katalon.core.mobile.keyword.MobileBuiltInKeywords.tap(MobileBuiltInKeywords.groovy:485)
	at com.kms.katalon.core.mobile.keyword.MobileBuiltInKeywords$tap$0.call(Unknown Source)
	at TC01 Show detail promo (By Banner).run(TC01 Show detail promo (By Banner):29)
	at com.kms.katalon.core.main.ScriptEngine.run(ScriptEngine.java:194)
	at com.kms.katalon.core.main.ScriptEngine.runScriptAsRawText(ScriptEngine.java:119)
	at com.kms.katalon.core.main.TestCaseExecutor.runScript(TestCaseExecutor.java:321)
	at com.kms.katalon.core.main.TestCaseExecutor.doExecute(TestCaseExecutor.java:312)
	at com.kms.katalon.core.main.TestCaseExecutor.processExecutionPhase(TestCaseExecutor.java:291)
	at com.kms.katalon.core.main.TestCaseExecutor.accessMainPhase(TestCaseExecutor.java:283)
	at com.kms.katalon.core.main.TestCaseExecutor.execute(TestCaseExecutor.java:222)
	at com.kms.katalon.core.main.TestSuiteExecutor.accessTestCaseMainPhase(TestSuiteExecutor.java:129)
	at com.kms.katalon.core.main.TestSuiteExecutor.accessTestSuiteMainPhase(TestSuiteExecutor.java:112)
	at com.kms.katalon.core.main.TestSuiteExecutor.execute(TestSuiteExecutor.java:81)
	at com.kms.katalon.core.main.TestCaseMain.startTestSuite(TestCaseMain.java:149)
	at com.kms.katalon.core.main.TestCaseMain$startTestSuite$0.call(Unknown Source)
	at TempTestSuite1551079555787.run(TempTestSuite1551079555787.groovy:36)]]></system-out>
         <system-err><![CDATA[2019-02-25 14:28:19 - [TEST_CASE][FAILED] - Test Cases/Mobile/Android/Promo/SC99 Regression/TC01 Show detail promo (By Banner): Test Cases/Mobile/Android/Promo/SC99 Regression/TC01 Show detail promo (By Banner) FAILED.
Reason:
com.kms.katalon.core.exception.StepFailedException: Failed to tap on element 'Object Repository/Mobile/OR Promo/android.widget.ImageView7' (Root cause: com.kms.katalon.core.exception.StepFailedException: Object Object Repository/Mobile/OR Promo/android.widget.ImageView7 not found)
	at com.kms.katalon.core.keyword.internal.KeywordMain.stepFailed(KeywordMain.groovy:36)
	at com.kms.katalon.core.mobile.keyword.internal.MobileKeywordMain.stepFailed(MobileKeywordMain.groovy:40)
	at com.kms.katalon.core.mobile.keyword.internal.MobileKeywordMain.runKeyword(MobileKeywordMain.groovy:23)
	at com.kms.katalon.core.mobile.keyword.builtin.TapKeyword.tap(TapKeyword.groovy:83)
	at com.kms.katalon.core.mobile.keyword.builtin.TapKeyword.execute(TapKeyword.groovy:66)
	at com.kms.katalon.core.keyword.internal.KeywordExecutor.executeKeywordForPlatform(KeywordExecutor.groovy:53)
	at com.kms.katalon.core.mobile.keyword.MobileBuiltInKeywords.tap(MobileBuiltInKeywords.groovy:485)
	at com.kms.katalon.core.mobile.keyword.MobileBuiltInKeywords$tap$0.call(Unknown Source)
	at TC01 Show detail promo (By Banner).run(TC01 Show detail promo (By Banner):29)
	at com.kms.katalon.core.main.ScriptEngine.run(ScriptEngine.java:194)
	at com.kms.katalon.core.main.ScriptEngine.runScriptAsRawText(ScriptEngine.java:119)
	at com.kms.katalon.core.main.TestCaseExecutor.runScript(TestCaseExecutor.java:321)
	at com.kms.katalon.core.main.TestCaseExecutor.doExecute(TestCaseExecutor.java:312)
	at com.kms.katalon.core.main.TestCaseExecutor.processExecutionPhase(TestCaseExecutor.java:291)
	at com.kms.katalon.core.main.TestCaseExecutor.accessMainPhase(TestCaseExecutor.java:283)
	at com.kms.katalon.core.main.TestCaseExecutor.execute(TestCaseExecutor.java:222)
	at com.kms.katalon.core.main.TestSuiteExecutor.accessTestCaseMainPhase(TestSuiteExecutor.java:129)
	at com.kms.katalon.core.main.TestSuiteExecutor.accessTestSuiteMainPhase(TestSuiteExecutor.java:112)
	at com.kms.katalon.core.main.TestSuiteExecutor.execute(TestSuiteExecutor.java:81)
	at com.kms.katalon.core.main.TestCaseMain.startTestSuite(TestCaseMain.java:149)
	at com.kms.katalon.core.main.TestCaseMain$startTestSuite$0.call(Unknown Source)
	at TempTestSuite1551079555787.run(TempTestSuite1551079555787.groovy:36)]]></system-err>
      </testcase>
      <system-out><![CDATA[2019-02-25 14:26:01 - [TEST_SUITE][FAILED] - Customer See Detail Promo (By Banner): Test Cases/Mobile/Android/Promo/SC99 Regression/TC01 Show detail promo (By Banner) FAILED.
Reason:
com.kms.katalon.core.exception.StepFailedException: Failed to tap on element 'Object Repository/Mobile/OR Promo/android.widget.ImageView7' (Root cause: com.kms.katalon.core.exception.StepFailedException: Object Object Repository/Mobile/OR Promo/android.widget.ImageView7 not found)
	at com.kms.katalon.core.keyword.internal.KeywordMain.stepFailed(KeywordMain.groovy:36)
	at com.kms.katalon.core.mobile.keyword.internal.MobileKeywordMain.stepFailed(MobileKeywordMain.groovy:40)
	at com.kms.katalon.core.mobile.keyword.internal.MobileKeywordMain.runKeyword(MobileKeywordMain.groovy:23)
	at com.kms.katalon.core.mobile.keyword.builtin.TapKeyword.tap(TapKeyword.groovy:83)
	at com.kms.katalon.core.mobile.keyword.builtin.TapKeyword.execute(TapKeyword.groovy:66)
	at com.kms.katalon.core.keyword.internal.KeywordExecutor.executeKeywordForPlatform(KeywordExecutor.groovy:53)
	at com.kms.katalon.core.mobile.keyword.MobileBuiltInKeywords.tap(MobileBuiltInKeywords.groovy:485)
	at com.kms.katalon.core.mobile.keyword.MobileBuiltInKeywords$tap$0.call(Unknown Source)
	at TC01 Show detail promo (By Banner).run(TC01 Show detail promo (By Banner):29)
	at com.kms.katalon.core.main.ScriptEngine.run(ScriptEngine.java:194)
	at com.kms.katalon.core.main.ScriptEngine.runScriptAsRawText(ScriptEngine.java:119)
	at com.kms.katalon.core.main.TestCaseExecutor.runScript(TestCaseExecutor.java:321)
	at com.kms.katalon.core.main.TestCaseExecutor.doExecute(TestCaseExecutor.java:312)
	at com.kms.katalon.core.main.TestCaseExecutor.processExecutionPhase(TestCaseExecutor.java:291)
	at com.kms.katalon.core.main.TestCaseExecutor.accessMainPhase(TestCaseExecutor.java:283)
	at com.kms.katalon.core.main.TestCaseExecutor.execute(TestCaseExecutor.java:222)
	at com.kms.katalon.core.main.TestSuiteExecutor.accessTestCaseMainPhase(TestSuiteExecutor.java:129)
	at com.kms.katalon.core.main.TestSuiteExecutor.accessTestSuiteMainPhase(TestSuiteExecutor.java:112)
	at com.kms.katalon.core.main.TestSuiteExecutor.execute(TestSuiteExecutor.java:81)
	at com.kms.katalon.core.main.TestCaseMain.startTestSuite(TestCaseMain.java:149)
	at com.kms.katalon.core.main.TestCaseMain$startTestSuite$0.call(Unknown Source)
	at TempTestSuite1551079555787.run(TempTestSuite1551079555787.groovy:36)]]></system-out>
      <system-err><![CDATA[2019-02-25 14:26:01 - [TEST_SUITE][FAILED] - Customer See Detail Promo (By Banner): Test Cases/Mobile/Android/Promo/SC99 Regression/TC01 Show detail promo (By Banner) FAILED.
Reason:
com.kms.katalon.core.exception.StepFailedException: Failed to tap on element 'Object Repository/Mobile/OR Promo/android.widget.ImageView7' (Root cause: com.kms.katalon.core.exception.StepFailedException: Object Object Repository/Mobile/OR Promo/android.widget.ImageView7 not found)
	at com.kms.katalon.core.keyword.internal.KeywordMain.stepFailed(KeywordMain.groovy:36)
	at com.kms.katalon.core.mobile.keyword.internal.MobileKeywordMain.stepFailed(MobileKeywordMain.groovy:40)
	at com.kms.katalon.core.mobile.keyword.internal.MobileKeywordMain.runKeyword(MobileKeywordMain.groovy:23)
	at com.kms.katalon.core.mobile.keyword.builtin.TapKeyword.tap(TapKeyword.groovy:83)
	at com.kms.katalon.core.mobile.keyword.builtin.TapKeyword.execute(TapKeyword.groovy:66)
	at com.kms.katalon.core.keyword.internal.KeywordExecutor.executeKeywordForPlatform(KeywordExecutor.groovy:53)
	at com.kms.katalon.core.mobile.keyword.MobileBuiltInKeywords.tap(MobileBuiltInKeywords.groovy:485)
	at com.kms.katalon.core.mobile.keyword.MobileBuiltInKeywords$tap$0.call(Unknown Source)
	at TC01 Show detail promo (By Banner).run(TC01 Show detail promo (By Banner):29)
	at com.kms.katalon.core.main.ScriptEngine.run(ScriptEngine.java:194)
	at com.kms.katalon.core.main.ScriptEngine.runScriptAsRawText(ScriptEngine.java:119)
	at com.kms.katalon.core.main.TestCaseExecutor.runScript(TestCaseExecutor.java:321)
	at com.kms.katalon.core.main.TestCaseExecutor.doExecute(TestCaseExecutor.java:312)
	at com.kms.katalon.core.main.TestCaseExecutor.processExecutionPhase(TestCaseExecutor.java:291)
	at com.kms.katalon.core.main.TestCaseExecutor.accessMainPhase(TestCaseExecutor.java:283)
	at com.kms.katalon.core.main.TestCaseExecutor.execute(TestCaseExecutor.java:222)
	at com.kms.katalon.core.main.TestSuiteExecutor.accessTestCaseMainPhase(TestSuiteExecutor.java:129)
	at com.kms.katalon.core.main.TestSuiteExecutor.accessTestSuiteMainPhase(TestSuiteExecutor.java:112)
	at com.kms.katalon.core.main.TestSuiteExecutor.execute(TestSuiteExecutor.java:81)
	at com.kms.katalon.core.main.TestCaseMain.startTestSuite(TestCaseMain.java:149)
	at com.kms.katalon.core.main.TestCaseMain$startTestSuite$0.call(Unknown Source)
	at TempTestSuite1551079555787.run(TempTestSuite1551079555787.groovy:36)]]></system-err>
   </testsuite>
</testsuites>
