<?xml version="1.0" encoding="UTF-8"?>
<testsuites name="Reservasi mobil melalui pencarian biasa di homepage" time="172" tests="6" failures="0" errors="0">
   <testsuite name="Reservasi mobil melalui pencarian biasa di homepage" tests="6" failures="0" errors="0" time="172" timestamp="2018-12-11 13:53:18" hostname="WGS-LAP199 - DESKTOP-QUMB1S3" id="Test Suites/Front-End/Reservasi mobil melalui pencarian biasa di homepage">
      <properties>
         <property name="deviceName" value=""/>
         <property name="devicePlatform" value=""/>
         <property name="logFolder" value="C:\\Users\\WGS-LAP199\\git\\astra-movic\\Reports\\Front-End\\Reservasi mobil melalui pencarian biasa di homepage\\20181211_135315"/>
         <property name="logFiles" value="C:\\Users\\WGS-LAP199\\git\\astra-movic\\Reports\\Front-End\\Reservasi mobil melalui pencarian biasa di homepage\\20181211_135315\\execution0.log"/>
         <property name="attachments" value=""/>
         <property name="hostName" value="WGS-LAP199 - DESKTOP-QUMB1S3"/>
         <property name="os" value="Windows 10 64bit"/>
         <property name="katalonVersion" value="5.9.1.2"/>
         <property name="browser" value="Chrome 71.0.3578.80"/>
         <property name="hostAddress" value="10.10.10.231"/>
         <property name="sessionId" value="50c28a7829363b07866d60f848e52ff0"/>
         <property name="seleniumVersion" value="3.7.1"/>
         <property name="proxyInformation" value="ProxyInformation{proxyOption=NO_PROXY, proxyServerType=HTTP, password=, proxyServerAddress=, proxyServerPort=0}"/>
         <property name="platform" value="Windows 10"/>
      </properties>
      <testcase name="Test Cases/Front-End/User/SC99 Regression/TC04 Login Biasa with email" classname="Test Cases/Front-End/User/SC99 Regression/TC04 Login Biasa with email" status="PASSED">
         <system-out><![CDATA[2018-12-11 13:53:19 - [TEST_CASE][PASSED] - Test Cases/Front-End/User/SC99 Regression/TC04 Login Biasa with email: Test Cases/Front-End/User/SC99 Regression/TC04 Login Biasa with email

2018-12-11 13:53:20 - [TEST_STEP][PASSED] - openBrowser(""): Browser is opened with url: ''

2018-12-11 13:53:21 - [MESSAGE][INFO] - Starting 'Chrome' driver

2018-12-11 13:53:21 - [MESSAGE][INFO] - Action delay is set to 0 seconds

2018-12-11 13:53:25 - [MESSAGE][PASSED] - Browser is opened with url: ''

2018-12-11 13:53:25 - [TEST_STEP][PASSED] - maximizeWindow(): Current window maximized

2018-12-11 13:53:26 - [MESSAGE][PASSED] - Current window maximized

2018-12-11 13:53:26 - [TEST_STEP][PASSED] - navigateToUrl("https://stg.movic.id/home"): Navigate to 'https://stg.movic.id/home' successfully

2018-12-11 13:53:51 - [MESSAGE][PASSED] - Navigate to 'https://stg.movic.id/home' successfully

2018-12-11 13:53:51 - [TEST_STEP][PASSED] - waitForPageLoad(10): Wait for page load successfully

2018-12-11 13:53:51 - [MESSAGE][PASSED] - Wait for page load successfully

2018-12-11 13:53:51 - [TEST_STEP][PASSED] - click(findTestObject("Front-End/OR User/OR Login Biasa with email/a_Masuk (1)")): Object: 'Object Repository/Front-End/OR User/OR Login Biasa with email/a_Masuk (1)' is clicked on

2018-12-11 13:53:52 - [MESSAGE][PASSED] - Object: 'Object Repository/Front-End/OR User/OR Login Biasa with email/a_Masuk (1)' is clicked on

2018-12-11 13:53:52 - [TEST_STEP][PASSED] - delay(3): Delayed 3 second(s)

2018-12-11 13:53:55 - [MESSAGE][PASSED] - Delayed 3 second(s)

2018-12-11 13:53:55 - [TEST_STEP][PASSED] - setText(findTestObject("Object Repository/Front-End/OR User/OR Login Biasa with email/input_EmailNomor Handphone_for"), "santi.wahyuni@wgs.co.id"): Text 'santi.wahyuni@wgs.co.id' is set on object 'Object Repository/Front-End/OR User/OR Login Biasa with email/input_EmailNomor Handphone_for'

2018-12-11 13:53:55 - [MESSAGE][PASSED] - Text 'santi.wahyuni@wgs.co.id' is set on object 'Object Repository/Front-End/OR User/OR Login Biasa with email/input_EmailNomor Handphone_for'

2018-12-11 13:53:55 - [TEST_STEP][PASSED] - delay(3): Delayed 3 second(s)

2018-12-11 13:53:58 - [MESSAGE][PASSED] - Delayed 3 second(s)

2018-12-11 13:53:58 - [TEST_STEP][PASSED] - setText(findTestObject("Front-End/OR User/OR Login Biasa with email/input_Password_form-control ng"), "P@ssw0rd123"): Text 'P@ssw0rd123' is set on object 'Object Repository/Front-End/OR User/OR Login Biasa with email/input_Password_form-control ng'

2018-12-11 13:53:58 - [MESSAGE][PASSED] - Text 'P@ssw0rd123' is set on object 'Object Repository/Front-End/OR User/OR Login Biasa with email/input_Password_form-control ng'

2018-12-11 13:53:58 - [TEST_STEP][PASSED] - delay(3): Delayed 3 second(s)

2018-12-11 13:54:01 - [MESSAGE][PASSED] - Delayed 3 second(s)

2018-12-11 13:54:01 - [TEST_STEP][PASSED] - click(findTestObject("Object Repository/Front-End/OR User/OR Login Biasa with email/button_MASUK")): Object: 'Object Repository/Front-End/OR User/OR Login Biasa with email/button_MASUK' is clicked on

2018-12-11 13:54:02 - [MESSAGE][PASSED] - Object: 'Object Repository/Front-End/OR User/OR Login Biasa with email/button_MASUK' is clicked on

2018-12-11 13:54:02 - [TEST_STEP][PASSED] - verifyElementVisible(findTestObject("Object Repository/Front-End/OR User/OR Login Biasa with email/div_i  SuccessTerimakasih Anda"), CONTINUE_ON_FAILURE): Object 'Object Repository/Front-End/OR User/OR Login Biasa with email/div_i  SuccessTerimakasih Anda' is visible

2018-12-11 13:54:02 - [MESSAGE][PASSED] - Object 'Object Repository/Front-End/OR User/OR Login Biasa with email/div_i  SuccessTerimakasih Anda' is visible

2018-12-11 13:54:02 - [TEST_STEP][PASSED] - delay(findTestData("Delay Step").getValue(1, 1)): Delayed 2 second(s)

2018-12-11 13:54:04 - [MESSAGE][PASSED] - Delayed 2 second(s)]]></system-out>
         <system-err><![CDATA[]]></system-err>
      </testcase>
      <testcase name="Test Cases/Front-End/Homepage/SC99 Regression/TC01 Cari mobil menggunakan field pencarian biasa di homepage" classname="Test Cases/Front-End/Homepage/SC99 Regression/TC01 Cari mobil menggunakan field pencarian biasa di homepage" status="PASSED">
         <system-out><![CDATA[2018-12-11 13:54:04 - [TEST_CASE][PASSED] - Test Cases/Front-End/Homepage/SC99 Regression/TC01 Cari mobil menggunakan field pencarian biasa di homepage: Test Cases/Front-End/Homepage/SC99 Regression/TC01 Cari mobil menggunakan field pencarian biasa di homepage

2018-12-11 13:54:05 - [TEST_STEP][NOT_RUN] - callTestCase(findTestCase("Front-End/User/SC99 Regression/TC04 Login Biasa with email"), [:], STOP_ON_FAILURE): NOT_RUN: callTestCase(findTestCase("Front-End/User/SC99 Regression/TC04 Login Biasa with email"), [:], STOP_ON_FAILURE)

2018-12-11 13:54:05 - [MESSAGE][NOT_RUN] - NOT_RUN: callTestCase(findTestCase("Front-End/User/SC99 Regression/TC04 Login Biasa with email"), [:], STOP_ON_FAILURE)

2018-12-11 13:54:05 - [TEST_STEP][PASSED] - setText(findTestObject("Front-End/OR Homepage/OR Cari mobil menggunakan field pencarian biasa di homepage/input_Next_form-input-search h"), "Bandung"): Text 'Bandung' is set on object 'Object Repository/Front-End/OR Homepage/OR Cari mobil menggunakan field pencarian biasa di homepage/input_Next_form-input-search h'

2018-12-11 13:54:26 - [MESSAGE][PASSED] - Text 'Bandung' is set on object 'Object Repository/Front-End/OR Homepage/OR Cari mobil menggunakan field pencarian biasa di homepage/input_Next_form-input-search h'

2018-12-11 13:54:26 - [TEST_STEP][PASSED] - delay(findTestData("Delay Step").getValue(1, 1)): Delayed 2 second(s)

2018-12-11 13:54:28 - [MESSAGE][PASSED] - Delayed 2 second(s)

2018-12-11 13:54:28 - [TEST_STEP][PASSED] - click(findTestObject("Front-End/OR Homepage/OR Cari mobil menggunakan field pencarian biasa di homepage/div_Bandung")): Object: 'Object Repository/Front-End/OR Homepage/OR Cari mobil menggunakan field pencarian biasa di homepage/div_Bandung' is clicked on

2018-12-11 13:54:29 - [MESSAGE][PASSED] - Object: 'Object Repository/Front-End/OR Homepage/OR Cari mobil menggunakan field pencarian biasa di homepage/div_Bandung' is clicked on

2018-12-11 13:54:29 - [TEST_STEP][PASSED] - delay(findTestData("Delay Step").getValue(1, 1)): Delayed 2 second(s)

2018-12-11 13:54:31 - [MESSAGE][PASSED] - Delayed 2 second(s)

2018-12-11 13:54:31 - [TEST_STEP][PASSED] - click(findTestObject("Front-End/OR Homepage/OR Cari mobil menggunakan field pencarian biasa di homepage/span_16")): Object: 'Object Repository/Front-End/OR Homepage/OR Cari mobil menggunakan field pencarian biasa di homepage/span_16' is clicked on

2018-12-11 13:54:31 - [MESSAGE][PASSED] - Object: 'Object Repository/Front-End/OR Homepage/OR Cari mobil menggunakan field pencarian biasa di homepage/span_16' is clicked on

2018-12-11 13:54:31 - [TEST_STEP][PASSED] - delay(findTestData("Delay Step").getValue(1, 1)): Delayed 2 second(s)

2018-12-11 13:54:33 - [MESSAGE][PASSED] - Delayed 2 second(s)

2018-12-11 13:54:33 - [TEST_STEP][PASSED] - click(findTestObject("Front-End/OR Homepage/OR Cari mobil menggunakan field pencarian biasa di homepage/span_17")): Object: 'Object Repository/Front-End/OR Homepage/OR Cari mobil menggunakan field pencarian biasa di homepage/span_17' is clicked on

2018-12-11 13:54:33 - [MESSAGE][PASSED] - Object: 'Object Repository/Front-End/OR Homepage/OR Cari mobil menggunakan field pencarian biasa di homepage/span_17' is clicked on

2018-12-11 13:54:33 - [TEST_STEP][PASSED] - delay(findTestData("Delay Step").getValue(1, 1)): Delayed 2 second(s)

2018-12-11 13:54:35 - [MESSAGE][PASSED] - Delayed 2 second(s)

2018-12-11 13:54:35 - [TEST_STEP][PASSED] - click(findTestObject("Front-End/OR Homepage/OR Cari mobil menggunakan field pencarian biasa di homepage/label_Car Only")): Object: 'Object Repository/Front-End/OR Homepage/OR Cari mobil menggunakan field pencarian biasa di homepage/label_Car Only' is clicked on

2018-12-11 13:54:35 - [MESSAGE][PASSED] - Object: 'Object Repository/Front-End/OR Homepage/OR Cari mobil menggunakan field pencarian biasa di homepage/label_Car Only' is clicked on

2018-12-11 13:54:35 - [TEST_STEP][PASSED] - delay(findTestData("Delay Step").getValue(1, 1)): Delayed 2 second(s)

2018-12-11 13:54:38 - [MESSAGE][PASSED] - Delayed 2 second(s)

2018-12-11 13:54:38 - [TEST_STEP][PASSED] - click(findTestObject("Front-End/OR Homepage/OR Cari mobil menggunakan field pencarian biasa di homepage/button_Cari")): Object: 'Object Repository/Front-End/OR Homepage/OR Cari mobil menggunakan field pencarian biasa di homepage/button_Cari' is clicked on

2018-12-11 13:54:38 - [MESSAGE][PASSED] - Object: 'Object Repository/Front-End/OR Homepage/OR Cari mobil menggunakan field pencarian biasa di homepage/button_Cari' is clicked on

2018-12-11 13:54:38 - [TEST_STEP][PASSED] - delay(findTestData("Delay Step").getValue(1, 1)): Delayed 2 second(s)

2018-12-11 13:54:40 - [MESSAGE][PASSED] - Delayed 2 second(s)

2018-12-11 13:54:40 - [TEST_STEP][PASSED] - scrollToPosition(780, 380): Browser is scrolled to position x = 780, y = 380

2018-12-11 13:54:40 - [MESSAGE][PASSED] - Browser is scrolled to position x = 780, y = 380

2018-12-11 13:54:40 - [TEST_STEP][PASSED] - delay(findTestData("Delay Step").getValue(1, 1)): Delayed 2 second(s)

2018-12-11 13:54:42 - [MESSAGE][PASSED] - Delayed 2 second(s)

2018-12-11 13:54:42 - [TEST_STEP][PASSED] - click(findTestObject("Front-End/OR Homepage/OR Cari mobil menggunakan field pencarian biasa di homepage/h5_JAZZ")): Object: 'Object Repository/Front-End/OR Homepage/OR Cari mobil menggunakan field pencarian biasa di homepage/h5_JAZZ' is clicked on

2018-12-11 13:54:43 - [MESSAGE][PASSED] - Object: 'Object Repository/Front-End/OR Homepage/OR Cari mobil menggunakan field pencarian biasa di homepage/h5_JAZZ' is clicked on

2018-12-11 13:54:43 - [TEST_STEP][PASSED] - delay(5): Delayed 5 second(s)

2018-12-11 13:54:48 - [MESSAGE][PASSED] - Delayed 5 second(s)]]></system-out>
         <system-err><![CDATA[]]></system-err>
      </testcase>
      <testcase name="Test Cases/Front-End/Booking/SC99 Regression/TC01 Reservasi mobil" classname="Test Cases/Front-End/Booking/SC99 Regression/TC01 Reservasi mobil" status="PASSED">
         <system-out><![CDATA[2018-12-11 13:54:48 - [TEST_CASE][PASSED] - Test Cases/Front-End/Booking/SC99 Regression/TC01 Reservasi mobil: Test Cases/Front-End/Booking/SC99 Regression/TC01 Reservasi mobil

2018-12-11 13:54:48 - [TEST_STEP][NOT_RUN] - callTestCase(findTestCase("Front-End/Homepage/SC99 Regression/TC01 Cari mobil menggunakan field pencarian biasa di homepage"), [:], STOP_ON_FAILURE): NOT_RUN: callTestCase(findTestCase("Front-End/Homepage/SC99 Regression/TC01 Cari mobil menggunakan field pencarian biasa di homepage"), [:], STOP_ON_FAILURE)

2018-12-11 13:54:48 - [MESSAGE][NOT_RUN] - NOT_RUN: callTestCase(findTestCase("Front-End/Homepage/SC99 Regression/TC01 Cari mobil menggunakan field pencarian biasa di homepage"), [:], STOP_ON_FAILURE)

2018-12-11 13:54:48 - [TEST_STEP][PASSED] - delay(2): Delayed 2 second(s)

2018-12-11 13:54:50 - [MESSAGE][PASSED] - Delayed 2 second(s)

2018-12-11 13:54:50 - [TEST_STEP][PASSED] - scrollToPosition(530, 1240, CONTINUE_ON_FAILURE): Browser is scrolled to position x = 530, y = 1240

2018-12-11 13:54:50 - [MESSAGE][PASSED] - Browser is scrolled to position x = 530, y = 1240

2018-12-11 13:54:50 - [TEST_STEP][PASSED] - delay(2, CONTINUE_ON_FAILURE): Delayed 2 second(s)

2018-12-11 13:54:52 - [MESSAGE][PASSED] - Delayed 2 second(s)

2018-12-11 13:54:52 - [TEST_STEP][PASSED] - click(findTestObject("Front-End/OR Booking/OR Reservasi Mobil/button_PILIH PAKET"), CONTINUE_ON_FAILURE): Object: 'Object Repository/Front-End/OR Booking/OR Reservasi Mobil/button_PILIH PAKET' is clicked on

2018-12-11 13:54:53 - [MESSAGE][PASSED] - Object: 'Object Repository/Front-End/OR Booking/OR Reservasi Mobil/button_PILIH PAKET' is clicked on

2018-12-11 13:54:53 - [TEST_STEP][PASSED] - delay(2, CONTINUE_ON_FAILURE): Delayed 2 second(s)

2018-12-11 13:54:55 - [MESSAGE][PASSED] - Delayed 2 second(s)

2018-12-11 13:54:55 - [TEST_STEP][PASSED] - click(findTestObject("Front-End/OR Booking/OR Reservasi Mobil/a_Pesan Sekarang")): Object: 'Object Repository/Front-End/OR Booking/OR Reservasi Mobil/a_Pesan Sekarang' is clicked on

2018-12-11 13:54:55 - [MESSAGE][PASSED] - Object: 'Object Repository/Front-End/OR Booking/OR Reservasi Mobil/a_Pesan Sekarang' is clicked on

2018-12-11 13:54:55 - [TEST_STEP][PASSED] - delay(2, CONTINUE_ON_FAILURE): Delayed 2 second(s)

2018-12-11 13:54:57 - [MESSAGE][PASSED] - Delayed 2 second(s)

2018-12-11 13:54:57 - [TEST_STEP][PASSED] - scrollToPosition(610, 970): Browser is scrolled to position x = 610, y = 970

2018-12-11 13:54:57 - [MESSAGE][PASSED] - Browser is scrolled to position x = 610, y = 970

2018-12-11 13:54:57 - [TEST_STEP][PASSED] - delay(5, CONTINUE_ON_FAILURE): Delayed 5 second(s)

2018-12-11 13:55:02 - [MESSAGE][PASSED] - Delayed 5 second(s)

2018-12-11 13:55:02 - [TEST_STEP][PASSED] - click(findTestObject("Front-End/OR Booking/OR Reservasi Mobil/a_LANJUTKAN PESANAN")): Object: 'Object Repository/Front-End/OR Booking/OR Reservasi Mobil/a_LANJUTKAN PESANAN' is clicked on

2018-12-11 13:55:02 - [MESSAGE][PASSED] - Object: 'Object Repository/Front-End/OR Booking/OR Reservasi Mobil/a_LANJUTKAN PESANAN' is clicked on

2018-12-11 13:55:02 - [TEST_STEP][PASSED] - delay(2, CONTINUE_ON_FAILURE): Delayed 2 second(s)

2018-12-11 13:55:04 - [MESSAGE][PASSED] - Delayed 2 second(s)

2018-12-11 13:55:04 - [TEST_STEP][PASSED] - click(findTestObject("Front-End/OR Booking/OR Reservasi Mobil/button_Setuju")): Object: 'Object Repository/Front-End/OR Booking/OR Reservasi Mobil/button_Setuju' is clicked on

2018-12-11 13:55:04 - [MESSAGE][PASSED] - Object: 'Object Repository/Front-End/OR Booking/OR Reservasi Mobil/button_Setuju' is clicked on

2018-12-11 13:55:04 - [TEST_STEP][PASSED] - delay(2, CONTINUE_ON_FAILURE): Delayed 2 second(s)

2018-12-11 13:55:06 - [MESSAGE][PASSED] - Delayed 2 second(s)

2018-12-11 13:55:06 - [TEST_STEP][NOT_RUN] - click(findTestObject("Front-End/OR Booking/OR Reservasi Mobil/button_Yes")): NOT_RUN: click(findTestObject("Front-End/OR Booking/OR Reservasi Mobil/button_Yes"))

2018-12-11 13:55:06 - [MESSAGE][NOT_RUN] - NOT_RUN: click(findTestObject("Front-End/OR Booking/OR Reservasi Mobil/button_Yes"))

2018-12-11 13:55:06 - [TEST_STEP][NOT_RUN] - verifyElementVisible(findTestObject("Object Repository/Front-End/OR Booking/OR Reservasi Mobil/h2_Sukses")): NOT_RUN: verifyElementVisible(findTestObject("Object Repository/Front-End/OR Booking/OR Reservasi Mobil/h2_Sukses"))

2018-12-11 13:55:06 - [MESSAGE][NOT_RUN] - NOT_RUN: verifyElementVisible(findTestObject("Object Repository/Front-End/OR Booking/OR Reservasi Mobil/h2_Sukses"))

2018-12-11 13:55:06 - [TEST_STEP][PASSED] - verifyElementVisible(findTestObject("Object Repository/Front-End/OR Booking/OR Reservasi Mobil/div_Mobil berhasil dimasukan k")): Object 'Object Repository/Front-End/OR Booking/OR Reservasi Mobil/div_Mobil berhasil dimasukan k' is visible

2018-12-11 13:55:06 - [MESSAGE][PASSED] - Object 'Object Repository/Front-End/OR Booking/OR Reservasi Mobil/div_Mobil berhasil dimasukan k' is visible

2018-12-11 13:55:06 - [TEST_STEP][PASSED] - delay(2): Delayed 2 second(s)

2018-12-11 13:55:08 - [MESSAGE][PASSED] - Delayed 2 second(s)]]></system-out>
         <system-err><![CDATA[]]></system-err>
      </testcase>
      <testcase name="Test Cases/Front-End/Payment/SC99 Regression/TC01 Review pesanan tanpa input voucher" classname="Test Cases/Front-End/Payment/SC99 Regression/TC01 Review pesanan tanpa input voucher" status="PASSED">
         <system-out><![CDATA[2018-12-11 13:55:08 - [TEST_CASE][PASSED] - Test Cases/Front-End/Payment/SC99 Regression/TC01 Review pesanan tanpa input voucher: Test Cases/Front-End/Payment/SC99 Regression/TC01 Review pesanan tanpa input voucher

2018-12-11 13:55:09 - [TEST_STEP][NOT_RUN] - callTestCase(findTestCase("Front-End/Booking/SC99 Regression/TC01 Reservasi mobil"), [:], STOP_ON_FAILURE): NOT_RUN: callTestCase(findTestCase("Front-End/Booking/SC99 Regression/TC01 Reservasi mobil"), [:], STOP_ON_FAILURE)

2018-12-11 13:55:09 - [MESSAGE][NOT_RUN] - NOT_RUN: callTestCase(findTestCase("Front-End/Booking/SC99 Regression/TC01 Reservasi mobil"), [:], STOP_ON_FAILURE)

2018-12-11 13:55:09 - [TEST_STEP][PASSED] - click(findTestObject("Front-End/OR Payment/OR Review pesanan tanpa input voucher/a_Lanjutkan ke metode Pembayar")): Object: 'Object Repository/Front-End/OR Payment/OR Review pesanan tanpa input voucher/a_Lanjutkan ke metode Pembayar' is clicked on

2018-12-11 13:55:09 - [MESSAGE][PASSED] - Object: 'Object Repository/Front-End/OR Payment/OR Review pesanan tanpa input voucher/a_Lanjutkan ke metode Pembayar' is clicked on

2018-12-11 13:55:09 - [TEST_STEP][PASSED] - delay(2): Delayed 2 second(s)

2018-12-11 13:55:11 - [MESSAGE][PASSED] - Delayed 2 second(s)]]></system-out>
         <system-err><![CDATA[]]></system-err>
      </testcase>
      <testcase name="Test Cases/Front-End/Payment/SC99 Regression/TC04 Payment via credit card visa atau master" classname="Test Cases/Front-End/Payment/SC99 Regression/TC04 Payment via credit card visa atau master" status="PASSED">
         <system-out><![CDATA[2018-12-11 13:55:11 - [TEST_CASE][PASSED] - Test Cases/Front-End/Payment/SC99 Regression/TC04 Payment via credit card visa atau master: Test Cases/Front-End/Payment/SC99 Regression/TC04 Payment via credit card visa atau master

2018-12-11 13:55:12 - [TEST_STEP][NOT_RUN] - callTestCase(findTestCase("Front-End/Payment/SC99 Regression/TC01 Review pesanan tanpa input voucher"), [:], STOP_ON_FAILURE): NOT_RUN: callTestCase(findTestCase("Front-End/Payment/SC99 Regression/TC01 Review pesanan tanpa input voucher"), [:], STOP_ON_FAILURE)

2018-12-11 13:55:12 - [MESSAGE][NOT_RUN] - NOT_RUN: callTestCase(findTestCase("Front-End/Payment/SC99 Regression/TC01 Review pesanan tanpa input voucher"), [:], STOP_ON_FAILURE)

2018-12-11 13:55:12 - [TEST_STEP][PASSED] - delay(2): Delayed 2 second(s)

2018-12-11 13:55:14 - [MESSAGE][PASSED] - Delayed 2 second(s)

2018-12-11 13:55:14 - [TEST_STEP][PASSED] - click(findTestObject("Object Repository/Front-End/OR Payment/OR Payment via credit card visa atau master/label_Credit Card Visa  Master")): Object: 'Object Repository/Front-End/OR Payment/OR Payment via credit card visa atau master/label_Credit Card Visa  Master' is clicked on

2018-12-11 13:55:14 - [MESSAGE][PASSED] - Object: 'Object Repository/Front-End/OR Payment/OR Payment via credit card visa atau master/label_Credit Card Visa  Master' is clicked on

2018-12-11 13:55:14 - [TEST_STEP][PASSED] - delay(2): Delayed 2 second(s)

2018-12-11 13:55:16 - [MESSAGE][PASSED] - Delayed 2 second(s)

2018-12-11 13:55:16 - [TEST_STEP][PASSED] - click(findTestObject("Object Repository/Front-End/OR Payment/OR Payment via credit card visa atau master/a_Lihat rincian")): Object: 'Object Repository/Front-End/OR Payment/OR Payment via credit card visa atau master/a_Lihat rincian' is clicked on

2018-12-11 13:55:16 - [MESSAGE][PASSED] - Object: 'Object Repository/Front-End/OR Payment/OR Payment via credit card visa atau master/a_Lihat rincian' is clicked on

2018-12-11 13:55:16 - [TEST_STEP][PASSED] - delay(2): Delayed 2 second(s)

2018-12-11 13:55:18 - [MESSAGE][PASSED] - Delayed 2 second(s)

2018-12-11 13:55:18 - [TEST_STEP][PASSED] - click(findTestObject("Object Repository/Front-End/OR Payment/OR Payment via credit card visa atau master/span_")): Object: 'Object Repository/Front-End/OR Payment/OR Payment via credit card visa atau master/span_' is clicked on

2018-12-11 13:55:18 - [MESSAGE][PASSED] - Object: 'Object Repository/Front-End/OR Payment/OR Payment via credit card visa atau master/span_' is clicked on

2018-12-11 13:55:18 - [TEST_STEP][PASSED] - delay(2): Delayed 2 second(s)

2018-12-11 13:55:20 - [MESSAGE][PASSED] - Delayed 2 second(s)

2018-12-11 13:55:20 - [TEST_STEP][PASSED] - click(findTestObject("Object Repository/Front-End/OR Payment/OR Payment via credit card visa atau master/a_Bayar")): Object: 'Object Repository/Front-End/OR Payment/OR Payment via credit card visa atau master/a_Bayar' is clicked on

2018-12-11 13:55:20 - [MESSAGE][PASSED] - Object: 'Object Repository/Front-End/OR Payment/OR Payment via credit card visa atau master/a_Bayar' is clicked on

2018-12-11 13:55:20 - [TEST_STEP][PASSED] - delay(2): Delayed 2 second(s)

2018-12-11 13:55:22 - [MESSAGE][PASSED] - Delayed 2 second(s)

2018-12-11 13:55:22 - [TEST_STEP][PASSED] - setText(findTestObject("Object Repository/Front-End/OR Payment/OR Payment via credit card visa atau master/input_Credit Card Information_"), "4137 1803 0002 3783"): Text '4137 1803 0002 3783' is set on object 'Object Repository/Front-End/OR Payment/OR Payment via credit card visa atau master/input_Credit Card Information_'

2018-12-11 13:55:26 - [MESSAGE][PASSED] - Text '4137 1803 0002 3783' is set on object 'Object Repository/Front-End/OR Payment/OR Payment via credit card visa atau master/input_Credit Card Information_'

2018-12-11 13:55:26 - [TEST_STEP][PASSED] - delay(2): Delayed 2 second(s)

2018-12-11 13:55:28 - [MESSAGE][PASSED] - Delayed 2 second(s)

2018-12-11 13:55:28 - [TEST_STEP][PASSED] - setText(findTestObject("Object Repository/Front-End/OR Payment/OR Payment via credit card visa atau master/input_Credit Card Information__1"), "test"): Text 'test' is set on object 'Object Repository/Front-End/OR Payment/OR Payment via credit card visa atau master/input_Credit Card Information__1'

2018-12-11 13:55:28 - [MESSAGE][PASSED] - Text 'test' is set on object 'Object Repository/Front-End/OR Payment/OR Payment via credit card visa atau master/input_Credit Card Information__1'

2018-12-11 13:55:28 - [TEST_STEP][PASSED] - delay(2): Delayed 2 second(s)

2018-12-11 13:55:30 - [MESSAGE][PASSED] - Delayed 2 second(s)

2018-12-11 13:55:30 - [TEST_STEP][PASSED] - setText(findTestObject("Object Repository/Front-End/OR Payment/OR Payment via credit card visa atau master/input__EXPIRYMONTH"), "05"): Text '05' is set on object 'Object Repository/Front-End/OR Payment/OR Payment via credit card visa atau master/input__EXPIRYMONTH'

2018-12-11 13:55:30 - [MESSAGE][PASSED] - Text '05' is set on object 'Object Repository/Front-End/OR Payment/OR Payment via credit card visa atau master/input__EXPIRYMONTH'

2018-12-11 13:55:30 - [TEST_STEP][PASSED] - delay(2): Delayed 2 second(s)

2018-12-11 13:55:32 - [MESSAGE][PASSED] - Delayed 2 second(s)

2018-12-11 13:55:32 - [TEST_STEP][PASSED] - setText(findTestObject("Object Repository/Front-End/OR Payment/OR Payment via credit card visa atau master/input__EXPIRYYEARBEFORE"), "19"): Text '19' is set on object 'Object Repository/Front-End/OR Payment/OR Payment via credit card visa atau master/input__EXPIRYYEARBEFORE'

2018-12-11 13:55:32 - [MESSAGE][PASSED] - Text '19' is set on object 'Object Repository/Front-End/OR Payment/OR Payment via credit card visa atau master/input__EXPIRYYEARBEFORE'

2018-12-11 13:55:32 - [TEST_STEP][PASSED] - delay(2): Delayed 2 second(s)

2018-12-11 13:55:34 - [MESSAGE][PASSED] - Delayed 2 second(s)

2018-12-11 13:55:34 - [TEST_STEP][PASSED] - setText(findTestObject("Front-End/OR Payment/OR Payment via credit card visa atau master/input__CARDCVC"), "783"): Text '783' is set on object 'Object Repository/Front-End/OR Payment/OR Payment via credit card visa atau master/input__CARDCVC'

2018-12-11 13:55:35 - [MESSAGE][PASSED] - Text '783' is set on object 'Object Repository/Front-End/OR Payment/OR Payment via credit card visa atau master/input__CARDCVC'

2018-12-11 13:55:35 - [TEST_STEP][PASSED] - delay(2): Delayed 2 second(s)

2018-12-11 13:55:37 - [MESSAGE][PASSED] - Delayed 2 second(s)

2018-12-11 13:55:37 - [TEST_STEP][PASSED] - setText(findTestObject("Object Repository/Front-End/OR Payment/OR Payment via credit card visa atau master/input_Card Holder Email_CUSTEM"), "test@sgo.co.id"): Text 'test@sgo.co.id' is set on object 'Object Repository/Front-End/OR Payment/OR Payment via credit card visa atau master/input_Card Holder Email_CUSTEM'

2018-12-11 13:55:37 - [MESSAGE][PASSED] - Text 'test@sgo.co.id' is set on object 'Object Repository/Front-End/OR Payment/OR Payment via credit card visa atau master/input_Card Holder Email_CUSTEM'

2018-12-11 13:55:37 - [TEST_STEP][PASSED] - click(findTestObject("Object Repository/Front-End/OR Payment/OR Payment via credit card visa atau master/button_Lanjutkan")): Object: 'Object Repository/Front-End/OR Payment/OR Payment via credit card visa atau master/button_Lanjutkan' is clicked on

2018-12-11 13:55:37 - [MESSAGE][PASSED] - Object: 'Object Repository/Front-End/OR Payment/OR Payment via credit card visa atau master/button_Lanjutkan' is clicked on

2018-12-11 13:55:37 - [TEST_STEP][PASSED] - click(findTestObject("Object Repository/Front-End/OR Payment/OR Payment via credit card visa atau master/button_Selesai")): Object: 'Object Repository/Front-End/OR Payment/OR Payment via credit card visa atau master/button_Selesai' is clicked on

2018-12-11 13:55:54 - [MESSAGE][PASSED] - Object: 'Object Repository/Front-End/OR Payment/OR Payment via credit card visa atau master/button_Selesai' is clicked on

2018-12-11 13:55:54 - [TEST_STEP][NOT_RUN] - click(findTestObject("Object Repository/Front-End/OR Payment/OR Payment via credit card visa atau master/a_Lihat Pesanan")): NOT_RUN: click(findTestObject("Object Repository/Front-End/OR Payment/OR Payment via credit card visa atau master/a_Lihat Pesanan"))

2018-12-11 13:55:54 - [MESSAGE][NOT_RUN] - NOT_RUN: click(findTestObject("Object Repository/Front-End/OR Payment/OR Payment via credit card visa atau master/a_Lihat Pesanan"))]]></system-out>
         <system-err><![CDATA[]]></system-err>
      </testcase>
      <testcase name="Test Cases/Front-End/Booking/SC99 Regression/TC06 My Booking" classname="Test Cases/Front-End/Booking/SC99 Regression/TC06 My Booking" status="PASSED">
         <system-out><![CDATA[2018-12-11 13:55:54 - [TEST_CASE][PASSED] - Test Cases/Front-End/Booking/SC99 Regression/TC06 My Booking: Test Cases/Front-End/Booking/SC99 Regression/TC06 My Booking

2018-12-11 13:55:54 - [TEST_STEP][NOT_RUN] - callTestCase(findTestCase("Front-End/Payment/SC99 Regression/TC04 Payment via credit card visa atau master"), [:], STOP_ON_FAILURE): NOT_RUN: callTestCase(findTestCase("Front-End/Payment/SC99 Regression/TC04 Payment via credit card visa atau master"), [:], STOP_ON_FAILURE)

2018-12-11 13:55:54 - [MESSAGE][NOT_RUN] - NOT_RUN: callTestCase(findTestCase("Front-End/Payment/SC99 Regression/TC04 Payment via credit card visa atau master"), [:], STOP_ON_FAILURE)

2018-12-11 13:55:54 - [TEST_STEP][PASSED] - delay(5): Delayed 5 second(s)

2018-12-11 13:55:59 - [MESSAGE][PASSED] - Delayed 5 second(s)

2018-12-11 13:55:59 - [TEST_STEP][PASSED] - click(findTestObject("Object Repository/Front-End/OR Booking/OR My Booking/img")): Object: 'Object Repository/Front-End/OR Booking/OR My Booking/img' is clicked on

2018-12-11 13:56:00 - [MESSAGE][PASSED] - Object: 'Object Repository/Front-End/OR Booking/OR My Booking/img' is clicked on

2018-12-11 13:56:00 - [TEST_STEP][PASSED] - delay(5): Delayed 5 second(s)

2018-12-11 13:56:05 - [MESSAGE][PASSED] - Delayed 5 second(s)

2018-12-11 13:56:05 - [TEST_STEP][PASSED] - click(findTestObject("Object Repository/Front-End/OR Booking/OR My Booking/a_Riwayat")): Object: 'Object Repository/Front-End/OR Booking/OR My Booking/a_Riwayat' is clicked on

2018-12-11 13:56:05 - [MESSAGE][PASSED] - Object: 'Object Repository/Front-End/OR Booking/OR My Booking/a_Riwayat' is clicked on

2018-12-11 13:56:05 - [TEST_STEP][PASSED] - delay(5): Delayed 5 second(s)

2018-12-11 13:56:10 - [MESSAGE][PASSED] - Delayed 5 second(s)]]></system-out>
         <system-err><![CDATA[]]></system-err>
      </testcase>
      <system-out><![CDATA[2018-12-11 13:53:18 - [TEST_SUITE][PASSED] - Reservasi mobil melalui pencarian biasa di homepage: Test Cases/Front-End/Booking/SC99 Regression/TC06 My Booking]]></system-out>
      <system-err><![CDATA[]]></system-err>
   </testsuite>
</testsuites>
