<?xml version="1.0" encoding="UTF-8"?>
<testsuites name="Reservation From Click Image Section Available Near Me" time="348" tests="6" failures="1" errors="0">
   <testsuite name="Reservation From Click Image Section Available Near Me" tests="6" failures="1" errors="0" time="348" timestamp="2018-12-12 15:14:41" hostname="WGS-LAP199 - DESKTOP-QUMB1S3" id="Test Suites/Mobile/Reservation From Click Image Section Available Near Me">
      <properties>
         <property name="deviceName" value="Xiaomi Redmi 5 (Android 7.1.2)"/>
         <property name="devicePlatform" value=""/>
         <property name="logFolder" value="C:\\Users\\WGS-LAP199\\git\\astra-movic\\Reports\\Mobile\\Reservation From Click Image Section Available Near Me\\20181212_151438"/>
         <property name="logFiles" value="C:\\Users\\WGS-LAP199\\git\\astra-movic\\Reports\\Mobile\\Reservation From Click Image Section Available Near Me\\20181212_151438\\appium.log, C:\\Users\\WGS-LAP199\\git\\astra-movic\\Reports\\Mobile\\Reservation From Click Image Section Available Near Me\\20181212_151438\\execution0.log"/>
         <property name="attachments" value="C:\\Users\\WGS-LAP199\\git\\astra-movic\\Reports\\Mobile\\Reservation From Click Image Section Available Near Me\\20181212_151438\\1544656798324.png, C:\\Users\\WGS-LAP199\\git\\astra-movic\\Reports\\Mobile\\Reservation From Click Image Section Available Near Me\\20181212_151438\\1544656804443.png"/>
         <property name="hostName" value="WGS-LAP199 - DESKTOP-QUMB1S3"/>
         <property name="os" value="Windows 10 64bit"/>
         <property name="katalonVersion" value="5.9.1.2"/>
         <property name="deviceOS" value="Android"/>
         <property name="appiumVersion" value="1.8.0"/>
         <property name="deviceModel" value="Redmi 5"/>
         <property name="hostAddress" value="10.10.10.231"/>
         <property name="deviceManufacturer" value="Xiaomi"/>
         <property name="deviceId" value="54e797627cf5"/>
         <property name="deviceName" value="Xiaomi Redmi 5 (Android 7.1.2)"/>
         <property name="deviceOSVersion" value="7.1.2"/>
      </properties>
      <testcase name="Test Cases/Mobile/Android/User/SC99 Regression/TC04 Login with email" classname="Test Cases/Mobile/Android/User/SC99 Regression/TC04 Login with email" status="PASSED">
         <system-out><![CDATA[2018-12-12 15:14:42 - [TEST_CASE][PASSED] - Test Cases/Mobile/Android/User/SC99 Regression/TC04 Login with email: Test Cases/Mobile/Android/User/SC99 Regression/TC04 Login with email

2018-12-12 15:14:43 - [TEST_STEP][PASSED] - startApplication("C:\Users\WGS-LAP199\Downloads\Movic apk\Movic_0.10.0_2018-12-03-staging-debug.apk", false): Started app at: 'C:\Users\WGS-LAP199\Downloads\Movic apk\Movic_0.10.0_2018-12-03-staging-debug.apk'

2018-12-12 15:14:44 - [MESSAGE][INFO] - User set preference: ['deviceId', '54e797627cf5']

2018-12-12 15:14:50 - [MESSAGE][INFO] - Appium server started on port 54,855

2018-12-12 15:15:38 - [MESSAGE][PASSED] - Started app at: 'C:\Users\WGS-LAP199\Downloads\Movic apk\Movic_0.10.0_2018-12-03-staging-debug.apk'

2018-12-12 15:15:38 - [TEST_STEP][PASSED] - tap(findTestObject("Mobile/OR Registrasi/android.widget.ImageView4"), 0): Tapped on element 'Object Repository/Mobile/OR Registrasi/android.widget.ImageView4'

2018-12-12 15:15:38 - [MESSAGE][WARNING] - Timeout '0' is invalid. Using default page load timeout: '100'

2018-12-12 15:15:45 - [MESSAGE][PASSED] - Tapped on element 'Object Repository/Mobile/OR Registrasi/android.widget.ImageView4'

2018-12-12 15:15:45 - [TEST_STEP][PASSED] - for (def index : (1..2)): Tapped on element 'Object Repository/Mobile/OR Registrasi/android.widget.ImageView1'

2018-12-12 15:15:45 - [TEST_STEP][PASSED] - tap(findTestObject("Mobile/OR Registrasi/android.widget.ImageView1"), 0): Tapped on element 'Object Repository/Mobile/OR Registrasi/android.widget.ImageView1'

2018-12-12 15:15:45 - [MESSAGE][WARNING] - Timeout '0' is invalid. Using default page load timeout: '100'

2018-12-12 15:15:49 - [MESSAGE][PASSED] - Tapped on element 'Object Repository/Mobile/OR Registrasi/android.widget.ImageView1'

2018-12-12 15:15:49 - [TEST_STEP][PASSED] - tap(findTestObject("Mobile/OR Registrasi/android.widget.ImageView1"), 0): Tapped on element 'Object Repository/Mobile/OR Registrasi/android.widget.ImageView1'

2018-12-12 15:15:49 - [MESSAGE][WARNING] - Timeout '0' is invalid. Using default page load timeout: '100'

2018-12-12 15:15:52 - [MESSAGE][PASSED] - Tapped on element 'Object Repository/Mobile/OR Registrasi/android.widget.ImageView1'

2018-12-12 15:15:52 - [TEST_STEP][PASSED] - tap(findTestObject("Mobile/OR Registrasi/android.widget.TextView2 - Skip"), 0): Tapped on element 'Object Repository/Mobile/OR Registrasi/android.widget.TextView2 - Skip'

2018-12-12 15:15:52 - [MESSAGE][WARNING] - Timeout '0' is invalid. Using default page load timeout: '100'

2018-12-12 15:15:55 - [MESSAGE][PASSED] - Tapped on element 'Object Repository/Mobile/OR Registrasi/android.widget.TextView2 - Skip'

2018-12-12 15:15:55 - [TEST_STEP][PASSED] - tap(findTestObject("Mobile/OR Login/android.widget.TextView0 - Log in"), 0): Tapped on element 'Object Repository/Mobile/OR Login/android.widget.TextView0 - Log in'

2018-12-12 15:15:55 - [MESSAGE][WARNING] - Timeout '0' is invalid. Using default page load timeout: '100'

2018-12-12 15:15:59 - [MESSAGE][PASSED] - Tapped on element 'Object Repository/Mobile/OR Login/android.widget.TextView0 - Log in'

2018-12-12 15:15:59 - [TEST_STEP][PASSED] - setText(findTestObject("Mobile/OR Login/android.widget.EditText0"), "santi.wahyuni@wgs.co.id", 0): Text 'santi.wahyuni@wgs.co.id' has been set to element 'Object Repository/Mobile/OR Login/android.widget.EditText0'

2018-12-12 15:15:59 - [MESSAGE][WARNING] - Timeout '0' is invalid. Using default page load timeout: '100'

2018-12-12 15:16:00 - [MESSAGE][PASSED] - Text 'santi.wahyuni@wgs.co.id' has been set to element 'Object Repository/Mobile/OR Login/android.widget.EditText0'

2018-12-12 15:16:00 - [TEST_STEP][PASSED] - tap(findTestObject("Mobile/OR Login/android.widget.Button0 - Next"), 0): Tapped on element 'Object Repository/Mobile/OR Login/android.widget.Button0 - Next'

2018-12-12 15:16:00 - [MESSAGE][WARNING] - Timeout '0' is invalid. Using default page load timeout: '100'

2018-12-12 15:16:03 - [MESSAGE][PASSED] - Tapped on element 'Object Repository/Mobile/OR Login/android.widget.Button0 - Next'

2018-12-12 15:16:03 - [TEST_STEP][PASSED] - delay(findTestData("Delay Step").getValue(1, 2), STOP_ON_FAILURE): Delayed 5 second(s)

2018-12-12 15:16:08 - [MESSAGE][PASSED] - Delayed 5 second(s)

2018-12-12 15:16:08 - [TEST_STEP][PASSED] - setText(findTestObject("Mobile/OR Login/android.widget.EditText0 (1)"), "P@ssword123", 0): Text 'P@ssword123' has been set to element 'Object Repository/Mobile/OR Login/android.widget.EditText0 (1)'

2018-12-12 15:16:08 - [MESSAGE][WARNING] - Timeout '0' is invalid. Using default page load timeout: '100'

2018-12-12 15:16:09 - [MESSAGE][PASSED] - Text 'P@ssword123' has been set to element 'Object Repository/Mobile/OR Login/android.widget.EditText0 (1)'

2018-12-12 15:16:09 - [TEST_STEP][PASSED] - delay(findTestData("Delay Step").getValue(1, 2), STOP_ON_FAILURE): Delayed 5 second(s)

2018-12-12 15:16:15 - [MESSAGE][PASSED] - Delayed 5 second(s)

2018-12-12 15:16:15 - [TEST_STEP][PASSED] - hideKeyboard(): Keyboard is hidden

2018-12-12 15:16:16 - [MESSAGE][PASSED] - Keyboard is hidden

2018-12-12 15:16:17 - [TEST_STEP][PASSED] - tap(findTestObject("Mobile/OR Login/android.widget.Button0 - Start Movic"), 0): Tapped on element 'Object Repository/Mobile/OR Login/android.widget.Button0 - Start Movic'

2018-12-12 15:16:17 - [MESSAGE][WARNING] - Timeout '0' is invalid. Using default page load timeout: '100'

2018-12-12 15:16:18 - [MESSAGE][PASSED] - Tapped on element 'Object Repository/Mobile/OR Login/android.widget.Button0 - Start Movic'

2018-12-12 15:16:18 - [TEST_STEP][PASSED] - delay(findTestData("Delay Step").getValue(1, 2), STOP_ON_FAILURE): Delayed 5 second(s)

2018-12-12 15:16:23 - [MESSAGE][PASSED] - Delayed 5 second(s)]]></system-out>
         <system-err><![CDATA[]]></system-err>
      </testcase>
      <testcase name="Test Cases/Mobile/Android/Homepage/SC99 Regression/TC08 View detail car available near me" classname="Test Cases/Mobile/Android/Homepage/SC99 Regression/TC08 View detail car available near me" status="PASSED">
         <system-out><![CDATA[2018-12-12 15:16:23 - [TEST_CASE][PASSED] - Test Cases/Mobile/Android/Homepage/SC99 Regression/TC08 View detail car available near me: Test Cases/Mobile/Android/Homepage/SC99 Regression/TC08 View detail car available near me

2018-12-12 15:16:24 - [TEST_STEP][NOT_RUN] - callTestCase(findTestCase("Mobile/Android/User/SC99 Regression/TC04 Login with email"), [:], STOP_ON_FAILURE): NOT_RUN: callTestCase(findTestCase("Mobile/Android/User/SC99 Regression/TC04 Login with email"), [:], STOP_ON_FAILURE)

2018-12-12 15:16:24 - [MESSAGE][NOT_RUN] - NOT_RUN: callTestCase(findTestCase("Mobile/Android/User/SC99 Regression/TC04 Login with email"), [:], STOP_ON_FAILURE)

2018-12-12 15:16:24 - [TEST_STEP][PASSED] - delay(findTestData("Delay Step").getValue(1, 2), STOP_ON_FAILURE): Delayed 5 second(s)

2018-12-12 15:16:29 - [MESSAGE][PASSED] - Delayed 5 second(s)

2018-12-12 15:16:29 - [TEST_STEP][PASSED] - tap(findTestObject("Mobile/OR Homepage/android.widget.LinearLayout9 (1)"), 0): Tapped on element 'Object Repository/Mobile/OR Homepage/android.widget.LinearLayout9 (1)'

2018-12-12 15:16:29 - [MESSAGE][WARNING] - Timeout '0' is invalid. Using default page load timeout: '100'

2018-12-12 15:16:33 - [MESSAGE][PASSED] - Tapped on element 'Object Repository/Mobile/OR Homepage/android.widget.LinearLayout9 (1)'

2018-12-12 15:16:33 - [TEST_STEP][PASSED] - delay(findTestData("Delay Step").getValue(1, 2), STOP_ON_FAILURE): Delayed 5 second(s)

2018-12-12 15:16:38 - [MESSAGE][PASSED] - Delayed 5 second(s)]]></system-out>
         <system-err><![CDATA[]]></system-err>
      </testcase>
      <testcase name="Test Cases/Mobile/Android/Booking/SC99 Regression/TC15 Select car from list cars" classname="Test Cases/Mobile/Android/Booking/SC99 Regression/TC15 Select car from list cars" status="PASSED">
         <system-out><![CDATA[2018-12-12 15:16:38 - [TEST_CASE][PASSED] - Test Cases/Mobile/Android/Booking/SC99 Regression/TC15 Select car from list cars: Test Cases/Mobile/Android/Booking/SC99 Regression/TC15 Select car from list cars

2018-12-12 15:16:38 - [TEST_STEP][NOT_RUN] - callTestCase(findTestCase("Mobile/Android/Homepage/SC99 Regression/TC01 Search car use search bar rental city atau region"), [:], STOP_ON_FAILURE): NOT_RUN: callTestCase(findTestCase("Mobile/Android/Homepage/SC99 Regression/TC01 Search car use search bar rental city atau region"), [:], STOP_ON_FAILURE)

2018-12-12 15:16:38 - [MESSAGE][NOT_RUN] - NOT_RUN: callTestCase(findTestCase("Mobile/Android/Homepage/SC99 Regression/TC01 Search car use search bar rental city atau region"), [:], STOP_ON_FAILURE)

2018-12-12 15:16:38 - [TEST_STEP][NOT_RUN] - tap(findTestObject("Mobile/OR Booking/android.support.v4.view.ViewPager0"), 0): NOT_RUN: tap(findTestObject("Mobile/OR Booking/android.support.v4.view.ViewPager0"), 0)

2018-12-12 15:16:38 - [MESSAGE][NOT_RUN] - NOT_RUN: tap(findTestObject("Mobile/OR Booking/android.support.v4.view.ViewPager0"), 0)

2018-12-12 15:16:38 - [TEST_STEP][PASSED] - tap(findTestObject("Mobile/OR Booking/android.widget.Button0 - Check Packages"), 0): Tapped on element 'Object Repository/Mobile/OR Booking/android.widget.Button0 - Check Packages'

2018-12-12 15:16:39 - [MESSAGE][WARNING] - Timeout '0' is invalid. Using default page load timeout: '100'

2018-12-12 15:16:40 - [MESSAGE][PASSED] - Tapped on element 'Object Repository/Mobile/OR Booking/android.widget.Button0 - Check Packages'

2018-12-12 15:16:40 - [TEST_STEP][PASSED] - tap(findTestObject("Mobile/OR Booking/android.widget.Button1 - Book Now"), 0): Tapped on element 'Object Repository/Mobile/OR Booking/android.widget.Button1 - Book Now'

2018-12-12 15:16:40 - [MESSAGE][WARNING] - Timeout '0' is invalid. Using default page load timeout: '100'

2018-12-12 15:16:44 - [MESSAGE][PASSED] - Tapped on element 'Object Repository/Mobile/OR Booking/android.widget.Button1 - Book Now'

2018-12-12 15:16:44 - [TEST_STEP][PASSED] - scrollToText("Add additional benefits", STOP_ON_FAILURE): Scrolling to text 'Add additional benefits' successfully

2018-12-12 15:16:45 - [MESSAGE][PASSED] - Scrolling to text 'Add additional benefits' successfully

2018-12-12 15:16:45 - [TEST_STEP][PASSED] - tap(findTestObject("Mobile/OR Booking/android.widget.TextView2 - Edit"), 0): Tapped on element 'Object Repository/Mobile/OR Booking/android.widget.TextView2 - Edit'

2018-12-12 15:16:45 - [MESSAGE][WARNING] - Timeout '0' is invalid. Using default page load timeout: '100'

2018-12-12 15:16:47 - [MESSAGE][PASSED] - Tapped on element 'Object Repository/Mobile/OR Booking/android.widget.TextView2 - Edit'

2018-12-12 15:16:47 - [TEST_STEP][PASSED] - tap(findTestObject("Mobile/OR Booking/android.widget.CheckBox0"), 0): Tapped on element 'Object Repository/Mobile/OR Booking/android.widget.CheckBox0'

2018-12-12 15:16:47 - [MESSAGE][WARNING] - Timeout '0' is invalid. Using default page load timeout: '100'

2018-12-12 15:16:48 - [MESSAGE][PASSED] - Tapped on element 'Object Repository/Mobile/OR Booking/android.widget.CheckBox0'

2018-12-12 15:16:48 - [TEST_STEP][PASSED] - tap(findTestObject("Mobile/OR Booking/android.widget.ImageView1"), 0): Tapped on element 'Object Repository/Mobile/OR Booking/android.widget.ImageView1'

2018-12-12 15:16:48 - [MESSAGE][WARNING] - Timeout '0' is invalid. Using default page load timeout: '100'

2018-12-12 15:16:50 - [MESSAGE][PASSED] - Tapped on element 'Object Repository/Mobile/OR Booking/android.widget.ImageView1'

2018-12-12 15:16:50 - [TEST_STEP][PASSED] - tap(findTestObject("Mobile/OR Booking/android.widget.Button0 - Save"), 0): Tapped on element 'Object Repository/Mobile/OR Booking/android.widget.Button0 - Save'

2018-12-12 15:16:50 - [MESSAGE][WARNING] - Timeout '0' is invalid. Using default page load timeout: '100'

2018-12-12 15:16:51 - [MESSAGE][PASSED] - Tapped on element 'Object Repository/Mobile/OR Booking/android.widget.Button0 - Save'

2018-12-12 15:16:51 - [TEST_STEP][PASSED] - tap(findTestObject("Mobile/OR Booking/android.widget.Button0 - I Agree"), 0): Tapped on element 'Object Repository/Mobile/OR Booking/android.widget.Button0 - I Agree'

2018-12-12 15:16:51 - [MESSAGE][WARNING] - Timeout '0' is invalid. Using default page load timeout: '100'

2018-12-12 15:16:55 - [MESSAGE][PASSED] - Tapped on element 'Object Repository/Mobile/OR Booking/android.widget.Button0 - I Agree'

2018-12-12 15:16:55 - [TEST_STEP][PASSED] - tap(findTestObject("Mobile/OR Booking/android.widget.EditText0"), 0): Tapped on element 'Object Repository/Mobile/OR Booking/android.widget.EditText0'

2018-12-12 15:16:55 - [MESSAGE][WARNING] - Timeout '0' is invalid. Using default page load timeout: '100'

2018-12-12 15:17:13 - [MESSAGE][PASSED] - Tapped on element 'Object Repository/Mobile/OR Booking/android.widget.EditText0'

2018-12-12 15:17:13 - [TEST_STEP][PASSED] - delay(findTestData("Delay Step").getValue(1, 2), STOP_ON_FAILURE): Delayed 5 second(s)

2018-12-12 15:17:18 - [MESSAGE][PASSED] - Delayed 5 second(s)

2018-12-12 15:17:18 - [TEST_STEP][PASSED] - tap(findTestObject("Mobile/OR Booking/android.widget.Button1 - OK"), 0): Tapped on element 'Object Repository/Mobile/OR Booking/android.widget.Button1 - OK'

2018-12-12 15:17:18 - [MESSAGE][WARNING] - Timeout '0' is invalid. Using default page load timeout: '100'

2018-12-12 15:17:19 - [MESSAGE][PASSED] - Tapped on element 'Object Repository/Mobile/OR Booking/android.widget.Button1 - OK'

2018-12-12 15:17:19 - [TEST_STEP][PASSED] - tap(findTestObject("Mobile/OR Booking/android.widget.RelativeLayout7"), 0): Tapped on element 'Object Repository/Mobile/OR Booking/android.widget.RelativeLayout7'

2018-12-12 15:17:19 - [MESSAGE][WARNING] - Timeout '0' is invalid. Using default page load timeout: '100'

2018-12-12 15:17:21 - [MESSAGE][PASSED] - Tapped on element 'Object Repository/Mobile/OR Booking/android.widget.RelativeLayout7'

2018-12-12 15:17:21 - [TEST_STEP][PASSED] - delay(5, STOP_ON_FAILURE): Delayed 5 second(s)

2018-12-12 15:17:26 - [MESSAGE][PASSED] - Delayed 5 second(s)

2018-12-12 15:17:26 - [TEST_STEP][PASSED] - tap(findTestObject("Mobile/OR Booking/android.widget.Button0 - Confirm"), 0): Tapped on element 'Object Repository/Mobile/OR Booking/android.widget.Button0 - Confirm'

2018-12-12 15:17:26 - [MESSAGE][WARNING] - Timeout '0' is invalid. Using default page load timeout: '100'

2018-12-12 15:17:30 - [MESSAGE][PASSED] - Tapped on element 'Object Repository/Mobile/OR Booking/android.widget.Button0 - Confirm'

2018-12-12 15:17:30 - [TEST_STEP][PASSED] - tap(findTestObject("Mobile/OR Booking/android.widget.RelativeLayout8"), 0): Tapped on element 'Object Repository/Mobile/OR Booking/android.widget.RelativeLayout8'

2018-12-12 15:17:30 - [MESSAGE][WARNING] - Timeout '0' is invalid. Using default page load timeout: '100'

2018-12-12 15:17:32 - [MESSAGE][PASSED] - Tapped on element 'Object Repository/Mobile/OR Booking/android.widget.RelativeLayout8'

2018-12-12 15:17:32 - [TEST_STEP][PASSED] - delay(findTestData("Delay Step").getValue(1, 2), STOP_ON_FAILURE): Delayed 5 second(s)

2018-12-12 15:17:37 - [MESSAGE][PASSED] - Delayed 5 second(s)

2018-12-12 15:17:37 - [TEST_STEP][PASSED] - tap(findTestObject("Mobile/OR Booking/android.widget.Button0 - Confirm"), 0): Tapped on element 'Object Repository/Mobile/OR Booking/android.widget.Button0 - Confirm'

2018-12-12 15:17:37 - [MESSAGE][WARNING] - Timeout '0' is invalid. Using default page load timeout: '100'

2018-12-12 15:17:38 - [MESSAGE][PASSED] - Tapped on element 'Object Repository/Mobile/OR Booking/android.widget.Button0 - Confirm'

2018-12-12 15:17:38 - [TEST_STEP][PASSED] - tap(findTestObject("Mobile/OR Booking/android.widget.Button0 - Continue"), 0): Tapped on element 'Object Repository/Mobile/OR Booking/android.widget.Button0 - Continue'

2018-12-12 15:17:38 - [MESSAGE][WARNING] - Timeout '0' is invalid. Using default page load timeout: '100'

2018-12-12 15:17:40 - [MESSAGE][PASSED] - Tapped on element 'Object Repository/Mobile/OR Booking/android.widget.Button0 - Continue'

2018-12-12 15:17:40 - [TEST_STEP][PASSED] - delay(findTestData("Delay Step").getValue(1, 2), STOP_ON_FAILURE): Delayed 5 second(s)

2018-12-12 15:17:45 - [MESSAGE][PASSED] - Delayed 5 second(s)]]></system-out>
         <system-err><![CDATA[]]></system-err>
      </testcase>
      <testcase name="Test Cases/Mobile/Android/Booking/SC99 Regression/TC09 Rules" classname="Test Cases/Mobile/Android/Booking/SC99 Regression/TC09 Rules" status="PASSED">
         <system-out><![CDATA[2018-12-12 15:17:45 - [TEST_CASE][PASSED] - Test Cases/Mobile/Android/Booking/SC99 Regression/TC09 Rules: Test Cases/Mobile/Android/Booking/SC99 Regression/TC09 Rules

2018-12-12 15:17:45 - [TEST_STEP][NOT_RUN] - callTestCase(findTestCase("Mobile/Android/Booking/SC99 Regression/TC15 Select car from list cars"), [:], STOP_ON_FAILURE): NOT_RUN: callTestCase(findTestCase("Mobile/Android/Booking/SC99 Regression/TC15 Select car from list cars"), [:], STOP_ON_FAILURE)

2018-12-12 15:17:45 - [MESSAGE][NOT_RUN] - NOT_RUN: callTestCase(findTestCase("Mobile/Android/Booking/SC99 Regression/TC15 Select car from list cars"), [:], STOP_ON_FAILURE)

2018-12-12 15:17:45 - [TEST_STEP][PASSED] - tap(findTestObject("Mobile/OR Booking/android.widget.TextView - CANCELLATION POLICY"), 0): Tapped on element 'Object Repository/Mobile/OR Booking/android.widget.TextView - CANCELLATION POLICY'

2018-12-12 15:17:45 - [MESSAGE][WARNING] - Timeout '0' is invalid. Using default page load timeout: '100'

2018-12-12 15:17:47 - [MESSAGE][PASSED] - Tapped on element 'Object Repository/Mobile/OR Booking/android.widget.TextView - CANCELLATION POLICY'

2018-12-12 15:17:47 - [TEST_STEP][PASSED] - tap(findTestObject("Mobile/OR Booking/android.widget.Button0 - Agree"), 0): Tapped on element 'Object Repository/Mobile/OR Booking/android.widget.Button0 - Agree'

2018-12-12 15:17:47 - [MESSAGE][WARNING] - Timeout '0' is invalid. Using default page load timeout: '100'

2018-12-12 15:17:49 - [MESSAGE][PASSED] - Tapped on element 'Object Repository/Mobile/OR Booking/android.widget.Button0 - Agree'

2018-12-12 15:17:49 - [TEST_STEP][NOT_RUN] - tap(findTestObject("Mobile/OR Booking/android.widget.Button0 - Pay Later"), 0): NOT_RUN: tap(findTestObject("Mobile/OR Booking/android.widget.Button0 - Pay Later"), 0)

2018-12-12 15:17:49 - [MESSAGE][NOT_RUN] - NOT_RUN: tap(findTestObject("Mobile/OR Booking/android.widget.Button0 - Pay Later"), 0)

2018-12-12 15:17:49 - [TEST_STEP][PASSED] - delay(findTestData("Delay Step").getValue(1, 2), STOP_ON_FAILURE): Delayed 5 second(s)

2018-12-12 15:17:54 - [MESSAGE][PASSED] - Delayed 5 second(s)]]></system-out>
         <system-err><![CDATA[]]></system-err>
      </testcase>
      <testcase name="Test Cases/Mobile/Android/Payment/SC99 Regression/TC01 Pay - Payment" classname="Test Cases/Mobile/Android/Payment/SC99 Regression/TC01 Pay - Payment" status="PASSED">
         <system-out><![CDATA[2018-12-12 15:17:54 - [TEST_CASE][PASSED] - Test Cases/Mobile/Android/Payment/SC99 Regression/TC01 Pay - Payment: Test Cases/Mobile/Android/Payment/SC99 Regression/TC01 Pay - Payment

2018-12-12 15:17:54 - [TEST_STEP][NOT_RUN] - callTestCase(findTestCase("Mobile/Android/Booking/SC99 Regression/TC09 Rules"), [:], STOP_ON_FAILURE): NOT_RUN: callTestCase(findTestCase("Mobile/Android/Booking/SC99 Regression/TC09 Rules"), [:], STOP_ON_FAILURE)

2018-12-12 15:17:54 - [MESSAGE][NOT_RUN] - NOT_RUN: callTestCase(findTestCase("Mobile/Android/Booking/SC99 Regression/TC09 Rules"), [:], STOP_ON_FAILURE)

2018-12-12 15:17:54 - [TEST_STEP][NOT_RUN] - tap(findTestObject("Mobile/OR Payment/android.widget.ImageView2"), 0): NOT_RUN: tap(findTestObject("Mobile/OR Payment/android.widget.ImageView2"), 0)

2018-12-12 15:17:54 - [MESSAGE][NOT_RUN] - NOT_RUN: tap(findTestObject("Mobile/OR Payment/android.widget.ImageView2"), 0)

2018-12-12 15:17:54 - [TEST_STEP][PASSED] - tap(findTestObject("Mobile/OR Payment/android.widget.Button1 - Pay"), 0): Tapped on element 'Object Repository/Mobile/OR Payment/android.widget.Button1 - Pay'

2018-12-12 15:17:54 - [MESSAGE][WARNING] - Timeout '0' is invalid. Using default page load timeout: '100'

2018-12-12 15:17:58 - [MESSAGE][PASSED] - Tapped on element 'Object Repository/Mobile/OR Payment/android.widget.Button1 - Pay'

2018-12-12 15:17:58 - [TEST_STEP][PASSED] - tap(findTestObject("Mobile/OR Payment/android.widget.TextView3 - ALREADY CONFIRM"), 0): Tapped on element 'Object Repository/Mobile/OR Payment/android.widget.TextView3 - ALREADY CONFIRM'

2018-12-12 15:17:58 - [MESSAGE][WARNING] - Timeout '0' is invalid. Using default page load timeout: '100'

2018-12-12 15:17:59 - [MESSAGE][PASSED] - Tapped on element 'Object Repository/Mobile/OR Payment/android.widget.TextView3 - ALREADY CONFIRM'

2018-12-12 15:17:59 - [TEST_STEP][PASSED] - delay(findTestData("Delay Step").getValue(1, 2), STOP_ON_FAILURE): Delayed 5 second(s)

2018-12-12 15:18:04 - [MESSAGE][PASSED] - Delayed 5 second(s)]]></system-out>
         <system-err><![CDATA[]]></system-err>
      </testcase>
      <testcase name="Test Cases/Mobile/Android/Payment/SC99 Regression/TC04 Select payment method" classname="Test Cases/Mobile/Android/Payment/SC99 Regression/TC04 Select payment method" status="PASSED">
         <system-out><![CDATA[2018-12-12 15:18:04 - [TEST_CASE][PASSED] - Test Cases/Mobile/Android/Payment/SC99 Regression/TC04 Select payment method: Test Cases/Mobile/Android/Payment/SC99 Regression/TC04 Select payment method

2018-12-12 15:18:04 - [TEST_STEP][NOT_RUN] - callTestCase(findTestCase("Mobile/Android/Payment/SC99 Regression/TC01 Pay - Payment"), [:], STOP_ON_FAILURE): NOT_RUN: callTestCase(findTestCase("Mobile/Android/Payment/SC99 Regression/TC01 Pay - Payment"), [:], STOP_ON_FAILURE)

2018-12-12 15:18:04 - [MESSAGE][NOT_RUN] - NOT_RUN: callTestCase(findTestCase("Mobile/Android/Payment/SC99 Regression/TC01 Pay - Payment"), [:], STOP_ON_FAILURE)

2018-12-12 15:18:04 - [TEST_STEP][PASSED] - tap(findTestObject("Mobile/OR Payment/android.widget.FrameLayout3"), 0): Tapped on element 'Object Repository/Mobile/OR Payment/android.widget.FrameLayout3'

2018-12-12 15:18:04 - [MESSAGE][WARNING] - Timeout '0' is invalid. Using default page load timeout: '100'

2018-12-12 15:18:06 - [MESSAGE][PASSED] - Tapped on element 'Object Repository/Mobile/OR Payment/android.widget.FrameLayout3'

2018-12-12 15:18:06 - [TEST_STEP][PASSED] - delay(findTestData("Delay Step").getValue(1, 2), STOP_ON_FAILURE): Delayed 5 second(s)

2018-12-12 15:18:11 - [MESSAGE][PASSED] - Delayed 5 second(s)]]></system-out>
         <system-err><![CDATA[]]></system-err>
      </testcase>
      <testcase name="Test Cases/Mobile/Android/Payment/SC99 Regression/TC05 Credit card payment" classname="Test Cases/Mobile/Android/Payment/SC99 Regression/TC05 Credit card payment" status="FAILED">
         <failure type="FAILED" message="Test Cases/Mobile/Android/Payment/SC99 Regression/TC05 Credit card payment FAILED.
Reason:
com.kms.katalon.core.exception.StepFailedException: Failed to tap on element 'Object Repository/Mobile/OR Payment/android.widget.EditText0' (Root cause: com.kms.katalon.core.exception.StepFailedException: Object Object Repository/Mobile/OR Payment/android.widget.EditText0 not found)
	at com.kms.katalon.core.keyword.internal.KeywordMain.stepFailed(KeywordMain.groovy:36)
	at com.kms.katalon.core.mobile.keyword.internal.MobileKeywordMain.stepFailed(MobileKeywordMain.groovy:40)
	at com.kms.katalon.core.mobile.keyword.internal.MobileKeywordMain.runKeyword(MobileKeywordMain.groovy:23)
	at com.kms.katalon.core.mobile.keyword.builtin.TapKeyword.tap(TapKeyword.groovy:83)
	at com.kms.katalon.core.mobile.keyword.builtin.TapKeyword.execute(TapKeyword.groovy:66)
	at com.kms.katalon.core.keyword.internal.KeywordExecutor.executeKeywordForPlatform(KeywordExecutor.groovy:53)
	at com.kms.katalon.core.mobile.keyword.MobileBuiltInKeywords.tap(MobileBuiltInKeywords.groovy:485)
	at com.kms.katalon.core.mobile.keyword.MobileBuiltInKeywords$tap$0.call(Unknown Source)
	at TC05 Credit card payment.run(TC05 Credit card payment:26)
	at com.kms.katalon.core.main.ScriptEngine.run(ScriptEngine.java:194)
	at com.kms.katalon.core.main.ScriptEngine.runScriptAsRawText(ScriptEngine.java:119)
	at com.kms.katalon.core.main.TestCaseExecutor.runScript(TestCaseExecutor.java:321)
	at com.kms.katalon.core.main.TestCaseExecutor.doExecute(TestCaseExecutor.java:312)
	at com.kms.katalon.core.main.TestCaseExecutor.processExecutionPhase(TestCaseExecutor.java:291)
	at com.kms.katalon.core.main.TestCaseExecutor.accessMainPhase(TestCaseExecutor.java:283)
	at com.kms.katalon.core.main.TestCaseExecutor.execute(TestCaseExecutor.java:222)
	at com.kms.katalon.core.main.TestSuiteExecutor.accessTestCaseMainPhase(TestSuiteExecutor.java:129)
	at com.kms.katalon.core.main.TestSuiteExecutor.accessTestSuiteMainPhase(TestSuiteExecutor.java:112)
	at com.kms.katalon.core.main.TestSuiteExecutor.execute(TestSuiteExecutor.java:81)
	at com.kms.katalon.core.main.TestCaseMain.startTestSuite(TestCaseMain.java:149)
	at com.kms.katalon.core.main.TestCaseMain$startTestSuite$0.call(Unknown Source)
	at TempTestSuite1544656478333.run(TempTestSuite1544656478333.groovy:36)
"/>
         <system-out><![CDATA[2018-12-12 15:18:11 - [TEST_CASE][FAILED] - Test Cases/Mobile/Android/Payment/SC99 Regression/TC05 Credit card payment: Test Cases/Mobile/Android/Payment/SC99 Regression/TC05 Credit card payment FAILED.
Reason:
com.kms.katalon.core.exception.StepFailedException: Failed to tap on element 'Object Repository/Mobile/OR Payment/android.widget.EditText0' (Root cause: com.kms.katalon.core.exception.StepFailedException: Object Object Repository/Mobile/OR Payment/android.widget.EditText0 not found)
	at com.kms.katalon.core.keyword.internal.KeywordMain.stepFailed(KeywordMain.groovy:36)
	at com.kms.katalon.core.mobile.keyword.internal.MobileKeywordMain.stepFailed(MobileKeywordMain.groovy:40)
	at com.kms.katalon.core.mobile.keyword.internal.MobileKeywordMain.runKeyword(MobileKeywordMain.groovy:23)
	at com.kms.katalon.core.mobile.keyword.builtin.TapKeyword.tap(TapKeyword.groovy:83)
	at com.kms.katalon.core.mobile.keyword.builtin.TapKeyword.execute(TapKeyword.groovy:66)
	at com.kms.katalon.core.keyword.internal.KeywordExecutor.executeKeywordForPlatform(KeywordExecutor.groovy:53)
	at com.kms.katalon.core.mobile.keyword.MobileBuiltInKeywords.tap(MobileBuiltInKeywords.groovy:485)
	at com.kms.katalon.core.mobile.keyword.MobileBuiltInKeywords$tap$0.call(Unknown Source)
	at TC05 Credit card payment.run(TC05 Credit card payment:26)
	at com.kms.katalon.core.main.ScriptEngine.run(ScriptEngine.java:194)
	at com.kms.katalon.core.main.ScriptEngine.runScriptAsRawText(ScriptEngine.java:119)
	at com.kms.katalon.core.main.TestCaseExecutor.runScript(TestCaseExecutor.java:321)
	at com.kms.katalon.core.main.TestCaseExecutor.doExecute(TestCaseExecutor.java:312)
	at com.kms.katalon.core.main.TestCaseExecutor.processExecutionPhase(TestCaseExecutor.java:291)
	at com.kms.katalon.core.main.TestCaseExecutor.accessMainPhase(TestCaseExecutor.java:283)
	at com.kms.katalon.core.main.TestCaseExecutor.execute(TestCaseExecutor.java:222)
	at com.kms.katalon.core.main.TestSuiteExecutor.accessTestCaseMainPhase(TestSuiteExecutor.java:129)
	at com.kms.katalon.core.main.TestSuiteExecutor.accessTestSuiteMainPhase(TestSuiteExecutor.java:112)
	at com.kms.katalon.core.main.TestSuiteExecutor.execute(TestSuiteExecutor.java:81)
	at com.kms.katalon.core.main.TestCaseMain.startTestSuite(TestCaseMain.java:149)
	at com.kms.katalon.core.main.TestCaseMain$startTestSuite$0.call(Unknown Source)
	at TempTestSuite1544656478333.run(TempTestSuite1544656478333.groovy:36)


2018-12-12 15:18:12 - [TEST_STEP][NOT_RUN] - callTestCase(findTestCase("Mobile/Android/Payment/SC99 Regression/TC04 Select payment method"), [:], STOP_ON_FAILURE): NOT_RUN: callTestCase(findTestCase("Mobile/Android/Payment/SC99 Regression/TC04 Select payment method"), [:], STOP_ON_FAILURE)

2018-12-12 15:18:12 - [MESSAGE][NOT_RUN] - NOT_RUN: callTestCase(findTestCase("Mobile/Android/Payment/SC99 Regression/TC04 Select payment method"), [:], STOP_ON_FAILURE)

2018-12-12 15:18:12 - [TEST_STEP][PASSED] - tap(findTestObject("Mobile/OR Payment/android.widget.FrameLayout3 (1)"), 0): Tapped on element 'Object Repository/Mobile/OR Payment/android.widget.FrameLayout3 (1)'

2018-12-12 15:18:12 - [MESSAGE][WARNING] - Timeout '0' is invalid. Using default page load timeout: '100'

2018-12-12 15:18:13 - [MESSAGE][PASSED] - Tapped on element 'Object Repository/Mobile/OR Payment/android.widget.FrameLayout3 (1)'

2018-12-12 15:18:13 - [TEST_STEP][PASSED] - delay(findTestData("Delay Step").getValue(1, 2), STOP_ON_FAILURE): Delayed 5 second(s)

2018-12-12 15:18:18 - [MESSAGE][PASSED] - Delayed 5 second(s)

2018-12-12 15:18:18 - [TEST_STEP][FAILED] - tap(findTestObject("Mobile/OR Payment/android.widget.EditText0"), 0): tap(findTestObject("Mobile/OR Payment/android.widget.EditText0"), 0) FAILED.
Reason:
com.kms.katalon.core.exception.StepFailedException: Failed to tap on element 'Object Repository/Mobile/OR Payment/android.widget.EditText0' (Root cause: com.kms.katalon.core.exception.StepFailedException: Object Object Repository/Mobile/OR Payment/android.widget.EditText0 not found)
	at com.kms.katalon.core.keyword.internal.KeywordMain.stepFailed(KeywordMain.groovy:36)
	at com.kms.katalon.core.mobile.keyword.internal.MobileKeywordMain.stepFailed(MobileKeywordMain.groovy:40)
	at com.kms.katalon.core.mobile.keyword.internal.MobileKeywordMain.runKeyword(MobileKeywordMain.groovy:23)
	at com.kms.katalon.core.mobile.keyword.builtin.TapKeyword.tap(TapKeyword.groovy:83)
	at com.kms.katalon.core.mobile.keyword.builtin.TapKeyword.execute(TapKeyword.groovy:66)
	at com.kms.katalon.core.keyword.internal.KeywordExecutor.executeKeywordForPlatform(KeywordExecutor.groovy:53)
	at com.kms.katalon.core.mobile.keyword.MobileBuiltInKeywords.tap(MobileBuiltInKeywords.groovy:485)
	at com.kms.katalon.core.mobile.keyword.MobileBuiltInKeywords$tap$0.call(Unknown Source)
	at TC05 Credit card payment.run(TC05 Credit card payment:26)
	at com.kms.katalon.core.main.ScriptEngine.run(ScriptEngine.java:194)
	at com.kms.katalon.core.main.ScriptEngine.runScriptAsRawText(ScriptEngine.java:119)
	at com.kms.katalon.core.main.TestCaseExecutor.runScript(TestCaseExecutor.java:321)
	at com.kms.katalon.core.main.TestCaseExecutor.doExecute(TestCaseExecutor.java:312)
	at com.kms.katalon.core.main.TestCaseExecutor.processExecutionPhase(TestCaseExecutor.java:291)
	at com.kms.katalon.core.main.TestCaseExecutor.accessMainPhase(TestCaseExecutor.java:283)
	at com.kms.katalon.core.main.TestCaseExecutor.execute(TestCaseExecutor.java:222)
	at com.kms.katalon.core.main.TestSuiteExecutor.accessTestCaseMainPhase(TestSuiteExecutor.java:129)
	at com.kms.katalon.core.main.TestSuiteExecutor.accessTestSuiteMainPhase(TestSuiteExecutor.java:112)
	at com.kms.katalon.core.main.TestSuiteExecutor.execute(TestSuiteExecutor.java:81)
	at com.kms.katalon.core.main.TestCaseMain.startTestSuite(TestCaseMain.java:149)
	at com.kms.katalon.core.main.TestCaseMain$startTestSuite$0.call(Unknown Source)
	at TempTestSuite1544656478333.run(TempTestSuite1544656478333.groovy:36)


2018-12-12 15:18:18 - [MESSAGE][WARNING] - Timeout '0' is invalid. Using default page load timeout: '100'

2018-12-12 15:20:04 - [MESSAGE][FAILED] - Object Object Repository/Mobile/OR Payment/android.widget.EditText0 not found
[[ATTACHMENT|C:\\Users\\WGS-LAP199\\git\\astra-movic\\Reports\\Mobile\\Reservation From Click Image Section Available Near Me\\20181212_151438\\1544656798324.png]]

2018-12-12 15:20:13 - [MESSAGE][FAILED] - Failed to tap on element 'Object Repository/Mobile/OR Payment/android.widget.EditText0' (Root cause: com.kms.katalon.core.exception.StepFailedException: Object Object Repository/Mobile/OR Payment/android.widget.EditText0 not found)
[[ATTACHMENT|C:\\Users\\WGS-LAP199\\git\\astra-movic\\Reports\\Mobile\\Reservation From Click Image Section Available Near Me\\20181212_151438\\1544656804443.png]]

2018-12-12 15:20:13 - [MESSAGE][FAILED] - tap(findTestObject("Mobile/OR Payment/android.widget.EditText0"), 0) FAILED.
Reason:
com.kms.katalon.core.exception.StepFailedException: Failed to tap on element 'Object Repository/Mobile/OR Payment/android.widget.EditText0' (Root cause: com.kms.katalon.core.exception.StepFailedException: Object Object Repository/Mobile/OR Payment/android.widget.EditText0 not found)
	at com.kms.katalon.core.keyword.internal.KeywordMain.stepFailed(KeywordMain.groovy:36)
	at com.kms.katalon.core.mobile.keyword.internal.MobileKeywordMain.stepFailed(MobileKeywordMain.groovy:40)
	at com.kms.katalon.core.mobile.keyword.internal.MobileKeywordMain.runKeyword(MobileKeywordMain.groovy:23)
	at com.kms.katalon.core.mobile.keyword.builtin.TapKeyword.tap(TapKeyword.groovy:83)
	at com.kms.katalon.core.mobile.keyword.builtin.TapKeyword.execute(TapKeyword.groovy:66)
	at com.kms.katalon.core.keyword.internal.KeywordExecutor.executeKeywordForPlatform(KeywordExecutor.groovy:53)
	at com.kms.katalon.core.mobile.keyword.MobileBuiltInKeywords.tap(MobileBuiltInKeywords.groovy:485)
	at com.kms.katalon.core.mobile.keyword.MobileBuiltInKeywords$tap$0.call(Unknown Source)
	at TC05 Credit card payment.run(TC05 Credit card payment:26)
	at com.kms.katalon.core.main.ScriptEngine.run(ScriptEngine.java:194)
	at com.kms.katalon.core.main.ScriptEngine.runScriptAsRawText(ScriptEngine.java:119)
	at com.kms.katalon.core.main.TestCaseExecutor.runScript(TestCaseExecutor.java:321)
	at com.kms.katalon.core.main.TestCaseExecutor.doExecute(TestCaseExecutor.java:312)
	at com.kms.katalon.core.main.TestCaseExecutor.processExecutionPhase(TestCaseExecutor.java:291)
	at com.kms.katalon.core.main.TestCaseExecutor.accessMainPhase(TestCaseExecutor.java:283)
	at com.kms.katalon.core.main.TestCaseExecutor.execute(TestCaseExecutor.java:222)
	at com.kms.katalon.core.main.TestSuiteExecutor.accessTestCaseMainPhase(TestSuiteExecutor.java:129)
	at com.kms.katalon.core.main.TestSuiteExecutor.accessTestSuiteMainPhase(TestSuiteExecutor.java:112)
	at com.kms.katalon.core.main.TestSuiteExecutor.execute(TestSuiteExecutor.java:81)
	at com.kms.katalon.core.main.TestCaseMain.startTestSuite(TestCaseMain.java:149)
	at com.kms.katalon.core.main.TestCaseMain$startTestSuite$0.call(Unknown Source)
	at TempTestSuite1544656478333.run(TempTestSuite1544656478333.groovy:36)]]></system-out>
         <system-err><![CDATA[2018-12-12 15:18:11 - [TEST_CASE][FAILED] - Test Cases/Mobile/Android/Payment/SC99 Regression/TC05 Credit card payment: Test Cases/Mobile/Android/Payment/SC99 Regression/TC05 Credit card payment FAILED.
Reason:
com.kms.katalon.core.exception.StepFailedException: Failed to tap on element 'Object Repository/Mobile/OR Payment/android.widget.EditText0' (Root cause: com.kms.katalon.core.exception.StepFailedException: Object Object Repository/Mobile/OR Payment/android.widget.EditText0 not found)
	at com.kms.katalon.core.keyword.internal.KeywordMain.stepFailed(KeywordMain.groovy:36)
	at com.kms.katalon.core.mobile.keyword.internal.MobileKeywordMain.stepFailed(MobileKeywordMain.groovy:40)
	at com.kms.katalon.core.mobile.keyword.internal.MobileKeywordMain.runKeyword(MobileKeywordMain.groovy:23)
	at com.kms.katalon.core.mobile.keyword.builtin.TapKeyword.tap(TapKeyword.groovy:83)
	at com.kms.katalon.core.mobile.keyword.builtin.TapKeyword.execute(TapKeyword.groovy:66)
	at com.kms.katalon.core.keyword.internal.KeywordExecutor.executeKeywordForPlatform(KeywordExecutor.groovy:53)
	at com.kms.katalon.core.mobile.keyword.MobileBuiltInKeywords.tap(MobileBuiltInKeywords.groovy:485)
	at com.kms.katalon.core.mobile.keyword.MobileBuiltInKeywords$tap$0.call(Unknown Source)
	at TC05 Credit card payment.run(TC05 Credit card payment:26)
	at com.kms.katalon.core.main.ScriptEngine.run(ScriptEngine.java:194)
	at com.kms.katalon.core.main.ScriptEngine.runScriptAsRawText(ScriptEngine.java:119)
	at com.kms.katalon.core.main.TestCaseExecutor.runScript(TestCaseExecutor.java:321)
	at com.kms.katalon.core.main.TestCaseExecutor.doExecute(TestCaseExecutor.java:312)
	at com.kms.katalon.core.main.TestCaseExecutor.processExecutionPhase(TestCaseExecutor.java:291)
	at com.kms.katalon.core.main.TestCaseExecutor.accessMainPhase(TestCaseExecutor.java:283)
	at com.kms.katalon.core.main.TestCaseExecutor.execute(TestCaseExecutor.java:222)
	at com.kms.katalon.core.main.TestSuiteExecutor.accessTestCaseMainPhase(TestSuiteExecutor.java:129)
	at com.kms.katalon.core.main.TestSuiteExecutor.accessTestSuiteMainPhase(TestSuiteExecutor.java:112)
	at com.kms.katalon.core.main.TestSuiteExecutor.execute(TestSuiteExecutor.java:81)
	at com.kms.katalon.core.main.TestCaseMain.startTestSuite(TestCaseMain.java:149)
	at com.kms.katalon.core.main.TestCaseMain$startTestSuite$0.call(Unknown Source)
	at TempTestSuite1544656478333.run(TempTestSuite1544656478333.groovy:36)]]></system-err>
      </testcase>
      <system-out><![CDATA[2018-12-12 15:14:41 - [TEST_SUITE][FAILED] - Reservation From Click Image Section Available Near Me: Test Cases/Mobile/Android/Payment/SC99 Regression/TC05 Credit card payment FAILED.
Reason:
com.kms.katalon.core.exception.StepFailedException: Failed to tap on element 'Object Repository/Mobile/OR Payment/android.widget.EditText0' (Root cause: com.kms.katalon.core.exception.StepFailedException: Object Object Repository/Mobile/OR Payment/android.widget.EditText0 not found)
	at com.kms.katalon.core.keyword.internal.KeywordMain.stepFailed(KeywordMain.groovy:36)
	at com.kms.katalon.core.mobile.keyword.internal.MobileKeywordMain.stepFailed(MobileKeywordMain.groovy:40)
	at com.kms.katalon.core.mobile.keyword.internal.MobileKeywordMain.runKeyword(MobileKeywordMain.groovy:23)
	at com.kms.katalon.core.mobile.keyword.builtin.TapKeyword.tap(TapKeyword.groovy:83)
	at com.kms.katalon.core.mobile.keyword.builtin.TapKeyword.execute(TapKeyword.groovy:66)
	at com.kms.katalon.core.keyword.internal.KeywordExecutor.executeKeywordForPlatform(KeywordExecutor.groovy:53)
	at com.kms.katalon.core.mobile.keyword.MobileBuiltInKeywords.tap(MobileBuiltInKeywords.groovy:485)
	at com.kms.katalon.core.mobile.keyword.MobileBuiltInKeywords$tap$0.call(Unknown Source)
	at TC05 Credit card payment.run(TC05 Credit card payment:26)
	at com.kms.katalon.core.main.ScriptEngine.run(ScriptEngine.java:194)
	at com.kms.katalon.core.main.ScriptEngine.runScriptAsRawText(ScriptEngine.java:119)
	at com.kms.katalon.core.main.TestCaseExecutor.runScript(TestCaseExecutor.java:321)
	at com.kms.katalon.core.main.TestCaseExecutor.doExecute(TestCaseExecutor.java:312)
	at com.kms.katalon.core.main.TestCaseExecutor.processExecutionPhase(TestCaseExecutor.java:291)
	at com.kms.katalon.core.main.TestCaseExecutor.accessMainPhase(TestCaseExecutor.java:283)
	at com.kms.katalon.core.main.TestCaseExecutor.execute(TestCaseExecutor.java:222)
	at com.kms.katalon.core.main.TestSuiteExecutor.accessTestCaseMainPhase(TestSuiteExecutor.java:129)
	at com.kms.katalon.core.main.TestSuiteExecutor.accessTestSuiteMainPhase(TestSuiteExecutor.java:112)
	at com.kms.katalon.core.main.TestSuiteExecutor.execute(TestSuiteExecutor.java:81)
	at com.kms.katalon.core.main.TestCaseMain.startTestSuite(TestCaseMain.java:149)
	at com.kms.katalon.core.main.TestCaseMain$startTestSuite$0.call(Unknown Source)
	at TempTestSuite1544656478333.run(TempTestSuite1544656478333.groovy:36)]]></system-out>
      <system-err><![CDATA[2018-12-12 15:14:41 - [TEST_SUITE][FAILED] - Reservation From Click Image Section Available Near Me: Test Cases/Mobile/Android/Payment/SC99 Regression/TC05 Credit card payment FAILED.
Reason:
com.kms.katalon.core.exception.StepFailedException: Failed to tap on element 'Object Repository/Mobile/OR Payment/android.widget.EditText0' (Root cause: com.kms.katalon.core.exception.StepFailedException: Object Object Repository/Mobile/OR Payment/android.widget.EditText0 not found)
	at com.kms.katalon.core.keyword.internal.KeywordMain.stepFailed(KeywordMain.groovy:36)
	at com.kms.katalon.core.mobile.keyword.internal.MobileKeywordMain.stepFailed(MobileKeywordMain.groovy:40)
	at com.kms.katalon.core.mobile.keyword.internal.MobileKeywordMain.runKeyword(MobileKeywordMain.groovy:23)
	at com.kms.katalon.core.mobile.keyword.builtin.TapKeyword.tap(TapKeyword.groovy:83)
	at com.kms.katalon.core.mobile.keyword.builtin.TapKeyword.execute(TapKeyword.groovy:66)
	at com.kms.katalon.core.keyword.internal.KeywordExecutor.executeKeywordForPlatform(KeywordExecutor.groovy:53)
	at com.kms.katalon.core.mobile.keyword.MobileBuiltInKeywords.tap(MobileBuiltInKeywords.groovy:485)
	at com.kms.katalon.core.mobile.keyword.MobileBuiltInKeywords$tap$0.call(Unknown Source)
	at TC05 Credit card payment.run(TC05 Credit card payment:26)
	at com.kms.katalon.core.main.ScriptEngine.run(ScriptEngine.java:194)
	at com.kms.katalon.core.main.ScriptEngine.runScriptAsRawText(ScriptEngine.java:119)
	at com.kms.katalon.core.main.TestCaseExecutor.runScript(TestCaseExecutor.java:321)
	at com.kms.katalon.core.main.TestCaseExecutor.doExecute(TestCaseExecutor.java:312)
	at com.kms.katalon.core.main.TestCaseExecutor.processExecutionPhase(TestCaseExecutor.java:291)
	at com.kms.katalon.core.main.TestCaseExecutor.accessMainPhase(TestCaseExecutor.java:283)
	at com.kms.katalon.core.main.TestCaseExecutor.execute(TestCaseExecutor.java:222)
	at com.kms.katalon.core.main.TestSuiteExecutor.accessTestCaseMainPhase(TestSuiteExecutor.java:129)
	at com.kms.katalon.core.main.TestSuiteExecutor.accessTestSuiteMainPhase(TestSuiteExecutor.java:112)
	at com.kms.katalon.core.main.TestSuiteExecutor.execute(TestSuiteExecutor.java:81)
	at com.kms.katalon.core.main.TestCaseMain.startTestSuite(TestCaseMain.java:149)
	at com.kms.katalon.core.main.TestCaseMain$startTestSuite$0.call(Unknown Source)
	at TempTestSuite1544656478333.run(TempTestSuite1544656478333.groovy:36)]]></system-err>
   </testsuite>
</testsuites>
